14.7144 	WARNING 	Couldn't measure a consistent frame rate!
  - Is your graphics card set to sync to vertical blank?
  - Are you running other processes on your computer?

14.7158 	EXP 	Created window1 = Window(allowGUI=True, allowStencil=False, autoLog=True, backendConf=UNKNOWN, backgroundFit=<method-wrapper '__getattribute__' of attributeSetter object at 0x7f9b3a5daa00>, backgroundImage=<method-wrapper '__getattribute__' of attributeSetter object at 0x7f9b3a5da9a0>, bitsMode=UNKNOWN, blendMode='avg', bpc=(8, 8, 8), color=array([-1.    , -1.    , -0.2471]), colorSpace='rgb', depthBits=8, fullscr=<method-wrapper '__getattribute__' of attributeSetter object at 0x7f9b3a5da820>, gamma=None, gammaErrorPolicy='raise', lms=UNKNOWN, monitor=<psychopy.monitors.calibTools.Monitor object at 0x7f9b3fbaf8e0>, multiSample=False, name='window1', numSamples=2, pos=[240.0, 150.0], screen=0, size=array([1440,  900]), stencilBits=0, stereo=False, units='norm', useFBO=True, useRetina=False, viewOri=0.0, viewPos=None, viewScale=None, waitBlanking=True, winType='pyglet')
14.7161 	EXP 	window1: mouseVisible = True
14.7161 	EXP 	window1: backgroundImage = ''
14.7161 	EXP 	window1: backgroundFit = 'cover'
14.7162 	EXP 	window1: mouseVisible = True
14.7162 	EXP 	window1: Attempting to measure frame rate of screen (0) ...
14.7162 	EXP 	window1: recordFrameIntervals = False
14.8143 	EXP 	window1: recordFrameIntervals = True
15.8519 	WARNING 	Couldn't measure a consistent frame rate!
  - Is your graphics card set to sync to vertical blank?
  - Are you running other processes on your computer?

15.8996 	WARNING 	launchHubServer: If using the iohub mouse or eyetracker devices, fullScr should be True.
18.2430 	EXP 	Created instrText = TextStim(__class__=<class 'psychopy.visual.text.TextStim'>, alignHoriz=method-wrapper(...), alignText='center', alignVert=method-wrapper(...), anchorHoriz='center', anchorVert='center', antialias=True, autoDraw=False, autoLog=True, bold=False, color=array([1., 1., 1.]), colorSpace='rgb', contrast=1.0, depth=-1.0, flipHoriz=False, flipVert=False, font='Arial', fontFiles=[], height=0.1, italic=False, languageStyle='LTR', name='instrText', opacity=1.0, ori=0, pos=array([0. , 0.3]), rgb=UNKNOWN, text=str(...), units='norm', win=Window(...), wrapWidth=1)
18.2640 	EXP 	window1: mouseVisible = True
18.2940 	EXP 	Created reward = Slider(__class__=<class 'psychopy.visual.slider.Slider'>, autoDraw=False, autoLog=True, borderColor=None, color=None, colorSpace='rgb', depth=0, fillColor=None, flip=False, font='Arial', granularity=1.0, labelColor=None, labelHeight=0.1, labelWrapWidth=None, labels=None, lineColor=None, markerColor=None, name='reward', opacity=None, ori=0.0, pos=array([ 0. , -0.4]), readOnly=False, self=UNKNOWN, size=array([1. , 0.1]), startValue=None, style='rating', styleTweaks=[], ticks=array([1, 2, 3, 4, 5, 6, 7]), units='norm', win=Window(...))
18.3138 	EXP 	Created text_rewardRating = TextStim(__class__=<class 'psychopy.visual.text.TextStim'>, alignHoriz=method-wrapper(...), alignText='center', alignVert=method-wrapper(...), anchorHoriz='center', anchorVert='center', antialias=True, autoDraw=False, autoLog=True, bold=False, color=array([1., 1., 1.]), colorSpace='rgb', contrast=1.0, depth=-1.0, flipHoriz=False, flipVert=False, font='Arial', fontFiles=[], height=0.15, italic=False, languageStyle='LTR', name='text_rewardRating', opacity=1.0, ori=0.0, pos=array([0. , 0.5]), rgb=UNKNOWN, text=str(...), units='norm', win=Window(...), wrapWidth=1)
18.3224 	EXP 	Created text_rewardRating_2 = TextStim(__class__=<class 'psychopy.visual.text.TextStim'>, alignHoriz=method-wrapper(...), alignText='center', alignVert=method-wrapper(...), anchorHoriz='center', anchorVert='center', antialias=True, autoDraw=False, autoLog=True, bold=False, color=array([1., 1., 1.]), colorSpace='rgb', contrast=1.0, depth=-2.0, flipHoriz=False, flipVert=False, font='Arial', fontFiles=[], height=0.1, italic=False, languageStyle='LTR', name='text_rewardRating_2', opacity=1.0, ori=0.0, pos=array([0., 0.]), rgb=UNKNOWN, text=str(...), units='norm', win=Window(...), wrapWidth=1)
18.3518 	EXP 	Created coins_little_2 = ImageStim(__class__=<class 'psychopy.visual.image.ImageStim'>, anchor=('center', 'center'), autoLog=True, color=array([1., 1., 1.]), colorSpace='rgb', contrast=1.0, depth=-4.0, flipHoriz=False, flipVert=False, image='image1.png', interpolate=True, mask=None, maskParams=None, name='coins_little_2', opacity=1.0, ori=0.0, pos=array([-0.6, -0.4]), size=array([0.1, 0.1]), texRes=128.0, units='norm', win=Window(...))
18.4780 	EXP 	Created coins_many_2 = ImageStim(__class__=<class 'psychopy.visual.image.ImageStim'>, anchor=('center', 'center'), autoLog=True, color=array([1., 1., 1.]), colorSpace='rgb', contrast=1.0, depth=-5.0, flipHoriz=False, flipVert=False, image='image7.png', interpolate=True, mask=None, maskParams=None, name='coins_many_2', opacity=1.0, ori=0.0, pos=array([ 0.7 , -0.35]), size=array([0.3, 0.3]), texRes=128.0, units='norm', win=Window(...))
18.4852 	EXP 	window1: mouseVisible = True
18.5126 	EXP 	Created effort = Slider(__class__=<class 'psychopy.visual.slider.Slider'>, autoDraw=False, autoLog=True, borderColor=None, color=None, colorSpace='rgb', depth=0, fillColor=None, flip=False, font='Arial', granularity=1.0, labelColor=None, labelHeight=0.1, labelWrapWidth=None, labels=None, lineColor=None, markerColor=None, name='effort', opacity=None, ori=0.0, pos=array([ 0. , -0.4]), readOnly=False, self=UNKNOWN, size=array([1. , 0.1]), startValue=None, style='rating', styleTweaks=[], ticks=array([1, 2, 3, 4, 5]), units='norm', win=Window(...))
18.5220 	EXP 	Created text_effortRating_3 = TextStim(__class__=<class 'psychopy.visual.text.TextStim'>, alignHoriz=method-wrapper(...), alignText='center', alignVert=method-wrapper(...), anchorHoriz='center', anchorVert='center', antialias=True, autoDraw=False, autoLog=True, bold=False, color=array([1., 1., 1.]), colorSpace='rgb', contrast=1.0, depth=-1.0, flipHoriz=False, flipVert=False, font='Arial', fontFiles=[], height=0.15, italic=False, languageStyle='LTR', name='text_effortRating_3', opacity=1.0, ori=0.0, pos=array([0. , 0.5]), rgb=UNKNOWN, text=str(...), units='norm', win=Window(...), wrapWidth=1)
18.5270 	EXP 	Created text_effortRating_4 = TextStim(__class__=<class 'psychopy.visual.text.TextStim'>, alignHoriz=method-wrapper(...), alignText='center', alignVert=method-wrapper(...), anchorHoriz='center', anchorVert='center', antialias=True, autoDraw=False, autoLog=True, bold=False, color=array([1., 1., 1.]), colorSpace='rgb', contrast=1.0, depth=-2.0, flipHoriz=False, flipVert=False, font='Arial', fontFiles=[], height=0.1, italic=False, languageStyle='LTR', name='text_effortRating_4', opacity=1.0, ori=0.0, pos=array([0., 0.]), rgb=UNKNOWN, text=str(...), units='norm', win=Window(...), wrapWidth=1)
18.5449 	EXP 	Created fuel_empty = ImageStim(__class__=<class 'psychopy.visual.image.ImageStim'>, anchor=('center', 'center'), autoLog=True, color=array([1., 1., 1.]), colorSpace='rgb', contrast=1.0, depth=-4.0, flipHoriz=False, flipVert=False, image='default.png', interpolate=True, mask=None, maskParams=None, name='fuel_empty', opacity=1.0, ori=0.0, pos=array([-0.7, -0.3]), size=array([0.3, 0.5]), texRes=128.0, units='norm', win=Window(...))
20.1607 	EXP 	Created fuel_full = ImageStim(__class__=<class 'psychopy.visual.image.ImageStim'>, anchor=('center', 'center'), autoLog=True, color=array([1., 1., 1.]), colorSpace='rgb', contrast=1.0, depth=-5.0, flipHoriz=False, flipVert=False, image='fuelShipFull-01.png', interpolate=True, mask=None, maskParams=None, name='fuel_full', opacity=1.0, ori=0.0, pos=array([ 0.6 , -0.45]), size=array([0.4, 0.5]), texRes=128.0, units='norm', win=Window(...))
20.1722 	EXP 	Created text2_2 = TextStim(__class__=<class 'psychopy.visual.text.TextStim'>, alignHoriz=method-wrapper(...), alignText='center', alignVert=method-wrapper(...), anchorHoriz='center', anchorVert='center', antialias=True, autoDraw=False, autoLog=True, bold=False, color=array([1., 1., 1.]), colorSpace='rgb', contrast=1.0, depth=0.0, flipHoriz=False, flipVert=False, font='Arial', fontFiles=[], height=0.5, italic=False, languageStyle='LTR', name='text2_2', opacity=1.0, ori=0, pos=array([0., 0.]), rgb=UNKNOWN, text='+', units='norm', win=Window(...), wrapWidth=1)
20.1741 	EXP 	Created text_6 = TextStim(__class__=<class 'psychopy.visual.text.TextStim'>, alignHoriz=method-wrapper(...), alignText='center', alignVert=method-wrapper(...), anchorHoriz='center', anchorVert='center', antialias=True, autoDraw=False, autoLog=True, bold=False, color=array([1., 1., 1.]), colorSpace='rgb', contrast=1.0, depth=0.0, flipHoriz=False, flipVert=False, font='Arial', fontFiles=[], height=0.1, italic=False, languageStyle='LTR', name='text_6', opacity=1.0, ori=0, pos=array([0. , 0.5]), rgb=UNKNOWN, text='', units='norm', win=Window(...), wrapWidth=1)
20.1761 	EXP 	Created background = Rect(__class__=<class 'psychopy.visual.rect.Rect'>, anchor=('center', 'bottom'), autoDraw=False, autoLog=True, closeShape=True, color=method-wrapper(...), colorSpace='rgb', contrast=None, depth=-4.0, fillColor=array([1, 1, 1]), fillColorSpace='rgb', fillRGB=array([1, 1, 1]), interpolate=True, lineColor=array([-1., -1., -1.]), lineColorSpace='rgb', lineRGB=array([-1, -1, -1]), lineWidth=2, name='background', opacity=1.0, ori=0.0, pos=array([ 0.  , -0.55]), size=array([0.2 , 0.55]), units='norm', vertices=ndarray(...), win=Window(...))
20.1780 	EXP 	Created barBody = Rect(__class__=<class 'psychopy.visual.rect.Rect'>, anchor=('center', 'bottom'), autoDraw=False, autoLog=True, closeShape=True, color=method-wrapper(...), colorSpace='rgb', contrast=None, depth=-5.0, fillColor=array([ 0.0902, -1.    , -1.    ]), fillColorSpace='rgb', fillRGB=array([ 0.0902, -1.    , -1.    ]), interpolate=True, lineColor=array([ 0.0902, -1.    , -1.    ]), lineColorSpace='rgb', lineRGB=array([ 0.0902, -1.    , -1.    ]), lineWidth=1, name='barBody', opacity=1.0, ori=0.0, pos=array([0., 0.]), size=array([1., 1.]), units='norm', vertices=ndarray(...), win=Window(...))
20.1797 	EXP 	Created barTop = Rect(__class__=<class 'psychopy.visual.rect.Rect'>, anchor=('center', 'bottom'), autoDraw=False, autoLog=True, closeShape=True, color=method-wrapper(...), colorSpace='rgb', contrast=None, depth=-6.0, fillColor=array([-1, -1, -1]), fillColorSpace='rgb', fillRGB=array([-1, -1, -1]), interpolate=True, lineColor=array([-1., -1., -1.]), lineColorSpace='rgb', lineRGB=array([-1, -1, -1]), lineWidth=2, name='barTop', opacity=1.0, ori=0.0, pos=array([0., 0.]), size=array([1., 1.]), units='norm', vertices=ndarray(...), win=Window(...))
20.1813 	EXP 	Created feedbackMsg = TextStim(__class__=<class 'psychopy.visual.text.TextStim'>, alignHoriz=method-wrapper(...), alignText='center', alignVert=method-wrapper(...), anchorHoriz='center', anchorVert='center', antialias=True, autoDraw=False, autoLog=True, bold=False, color=array([1., 1., 1.]), colorSpace='rgb', contrast=1.0, depth=-1.0, flipHoriz=False, flipVert=False, font='Arial', fontFiles=[], height=0.1, italic=False, languageStyle='LTR', name='feedbackMsg', opacity=1.0, ori=0, pos=array([0., 0.]), rgb=UNKNOWN, text='', units='norm', win=Window(...), wrapWidth=1)
20.2003 	EXP 	Created image_rubies = ImageStim(__class__=<class 'psychopy.visual.image.ImageStim'>, anchor=('center', 'center'), autoLog=True, color=array([1., 1., 1.]), colorSpace='rgb', contrast=1.0, depth=-2.0, flipHoriz=False, flipVert=False, image='default.png', interpolate=True, mask=None, maskParams=None, name='image_rubies', opacity=1.0, ori=0.0, pos=array([ 0. , -0.4]), size=array([0.3, 0.3]), texRes=128.0, units='norm', win=Window(...))
20.2607 	EXP 	Created image_shipCrash = ImageStim(__class__=<class 'psychopy.visual.image.ImageStim'>, anchor=('center', 'center'), autoLog=True, color=array([1., 1., 1.]), colorSpace='rgb', contrast=1.0, depth=-3.0, flipHoriz=False, flipVert=False, image='crashedShip.png', interpolate=True, mask=None, maskParams=None, name='image_shipCrash', opacity=1.0, ori=0.0, pos=array([ 0.7, -0.5]), size=array([0.6, 0.7]), texRes=128.0, units='norm', win=Window(...))
20.3035 	EXP 	Created image_shipFull = ImageStim(__class__=<class 'psychopy.visual.image.ImageStim'>, anchor=('center', 'center'), autoLog=True, color=array([1., 1., 1.]), colorSpace='rgb', contrast=1.0, depth=-4.0, flipHoriz=False, flipVert=False, image='fullShip.png', interpolate=True, mask=None, maskParams=None, name='image_shipFull', opacity=1.0, ori=0.0, pos=array([0.7, 0.5]), size=array([0.6, 0.7]), texRes=128.0, units='norm', win=Window(...))
20.3205 	WARNING 	t of last frame was 4468.80ms (=1/0)
20.3205 	EXP 	reward: autoLog = True
20.3205 	EXP 	reward: markerPos = None
20.3205 	EXP 	reward: styleTweaks = []
20.3205 	EXP 	reward: styleTweaks = []
20.3205 	EXP 	reward: styleTweaks = []
20.3205 	EXP 	reward: styleTweaks = []
20.3205 	EXP 	reward: contrast = 1.0
20.3205 	EXP 	reward: autoLog = True
20.3205 	EXP 	effort: autoLog = True
20.3205 	EXP 	effort: markerPos = None
20.3205 	EXP 	effort: styleTweaks = []
20.3205 	EXP 	effort: styleTweaks = []
20.3205 	EXP 	effort: styleTweaks = []
20.3205 	EXP 	effort: styleTweaks = []
20.3205 	EXP 	effort: contrast = 1.0
20.3205 	EXP 	effort: autoLog = True
20.3205 	EXP 	instrText: autoDraw = True
21.5572 	WARNING 	t of last frame was 23.26ms (=1/42)
21.5786 	EXP 	Imported trialTypes.xlsx as conditions, 60 conditions, 5 params
21.5800 	EXP 	Created sequence: sequential, trialTypes=60, nReps=1, seed=None
21.5804 	EXP 	New trial (rep=0, index=0): {'Points': 3, 'FeedbackText1': 'You reached the planet, you get 3 rubies!', 'FeedbackText2': 'You did not have enough battery to reach the planet and missed 3 rubies!', 'stimFile': 'image3.png', 'effLevel': 50}
21.6058 	DATA 	Keypress: return
21.6126 	WARNING 	t of last frame was 55.32ms (=1/18)
21.6126 	EXP 	instrText: autoDraw = False
21.6126 	EXP 	reward: markerPos = None
21.6126 	EXP 	reward: markerPos = None
21.6126 	EXP 	text_rewardRating: autoDraw = True
21.6126 	EXP 	text_rewardRating_2: autoDraw = True
21.6126 	EXP 	coins_little_2: autoDraw = True
21.6126 	EXP 	coins_many_2: autoDraw = True
21.6366 	WARNING 	t of last frame was 24.02ms (=1/41)
21.6366 	EXP 	reward: autoDraw = True
21.7316 	WARNING 	Multiple dropped frames have occurred - I'll stop bothering you about them!
22.3706 	DATA 	Mouse: Left button down, pos=(456,308)
22.4771 	DATA 	Mouse:  Left button up, pos=(456,308)
22.8825 	DATA 	Mouse: Left button down, pos=(473,237)
22.9766 	DATA 	Mouse:  Left button up, pos=(473,237)
23.4023 	DATA 	Mouse: Left button down, pos=(474,276)
23.4177 	EXP 	reward: markerPos = 1.95
23.4312 	EXP 	reward: markerPos = 1.95
23.4424 	EXP 	reward: markerPos = 1.95
23.4533 	EXP 	reward: markerPos = 1.95
23.4652 	EXP 	reward: markerPos = 1.95
23.4791 	EXP 	reward: markerPos = 1.95
23.4892 	DATA 	Mouse:  Left button up, pos=(474,276)
23.4944 	EXP 	reward: markerPos = 1.95
23.5055 	EXP 	reward: markerPos = 2.0
23.8113 	DATA 	Keypress: return
24.0923 	EXP 	reward: autoDraw = False
24.0923 	EXP 	text_rewardRating: autoDraw = False
24.0923 	EXP 	text_rewardRating_2: autoDraw = False
24.0923 	EXP 	coins_little_2: autoDraw = False
24.0923 	EXP 	coins_many_2: autoDraw = False
24.0923 	EXP 	effort: markerPos = None
24.0923 	EXP 	effort: markerPos = None
24.0923 	EXP 	fuel_empty: image = 'fuelShipWhite.png'
24.0923 	EXP 	text_effortRating_3: autoDraw = True
24.0923 	EXP 	text_effortRating_4: autoDraw = True
24.0923 	EXP 	fuel_empty: autoDraw = True
24.0923 	EXP 	fuel_full: autoDraw = True
24.1097 	EXP 	effort: autoDraw = True
36.8247 	DATA 	Keypress: escape
37.3586 	EXP 	window1: mouseVisible = True
