10.7036 	WARNING 	Couldn't measure a consistent frame rate!
  - Is your graphics card set to sync to vertical blank?
  - Are you running other processes on your computer?

10.7061 	EXP 	Created window1 = Window(allowGUI=True, allowStencil=False, autoLog=True, backendConf=UNKNOWN, backgroundFit=<method-wrapper '__getattribute__' of attributeSetter object at 0x7fba1dbe09d0>, backgroundImage=<method-wrapper '__getattribute__' of attributeSetter object at 0x7fba1dbe0970>, bitsMode=UNKNOWN, blendMode='avg', bpc=(8, 8, 8), color=array([-1.    , -1.    , -0.2471]), colorSpace='rgb', depthBits=8, fullscr=<method-wrapper '__getattribute__' of attributeSetter object at 0x7fba1dbe07f0>, gamma=None, gammaErrorPolicy='raise', lms=UNKNOWN, monitor=<psychopy.monitors.calibTools.Monitor object at 0x7fba234eb6d0>, multiSample=False, name='window1', numSamples=2, pos=[240.0, 150.0], screen=0, size=array([1440,  900]), stencilBits=0, stereo=False, units='norm', useFBO=True, useRetina=False, viewOri=0.0, viewPos=None, viewScale=None, waitBlanking=True, winType='pyglet')
10.7064 	EXP 	window1: mouseVisible = True
10.7064 	EXP 	window1: backgroundImage = ''
10.7064 	EXP 	window1: backgroundFit = 'cover'
10.7066 	EXP 	window1: mouseVisible = True
10.7066 	EXP 	window1: Attempting to measure frame rate of screen (0) ...
10.7066 	EXP 	window1: recordFrameIntervals = False
10.8000 	EXP 	window1: recordFrameIntervals = True
11.8534 	WARNING 	Couldn't measure a consistent frame rate!
  - Is your graphics card set to sync to vertical blank?
  - Are you running other processes on your computer?

11.9095 	WARNING 	launchHubServer: If using the iohub mouse or eyetracker devices, fullScr should be True.
15.1622 	EXP 	Created instrText = TextStim(__class__=<class 'psychopy.visual.text.TextStim'>, alignHoriz=method-wrapper(...), alignText='center', alignVert=method-wrapper(...), anchorHoriz='center', anchorVert='center', antialias=True, autoDraw=False, autoLog=True, bold=False, color=array([1., 1., 1.]), colorSpace='rgb', contrast=1.0, depth=-1.0, flipHoriz=False, flipVert=False, font='Arial', fontFiles=[], height=0.1, italic=False, languageStyle='LTR', name='instrText', opacity=1.0, ori=0, pos=array([0. , 0.3]), rgb=UNKNOWN, text=str(...), units='norm', win=Window(...), wrapWidth=1)
15.1961 	EXP 	window1: mouseVisible = True
15.2343 	EXP 	Created reward = Slider(__class__=<class 'psychopy.visual.slider.Slider'>, autoDraw=False, autoLog=True, borderColor=None, color=None, colorSpace='rgb', depth=0, fillColor=None, flip=False, font='Arial', granularity=1.0, labelColor=None, labelHeight=0.1, labelWrapWidth=None, labels=None, lineColor=None, markerColor=None, name='reward', opacity=None, ori=0.0, pos=array([ 0. , -0.4]), readOnly=False, self=UNKNOWN, size=array([1. , 0.1]), startValue=None, style='rating', styleTweaks=[], ticks=array([1, 2, 3, 4, 5, 6, 7]), units='norm', win=Window(...))
15.2553 	EXP 	Created text_rewardRating = TextStim(__class__=<class 'psychopy.visual.text.TextStim'>, alignHoriz=method-wrapper(...), alignText='center', alignVert=method-wrapper(...), anchorHoriz='center', anchorVert='center', antialias=True, autoDraw=False, autoLog=True, bold=False, color=array([1., 1., 1.]), colorSpace='rgb', contrast=1.0, depth=-1.0, flipHoriz=False, flipVert=False, font='Arial', fontFiles=[], height=0.15, italic=False, languageStyle='LTR', name='text_rewardRating', opacity=1.0, ori=0.0, pos=array([0. , 0.5]), rgb=UNKNOWN, text=str(...), units='norm', win=Window(...), wrapWidth=1)
15.2655 	EXP 	Created text_rewardRating_2 = TextStim(__class__=<class 'psychopy.visual.text.TextStim'>, alignHoriz=method-wrapper(...), alignText='center', alignVert=method-wrapper(...), anchorHoriz='center', anchorVert='center', antialias=True, autoDraw=False, autoLog=True, bold=False, color=array([1., 1., 1.]), colorSpace='rgb', contrast=1.0, depth=-2.0, flipHoriz=False, flipVert=False, font='Arial', fontFiles=[], height=0.1, italic=False, languageStyle='LTR', name='text_rewardRating_2', opacity=1.0, ori=0.0, pos=array([0., 0.]), rgb=UNKNOWN, text=str(...), units='norm', win=Window(...), wrapWidth=1)
15.3085 	EXP 	Created coins_little_2 = ImageStim(__class__=<class 'psychopy.visual.image.ImageStim'>, anchor=('center', 'center'), autoLog=True, color=array([1., 1., 1.]), colorSpace='rgb', contrast=1.0, depth=-4.0, flipHoriz=False, flipVert=False, image='image1.png', interpolate=True, mask=None, maskParams=None, name='coins_little_2', opacity=1.0, ori=0.0, pos=array([-0.6, -0.4]), size=array([0.1, 0.1]), texRes=128.0, units='norm', win=Window(...))
15.4398 	EXP 	Created coins_many_2 = ImageStim(__class__=<class 'psychopy.visual.image.ImageStim'>, anchor=('center', 'center'), autoLog=True, color=array([1., 1., 1.]), colorSpace='rgb', contrast=1.0, depth=-5.0, flipHoriz=False, flipVert=False, image='image7.png', interpolate=True, mask=None, maskParams=None, name='coins_many_2', opacity=1.0, ori=0.0, pos=array([ 0.7 , -0.35]), size=array([0.3, 0.3]), texRes=128.0, units='norm', win=Window(...))
15.4466 	EXP 	window1: mouseVisible = True
15.4742 	EXP 	Created effort = Slider(__class__=<class 'psychopy.visual.slider.Slider'>, autoDraw=False, autoLog=True, borderColor=None, color=None, colorSpace='rgb', depth=0, fillColor=None, flip=False, font='Arial', granularity=1.0, labelColor=None, labelHeight=0.1, labelWrapWidth=None, labels=None, lineColor=None, markerColor=None, name='effort', opacity=None, ori=0.0, pos=array([ 0. , -0.4]), readOnly=False, self=UNKNOWN, size=array([1. , 0.1]), startValue=None, style='rating', styleTweaks=[], ticks=array([1, 2, 3, 4, 5]), units='norm', win=Window(...))
15.4839 	EXP 	Created text_effortRating_3 = TextStim(__class__=<class 'psychopy.visual.text.TextStim'>, alignHoriz=method-wrapper(...), alignText='center', alignVert=method-wrapper(...), anchorHoriz='center', anchorVert='center', antialias=True, autoDraw=False, autoLog=True, bold=False, color=array([1., 1., 1.]), colorSpace='rgb', contrast=1.0, depth=-1.0, flipHoriz=False, flipVert=False, font='Arial', fontFiles=[], height=0.15, italic=False, languageStyle='LTR', name='text_effortRating_3', opacity=1.0, ori=0.0, pos=array([0. , 0.5]), rgb=UNKNOWN, text=str(...), units='norm', win=Window(...), wrapWidth=1)
15.4890 	EXP 	Created text_effortRating_4 = TextStim(__class__=<class 'psychopy.visual.text.TextStim'>, alignHoriz=method-wrapper(...), alignText='center', alignVert=method-wrapper(...), anchorHoriz='center', anchorVert='center', antialias=True, autoDraw=False, autoLog=True, bold=False, color=array([1., 1., 1.]), colorSpace='rgb', contrast=1.0, depth=-2.0, flipHoriz=False, flipVert=False, font='Arial', fontFiles=[], height=0.1, italic=False, languageStyle='LTR', name='text_effortRating_4', opacity=1.0, ori=0.0, pos=array([0., 0.]), rgb=UNKNOWN, text=str(...), units='norm', win=Window(...), wrapWidth=1)
15.5087 	EXP 	Created fuel_empty = ImageStim(__class__=<class 'psychopy.visual.image.ImageStim'>, anchor=('center', 'center'), autoLog=True, color=array([1., 1., 1.]), colorSpace='rgb', contrast=1.0, depth=-4.0, flipHoriz=False, flipVert=False, image='default.png', interpolate=True, mask=None, maskParams=None, name='fuel_empty', opacity=1.0, ori=0.0, pos=array([-0.7, -0.3]), size=array([0.3, 0.5]), texRes=128.0, units='norm', win=Window(...))
17.0556 	EXP 	Created fuel_full = ImageStim(__class__=<class 'psychopy.visual.image.ImageStim'>, anchor=('center', 'center'), autoLog=True, color=array([1., 1., 1.]), colorSpace='rgb', contrast=1.0, depth=-5.0, flipHoriz=False, flipVert=False, image='fuelShipFull-01.png', interpolate=True, mask=None, maskParams=None, name='fuel_full', opacity=1.0, ori=0.0, pos=array([ 0.7, -0.3]), size=array([0.34, 0.5 ]), texRes=128.0, units='norm', win=Window(...))
17.0645 	EXP 	Created text2_2 = TextStim(__class__=<class 'psychopy.visual.text.TextStim'>, alignHoriz=method-wrapper(...), alignText='center', alignVert=method-wrapper(...), anchorHoriz='center', anchorVert='center', antialias=True, autoDraw=False, autoLog=True, bold=False, color=array([1., 1., 1.]), colorSpace='rgb', contrast=1.0, depth=0.0, flipHoriz=False, flipVert=False, font='Arial', fontFiles=[], height=0.5, italic=False, languageStyle='LTR', name='text2_2', opacity=1.0, ori=0, pos=array([0., 0.]), rgb=UNKNOWN, text='+', units='norm', win=Window(...), wrapWidth=1)
17.0663 	EXP 	Created text_6 = TextStim(__class__=<class 'psychopy.visual.text.TextStim'>, alignHoriz=method-wrapper(...), alignText='center', alignVert=method-wrapper(...), anchorHoriz='center', anchorVert='center', antialias=True, autoDraw=False, autoLog=True, bold=False, color=array([1., 1., 1.]), colorSpace='rgb', contrast=1.0, depth=0.0, flipHoriz=False, flipVert=False, font='Arial', fontFiles=[], height=0.1, italic=False, languageStyle='LTR', name='text_6', opacity=1.0, ori=0, pos=array([0. , 0.5]), rgb=UNKNOWN, text='', units='norm', win=Window(...), wrapWidth=1)
18.4286 	EXP 	Created tank = ImageStim(__class__=<class 'psychopy.visual.image.ImageStim'>, anchor=('center', 'center'), autoLog=True, color=array([1., 1., 1.]), colorSpace='rgb', contrast=1.0, depth=-4.0, flipHoriz=False, flipVert=False, image='TankOnlyEmpt-01.png', interpolate=True, mask=None, maskParams=None, name='tank', opacity=1.0, ori=0.0, pos=array([0., 0.]), size=array([1.5, 2. ]), texRes=128.0, units='norm', win=Window(...))
18.4305 	EXP 	Created background = Rect(__class__=<class 'psychopy.visual.rect.Rect'>, anchor=('center', 'bottom'), autoDraw=False, autoLog=True, closeShape=True, color=method-wrapper(...), colorSpace='rgb', contrast=None, depth=-5.0, fillColor=array([1, 1, 1]), fillColorSpace='rgb', fillRGB=array([1, 1, 1]), interpolate=True, lineColor=array([-1., -1., -1.]), lineColorSpace='rgb', lineRGB=array([-1, -1, -1]), lineWidth=2, name='background', opacity=1.0, ori=0.0, pos=array([ 0. , -0.5]), size=array([0.15, 0.55]), units='norm', vertices=ndarray(...), win=Window(...))
18.4333 	EXP 	Created barBody = Rect(__class__=<class 'psychopy.visual.rect.Rect'>, anchor=('center', 'bottom'), autoDraw=False, autoLog=True, closeShape=True, color=method-wrapper(...), colorSpace='rgb', contrast=None, depth=-6.0, fillColor=array([-0.6627451 , -0.06666667, -0.51372549]), fillColorSpace='rgb', fillRGB=array([-0.6627451 , -0.06666667, -0.51372549]), interpolate=True, lineColor=array([-0.6627451 , -0.06666667, -0.51372549]), lineColorSpace='rgb', lineRGB=array([-0.6627451 , -0.06666667, -0.51372549]), lineWidth=1, name='barBody', opacity=1.0, ori=0.0, pos=array([0., 0.]), size=array([1., 1.]), units='norm', vertices=ndarray(...), win=Window(...))
18.4350 	EXP 	Created feedbackMsg = TextStim(__class__=<class 'psychopy.visual.text.TextStim'>, alignHoriz=method-wrapper(...), alignText='center', alignVert=method-wrapper(...), anchorHoriz='center', anchorVert='center', antialias=True, autoDraw=False, autoLog=True, bold=False, color=array([1., 1., 1.]), colorSpace='rgb', contrast=1.0, depth=-1.0, flipHoriz=False, flipVert=False, font='Arial', fontFiles=[], height=0.1, italic=False, languageStyle='LTR', name='feedbackMsg', opacity=1.0, ori=0, pos=array([0., 0.]), rgb=UNKNOWN, text='', units='norm', win=Window(...), wrapWidth=1)
18.4553 	EXP 	Created image_rubies = ImageStim(__class__=<class 'psychopy.visual.image.ImageStim'>, anchor=('center', 'center'), autoLog=True, color=array([1., 1., 1.]), colorSpace='rgb', contrast=1.0, depth=-2.0, flipHoriz=False, flipVert=False, image='default.png', interpolate=True, mask=None, maskParams=None, name='image_rubies', opacity=1.0, ori=0.0, pos=array([ 0. , -0.4]), size=array([0.3, 0.3]), texRes=128.0, units='norm', win=Window(...))
18.5181 	EXP 	Created image_shipCrash = ImageStim(__class__=<class 'psychopy.visual.image.ImageStim'>, anchor=('center', 'center'), autoLog=True, color=array([1., 1., 1.]), colorSpace='rgb', contrast=1.0, depth=-3.0, flipHoriz=False, flipVert=False, image='crashedShip.png', interpolate=True, mask=None, maskParams=None, name='image_shipCrash', opacity=1.0, ori=0.0, pos=array([ 0.7, -0.5]), size=array([0.6, 0.7]), texRes=128.0, units='norm', win=Window(...))
18.5586 	EXP 	Created image_shipFull = ImageStim(__class__=<class 'psychopy.visual.image.ImageStim'>, anchor=('center', 'center'), autoLog=True, color=array([1., 1., 1.]), colorSpace='rgb', contrast=1.0, depth=-4.0, flipHoriz=False, flipVert=False, image='fullShip.png', interpolate=True, mask=None, maskParams=None, name='image_shipFull', opacity=1.0, ori=0.0, pos=array([0.7, 0.5]), size=array([0.6, 0.7]), texRes=128.0, units='norm', win=Window(...))
18.5677 	DATA 	Mouse: Left button down, pos=(462,571)
18.5686 	DATA 	Mouse:  Left button up, pos=(462,571)
18.5762 	WARNING 	t of last frame was 6723.17ms (=1/0)
18.5762 	EXP 	reward: autoLog = True
18.5762 	EXP 	reward: markerPos = None
18.5762 	EXP 	reward: styleTweaks = []
18.5762 	EXP 	reward: styleTweaks = []
18.5762 	EXP 	reward: styleTweaks = []
18.5762 	EXP 	reward: styleTweaks = []
18.5762 	EXP 	reward: contrast = 1.0
18.5762 	EXP 	reward: autoLog = True
18.5762 	EXP 	effort: autoLog = True
18.5762 	EXP 	effort: markerPos = None
18.5762 	EXP 	effort: styleTweaks = []
18.5762 	EXP 	effort: styleTweaks = []
18.5762 	EXP 	effort: styleTweaks = []
18.5762 	EXP 	effort: styleTweaks = []
18.5762 	EXP 	effort: contrast = 1.0
18.5762 	EXP 	effort: autoLog = True
18.5762 	EXP 	instrText: autoDraw = True
19.1910 	EXP 	Imported trialTypes.xlsx as conditions, 60 conditions, 5 params
19.1930 	EXP 	Created sequence: sequential, trialTypes=60, nReps=1, seed=None
19.1935 	EXP 	New trial (rep=0, index=0): {'Points': 3, 'FeedbackText1': 'You reached the planet, you get 3 rubies!', 'FeedbackText2': 'You did not have enough battery to reach the planet and missed 3 rubies!', 'stimFile': 'image3.png', 'effLevel': 50}
19.2264 	DATA 	Keypress: return
19.2342 	WARNING 	t of last frame was 80.25ms (=1/12)
19.2342 	EXP 	instrText: autoDraw = False
19.2342 	EXP 	reward: markerPos = None
19.2342 	EXP 	reward: markerPos = None
19.2342 	EXP 	text_rewardRating: autoDraw = True
19.2342 	EXP 	text_rewardRating_2: autoDraw = True
19.2342 	EXP 	coins_little_2: autoDraw = True
19.2342 	EXP 	coins_many_2: autoDraw = True
19.2605 	WARNING 	t of last frame was 26.30ms (=1/38)
19.2605 	EXP 	reward: autoDraw = True
19.8976 	WARNING 	t of last frame was 23.31ms (=1/42)
20.2343 	DATA 	Mouse: Left button down, pos=(514,251)
20.2655 	WARNING 	Multiple dropped frames have occurred - I'll stop bothering you about them!
20.2655 	EXP 	reward: markerPos = 2.283333333333333
20.2793 	EXP 	reward: markerPos = 2.283333333333333
20.2913 	EXP 	reward: markerPos = 2.283333333333333
20.3023 	EXP 	reward: markerPos = 2.283333333333333
20.3288 	EXP 	reward: markerPos = 2.283333333333333
20.3299 	DATA 	Mouse:  Left button up, pos=(514,251)
20.3403 	EXP 	reward: markerPos = 2.0
20.9619 	DATA 	Keypress: return
20.9825 	EXP 	reward: autoDraw = False
20.9825 	EXP 	text_rewardRating: autoDraw = False
20.9825 	EXP 	text_rewardRating_2: autoDraw = False
20.9825 	EXP 	coins_little_2: autoDraw = False
20.9825 	EXP 	coins_many_2: autoDraw = False
20.9825 	EXP 	effort: markerPos = None
20.9825 	EXP 	effort: markerPos = None
20.9825 	EXP 	fuel_empty: image = 'fuelShipEmpty-01.png'
20.9825 	EXP 	text_effortRating_3: autoDraw = True
20.9825 	EXP 	text_effortRating_4: autoDraw = True
20.9825 	EXP 	fuel_empty: autoDraw = True
20.9825 	EXP 	fuel_full: autoDraw = True
20.9970 	EXP 	effort: autoDraw = True
22.2383 	DATA 	Mouse: Left button down, pos=(856,260)
22.2508 	EXP 	effort: markerPos = 3.7555555555555555
22.2629 	EXP 	effort: markerPos = 3.7555555555555555
22.2757 	EXP 	effort: markerPos = 3.7555555555555555
22.2876 	EXP 	effort: markerPos = 3.7555555555555555
22.3152 	EXP 	effort: markerPos = 3.7555555555555555
22.3275 	DATA 	Mouse:  Left button up, pos=(856,260)
22.3312 	EXP 	effort: markerPos = 3.7555555555555555
22.3433 	EXP 	effort: markerPos = 4.0
23.0075 	DATA 	Keypress: return
23.0135 	EXP 	effort: autoDraw = False
23.0135 	EXP 	text_effortRating_3: autoDraw = False
23.0135 	EXP 	text_effortRating_4: autoDraw = False
23.0135 	EXP 	fuel_empty: autoDraw = False
23.0135 	EXP 	fuel_full: autoDraw = False
23.0135 	EXP 	text2_2: autoDraw = True
24.0263 	EXP 	text2_2: autoDraw = False
24.0263 	EXP 	text2_2: autoDraw = False
24.0263 	EXP 	text_6: height = 0.1
24.0263 	EXP 	text_6: height = 0.1
24.0263 	EXP 	text_6: height = 0.1
24.0263 	EXP 	text_6: text = 'Power up!\n'
24.0263 	EXP 	text_6: autoDraw = True
24.0263 	EXP 	tank: autoDraw = True
24.0263 	EXP 	background: autoDraw = True
24.0263 	EXP 	barBody: autoDraw = True
25.7951 	DATA 	Keypress: z
25.8080 	EXP 	window1: mouseVisible = True
