7.3863 	WARNING 	Couldn't measure a consistent frame rate!
  - Is your graphics card set to sync to vertical blank?
  - Are you running other processes on your computer?

7.3872 	EXP 	Created window1 = Window(allowGUI=True, allowStencil=False, autoLog=True, backendConf=UNKNOWN, backgroundFit=<method-wrapper '__getattribute__' of attributeSetter object at 0x7f82a64189d0>, backgroundImage=<method-wrapper '__getattribute__' of attributeSetter object at 0x7f82a6418970>, bitsMode=UNKNOWN, blendMode='avg', bpc=(8, 8, 8), color=array([0, 0, 0]), colorSpace='rgb', depthBits=8, fullscr=<method-wrapper '__getattribute__' of attributeSetter object at 0x7f82a64187f0>, gamma=None, gammaErrorPolicy='raise', lms=UNKNOWN, monitor=<psychopy.monitors.calibTools.Monitor object at 0x7f828de7c790>, multiSample=False, name='window1', numSamples=2, pos=(360, 225), screen=0, size=array([2880, 1800]), stencilBits=0, stereo=False, units='norm', useFBO=True, useRetina=True, viewOri=0.0, viewPos=None, viewScale=None, waitBlanking=True, winType='pyglet')
7.3876 	EXP 	window1: mouseVisible = True
7.3876 	EXP 	window1: backgroundImage = ''
7.3877 	EXP 	window1: backgroundFit = 'cover'
7.3878 	EXP 	window1: mouseVisible = True
7.3878 	EXP 	window1: Attempting to measure frame rate of screen (0) ...
7.3879 	EXP 	window1: recordFrameIntervals = False
7.4799 	EXP 	window1: recordFrameIntervals = True
8.3197 	WARNING 	Couldn't measure a consistent frame rate!
  - Is your graphics card set to sync to vertical blank?
  - Are you running other processes on your computer?

8.3624 	WARNING 	launchHubServer: If using the iohub mouse or eyetracker devices, fullScr should be True.
10.6776 	EXP 	Created instrText = TextStim(__class__=<class 'psychopy.visual.text.TextStim'>, alignHoriz=method-wrapper(...), alignText='center', alignVert=method-wrapper(...), anchorHoriz='center', anchorVert='center', antialias=True, autoDraw=False, autoLog=True, bold=False, color=array([1., 1., 1.]), colorSpace='rgb', contrast=1.0, depth=-1.0, flipHoriz=False, flipVert=False, font='Arial', fontFiles=[], height=0.1, italic=False, languageStyle='LTR', name='instrText', opacity=1.0, ori=0, pos=array([0. , 0.3]), rgb=UNKNOWN, text=str(...), units='norm', win=Window(...), wrapWidth=1)
10.6966 	EXP 	window1: mouseVisible = True
10.7246 	EXP 	Created reward = Slider(__class__=<class 'psychopy.visual.slider.Slider'>, autoDraw=False, autoLog=True, borderColor=None, color=None, colorSpace='rgb', depth=0, fillColor=None, flip=False, font='Arial', granularity=1.0, labelColor=None, labelHeight=0.1, labelWrapWidth=None, labels=None, lineColor=None, markerColor=None, name='reward', opacity=None, ori=0.0, pos=array([ 0. , -0.4]), readOnly=False, self=UNKNOWN, size=array([1. , 0.1]), startValue=None, style='rating', styleTweaks=[], ticks=array([1, 2, 3, 4, 5, 6, 7]), units='norm', win=Window(...))
10.7412 	EXP 	Created text_rewardRating = TextStim(__class__=<class 'psychopy.visual.text.TextStim'>, alignHoriz=method-wrapper(...), alignText='center', alignVert=method-wrapper(...), anchorHoriz='center', anchorVert='center', antialias=True, autoDraw=False, autoLog=True, bold=False, color=array([1., 1., 1.]), colorSpace='rgb', contrast=1.0, depth=-1.0, flipHoriz=False, flipVert=False, font='Arial', fontFiles=[], height=0.15, italic=False, languageStyle='LTR', name='text_rewardRating', opacity=1.0, ori=0.0, pos=array([0. , 0.5]), rgb=UNKNOWN, text=str(...), units='norm', win=Window(...), wrapWidth=1)
10.7515 	EXP 	Created text_rewardRating_2 = TextStim(__class__=<class 'psychopy.visual.text.TextStim'>, alignHoriz=method-wrapper(...), alignText='center', alignVert=method-wrapper(...), anchorHoriz='center', anchorVert='center', antialias=True, autoDraw=False, autoLog=True, bold=False, color=array([1., 1., 1.]), colorSpace='rgb', contrast=1.0, depth=-2.0, flipHoriz=False, flipVert=False, font='Arial', fontFiles=[], height=0.1, italic=False, languageStyle='LTR', name='text_rewardRating_2', opacity=1.0, ori=0.0, pos=array([0., 0.]), rgb=UNKNOWN, text=str(...), units='norm', win=Window(...), wrapWidth=1)
10.7779 	EXP 	Created coins_little_2 = ImageStim(__class__=<class 'psychopy.visual.image.ImageStim'>, anchor=('center', 'center'), autoLog=True, color=array([1., 1., 1.]), colorSpace='rgb', contrast=1.0, depth=-4.0, flipHoriz=False, flipVert=False, image='image1.png', interpolate=True, mask=None, maskParams=None, name='coins_little_2', opacity=1.0, ori=0.0, pos=array([-0.6, -0.4]), size=array([0.1, 0.1]), texRes=128.0, units='norm', win=Window(...))
10.9047 	EXP 	Created coins_many_2 = ImageStim(__class__=<class 'psychopy.visual.image.ImageStim'>, anchor=('center', 'center'), autoLog=True, color=array([1., 1., 1.]), colorSpace='rgb', contrast=1.0, depth=-5.0, flipHoriz=False, flipVert=False, image='image7.png', interpolate=True, mask=None, maskParams=None, name='coins_many_2', opacity=1.0, ori=0.0, pos=array([ 0.7 , -0.35]), size=array([0.3, 0.3]), texRes=128.0, units='norm', win=Window(...))
10.9116 	EXP 	window1: mouseVisible = True
10.9401 	EXP 	Created effort = Slider(__class__=<class 'psychopy.visual.slider.Slider'>, autoDraw=False, autoLog=True, borderColor=None, color=None, colorSpace='rgb', depth=0, fillColor=None, flip=False, font='Arial', granularity=1.0, labelColor=None, labelHeight=0.1, labelWrapWidth=None, labels=None, lineColor=None, markerColor=None, name='effort', opacity=None, ori=0.0, pos=array([ 0. , -0.4]), readOnly=False, self=UNKNOWN, size=array([1. , 0.1]), startValue=None, style='rating', styleTweaks=[], ticks=array([1, 2, 3, 4, 5]), units='norm', win=Window(...))
10.9468 	EXP 	Created text_effortRating_3 = TextStim(__class__=<class 'psychopy.visual.text.TextStim'>, alignHoriz=method-wrapper(...), alignText='center', alignVert=method-wrapper(...), anchorHoriz='center', anchorVert='center', antialias=True, autoDraw=False, autoLog=True, bold=False, color=array([1., 1., 1.]), colorSpace='rgb', contrast=1.0, depth=-1.0, flipHoriz=False, flipVert=False, font='Arial', fontFiles=[], height=0.15, italic=False, languageStyle='LTR', name='text_effortRating_3', opacity=1.0, ori=0.0, pos=array([0. , 0.5]), rgb=UNKNOWN, text=str(...), units='norm', win=Window(...), wrapWidth=1)
10.9522 	EXP 	Created text_effortRating_4 = TextStim(__class__=<class 'psychopy.visual.text.TextStim'>, alignHoriz=method-wrapper(...), alignText='center', alignVert=method-wrapper(...), anchorHoriz='center', anchorVert='center', antialias=True, autoDraw=False, autoLog=True, bold=False, color=array([1., 1., 1.]), colorSpace='rgb', contrast=1.0, depth=-2.0, flipHoriz=False, flipVert=False, font='Arial', fontFiles=[], height=0.1, italic=False, languageStyle='LTR', name='text_effortRating_4', opacity=1.0, ori=0.0, pos=array([0., 0.]), rgb=UNKNOWN, text=str(...), units='norm', win=Window(...), wrapWidth=1)
10.9801 	EXP 	Created battery_empty = ImageStim(__class__=<class 'psychopy.visual.image.ImageStim'>, anchor=('center', 'center'), autoLog=True, color=array([1., 1., 1.]), colorSpace='rgb', contrast=1.0, depth=-4.0, flipHoriz=False, flipVert=False, image='./stim/BattEmpty_black-01.png', interpolate=True, mask=None, maskParams=None, name='battery_empty', opacity=1.0, ori=0.0, pos=array([-0.6 , -0.45]), size=array([0.15, 0.3 ]), texRes=128.0, units='norm', win=Window(...))
11.0114 	EXP 	Created battery_full = ImageStim(__class__=<class 'psychopy.visual.image.ImageStim'>, anchor=('center', 'center'), autoLog=True, color=array([1., 1., 1.]), colorSpace='rgb', contrast=1.0, depth=-5.0, flipHoriz=False, flipVert=False, image='./stim/BattFull_black-01.png', interpolate=True, mask=None, maskParams=None, name='battery_full', opacity=1.0, ori=0.0, pos=array([ 0.6 , -0.45]), size=array([0.15, 0.3 ]), texRes=128.0, units='norm', win=Window(...))
11.0178 	EXP 	Created text2_2 = TextStim(__class__=<class 'psychopy.visual.text.TextStim'>, alignHoriz=method-wrapper(...), alignText='center', alignVert=method-wrapper(...), anchorHoriz='center', anchorVert='center', antialias=True, autoDraw=False, autoLog=True, bold=False, color=array([1., 1., 1.]), colorSpace='rgb', contrast=1.0, depth=0.0, flipHoriz=False, flipVert=False, font='Arial', fontFiles=[], height=0.5, italic=False, languageStyle='LTR', name='text2_2', opacity=1.0, ori=0, pos=array([0., 0.]), rgb=UNKNOWN, text='+', units='norm', win=Window(...), wrapWidth=1)
11.0191 	EXP 	Created text_6 = TextStim(__class__=<class 'psychopy.visual.text.TextStim'>, alignHoriz=method-wrapper(...), alignText='center', alignVert=method-wrapper(...), anchorHoriz='center', anchorVert='center', antialias=True, autoDraw=False, autoLog=True, bold=False, color=array([1., 1., 1.]), colorSpace='rgb', contrast=1.0, depth=0.0, flipHoriz=False, flipVert=False, font='Arial', fontFiles=[], height=0.1, italic=False, languageStyle='LTR', name='text_6', opacity=1.0, ori=0, pos=array([0. , 0.5]), rgb=UNKNOWN, text='', units='norm', win=Window(...), wrapWidth=1)
11.0206 	EXP 	Created background = Rect(__class__=<class 'psychopy.visual.rect.Rect'>, anchor=('center', 'bottom'), autoDraw=False, autoLog=True, closeShape=True, color=method-wrapper(...), colorSpace='rgb', contrast=None, depth=-4.0, fillColor=array([1, 1, 1]), fillColorSpace='rgb', fillRGB=array([1, 1, 1]), interpolate=True, lineColor=array([-1., -1., -1.]), lineColorSpace='rgb', lineRGB=array([-1, -1, -1]), lineWidth=2, name='background', opacity=1.0, ori=0.0, pos=array([ 0.  , -0.55]), size=array([0.2 , 0.55]), units='norm', vertices=ndarray(...), win=Window(...))
11.0222 	EXP 	Created barBody = Rect(__class__=<class 'psychopy.visual.rect.Rect'>, anchor=('center', 'bottom'), autoDraw=False, autoLog=True, closeShape=True, color=method-wrapper(...), colorSpace='rgb', contrast=None, depth=-5.0, fillColor=array([ 0.0902, -1.    , -1.    ]), fillColorSpace='rgb', fillRGB=array([ 0.0902, -1.    , -1.    ]), interpolate=True, lineColor=array([ 0.0902, -1.    , -1.    ]), lineColorSpace='rgb', lineRGB=array([ 0.0902, -1.    , -1.    ]), lineWidth=1, name='barBody', opacity=1.0, ori=0.0, pos=array([0., 0.]), size=array([1., 1.]), units='norm', vertices=ndarray(...), win=Window(...))
11.0235 	EXP 	Created barTop = Rect(__class__=<class 'psychopy.visual.rect.Rect'>, anchor=('center', 'bottom'), autoDraw=False, autoLog=True, closeShape=True, color=method-wrapper(...), colorSpace='rgb', contrast=None, depth=-6.0, fillColor=array([-1, -1, -1]), fillColorSpace='rgb', fillRGB=array([-1, -1, -1]), interpolate=True, lineColor=array([-1., -1., -1.]), lineColorSpace='rgb', lineRGB=array([-1, -1, -1]), lineWidth=2, name='barTop', opacity=1.0, ori=0.0, pos=array([0., 0.]), size=array([1., 1.]), units='norm', vertices=ndarray(...), win=Window(...))
11.0248 	EXP 	Created feedbackMsg = TextStim(__class__=<class 'psychopy.visual.text.TextStim'>, alignHoriz=method-wrapper(...), alignText='center', alignVert=method-wrapper(...), anchorHoriz='center', anchorVert='center', antialias=True, autoDraw=False, autoLog=True, bold=False, color=array([1., 1., 1.]), colorSpace='rgb', contrast=1.0, depth=-1.0, flipHoriz=False, flipVert=False, font='Arial', fontFiles=[], height=0.1, italic=False, languageStyle='LTR', name='feedbackMsg', opacity=1.0, ori=0, pos=array([0., 0.]), rgb=UNKNOWN, text='', units='norm', win=Window(...), wrapWidth=1)
11.0414 	EXP 	Created image_rubies = ImageStim(__class__=<class 'psychopy.visual.image.ImageStim'>, anchor=('center', 'center'), autoLog=True, color=array([1., 1., 1.]), colorSpace='rgb', contrast=1.0, depth=-2.0, flipHoriz=False, flipVert=False, image='default.png', interpolate=True, mask=None, maskParams=None, name='image_rubies', opacity=1.0, ori=0.0, pos=array([ 0. , -0.4]), size=array([0.3, 0.3]), texRes=128.0, units='norm', win=Window(...))
11.0959 	EXP 	Created image_shipCrash = ImageStim(__class__=<class 'psychopy.visual.image.ImageStim'>, anchor=('center', 'center'), autoLog=True, color=array([1., 1., 1.]), colorSpace='rgb', contrast=1.0, depth=-3.0, flipHoriz=False, flipVert=False, image='crashedShip.png', interpolate=True, mask=None, maskParams=None, name='image_shipCrash', opacity=1.0, ori=0.0, pos=array([0.7, 0. ]), size=array([0.6, 0.7]), texRes=128.0, units='norm', win=Window(...))
11.1056 	DATA 	Mouse: Left button down, pos=(745,478)
11.1064 	DATA 	Mouse:  Left button up, pos=(745,478)
11.1246 	WARNING 	t of last frame was 2805.21ms (=1/0)
11.1246 	EXP 	reward: autoLog = True
11.1246 	EXP 	reward: markerPos = None
11.1246 	EXP 	reward: styleTweaks = []
11.1246 	EXP 	reward: styleTweaks = []
11.1246 	EXP 	reward: styleTweaks = []
11.1246 	EXP 	reward: styleTweaks = []
11.1246 	EXP 	reward: contrast = 1.0
11.1246 	EXP 	reward: autoLog = True
11.1246 	EXP 	effort: autoLog = True
11.1246 	EXP 	effort: markerPos = None
11.1246 	EXP 	effort: styleTweaks = []
11.1246 	EXP 	effort: styleTweaks = []
11.1246 	EXP 	effort: styleTweaks = []
11.1246 	EXP 	effort: styleTweaks = []
11.1246 	EXP 	effort: contrast = 1.0
11.1246 	EXP 	effort: autoLog = True
11.1246 	EXP 	instrText: autoDraw = True
11.1512 	WARNING 	t of last frame was 26.59ms (=1/37)
11.1739 	WARNING 	t of last frame was 22.79ms (=1/43)
11.1967 	WARNING 	t of last frame was 22.79ms (=1/43)
11.2190 	WARNING 	Multiple dropped frames have occurred - I'll stop bothering you about them!
12.3453 	EXP 	Imported trialTypes.xlsx as conditions, 60 conditions, 5 params
12.3464 	EXP 	Created sequence: sequential, trialTypes=60, nReps=1, seed=None
12.3466 	EXP 	New trial (rep=0, index=0): {'Points': 3, 'FeedbackText1': 'You reached the planet, you get 3 rubies!', 'FeedbackText2': 'You did not have enough battery to reach the planet and missed 3 rubies!', 'stimFile': 'image3.png', 'effLevel': 50}
12.3694 	DATA 	Keypress: return
12.3823 	EXP 	instrText: autoDraw = False
12.3823 	EXP 	reward: markerPos = None
12.3823 	EXP 	reward: markerPos = None
12.3823 	EXP 	text_rewardRating: autoDraw = True
12.3823 	EXP 	text_rewardRating_2: autoDraw = True
12.3823 	EXP 	coins_little_2: autoDraw = True
12.3823 	EXP 	coins_many_2: autoDraw = True
12.4191 	EXP 	reward: autoDraw = True
13.5017 	DATA 	Mouse: Left button down, pos=(714,175)
13.6324 	DATA 	Mouse:  Left button up, pos=(714,175)
14.0204 	DATA 	Mouse: Left button down, pos=(717,260)
14.0422 	EXP 	reward: markerPos = 3.975
14.0626 	EXP 	reward: markerPos = 3.975
14.0808 	EXP 	reward: markerPos = 3.975
14.1030 	EXP 	reward: markerPos = 3.975
14.1044 	DATA 	Mouse:  Left button up, pos=(717,260)
14.1231 	EXP 	reward: markerPos = 4.0
14.3466 	DATA 	Keypress: return
14.3873 	EXP 	reward: autoDraw = False
14.3873 	EXP 	text_rewardRating: autoDraw = False
14.3873 	EXP 	text_rewardRating_2: autoDraw = False
14.3873 	EXP 	coins_little_2: autoDraw = False
14.3873 	EXP 	coins_many_2: autoDraw = False
14.3873 	EXP 	effort: markerPos = None
14.3873 	EXP 	effort: markerPos = None
14.3873 	EXP 	text_effortRating_3: autoDraw = True
14.3873 	EXP 	text_effortRating_4: autoDraw = True
14.3873 	EXP 	battery_empty: autoDraw = True
14.3873 	EXP 	battery_full: autoDraw = True
14.4082 	EXP 	effort: autoDraw = True
14.8296 	DATA 	Mouse: Left button down, pos=(717,268)
14.8597 	EXP 	effort: markerPos = 2.9833333333333334
14.8784 	EXP 	effort: markerPos = 2.9833333333333334
14.8975 	EXP 	effort: markerPos = 2.9833333333333334
14.8994 	DATA 	Mouse:  Left button up, pos=(717,268)
14.9171 	EXP 	effort: markerPos = 3.0
15.1578 	DATA 	Keypress: return
15.1672 	EXP 	effort: autoDraw = False
15.1672 	EXP 	text_effortRating_3: autoDraw = False
15.1672 	EXP 	text_effortRating_4: autoDraw = False
15.1672 	EXP 	battery_empty: autoDraw = False
15.1672 	EXP 	battery_full: autoDraw = False
15.1672 	EXP 	text2_2: autoDraw = True
16.1783 	EXP 	text2_2: autoDraw = False
16.1783 	EXP 	text2_2: autoDraw = False
16.1783 	EXP 	text_6: height = 0.1
16.1783 	EXP 	text_6: height = 0.1
16.1783 	EXP 	text_6: height = 0.1
16.1783 	EXP 	text_6: text = 'Power up!\n'
16.1783 	EXP 	text_6: autoDraw = True
16.1783 	EXP 	background: autoDraw = True
16.1783 	EXP 	barBody: autoDraw = True
16.1783 	EXP 	barTop: autoDraw = True
16.9457 	DATA 	Keypress: space
17.0965 	DATA 	Keypress: space
17.2188 	EXP 	text_6: autoDraw = False
17.2188 	EXP 	background: autoDraw = False
17.2188 	EXP 	barBody: autoDraw = False
17.2188 	EXP 	barTop: autoDraw = False
17.2188 	EXP 	feedbackMsg: height = 0.1
17.2188 	EXP 	feedbackMsg: height = 0.1
17.2188 	EXP 	feedbackMsg: height = 0.1
17.2188 	EXP 	feedbackMsg: text = 'You did not have enough battery to reach the planet and missed 3 rubies!'
17.2188 	EXP 	image_rubies: image = 'image3.png'
17.2188 	EXP 	feedbackMsg: autoDraw = True
17.2188 	EXP 	image_rubies: autoDraw = True
17.2188 	EXP 	image_shipCrash: autoDraw = True
17.2373 	DATA 	Keypress: space
17.4167 	DATA 	Keypress: space
27.2136 	EXP 	New trial (rep=0, index=1): {'Points': 4, 'FeedbackText1': 'You reached the planet, you get 4 rubies!', 'FeedbackText2': 'You did not have enough battery to reach the planet and missed 4 rubies!', 'stimFile': 'image4.png', 'effLevel': 77}
27.2380 	EXP 	feedbackMsg: autoDraw = False
27.2380 	EXP 	image_rubies: autoDraw = False
27.2380 	EXP 	image_shipCrash: autoDraw = False
27.2380 	EXP 	feedbackMsg: autoDraw = False
27.2380 	EXP 	image_rubies: autoDraw = False
27.2380 	EXP 	image_shipCrash: autoDraw = False
27.2380 	EXP 	reward: markerPos = None
27.2380 	EXP 	reward: markerPos = None
27.2380 	EXP 	text_rewardRating: autoDraw = True
27.2380 	EXP 	text_rewardRating_2: autoDraw = True
27.2380 	EXP 	coins_little_2: autoDraw = True
27.2380 	EXP 	coins_many_2: autoDraw = True
27.2562 	EXP 	reward: autoDraw = True
33.0735 	DATA 	Keypress: escape
33.6773 	EXP 	window1: mouseVisible = True
