12.4193 	WARNING 	Couldn't measure a consistent frame rate!
  - Is your graphics card set to sync to vertical blank?
  - Are you running other processes on your computer?

12.4200 	EXP 	Created window1 = Window(allowGUI=True, allowStencil=False, autoLog=True, backendConf=UNKNOWN, backgroundFit=<method-wrapper '__getattribute__' of attributeSetter object at 0x7fcf65b9ea00>, backgroundImage=<method-wrapper '__getattribute__' of attributeSetter object at 0x7fcf65b9e9a0>, bitsMode=UNKNOWN, blendMode='avg', bpc=(8, 8, 8), color=array([-1.    , -1.    , -0.2471]), colorSpace='rgb', depthBits=8, fullscr=<method-wrapper '__getattribute__' of attributeSetter object at 0x7fcf65b9e820>, gamma=None, gammaErrorPolicy='raise', lms=UNKNOWN, monitor=<psychopy.monitors.calibTools.Monitor object at 0x7fcf6b36b7c0>, multiSample=False, name='window1', numSamples=2, pos=[240.0, 150.0], screen=0, size=array([1440,  900]), stencilBits=0, stereo=False, units='norm', useFBO=True, useRetina=False, viewOri=0.0, viewPos=None, viewScale=None, waitBlanking=True, winType='pyglet')
12.4202 	EXP 	window1: mouseVisible = True
12.4203 	EXP 	window1: backgroundImage = ''
12.4203 	EXP 	window1: backgroundFit = 'cover'
12.4204 	EXP 	window1: mouseVisible = True
12.4204 	EXP 	window1: Attempting to measure frame rate of screen (0) ...
12.4204 	EXP 	window1: recordFrameIntervals = False
12.5331 	EXP 	window1: recordFrameIntervals = True
13.6360 	WARNING 	Couldn't measure a consistent frame rate!
  - Is your graphics card set to sync to vertical blank?
  - Are you running other processes on your computer?

13.6864 	WARNING 	launchHubServer: If using the iohub mouse or eyetracker devices, fullScr should be True.
16.2197 	EXP 	Created instrText = TextStim(__class__=<class 'psychopy.visual.text.TextStim'>, alignHoriz=method-wrapper(...), alignText='center', alignVert=method-wrapper(...), anchorHoriz='center', anchorVert='center', antialias=True, autoDraw=False, autoLog=True, bold=False, color=array([1., 1., 1.]), colorSpace='rgb', contrast=1.0, depth=-1.0, flipHoriz=False, flipVert=False, font='Arial', fontFiles=[], height=0.1, italic=False, languageStyle='LTR', name='instrText', opacity=1.0, ori=0, pos=array([0. , 0.3]), rgb=UNKNOWN, text=str(...), units='norm', win=Window(...), wrapWidth=1)
16.2421 	EXP 	window1: mouseVisible = True
16.2721 	EXP 	Created reward = Slider(__class__=<class 'psychopy.visual.slider.Slider'>, autoDraw=False, autoLog=True, borderColor=None, color=None, colorSpace='rgb', depth=0, fillColor=None, flip=False, font='Arial', granularity=1.0, labelColor=None, labelHeight=0.1, labelWrapWidth=None, labels=None, lineColor=None, markerColor=None, name='reward', opacity=None, ori=0.0, pos=array([ 0. , -0.4]), readOnly=False, self=UNKNOWN, size=array([1. , 0.1]), startValue=None, style='rating', styleTweaks=[], ticks=array([1, 2, 3, 4, 5, 6, 7]), units='norm', win=Window(...))
16.2903 	EXP 	Created text_rewardRating = TextStim(__class__=<class 'psychopy.visual.text.TextStim'>, alignHoriz=method-wrapper(...), alignText='center', alignVert=method-wrapper(...), anchorHoriz='center', anchorVert='center', antialias=True, autoDraw=False, autoLog=True, bold=False, color=array([1., 1., 1.]), colorSpace='rgb', contrast=1.0, depth=-1.0, flipHoriz=False, flipVert=False, font='Arial', fontFiles=[], height=0.15, italic=False, languageStyle='LTR', name='text_rewardRating', opacity=1.0, ori=0.0, pos=array([0. , 0.5]), rgb=UNKNOWN, text=str(...), units='norm', win=Window(...), wrapWidth=1)
16.3003 	EXP 	Created text_rewardRating_2 = TextStim(__class__=<class 'psychopy.visual.text.TextStim'>, alignHoriz=method-wrapper(...), alignText='center', alignVert=method-wrapper(...), anchorHoriz='center', anchorVert='center', antialias=True, autoDraw=False, autoLog=True, bold=False, color=array([1., 1., 1.]), colorSpace='rgb', contrast=1.0, depth=-2.0, flipHoriz=False, flipVert=False, font='Arial', fontFiles=[], height=0.1, italic=False, languageStyle='LTR', name='text_rewardRating_2', opacity=1.0, ori=0.0, pos=array([0., 0.]), rgb=UNKNOWN, text=str(...), units='norm', win=Window(...), wrapWidth=1)
16.3258 	EXP 	Created coins_little_2 = ImageStim(__class__=<class 'psychopy.visual.image.ImageStim'>, anchor=('center', 'center'), autoLog=True, color=array([1., 1., 1.]), colorSpace='rgb', contrast=1.0, depth=-4.0, flipHoriz=False, flipVert=False, image='image1.png', interpolate=True, mask=None, maskParams=None, name='coins_little_2', opacity=1.0, ori=0.0, pos=array([-0.6, -0.4]), size=array([0.1, 0.1]), texRes=128.0, units='norm', win=Window(...))
16.4484 	EXP 	Created coins_many_2 = ImageStim(__class__=<class 'psychopy.visual.image.ImageStim'>, anchor=('center', 'center'), autoLog=True, color=array([1., 1., 1.]), colorSpace='rgb', contrast=1.0, depth=-5.0, flipHoriz=False, flipVert=False, image='image7.png', interpolate=True, mask=None, maskParams=None, name='coins_many_2', opacity=1.0, ori=0.0, pos=array([ 0.7 , -0.35]), size=array([0.3, 0.3]), texRes=128.0, units='norm', win=Window(...))
16.4552 	EXP 	window1: mouseVisible = True
16.4828 	EXP 	Created effort = Slider(__class__=<class 'psychopy.visual.slider.Slider'>, autoDraw=False, autoLog=True, borderColor=None, color=None, colorSpace='rgb', depth=0, fillColor=None, flip=False, font='Arial', granularity=1.0, labelColor=None, labelHeight=0.1, labelWrapWidth=None, labels=None, lineColor=None, markerColor=None, name='effort', opacity=None, ori=0.0, pos=array([ 0. , -0.4]), readOnly=False, self=UNKNOWN, size=array([1. , 0.1]), startValue=None, style='rating', styleTweaks=[], ticks=array([1, 2, 3, 4, 5]), units='norm', win=Window(...))
16.4921 	EXP 	Created text_effortRating_3 = TextStim(__class__=<class 'psychopy.visual.text.TextStim'>, alignHoriz=method-wrapper(...), alignText='center', alignVert=method-wrapper(...), anchorHoriz='center', anchorVert='center', antialias=True, autoDraw=False, autoLog=True, bold=False, color=array([1., 1., 1.]), colorSpace='rgb', contrast=1.0, depth=-1.0, flipHoriz=False, flipVert=False, font='Arial', fontFiles=[], height=0.15, italic=False, languageStyle='LTR', name='text_effortRating_3', opacity=1.0, ori=0.0, pos=array([0. , 0.5]), rgb=UNKNOWN, text=str(...), units='norm', win=Window(...), wrapWidth=1)
16.4969 	EXP 	Created text_effortRating_4 = TextStim(__class__=<class 'psychopy.visual.text.TextStim'>, alignHoriz=method-wrapper(...), alignText='center', alignVert=method-wrapper(...), anchorHoriz='center', anchorVert='center', antialias=True, autoDraw=False, autoLog=True, bold=False, color=array([1., 1., 1.]), colorSpace='rgb', contrast=1.0, depth=-2.0, flipHoriz=False, flipVert=False, font='Arial', fontFiles=[], height=0.1, italic=False, languageStyle='LTR', name='text_effortRating_4', opacity=1.0, ori=0.0, pos=array([0., 0.]), rgb=UNKNOWN, text=str(...), units='norm', win=Window(...), wrapWidth=1)
16.5129 	EXP 	Created fuel_empty = ImageStim(__class__=<class 'psychopy.visual.image.ImageStim'>, anchor=('center', 'center'), autoLog=True, color=array([1., 1., 1.]), colorSpace='rgb', contrast=1.0, depth=-4.0, flipHoriz=False, flipVert=False, image='default.png', interpolate=True, mask=None, maskParams=None, name='fuel_empty', opacity=1.0, ori=0.0, pos=array([-0.7, -0.3]), size=array([0.3, 0.5]), texRes=128.0, units='norm', win=Window(...))
18.0250 	EXP 	Created fuel_full = ImageStim(__class__=<class 'psychopy.visual.image.ImageStim'>, anchor=('center', 'center'), autoLog=True, color=array([1., 1., 1.]), colorSpace='rgb', contrast=1.0, depth=-5.0, flipHoriz=False, flipVert=False, image='fuelShipFull-01.png', interpolate=True, mask=None, maskParams=None, name='fuel_full', opacity=1.0, ori=0.0, pos=array([ 0.7, -0.3]), size=array([0.34, 0.5 ]), texRes=128.0, units='norm', win=Window(...))
18.0337 	EXP 	Created text2_2 = TextStim(__class__=<class 'psychopy.visual.text.TextStim'>, alignHoriz=method-wrapper(...), alignText='center', alignVert=method-wrapper(...), anchorHoriz='center', anchorVert='center', antialias=True, autoDraw=False, autoLog=True, bold=False, color=array([1., 1., 1.]), colorSpace='rgb', contrast=1.0, depth=0.0, flipHoriz=False, flipVert=False, font='Arial', fontFiles=[], height=0.5, italic=False, languageStyle='LTR', name='text2_2', opacity=1.0, ori=0, pos=array([0., 0.]), rgb=UNKNOWN, text='+', units='norm', win=Window(...), wrapWidth=1)
18.0356 	EXP 	Created text_6 = TextStim(__class__=<class 'psychopy.visual.text.TextStim'>, alignHoriz=method-wrapper(...), alignText='center', alignVert=method-wrapper(...), anchorHoriz='center', anchorVert='center', antialias=True, autoDraw=False, autoLog=True, bold=False, color=array([1., 1., 1.]), colorSpace='rgb', contrast=1.0, depth=0.0, flipHoriz=False, flipVert=False, font='Arial', fontFiles=[], height=0.1, italic=False, languageStyle='LTR', name='text_6', opacity=1.0, ori=0, pos=array([0. , 0.5]), rgb=UNKNOWN, text='', units='norm', win=Window(...), wrapWidth=1)
18.8648 	EXP 	Created spaceShip = ImageStim(__class__=<class 'psychopy.visual.image.ImageStim'>, anchor=('center', 'center'), autoLog=True, color=array([1., 1., 1.]), colorSpace='rgb', contrast=1.0, depth=-4.0, flipHoriz=False, flipVert=False, image='fuelShipWhite.png', interpolate=True, mask=None, maskParams=None, name='spaceShip', opacity=1.0, ori=0.0, pos=array([0., 0.]), size=array([0.8, 1.2]), texRes=128.0, units='norm', win=Window(...))
18.8676 	EXP 	Created barBody = Rect(__class__=<class 'psychopy.visual.rect.Rect'>, anchor=('center', 'bottom'), autoDraw=False, autoLog=True, closeShape=True, color=method-wrapper(...), colorSpace='rgb', contrast=None, depth=-5.0, fillColor=array([-0.6627451 , -0.06666667, -0.51372549]), fillColorSpace='rgb', fillRGB=array([-0.6627451 , -0.06666667, -0.51372549]), interpolate=True, lineColor=array([-0.6627451 , -0.06666667, -0.51372549]), lineColorSpace='rgb', lineRGB=array([-0.6627451 , -0.06666667, -0.51372549]), lineWidth=1, name='barBody', opacity=1.0, ori=0.0, pos=array([0., 0.]), size=array([1., 1.]), units='norm', vertices=ndarray(...), win=Window(...))
18.8692 	EXP 	Created feedbackMsg = TextStim(__class__=<class 'psychopy.visual.text.TextStim'>, alignHoriz=method-wrapper(...), alignText='center', alignVert=method-wrapper(...), anchorHoriz='center', anchorVert='center', antialias=True, autoDraw=False, autoLog=True, bold=False, color=array([1., 1., 1.]), colorSpace='rgb', contrast=1.0, depth=-1.0, flipHoriz=False, flipVert=False, font='Arial', fontFiles=[], height=0.1, italic=False, languageStyle='LTR', name='feedbackMsg', opacity=1.0, ori=0, pos=array([0., 0.]), rgb=UNKNOWN, text='', units='norm', win=Window(...), wrapWidth=1)
18.8894 	EXP 	Created image_rubies = ImageStim(__class__=<class 'psychopy.visual.image.ImageStim'>, anchor=('center', 'center'), autoLog=True, color=array([1., 1., 1.]), colorSpace='rgb', contrast=1.0, depth=-2.0, flipHoriz=False, flipVert=False, image='default.png', interpolate=True, mask=None, maskParams=None, name='image_rubies', opacity=1.0, ori=0.0, pos=array([ 0. , -0.4]), size=array([0.3, 0.3]), texRes=128.0, units='norm', win=Window(...))
18.9476 	EXP 	Created image_shipCrash = ImageStim(__class__=<class 'psychopy.visual.image.ImageStim'>, anchor=('center', 'center'), autoLog=True, color=array([1., 1., 1.]), colorSpace='rgb', contrast=1.0, depth=-3.0, flipHoriz=False, flipVert=False, image='crashedShip.png', interpolate=True, mask=None, maskParams=None, name='image_shipCrash', opacity=1.0, ori=0.0, pos=array([ 0.7, -0.5]), size=array([0.6, 0.7]), texRes=128.0, units='norm', win=Window(...))
18.9875 	EXP 	Created image_shipFull = ImageStim(__class__=<class 'psychopy.visual.image.ImageStim'>, anchor=('center', 'center'), autoLog=True, color=array([1., 1., 1.]), colorSpace='rgb', contrast=1.0, depth=-4.0, flipHoriz=False, flipVert=False, image='fullShip.png', interpolate=True, mask=None, maskParams=None, name='image_shipFull', opacity=1.0, ori=0.0, pos=array([0.7, 0.5]), size=array([0.6, 0.7]), texRes=128.0, units='norm', win=Window(...))
18.9988 	WARNING 	t of last frame was 5363.05ms (=1/0)
18.9988 	EXP 	reward: autoLog = True
18.9988 	EXP 	reward: markerPos = None
18.9988 	EXP 	reward: styleTweaks = []
18.9988 	EXP 	reward: styleTweaks = []
18.9988 	EXP 	reward: styleTweaks = []
18.9988 	EXP 	reward: styleTweaks = []
18.9988 	EXP 	reward: contrast = 1.0
18.9988 	EXP 	reward: autoLog = True
18.9988 	EXP 	effort: autoLog = True
18.9988 	EXP 	effort: markerPos = None
18.9988 	EXP 	effort: styleTweaks = []
18.9988 	EXP 	effort: styleTweaks = []
18.9988 	EXP 	effort: styleTweaks = []
18.9988 	EXP 	effort: styleTweaks = []
18.9988 	EXP 	effort: contrast = 1.0
18.9988 	EXP 	effort: autoLog = True
18.9988 	EXP 	instrText: autoDraw = True
19.6256 	EXP 	Imported trialTypes.xlsx as conditions, 60 conditions, 5 params
19.6267 	EXP 	Created sequence: sequential, trialTypes=60, nReps=1, seed=None
19.6270 	EXP 	New trial (rep=0, index=0): {'Points': 3, 'FeedbackText1': 'You reached the planet, you get 3 rubies!', 'FeedbackText2': 'You did not have enough battery to reach the planet and missed 3 rubies!', 'stimFile': 'image3.png', 'effLevel': 50}
19.6521 	DATA 	Keypress: return
19.6602 	WARNING 	t of last frame was 71.64ms (=1/13)
19.6602 	EXP 	instrText: autoDraw = False
19.6602 	EXP 	reward: markerPos = None
19.6602 	EXP 	reward: markerPos = None
19.6602 	EXP 	text_rewardRating: autoDraw = True
19.6602 	EXP 	text_rewardRating_2: autoDraw = True
19.6602 	EXP 	coins_little_2: autoDraw = True
19.6602 	EXP 	coins_many_2: autoDraw = True
19.6863 	WARNING 	t of last frame was 26.14ms (=1/38)
19.6863 	EXP 	reward: autoDraw = True
19.9669 	WARNING 	t of last frame was 23.78ms (=1/42)
20.2541 	DATA 	Mouse: Left button down, pos=(476,313)
20.3345 	DATA 	Mouse:  Left button up, pos=(476,313)
20.7331 	DATA 	Mouse: Left button down, pos=(499,266)
20.7456 	EXP 	reward: markerPos = 2.158333333333333
20.7572 	EXP 	reward: markerPos = 2.158333333333333
20.7704 	EXP 	reward: markerPos = 2.158333333333333
20.7820 	EXP 	reward: markerPos = 2.158333333333333
20.7933 	EXP 	reward: markerPos = 2.158333333333333
20.8049 	EXP 	reward: markerPos = 2.158333333333333
20.8310 	WARNING 	Multiple dropped frames have occurred - I'll stop bothering you about them!
20.8309 	EXP 	reward: markerPos = 2.158333333333333
20.8325 	DATA 	Mouse:  Left button up, pos=(499,266)
20.8447 	EXP 	reward: markerPos = 2.0
21.4400 	DATA 	Keypress: return
21.4696 	EXP 	reward: autoDraw = False
21.4696 	EXP 	text_rewardRating: autoDraw = False
21.4696 	EXP 	text_rewardRating_2: autoDraw = False
21.4696 	EXP 	coins_little_2: autoDraw = False
21.4696 	EXP 	coins_many_2: autoDraw = False
21.4696 	EXP 	effort: markerPos = None
21.4696 	EXP 	effort: markerPos = None
21.4696 	EXP 	fuel_empty: image = 'fuelShipEmpty-01.png'
21.4696 	EXP 	text_effortRating_3: autoDraw = True
21.4696 	EXP 	text_effortRating_4: autoDraw = True
21.4696 	EXP 	fuel_empty: autoDraw = True
21.4696 	EXP 	fuel_full: autoDraw = True
21.4860 	EXP 	effort: autoDraw = True
21.8674 	DATA 	Mouse: Left button down, pos=(818,263)
21.8789 	EXP 	effort: markerPos = 3.5444444444444443
21.8930 	EXP 	effort: markerPos = 3.5444444444444443
21.9042 	EXP 	effort: markerPos = 3.5444444444444443
21.9159 	EXP 	effort: markerPos = 3.5444444444444443
21.9292 	EXP 	effort: markerPos = 3.5444444444444443
21.9422 	EXP 	effort: markerPos = 3.5444444444444443
21.9544 	EXP 	effort: markerPos = 3.5444444444444443
21.9664 	EXP 	effort: markerPos = 3.5444444444444443
21.9787 	EXP 	effort: markerPos = 3.5444444444444443
21.9882 	DATA 	Mouse:  Left button up, pos=(818,263)
21.9921 	EXP 	effort: markerPos = 3.5444444444444443
22.0042 	EXP 	effort: markerPos = 4.0
22.2754 	DATA 	Keypress: return
22.2808 	EXP 	effort: autoDraw = False
22.2808 	EXP 	text_effortRating_3: autoDraw = False
22.2808 	EXP 	text_effortRating_4: autoDraw = False
22.2808 	EXP 	fuel_empty: autoDraw = False
22.2808 	EXP 	fuel_full: autoDraw = False
22.2808 	EXP 	text2_2: autoDraw = True
23.2885 	EXP 	text2_2: autoDraw = False
23.2885 	EXP 	text2_2: autoDraw = False
23.2885 	EXP 	text_6: height = 0.1
23.2885 	EXP 	text_6: height = 0.1
23.2885 	EXP 	text_6: height = 0.1
23.2885 	EXP 	text_6: text = 'Power up!\n'
23.2885 	EXP 	text_6: autoDraw = True
23.2885 	EXP 	spaceShip: autoDraw = True
23.2885 	EXP 	barBody: autoDraw = True
24.5564 	DATA 	Keypress: space
24.7262 	DATA 	Keypress: space
24.8854 	DATA 	Keypress: space
25.1686 	DATA 	Keypress: space
25.4003 	DATA 	Keypress: space
25.5980 	DATA 	Keypress: space
25.8173 	DATA 	Keypress: space
26.0385 	DATA 	Keypress: space
26.2389 	DATA 	Keypress: space
26.4782 	DATA 	Keypress: space
26.7012 	DATA 	Keypress: space
26.9168 	DATA 	Keypress: space
27.1332 	DATA 	Keypress: space
27.3415 	DATA 	Keypress: space
27.5670 	DATA 	Keypress: space
27.7744 	DATA 	Keypress: space
27.9998 	DATA 	Keypress: space
28.2485 	DATA 	Keypress: space
28.4887 	DATA 	Keypress: space
28.7042 	DATA 	Keypress: space
28.9239 	DATA 	Keypress: space
29.1604 	DATA 	Keypress: space
29.3836 	DATA 	Keypress: space
29.6215 	DATA 	Keypress: space
29.8537 	DATA 	Keypress: space
30.0772 	DATA 	Keypress: space
30.3251 	DATA 	Keypress: space
30.5668 	DATA 	Keypress: space
30.7757 	DATA 	Keypress: space
30.9844 	DATA 	Keypress: space
31.3903 	DATA 	Keypress: space
33.3293 	EXP 	text_6: autoDraw = False
33.3293 	EXP 	spaceShip: autoDraw = False
33.3293 	EXP 	barBody: autoDraw = False
33.3293 	EXP 	feedbackMsg: height = 0.1
33.3293 	EXP 	feedbackMsg: height = 0.1
33.3293 	EXP 	feedbackMsg: height = 0.1
33.3293 	EXP 	feedbackMsg: text = 'You did not have enough battery to reach the planet and missed 3 rubies!'
33.3293 	EXP 	image_rubies: image = 'image3.png'
33.3293 	EXP 	feedbackMsg: autoDraw = True
33.3293 	EXP 	image_rubies: autoDraw = True
36.3452 	EXP 	feedbackMsg: autoDraw = False
36.3452 	EXP 	image_rubies: autoDraw = False
38.6626 	EXP 	window1: mouseVisible = True
