9.5181 	WARNING 	Couldn't measure a consistent frame rate!
  - Is your graphics card set to sync to vertical blank?
  - Are you running other processes on your computer?

9.5189 	EXP 	Created window1 = Window(allowGUI=True, allowStencil=False, autoLog=True, backendConf=UNKNOWN, backgroundFit=<method-wrapper '__getattribute__' of attributeSetter object at 0x7fbc8708ba00>, backgroundImage=<method-wrapper '__getattribute__' of attributeSetter object at 0x7fbc8708b9a0>, bitsMode=UNKNOWN, blendMode='avg', bpc=(8, 8, 8), color=array([-1.    , -1.    , -0.2471]), colorSpace='rgb', depthBits=8, fullscr=<method-wrapper '__getattribute__' of attributeSetter object at 0x7fbc8708b820>, gamma=None, gammaErrorPolicy='raise', lms=UNKNOWN, monitor=<psychopy.monitors.calibTools.Monitor object at 0x7fbc8cb2f5b0>, multiSample=False, name='window1', numSamples=2, pos=[240.0, 150.0], screen=0, size=array([1440,  900]), stencilBits=0, stereo=False, units='norm', useFBO=True, useRetina=False, viewOri=0.0, viewPos=None, viewScale=None, waitBlanking=True, winType='pyglet')
9.5191 	EXP 	window1: mouseVisible = True
9.5192 	EXP 	window1: backgroundImage = ''
9.5192 	EXP 	window1: backgroundFit = 'cover'
9.5193 	EXP 	window1: mouseVisible = True
9.5193 	EXP 	window1: Attempting to measure frame rate of screen (0) ...
9.5193 	EXP 	window1: recordFrameIntervals = False
9.6630 	EXP 	window1: recordFrameIntervals = True
10.4192 	WARNING 	t of last frame was 20.37ms (=1/49)
10.4525 	WARNING 	t of last frame was 20.18ms (=1/49)
10.6025 	WARNING 	t of last frame was 20.26ms (=1/49)
10.8768 	WARNING 	t of last frame was 24.74ms (=1/40)
11.0127 	WARNING 	Couldn't measure a consistent frame rate!
  - Is your graphics card set to sync to vertical blank?
  - Are you running other processes on your computer?

11.0542 	WARNING 	launchHubServer: If using the iohub mouse or eyetracker devices, fullScr should be True.
13.4222 	EXP 	Created instrText = TextStim(__class__=<class 'psychopy.visual.text.TextStim'>, alignHoriz=method-wrapper(...), alignText='center', alignVert=method-wrapper(...), anchorHoriz='center', anchorVert='center', antialias=True, autoDraw=False, autoLog=True, bold=False, color=array([1., 1., 1.]), colorSpace='rgb', contrast=1.0, depth=-1.0, flipHoriz=False, flipVert=False, font='Arial', fontFiles=[], height=0.1, italic=False, languageStyle='LTR', name='instrText', opacity=1.0, ori=0, pos=array([0. , 0.3]), rgb=UNKNOWN, text=str(...), units='norm', win=Window(...), wrapWidth=1)
13.4434 	EXP 	window1: mouseVisible = True
13.4733 	EXP 	Created reward = Slider(__class__=<class 'psychopy.visual.slider.Slider'>, autoDraw=False, autoLog=True, borderColor=None, color=None, colorSpace='rgb', depth=0, fillColor=None, flip=False, font='Arial', granularity=1.0, labelColor=None, labelHeight=0.1, labelWrapWidth=None, labels=None, lineColor=None, markerColor=None, name='reward', opacity=None, ori=0.0, pos=array([ 0. , -0.4]), readOnly=False, self=UNKNOWN, size=array([1. , 0.1]), startValue=None, style='rating', styleTweaks=[], ticks=array([1, 2, 3, 4, 5, 6, 7]), units='norm', win=Window(...))
13.4913 	EXP 	Created text_rewardRating = TextStim(__class__=<class 'psychopy.visual.text.TextStim'>, alignHoriz=method-wrapper(...), alignText='center', alignVert=method-wrapper(...), anchorHoriz='center', anchorVert='center', antialias=True, autoDraw=False, autoLog=True, bold=False, color=array([1., 1., 1.]), colorSpace='rgb', contrast=1.0, depth=-1.0, flipHoriz=False, flipVert=False, font='Arial', fontFiles=[], height=0.15, italic=False, languageStyle='LTR', name='text_rewardRating', opacity=1.0, ori=0.0, pos=array([0. , 0.5]), rgb=UNKNOWN, text=str(...), units='norm', win=Window(...), wrapWidth=1)
13.5011 	EXP 	Created text_rewardRating_2 = TextStim(__class__=<class 'psychopy.visual.text.TextStim'>, alignHoriz=method-wrapper(...), alignText='center', alignVert=method-wrapper(...), anchorHoriz='center', anchorVert='center', antialias=True, autoDraw=False, autoLog=True, bold=False, color=array([1., 1., 1.]), colorSpace='rgb', contrast=1.0, depth=-2.0, flipHoriz=False, flipVert=False, font='Arial', fontFiles=[], height=0.1, italic=False, languageStyle='LTR', name='text_rewardRating_2', opacity=1.0, ori=0.0, pos=array([0., 0.]), rgb=UNKNOWN, text=str(...), units='norm', win=Window(...), wrapWidth=1)
13.5263 	EXP 	Created coins_little_2 = ImageStim(__class__=<class 'psychopy.visual.image.ImageStim'>, anchor=('center', 'center'), autoLog=True, color=array([1., 1., 1.]), colorSpace='rgb', contrast=1.0, depth=-4.0, flipHoriz=False, flipVert=False, image='image1.png', interpolate=True, mask=None, maskParams=None, name='coins_little_2', opacity=1.0, ori=0.0, pos=array([-0.6, -0.4]), size=array([0.1, 0.1]), texRes=128.0, units='norm', win=Window(...))
13.6474 	EXP 	Created coins_many_2 = ImageStim(__class__=<class 'psychopy.visual.image.ImageStim'>, anchor=('center', 'center'), autoLog=True, color=array([1., 1., 1.]), colorSpace='rgb', contrast=1.0, depth=-5.0, flipHoriz=False, flipVert=False, image='image7.png', interpolate=True, mask=None, maskParams=None, name='coins_many_2', opacity=1.0, ori=0.0, pos=array([ 0.7 , -0.35]), size=array([0.3, 0.3]), texRes=128.0, units='norm', win=Window(...))
13.6540 	EXP 	window1: mouseVisible = True
13.6819 	EXP 	Created effort = Slider(__class__=<class 'psychopy.visual.slider.Slider'>, autoDraw=False, autoLog=True, borderColor=None, color=None, colorSpace='rgb', depth=0, fillColor=None, flip=False, font='Arial', granularity=1.0, labelColor=None, labelHeight=0.1, labelWrapWidth=None, labels=None, lineColor=None, markerColor=None, name='effort', opacity=None, ori=0.0, pos=array([ 0. , -0.4]), readOnly=False, self=UNKNOWN, size=array([1. , 0.1]), startValue=None, style='rating', styleTweaks=[], ticks=array([1, 2, 3, 4, 5]), units='norm', win=Window(...))
13.6915 	EXP 	Created text_effortRating_3 = TextStim(__class__=<class 'psychopy.visual.text.TextStim'>, alignHoriz=method-wrapper(...), alignText='center', alignVert=method-wrapper(...), anchorHoriz='center', anchorVert='center', antialias=True, autoDraw=False, autoLog=True, bold=False, color=array([1., 1., 1.]), colorSpace='rgb', contrast=1.0, depth=-1.0, flipHoriz=False, flipVert=False, font='Arial', fontFiles=[], height=0.15, italic=False, languageStyle='LTR', name='text_effortRating_3', opacity=1.0, ori=0.0, pos=array([0. , 0.5]), rgb=UNKNOWN, text=str(...), units='norm', win=Window(...), wrapWidth=1)
13.6965 	EXP 	Created text_effortRating_4 = TextStim(__class__=<class 'psychopy.visual.text.TextStim'>, alignHoriz=method-wrapper(...), alignText='center', alignVert=method-wrapper(...), anchorHoriz='center', anchorVert='center', antialias=True, autoDraw=False, autoLog=True, bold=False, color=array([1., 1., 1.]), colorSpace='rgb', contrast=1.0, depth=-2.0, flipHoriz=False, flipVert=False, font='Arial', fontFiles=[], height=0.1, italic=False, languageStyle='LTR', name='text_effortRating_4', opacity=1.0, ori=0.0, pos=array([0., 0.]), rgb=UNKNOWN, text=str(...), units='norm', win=Window(...), wrapWidth=1)
13.7144 	EXP 	Created fuel_empty = ImageStim(__class__=<class 'psychopy.visual.image.ImageStim'>, anchor=('center', 'center'), autoLog=True, color=array([1., 1., 1.]), colorSpace='rgb', contrast=1.0, depth=-4.0, flipHoriz=False, flipVert=False, image='default.png', interpolate=True, mask=None, maskParams=None, name='fuel_empty', opacity=1.0, ori=0.0, pos=array([-0.7, -0.3]), size=array([0.3, 0.5]), texRes=128.0, units='norm', win=Window(...))
15.2995 	EXP 	Created fuel_full = ImageStim(__class__=<class 'psychopy.visual.image.ImageStim'>, anchor=('center', 'center'), autoLog=True, color=array([1., 1., 1.]), colorSpace='rgb', contrast=1.0, depth=-5.0, flipHoriz=False, flipVert=False, image='fuelShipFull-01.png', interpolate=True, mask=None, maskParams=None, name='fuel_full', opacity=1.0, ori=0.0, pos=array([ 0.7, -0.3]), size=array([0.34, 0.5 ]), texRes=128.0, units='norm', win=Window(...))
15.3118 	EXP 	Created text2_2 = TextStim(__class__=<class 'psychopy.visual.text.TextStim'>, alignHoriz=method-wrapper(...), alignText='center', alignVert=method-wrapper(...), anchorHoriz='center', anchorVert='center', antialias=True, autoDraw=False, autoLog=True, bold=False, color=array([1., 1., 1.]), colorSpace='rgb', contrast=1.0, depth=0.0, flipHoriz=False, flipVert=False, font='Arial', fontFiles=[], height=0.5, italic=False, languageStyle='LTR', name='text2_2', opacity=1.0, ori=0, pos=array([0., 0.]), rgb=UNKNOWN, text='+', units='norm', win=Window(...), wrapWidth=1)
15.3136 	EXP 	Created text_6 = TextStim(__class__=<class 'psychopy.visual.text.TextStim'>, alignHoriz=method-wrapper(...), alignText='center', alignVert=method-wrapper(...), anchorHoriz='center', anchorVert='center', antialias=True, autoDraw=False, autoLog=True, bold=False, color=array([1., 1., 1.]), colorSpace='rgb', contrast=1.0, depth=0.0, flipHoriz=False, flipVert=False, font='Arial', fontFiles=[], height=0.1, italic=False, languageStyle='LTR', name='text_6', opacity=1.0, ori=0, pos=array([0. , 0.5]), rgb=UNKNOWN, text='', units='norm', win=Window(...), wrapWidth=1)
16.1496 	EXP 	Created spaceShip = ImageStim(__class__=<class 'psychopy.visual.image.ImageStim'>, anchor=('center', 'center'), autoLog=True, color=array([1., 1., 1.]), colorSpace='rgb', contrast=1.0, depth=-4.0, flipHoriz=False, flipVert=False, image='fuelShipWhite.png', interpolate=True, mask=None, maskParams=None, name='spaceShip', opacity=1.0, ori=0.0, pos=array([0., 0.]), size=array([0.8, 1. ]), texRes=128.0, units='norm', win=Window(...))
16.1517 	EXP 	Created barBody = Rect(__class__=<class 'psychopy.visual.rect.Rect'>, anchor=('center', 'bottom'), autoDraw=False, autoLog=True, closeShape=True, color=method-wrapper(...), colorSpace='rgb', contrast=None, depth=-5.0, fillColor=array([ 0.0902, -1.    , -1.    ]), fillColorSpace='rgb', fillRGB=array([ 0.0902, -1.    , -1.    ]), interpolate=True, lineColor=array([ 0.0902, -1.    , -1.    ]), lineColorSpace='rgb', lineRGB=array([ 0.0902, -1.    , -1.    ]), lineWidth=1, name='barBody', opacity=1.0, ori=0.0, pos=array([0., 0.]), size=array([1., 1.]), units='norm', vertices=ndarray(...), win=Window(...))
16.1535 	EXP 	Created feedbackMsg = TextStim(__class__=<class 'psychopy.visual.text.TextStim'>, alignHoriz=method-wrapper(...), alignText='center', alignVert=method-wrapper(...), anchorHoriz='center', anchorVert='center', antialias=True, autoDraw=False, autoLog=True, bold=False, color=array([1., 1., 1.]), colorSpace='rgb', contrast=1.0, depth=-1.0, flipHoriz=False, flipVert=False, font='Arial', fontFiles=[], height=0.1, italic=False, languageStyle='LTR', name='feedbackMsg', opacity=1.0, ori=0, pos=array([0., 0.]), rgb=UNKNOWN, text='', units='norm', win=Window(...), wrapWidth=1)
16.1746 	EXP 	Created image_rubies = ImageStim(__class__=<class 'psychopy.visual.image.ImageStim'>, anchor=('center', 'center'), autoLog=True, color=array([1., 1., 1.]), colorSpace='rgb', contrast=1.0, depth=-2.0, flipHoriz=False, flipVert=False, image='default.png', interpolate=True, mask=None, maskParams=None, name='image_rubies', opacity=1.0, ori=0.0, pos=array([ 0. , -0.4]), size=array([0.3, 0.3]), texRes=128.0, units='norm', win=Window(...))
16.2313 	EXP 	Created image_shipCrash = ImageStim(__class__=<class 'psychopy.visual.image.ImageStim'>, anchor=('center', 'center'), autoLog=True, color=array([1., 1., 1.]), colorSpace='rgb', contrast=1.0, depth=-3.0, flipHoriz=False, flipVert=False, image='crashedShip.png', interpolate=True, mask=None, maskParams=None, name='image_shipCrash', opacity=1.0, ori=0.0, pos=array([ 0.7, -0.5]), size=array([0.6, 0.7]), texRes=128.0, units='norm', win=Window(...))
16.2711 	EXP 	Created image_shipFull = ImageStim(__class__=<class 'psychopy.visual.image.ImageStim'>, anchor=('center', 'center'), autoLog=True, color=array([1., 1., 1.]), colorSpace='rgb', contrast=1.0, depth=-4.0, flipHoriz=False, flipVert=False, image='fullShip.png', interpolate=True, mask=None, maskParams=None, name='image_shipFull', opacity=1.0, ori=0.0, pos=array([0.7, 0.5]), size=array([0.6, 0.7]), texRes=128.0, units='norm', win=Window(...))
16.2789 	DATA 	Mouse: Left button down, pos=(472,576)
16.2796 	DATA 	Mouse:  Left button up, pos=(472,576)
16.2865 	WARNING 	Multiple dropped frames have occurred - I'll stop bothering you about them!
16.2861 	EXP 	reward: autoLog = True
16.2861 	EXP 	reward: markerPos = None
16.2861 	EXP 	reward: styleTweaks = []
16.2861 	EXP 	reward: styleTweaks = []
16.2861 	EXP 	reward: styleTweaks = []
16.2861 	EXP 	reward: styleTweaks = []
16.2861 	EXP 	reward: contrast = 1.0
16.2861 	EXP 	reward: autoLog = True
16.2861 	EXP 	effort: autoLog = True
16.2861 	EXP 	effort: markerPos = None
16.2861 	EXP 	effort: styleTweaks = []
16.2861 	EXP 	effort: styleTweaks = []
16.2861 	EXP 	effort: styleTweaks = []
16.2861 	EXP 	effort: styleTweaks = []
16.2861 	EXP 	effort: contrast = 1.0
16.2861 	EXP 	effort: autoLog = True
16.2861 	EXP 	instrText: autoDraw = True
17.2381 	EXP 	Imported trialTypes.xlsx as conditions, 60 conditions, 5 params
17.2393 	EXP 	Created sequence: sequential, trialTypes=60, nReps=1, seed=None
17.2397 	EXP 	New trial (rep=0, index=0): {'Points': 3, 'FeedbackText1': 'You reached the planet, you get 3 rubies!', 'FeedbackText2': 'You did not have enough battery to reach the planet and missed 3 rubies!', 'stimFile': 'image3.png', 'effLevel': 50}
17.2637 	DATA 	Keypress: return
17.2715 	EXP 	instrText: autoDraw = False
17.2715 	EXP 	reward: markerPos = None
17.2715 	EXP 	reward: markerPos = None
17.2715 	EXP 	text_rewardRating: autoDraw = True
17.2715 	EXP 	text_rewardRating_2: autoDraw = True
17.2715 	EXP 	coins_little_2: autoDraw = True
17.2715 	EXP 	coins_many_2: autoDraw = True
17.2971 	EXP 	reward: autoDraw = True
18.2501 	DATA 	Mouse: Left button down, pos=(443,298)
18.3441 	DATA 	Mouse:  Left button up, pos=(443,298)
18.8134 	DATA 	Mouse: Left button down, pos=(465,264)
18.8261 	EXP 	reward: markerPos = 1.875
18.8378 	EXP 	reward: markerPos = 1.875
18.8483 	EXP 	reward: markerPos = 1.875
18.8644 	EXP 	reward: markerPos = 1.875
18.8764 	EXP 	reward: markerPos = 1.875
18.8879 	EXP 	reward: markerPos = 1.875
18.8992 	EXP 	reward: markerPos = 1.875
18.9074 	DATA 	Mouse:  Left button up, pos=(465,264)
18.9115 	EXP 	reward: markerPos = 1.875
18.9221 	EXP 	reward: markerPos = 2.0
19.1748 	DATA 	Keypress: return
19.5752 	EXP 	reward: autoDraw = False
19.5752 	EXP 	text_rewardRating: autoDraw = False
19.5752 	EXP 	text_rewardRating_2: autoDraw = False
19.5752 	EXP 	coins_little_2: autoDraw = False
19.5752 	EXP 	coins_many_2: autoDraw = False
19.5752 	EXP 	effort: markerPos = None
19.5752 	EXP 	effort: markerPos = None
19.5752 	EXP 	fuel_empty: image = 'fuelShipEmpty-01.png'
19.5752 	EXP 	text_effortRating_3: autoDraw = True
19.5752 	EXP 	text_effortRating_4: autoDraw = True
19.5752 	EXP 	fuel_empty: autoDraw = True
19.5752 	EXP 	fuel_full: autoDraw = True
19.5895 	EXP 	effort: autoDraw = True
20.7873 	DATA 	Mouse: Left button down, pos=(907,287)
20.7997 	EXP 	effort: markerPos = 4.038888888888889
20.8113 	EXP 	effort: markerPos = 4.038888888888889
20.8229 	EXP 	effort: markerPos = 4.038888888888889
20.8347 	EXP 	effort: markerPos = 4.038888888888889
20.8450 	EXP 	effort: markerPos = 4.038888888888889
20.8568 	EXP 	effort: markerPos = 4.038888888888889
20.8715 	EXP 	effort: markerPos = 4.038888888888889
20.8831 	EXP 	effort: markerPos = 4.038888888888889
20.8912 	DATA 	Mouse:  Left button up, pos=(907,287)
20.9099 	EXP 	effort: markerPos = 4.038888888888889
20.9278 	EXP 	effort: markerPos = 4.0
21.3346 	DATA 	Keypress: return
21.3388 	EXP 	effort: autoDraw = False
21.3388 	EXP 	text_effortRating_3: autoDraw = False
21.3388 	EXP 	text_effortRating_4: autoDraw = False
21.3388 	EXP 	fuel_empty: autoDraw = False
21.3388 	EXP 	fuel_full: autoDraw = False
21.3388 	EXP 	text2_2: autoDraw = True
22.3546 	EXP 	text2_2: autoDraw = False
22.3546 	EXP 	text2_2: autoDraw = False
22.3546 	EXP 	text_6: height = 0.1
22.3546 	EXP 	text_6: height = 0.1
22.3546 	EXP 	text_6: height = 0.1
22.3546 	EXP 	text_6: text = 'Power up!\n'
22.3546 	EXP 	text_6: autoDraw = True
22.3546 	EXP 	spaceShip: autoDraw = True
22.3546 	EXP 	barBody: autoDraw = True
30.1001 	DATA 	Keypress: space
30.3173 	DATA 	Keypress: space
30.5131 	DATA 	Keypress: space
30.6862 	DATA 	Keypress: space
30.8645 	DATA 	Keypress: space
31.0455 	DATA 	Keypress: space
31.2299 	DATA 	Keypress: space
31.4327 	DATA 	Keypress: space
31.6064 	DATA 	Keypress: space
31.8222 	DATA 	Keypress: space
32.0624 	DATA 	Keypress: space
32.2857 	DATA 	Keypress: space
32.3961 	EXP 	text_6: autoDraw = False
32.3961 	EXP 	spaceShip: autoDraw = False
32.3961 	EXP 	barBody: autoDraw = False
32.3961 	EXP 	feedbackMsg: height = 0.1
32.3961 	EXP 	feedbackMsg: height = 0.1
32.3961 	EXP 	feedbackMsg: height = 0.1
32.3961 	EXP 	feedbackMsg: text = 'You did not have enough battery to reach the planet and missed 3 rubies!'
32.3961 	EXP 	image_rubies: image = 'image3.png'
32.3961 	EXP 	feedbackMsg: autoDraw = True
32.3961 	EXP 	image_rubies: autoDraw = True
32.5209 	DATA 	Keypress: space
35.3940 	EXP 	feedbackMsg: autoDraw = False
35.3940 	EXP 	image_rubies: autoDraw = False
36.8958 	DATA 	Keypress: escape
37.5571 	EXP 	window1: mouseVisible = True
