7.7809 	WARNING 	Couldn't measure a consistent frame rate!
  - Is your graphics card set to sync to vertical blank?
  - Are you running other processes on your computer?

7.7815 	EXP 	Created window1 = Window(allowGUI=True, allowStencil=False, autoLog=True, backendConf=UNKNOWN, backgroundFit=<method-wrapper '__getattribute__' of attributeSetter object at 0x7fd10db189d0>, backgroundImage=<method-wrapper '__getattribute__' of attributeSetter object at 0x7fd10db18970>, bitsMode=UNKNOWN, blendMode='avg', bpc=(8, 8, 8), color=array([0, 0, 0]), colorSpace='rgb', depthBits=8, fullscr=<method-wrapper '__getattribute__' of attributeSetter object at 0x7fd10db187f0>, gamma=None, gammaErrorPolicy='raise', lms=UNKNOWN, monitor=<psychopy.monitors.calibTools.Monitor object at 0x7fd10ee8d550>, multiSample=False, name='window1', numSamples=2, pos=(360, 225), screen=0, size=array([2880, 1800]), stencilBits=0, stereo=False, units='norm', useFBO=True, useRetina=True, viewOri=0.0, viewPos=None, viewScale=None, waitBlanking=True, winType='pyglet')
7.7817 	EXP 	window1: mouseVisible = True
7.7818 	EXP 	window1: backgroundImage = ''
7.7818 	EXP 	window1: backgroundFit = 'cover'
7.7819 	EXP 	window1: mouseVisible = True
7.7820 	EXP 	window1: Attempting to measure frame rate of screen (0) ...
7.7820 	EXP 	window1: recordFrameIntervals = False
7.8641 	EXP 	window1: recordFrameIntervals = True
8.1476 	EXP 	Screen (0) actual frame rate measured at 120.99Hz
8.1476 	EXP 	window1: recordFrameIntervals = True
8.1888 	WARNING 	launchHubServer: If using the iohub mouse or eyetracker devices, fullScr should be True.
10.5231 	EXP 	Created instrText = TextStim(__class__=<class 'psychopy.visual.text.TextStim'>, alignHoriz=method-wrapper(...), alignText='center', alignVert=method-wrapper(...), anchorHoriz='center', anchorVert='center', antialias=True, autoDraw=False, autoLog=True, bold=False, color=array([1., 1., 1.]), colorSpace='rgb', contrast=1.0, depth=-1.0, flipHoriz=False, flipVert=False, font='Arial', fontFiles=[], height=0.1, italic=False, languageStyle='LTR', name='instrText', opacity=1.0, ori=0, pos=array([0. , 0.3]), rgb=UNKNOWN, text=str(...), units='norm', win=Window(...), wrapWidth=1)
10.5415 	EXP 	window1: mouseVisible = True
10.5686 	EXP 	Created reward = Slider(__class__=<class 'psychopy.visual.slider.Slider'>, autoDraw=False, autoLog=True, borderColor=None, color=None, colorSpace='rgb', depth=0, fillColor=None, flip=False, font='Arial', granularity=1.0, labelColor=None, labelHeight=0.1, labelWrapWidth=None, labels=None, lineColor=None, markerColor=None, name='reward', opacity=None, ori=0.0, pos=array([ 0. , -0.4]), readOnly=False, self=UNKNOWN, size=array([1. , 0.1]), startValue=None, style='rating', styleTweaks=[], ticks=array([1, 2, 3, 4, 5, 6, 7]), units='norm', win=Window(...))
10.5860 	EXP 	Created text_rewardRating = TextStim(__class__=<class 'psychopy.visual.text.TextStim'>, alignHoriz=method-wrapper(...), alignText='center', alignVert=method-wrapper(...), anchorHoriz='center', anchorVert='center', antialias=True, autoDraw=False, autoLog=True, bold=False, color=array([1., 1., 1.]), colorSpace='rgb', contrast=1.0, depth=-1.0, flipHoriz=False, flipVert=False, font='Arial', fontFiles=[], height=0.15, italic=False, languageStyle='LTR', name='text_rewardRating', opacity=1.0, ori=0.0, pos=array([0. , 0.5]), rgb=UNKNOWN, text=str(...), units='norm', win=Window(...), wrapWidth=1)
10.5966 	EXP 	Created text_rewardRating_2 = TextStim(__class__=<class 'psychopy.visual.text.TextStim'>, alignHoriz=method-wrapper(...), alignText='center', alignVert=method-wrapper(...), anchorHoriz='center', anchorVert='center', antialias=True, autoDraw=False, autoLog=True, bold=False, color=array([1., 1., 1.]), colorSpace='rgb', contrast=1.0, depth=-2.0, flipHoriz=False, flipVert=False, font='Arial', fontFiles=[], height=0.1, italic=False, languageStyle='LTR', name='text_rewardRating_2', opacity=1.0, ori=0.0, pos=array([0., 0.]), rgb=UNKNOWN, text=str(...), units='norm', win=Window(...), wrapWidth=1)
10.6179 	EXP 	Created coins_little_2 = ImageStim(__class__=<class 'psychopy.visual.image.ImageStim'>, anchor=('center', 'center'), autoLog=True, color=array([1., 1., 1.]), colorSpace='rgb', contrast=1.0, depth=-4.0, flipHoriz=False, flipVert=False, image='image1.png', interpolate=True, mask=None, maskParams=None, name='coins_little_2', opacity=1.0, ori=0.0, pos=array([-0.6, -0.4]), size=array([0.1, 0.1]), texRes=128.0, units='norm', win=Window(...))
10.7396 	EXP 	Created coins_many_2 = ImageStim(__class__=<class 'psychopy.visual.image.ImageStim'>, anchor=('center', 'center'), autoLog=True, color=array([1., 1., 1.]), colorSpace='rgb', contrast=1.0, depth=-5.0, flipHoriz=False, flipVert=False, image='image7.png', interpolate=True, mask=None, maskParams=None, name='coins_many_2', opacity=1.0, ori=0.0, pos=array([ 0.7 , -0.35]), size=array([0.3, 0.3]), texRes=128.0, units='norm', win=Window(...))
10.7462 	EXP 	window1: mouseVisible = True
10.7718 	EXP 	Created effort = Slider(__class__=<class 'psychopy.visual.slider.Slider'>, autoDraw=False, autoLog=True, borderColor=None, color=None, colorSpace='rgb', depth=0, fillColor=None, flip=False, font='Arial', granularity=1.0, labelColor=None, labelHeight=0.1, labelWrapWidth=None, labels=None, lineColor=None, markerColor=None, name='effort', opacity=None, ori=0.0, pos=array([ 0. , -0.4]), readOnly=False, self=UNKNOWN, size=array([1. , 0.1]), startValue=None, style='rating', styleTweaks=[], ticks=array([1, 2, 3, 4, 5]), units='norm', win=Window(...))
10.7780 	EXP 	Created text_effortRating_3 = TextStim(__class__=<class 'psychopy.visual.text.TextStim'>, alignHoriz=method-wrapper(...), alignText='center', alignVert=method-wrapper(...), anchorHoriz='center', anchorVert='center', antialias=True, autoDraw=False, autoLog=True, bold=False, color=array([1., 1., 1.]), colorSpace='rgb', contrast=1.0, depth=-1.0, flipHoriz=False, flipVert=False, font='Arial', fontFiles=[], height=0.15, italic=False, languageStyle='LTR', name='text_effortRating_3', opacity=1.0, ori=0.0, pos=array([0. , 0.5]), rgb=UNKNOWN, text=str(...), units='norm', win=Window(...), wrapWidth=1)
10.7836 	EXP 	Created text_effortRating_4 = TextStim(__class__=<class 'psychopy.visual.text.TextStim'>, alignHoriz=method-wrapper(...), alignText='center', alignVert=method-wrapper(...), anchorHoriz='center', anchorVert='center', antialias=True, autoDraw=False, autoLog=True, bold=False, color=array([1., 1., 1.]), colorSpace='rgb', contrast=1.0, depth=-2.0, flipHoriz=False, flipVert=False, font='Arial', fontFiles=[], height=0.1, italic=False, languageStyle='LTR', name='text_effortRating_4', opacity=1.0, ori=0.0, pos=array([0., 0.]), rgb=UNKNOWN, text=str(...), units='norm', win=Window(...), wrapWidth=1)
10.8133 	EXP 	Created battery_empty = ImageStim(__class__=<class 'psychopy.visual.image.ImageStim'>, anchor=('center', 'center'), autoLog=True, color=array([1., 1., 1.]), colorSpace='rgb', contrast=1.0, depth=-4.0, flipHoriz=False, flipVert=False, image='./stim/BattEmpty_black-01.png', interpolate=True, mask=None, maskParams=None, name='battery_empty', opacity=1.0, ori=0.0, pos=array([-0.6 , -0.45]), size=array([0.15, 0.3 ]), texRes=128.0, units='norm', win=Window(...))
10.8376 	EXP 	Created battery_full = ImageStim(__class__=<class 'psychopy.visual.image.ImageStim'>, anchor=('center', 'center'), autoLog=True, color=array([1., 1., 1.]), colorSpace='rgb', contrast=1.0, depth=-5.0, flipHoriz=False, flipVert=False, image='./stim/BattFull_black-01.png', interpolate=True, mask=None, maskParams=None, name='battery_full', opacity=1.0, ori=0.0, pos=array([ 0.6 , -0.45]), size=array([0.15, 0.3 ]), texRes=128.0, units='norm', win=Window(...))
10.8437 	EXP 	Created text2_2 = TextStim(__class__=<class 'psychopy.visual.text.TextStim'>, alignHoriz=method-wrapper(...), alignText='center', alignVert=method-wrapper(...), anchorHoriz='center', anchorVert='center', antialias=True, autoDraw=False, autoLog=True, bold=False, color=array([1., 1., 1.]), colorSpace='rgb', contrast=1.0, depth=0.0, flipHoriz=False, flipVert=False, font='Arial', fontFiles=[], height=0.5, italic=False, languageStyle='LTR', name='text2_2', opacity=1.0, ori=0, pos=array([0., 0.]), rgb=UNKNOWN, text='+', units='norm', win=Window(...), wrapWidth=1)
10.8450 	EXP 	Created text_6 = TextStim(__class__=<class 'psychopy.visual.text.TextStim'>, alignHoriz=method-wrapper(...), alignText='center', alignVert=method-wrapper(...), anchorHoriz='center', anchorVert='center', antialias=True, autoDraw=False, autoLog=True, bold=False, color=array([1., 1., 1.]), colorSpace='rgb', contrast=1.0, depth=0.0, flipHoriz=False, flipVert=False, font='Arial', fontFiles=[], height=0.1, italic=False, languageStyle='LTR', name='text_6', opacity=1.0, ori=0, pos=array([0. , 0.5]), rgb=UNKNOWN, text='', units='norm', win=Window(...), wrapWidth=1)
10.8464 	EXP 	Created background = Rect(__class__=<class 'psychopy.visual.rect.Rect'>, anchor=('center', 'bottom'), autoDraw=False, autoLog=True, closeShape=True, color=method-wrapper(...), colorSpace='rgb', contrast=None, depth=-4.0, fillColor=array([1, 1, 1]), fillColorSpace='rgb', fillRGB=array([1, 1, 1]), interpolate=True, lineColor=array([-1., -1., -1.]), lineColorSpace='rgb', lineRGB=array([-1, -1, -1]), lineWidth=2, name='background', opacity=1.0, ori=0.0, pos=array([ 0.  , -0.55]), size=array([0.2 , 0.55]), units='norm', vertices=ndarray(...), win=Window(...))
10.8478 	EXP 	Created barBody = Rect(__class__=<class 'psychopy.visual.rect.Rect'>, anchor=('center', 'bottom'), autoDraw=False, autoLog=True, closeShape=True, color=method-wrapper(...), colorSpace='rgb', contrast=None, depth=-5.0, fillColor=array([ 0.0902, -1.    , -1.    ]), fillColorSpace='rgb', fillRGB=array([ 0.0902, -1.    , -1.    ]), interpolate=True, lineColor=array([ 0.0902, -1.    , -1.    ]), lineColorSpace='rgb', lineRGB=array([ 0.0902, -1.    , -1.    ]), lineWidth=1, name='barBody', opacity=1.0, ori=0.0, pos=array([0., 0.]), size=array([1., 1.]), units='norm', vertices=ndarray(...), win=Window(...))
10.8491 	EXP 	Created barTop = Rect(__class__=<class 'psychopy.visual.rect.Rect'>, anchor=('center', 'bottom'), autoDraw=False, autoLog=True, closeShape=True, color=method-wrapper(...), colorSpace='rgb', contrast=None, depth=-6.0, fillColor=array([-1, -1, -1]), fillColorSpace='rgb', fillRGB=array([-1, -1, -1]), interpolate=True, lineColor=array([-1., -1., -1.]), lineColorSpace='rgb', lineRGB=array([-1, -1, -1]), lineWidth=2, name='barTop', opacity=1.0, ori=0.0, pos=array([0., 0.]), size=array([1., 1.]), units='norm', vertices=ndarray(...), win=Window(...))
10.8503 	EXP 	Created feedbackMsg = TextStim(__class__=<class 'psychopy.visual.text.TextStim'>, alignHoriz=method-wrapper(...), alignText='center', alignVert=method-wrapper(...), anchorHoriz='center', anchorVert='center', antialias=True, autoDraw=False, autoLog=True, bold=False, color=array([1., 1., 1.]), colorSpace='rgb', contrast=1.0, depth=-1.0, flipHoriz=False, flipVert=False, font='Arial', fontFiles=[], height=0.1, italic=False, languageStyle='LTR', name='feedbackMsg', opacity=1.0, ori=0, pos=array([0., 0.]), rgb=UNKNOWN, text='', units='norm', win=Window(...), wrapWidth=1)
10.8671 	EXP 	Created image_rubies = ImageStim(__class__=<class 'psychopy.visual.image.ImageStim'>, anchor=('center', 'center'), autoLog=True, color=array([1., 1., 1.]), colorSpace='rgb', contrast=1.0, depth=-2.0, flipHoriz=False, flipVert=False, image='default.png', interpolate=True, mask=None, maskParams=None, name='image_rubies', opacity=1.0, ori=0.0, pos=array([ 0. , -0.4]), size=array([0.3, 0.3]), texRes=128.0, units='norm', win=Window(...))
10.9198 	EXP 	Created image_shipCrash = ImageStim(__class__=<class 'psychopy.visual.image.ImageStim'>, anchor=('center', 'center'), autoLog=True, color=array([1., 1., 1.]), colorSpace='rgb', contrast=1.0, depth=-3.0, flipHoriz=False, flipVert=False, image='crashedShip.png', interpolate=True, mask=None, maskParams=None, name='image_shipCrash', opacity=1.0, ori=0.0, pos=array([0.7, 0.7]), size=array([0.6, 0.7]), texRes=128.0, units='norm', win=Window(...))
10.9559 	WARNING 	t of last frame was 2808.72ms (=1/0)
10.9559 	EXP 	reward: autoLog = True
10.9559 	EXP 	reward: markerPos = None
10.9559 	EXP 	reward: styleTweaks = []
10.9559 	EXP 	reward: styleTweaks = []
10.9559 	EXP 	reward: styleTweaks = []
10.9559 	EXP 	reward: styleTweaks = []
10.9559 	EXP 	reward: contrast = 1.0
10.9559 	EXP 	reward: autoLog = True
10.9559 	EXP 	effort: autoLog = True
10.9559 	EXP 	effort: markerPos = None
10.9559 	EXP 	effort: styleTweaks = []
10.9559 	EXP 	effort: styleTweaks = []
10.9559 	EXP 	effort: styleTweaks = []
10.9559 	EXP 	effort: styleTweaks = []
10.9559 	EXP 	effort: contrast = 1.0
10.9559 	EXP 	effort: autoLog = True
10.9559 	EXP 	instrText: autoDraw = True
10.9832 	WARNING 	t of last frame was 27.33ms (=1/36)
11.0049 	WARNING 	t of last frame was 21.68ms (=1/46)
11.0279 	WARNING 	t of last frame was 22.95ms (=1/43)
11.0502 	WARNING 	Multiple dropped frames have occurred - I'll stop bothering you about them!
12.9308 	EXP 	Imported trialTypes.xlsx as conditions, 60 conditions, 5 params
12.9320 	EXP 	Created sequence: sequential, trialTypes=60, nReps=1, seed=None
12.9323 	EXP 	New trial (rep=0, index=0): {'Points': 3, 'FeedbackText1': 'You reached the planet, you get 3 rubies!', 'FeedbackText2': 'You did not have enough battery to reach the planet and missed 3 rubies!', 'stimFile': 'image3.png', 'effLevel': 50}
12.9508 	DATA 	Keypress: return
12.9634 	EXP 	instrText: autoDraw = False
12.9634 	EXP 	reward: markerPos = None
12.9634 	EXP 	reward: markerPos = None
12.9634 	EXP 	text_rewardRating: autoDraw = True
12.9634 	EXP 	text_rewardRating_2: autoDraw = True
12.9634 	EXP 	coins_little_2: autoDraw = True
12.9634 	EXP 	coins_many_2: autoDraw = True
12.9978 	EXP 	reward: autoDraw = True
14.0833 	DATA 	Mouse: Left button down, pos=(581,279)
14.1031 	EXP 	reward: markerPos = 2.841666666666667
14.1246 	EXP 	reward: markerPos = 2.841666666666667
14.1462 	EXP 	reward: markerPos = 2.841666666666667
14.1668 	EXP 	reward: markerPos = 2.841666666666667
14.1683 	DATA 	Mouse:  Left button up, pos=(581,279)
14.1848 	EXP 	reward: markerPos = 3.0
14.5858 	DATA 	Keypress: return
14.5986 	EXP 	reward: autoDraw = False
14.5986 	EXP 	text_rewardRating: autoDraw = False
14.5986 	EXP 	text_rewardRating_2: autoDraw = False
14.5986 	EXP 	coins_little_2: autoDraw = False
14.5986 	EXP 	coins_many_2: autoDraw = False
14.5986 	EXP 	effort: markerPos = None
14.5986 	EXP 	effort: markerPos = None
14.5986 	EXP 	text_effortRating_3: autoDraw = True
14.5986 	EXP 	text_effortRating_4: autoDraw = True
14.5986 	EXP 	battery_empty: autoDraw = True
14.5986 	EXP 	battery_full: autoDraw = True
14.6178 	EXP 	effort: autoDraw = True
15.5703 	DATA 	Mouse: Left button down, pos=(581,279)
15.5876 	EXP 	effort: markerPos = 2.227777777777778
15.6083 	EXP 	effort: markerPos = 2.227777777777778
15.6285 	EXP 	effort: markerPos = 2.227777777777778
15.6503 	EXP 	effort: markerPos = 2.227777777777778
15.6679 	EXP 	effort: markerPos = 2.227777777777778
15.6865 	EXP 	effort: markerPos = 2.227777777777778
15.6887 	DATA 	Mouse:  Left button up, pos=(581,279)
15.7085 	EXP 	effort: markerPos = 2.0
15.9385 	DATA 	Keypress: return
15.9483 	EXP 	effort: autoDraw = False
15.9483 	EXP 	text_effortRating_3: autoDraw = False
15.9483 	EXP 	text_effortRating_4: autoDraw = False
15.9483 	EXP 	battery_empty: autoDraw = False
15.9483 	EXP 	battery_full: autoDraw = False
15.9483 	EXP 	text2_2: autoDraw = True
16.9589 	EXP 	text2_2: autoDraw = False
16.9589 	EXP 	text2_2: autoDraw = False
16.9589 	EXP 	text_6: height = 0.1
16.9589 	EXP 	text_6: height = 0.1
16.9589 	EXP 	text_6: height = 0.1
16.9589 	EXP 	text_6: text = 'Power up!\n'
16.9589 	EXP 	text_6: autoDraw = True
16.9589 	EXP 	background: autoDraw = True
16.9589 	EXP 	barBody: autoDraw = True
16.9589 	EXP 	barTop: autoDraw = True
17.5799 	DATA 	Keypress: space
17.7565 	DATA 	Keypress: space
17.9058 	DATA 	Keypress: space
18.0007 	EXP 	text_6: autoDraw = False
18.0007 	EXP 	background: autoDraw = False
18.0007 	EXP 	barBody: autoDraw = False
18.0007 	EXP 	barTop: autoDraw = False
18.0007 	EXP 	feedbackMsg: height = 0.1
18.0007 	EXP 	feedbackMsg: height = 0.1
18.0007 	EXP 	feedbackMsg: height = 0.1
18.0007 	EXP 	feedbackMsg: text = 'You did not have enough battery to reach the planet and missed 3 rubies!'
18.0007 	EXP 	image_rubies: image = 'image3.png'
18.0007 	EXP 	feedbackMsg: autoDraw = True
18.0007 	EXP 	image_rubies: autoDraw = True
18.0007 	EXP 	image_shipCrash: autoDraw = True
18.0605 	DATA 	Keypress: space
18.1981 	DATA 	Keypress: space
27.9861 	DATA 	Mouse: wheel shift=(0,0), pos=(581,279)
27.9944 	EXP 	New trial (rep=0, index=1): {'Points': 4, 'FeedbackText1': 'You reached the planet, you get 4 rubies!', 'FeedbackText2': 'You did not have enough battery to reach the planet and missed 4 rubies!', 'stimFile': 'image4.png', 'effLevel': 77}
28.0166 	EXP 	feedbackMsg: autoDraw = False
28.0166 	EXP 	image_rubies: autoDraw = False
28.0166 	EXP 	image_shipCrash: autoDraw = False
28.0166 	EXP 	feedbackMsg: autoDraw = False
28.0166 	EXP 	image_rubies: autoDraw = False
28.0166 	EXP 	image_shipCrash: autoDraw = False
28.0166 	EXP 	reward: markerPos = None
28.0166 	EXP 	reward: markerPos = None
28.0166 	EXP 	text_rewardRating: autoDraw = True
28.0166 	EXP 	text_rewardRating_2: autoDraw = True
28.0166 	EXP 	coins_little_2: autoDraw = True
28.0166 	EXP 	coins_many_2: autoDraw = True
28.0360 	EXP 	reward: autoDraw = True
28.6737 	DATA 	Mouse: wheel shift=(0,0), pos=(581,279)
34.1825 	DATA 	Keypress: escape
34.5192 	EXP 	window1: mouseVisible = True
