9.2248 	WARNING 	Couldn't measure a consistent frame rate!
  - Is your graphics card set to sync to vertical blank?
  - Are you running other processes on your computer?

9.2261 	EXP 	Created window1 = Window(allowGUI=True, allowStencil=False, autoLog=True, backendConf=UNKNOWN, backgroundFit=<method-wrapper '__getattribute__' of attributeSetter object at 0x7f874e5d8970>, backgroundImage=<method-wrapper '__getattribute__' of attributeSetter object at 0x7f874e5d8910>, bitsMode=UNKNOWN, blendMode='avg', bpc=(8, 8, 8), color=array([0, 0, 0]), colorSpace='rgb', depthBits=8, fullscr=<method-wrapper '__getattribute__' of attributeSetter object at 0x7f874e5d8790>, gamma=None, gammaErrorPolicy='raise', lms=UNKNOWN, monitor=<psychopy.monitors.calibTools.Monitor object at 0x7f8753b2f700>, multiSample=False, name='window1', numSamples=2, pos=(360, 225), screen=0, size=array([2880, 1800]), stencilBits=0, stereo=False, units='norm', useFBO=True, useRetina=True, viewOri=0.0, viewPos=None, viewScale=None, waitBlanking=True, winType='pyglet')
9.2267 	EXP 	window1: mouseVisible = True
9.2267 	EXP 	window1: backgroundImage = ''
9.2268 	EXP 	window1: backgroundFit = 'cover'
9.2269 	EXP 	window1: mouseVisible = True
9.2270 	EXP 	window1: Attempting to measure frame rate of screen (0) ...
9.2270 	EXP 	window1: recordFrameIntervals = False
9.3122 	EXP 	window1: recordFrameIntervals = True
10.1473 	WARNING 	Couldn't measure a consistent frame rate!
  - Is your graphics card set to sync to vertical blank?
  - Are you running other processes on your computer?

10.1990 	WARNING 	launchHubServer: If using the iohub mouse or eyetracker devices, fullScr should be True.
13.1866 	EXP 	Created instrText = TextStim(__class__=<class 'psychopy.visual.text.TextStim'>, alignHoriz=method-wrapper(...), alignText='center', alignVert=method-wrapper(...), anchorHoriz='center', anchorVert='center', antialias=True, autoDraw=False, autoLog=True, bold=False, color=array([1., 1., 1.]), colorSpace='rgb', contrast=1.0, depth=-1.0, flipHoriz=False, flipVert=False, font='Arial', fontFiles=[], height=0.1, italic=False, languageStyle='LTR', name='instrText', opacity=1.0, ori=0, pos=array([0. , 0.3]), rgb=UNKNOWN, text=str(...), units='norm', win=Window(...), wrapWidth=1)
13.2104 	EXP 	window1: mouseVisible = True
13.2408 	EXP 	Created reward = Slider(__class__=<class 'psychopy.visual.slider.Slider'>, autoDraw=False, autoLog=True, borderColor=None, color=None, colorSpace='rgb', depth=0, fillColor=None, flip=False, font='Arial', granularity=1.0, labelColor=None, labelHeight=0.1, labelWrapWidth=None, labels=None, lineColor=None, markerColor=None, name='reward', opacity=None, ori=0.0, pos=array([ 0. , -0.4]), readOnly=False, self=UNKNOWN, size=array([1. , 0.1]), startValue=None, style='rating', styleTweaks=[], ticks=array([1, 2, 3, 4, 5, 6, 7]), units='norm', win=Window(...))
13.2580 	EXP 	Created text_rewardRating = TextStim(__class__=<class 'psychopy.visual.text.TextStim'>, alignHoriz=method-wrapper(...), alignText='center', alignVert=method-wrapper(...), anchorHoriz='center', anchorVert='center', antialias=True, autoDraw=False, autoLog=True, bold=False, color=array([1., 1., 1.]), colorSpace='rgb', contrast=1.0, depth=-1.0, flipHoriz=False, flipVert=False, font='Arial', fontFiles=[], height=0.15, italic=False, languageStyle='LTR', name='text_rewardRating', opacity=1.0, ori=0.0, pos=array([0. , 0.5]), rgb=UNKNOWN, text=str(...), units='norm', win=Window(...), wrapWidth=1)
13.2684 	EXP 	Created text_rewardRating_2 = TextStim(__class__=<class 'psychopy.visual.text.TextStim'>, alignHoriz=method-wrapper(...), alignText='center', alignVert=method-wrapper(...), anchorHoriz='center', anchorVert='center', antialias=True, autoDraw=False, autoLog=True, bold=False, color=array([1., 1., 1.]), colorSpace='rgb', contrast=1.0, depth=-2.0, flipHoriz=False, flipVert=False, font='Arial', fontFiles=[], height=0.1, italic=False, languageStyle='LTR', name='text_rewardRating_2', opacity=1.0, ori=0.0, pos=array([0., 0.]), rgb=UNKNOWN, text=str(...), units='norm', win=Window(...), wrapWidth=1)
13.2985 	EXP 	Created coins_little_2 = ImageStim(__class__=<class 'psychopy.visual.image.ImageStim'>, anchor=('center', 'center'), autoLog=True, color=array([1., 1., 1.]), colorSpace='rgb', contrast=1.0, depth=-4.0, flipHoriz=False, flipVert=False, image='image1.png', interpolate=True, mask=None, maskParams=None, name='coins_little_2', opacity=1.0, ori=0.0, pos=array([-0.6, -0.4]), size=array([0.1, 0.1]), texRes=128.0, units='norm', win=Window(...))
13.4299 	EXP 	Created coins_many_2 = ImageStim(__class__=<class 'psychopy.visual.image.ImageStim'>, anchor=('center', 'center'), autoLog=True, color=array([1., 1., 1.]), colorSpace='rgb', contrast=1.0, depth=-5.0, flipHoriz=False, flipVert=False, image='image7.png', interpolate=True, mask=None, maskParams=None, name='coins_many_2', opacity=1.0, ori=0.0, pos=array([ 0.7 , -0.35]), size=array([0.3, 0.3]), texRes=128.0, units='norm', win=Window(...))
13.4375 	EXP 	window1: mouseVisible = True
13.4654 	EXP 	Created effort = Slider(__class__=<class 'psychopy.visual.slider.Slider'>, autoDraw=False, autoLog=True, borderColor=None, color=None, colorSpace='rgb', depth=0, fillColor=None, flip=False, font='Arial', granularity=1.0, labelColor=None, labelHeight=0.1, labelWrapWidth=None, labels=None, lineColor=None, markerColor=None, name='effort', opacity=None, ori=0.0, pos=array([ 0. , -0.4]), readOnly=False, self=UNKNOWN, size=array([1. , 0.1]), startValue=None, style='rating', styleTweaks=[], ticks=array([1, 2, 3, 4, 5]), units='norm', win=Window(...))
13.4708 	EXP 	Created text_effortRating_3 = TextStim(__class__=<class 'psychopy.visual.text.TextStim'>, alignHoriz=method-wrapper(...), alignText='center', alignVert=method-wrapper(...), anchorHoriz='center', anchorVert='center', antialias=True, autoDraw=False, autoLog=True, bold=False, color=array([1., 1., 1.]), colorSpace='rgb', contrast=1.0, depth=-1.0, flipHoriz=False, flipVert=False, font='Arial', fontFiles=[], height=0.15, italic=False, languageStyle='LTR', name='text_effortRating_3', opacity=1.0, ori=0.0, pos=array([0. , 0.5]), rgb=UNKNOWN, text=str(...), units='norm', win=Window(...), wrapWidth=1)
13.4760 	EXP 	Created text_effortRating_4 = TextStim(__class__=<class 'psychopy.visual.text.TextStim'>, alignHoriz=method-wrapper(...), alignText='center', alignVert=method-wrapper(...), anchorHoriz='center', anchorVert='center', antialias=True, autoDraw=False, autoLog=True, bold=False, color=array([1., 1., 1.]), colorSpace='rgb', contrast=1.0, depth=-2.0, flipHoriz=False, flipVert=False, font='Arial', fontFiles=[], height=0.1, italic=False, languageStyle='LTR', name='text_effortRating_4', opacity=1.0, ori=0.0, pos=array([0., 0.]), rgb=UNKNOWN, text=str(...), units='norm', win=Window(...), wrapWidth=1)
13.5056 	EXP 	Created battery_empty = ImageStim(__class__=<class 'psychopy.visual.image.ImageStim'>, anchor=('center', 'center'), autoLog=True, color=array([1., 1., 1.]), colorSpace='rgb', contrast=1.0, depth=-4.0, flipHoriz=False, flipVert=False, image='./stim/BattEmpty_black-01.png', interpolate=True, mask=None, maskParams=None, name='battery_empty', opacity=1.0, ori=0.0, pos=array([-0.6 , -0.45]), size=array([0.15, 0.3 ]), texRes=128.0, units='norm', win=Window(...))
13.5320 	EXP 	Created battery_full = ImageStim(__class__=<class 'psychopy.visual.image.ImageStim'>, anchor=('center', 'center'), autoLog=True, color=array([1., 1., 1.]), colorSpace='rgb', contrast=1.0, depth=-5.0, flipHoriz=False, flipVert=False, image='./stim/BattFull_black-01.png', interpolate=True, mask=None, maskParams=None, name='battery_full', opacity=1.0, ori=0.0, pos=array([ 0.6 , -0.45]), size=array([0.15, 0.3 ]), texRes=128.0, units='norm', win=Window(...))
13.5381 	EXP 	Created text2_2 = TextStim(__class__=<class 'psychopy.visual.text.TextStim'>, alignHoriz=method-wrapper(...), alignText='center', alignVert=method-wrapper(...), anchorHoriz='center', anchorVert='center', antialias=True, autoDraw=False, autoLog=True, bold=False, color=array([1., 1., 1.]), colorSpace='rgb', contrast=1.0, depth=0.0, flipHoriz=False, flipVert=False, font='Arial', fontFiles=[], height=0.5, italic=False, languageStyle='LTR', name='text2_2', opacity=1.0, ori=0, pos=array([0., 0.]), rgb=UNKNOWN, text='+', units='norm', win=Window(...), wrapWidth=1)
13.5394 	EXP 	Created text_6 = TextStim(__class__=<class 'psychopy.visual.text.TextStim'>, alignHoriz=method-wrapper(...), alignText='center', alignVert=method-wrapper(...), anchorHoriz='center', anchorVert='center', antialias=True, autoDraw=False, autoLog=True, bold=False, color=array([1., 1., 1.]), colorSpace='rgb', contrast=1.0, depth=0.0, flipHoriz=False, flipVert=False, font='Arial', fontFiles=[], height=0.1, italic=False, languageStyle='LTR', name='text_6', opacity=1.0, ori=0, pos=array([0. , 0.5]), rgb=UNKNOWN, text='', units='norm', win=Window(...), wrapWidth=1)
13.5409 	EXP 	Created background = Rect(__class__=<class 'psychopy.visual.rect.Rect'>, anchor=('center', 'bottom'), autoDraw=False, autoLog=True, closeShape=True, color=method-wrapper(...), colorSpace='rgb', contrast=None, depth=-4.0, fillColor=array([1, 1, 1]), fillColorSpace='rgb', fillRGB=array([1, 1, 1]), interpolate=True, lineColor=array([-1., -1., -1.]), lineColorSpace='rgb', lineRGB=array([-1, -1, -1]), lineWidth=2, name='background', opacity=1.0, ori=0.0, pos=array([ 0.  , -0.55]), size=array([0.2 , 0.55]), units='norm', vertices=ndarray(...), win=Window(...))
13.5423 	EXP 	Created barBody = Rect(__class__=<class 'psychopy.visual.rect.Rect'>, anchor=('center', 'bottom'), autoDraw=False, autoLog=True, closeShape=True, color=method-wrapper(...), colorSpace='rgb', contrast=None, depth=-5.0, fillColor=array([ 0.0902, -1.    , -1.    ]), fillColorSpace='rgb', fillRGB=array([ 0.0902, -1.    , -1.    ]), interpolate=True, lineColor=array([ 0.0902, -1.    , -1.    ]), lineColorSpace='rgb', lineRGB=array([ 0.0902, -1.    , -1.    ]), lineWidth=1, name='barBody', opacity=1.0, ori=0.0, pos=array([0., 0.]), size=array([1., 1.]), units='norm', vertices=ndarray(...), win=Window(...))
13.5436 	EXP 	Created barTop = Rect(__class__=<class 'psychopy.visual.rect.Rect'>, anchor=('center', 'bottom'), autoDraw=False, autoLog=True, closeShape=True, color=method-wrapper(...), colorSpace='rgb', contrast=None, depth=-6.0, fillColor=array([-1, -1, -1]), fillColorSpace='rgb', fillRGB=array([-1, -1, -1]), interpolate=True, lineColor=array([-1., -1., -1.]), lineColorSpace='rgb', lineRGB=array([-1, -1, -1]), lineWidth=2, name='barTop', opacity=1.0, ori=0.0, pos=array([0., 0.]), size=array([1., 1.]), units='norm', vertices=ndarray(...), win=Window(...))
13.5449 	EXP 	Created feedbackMsg = TextStim(__class__=<class 'psychopy.visual.text.TextStim'>, alignHoriz=method-wrapper(...), alignText='center', alignVert=method-wrapper(...), anchorHoriz='center', anchorVert='center', antialias=True, autoDraw=False, autoLog=True, bold=False, color=array([1., 1., 1.]), colorSpace='rgb', contrast=1.0, depth=-1.0, flipHoriz=False, flipVert=False, font='Arial', fontFiles=[], height=0.1, italic=False, languageStyle='LTR', name='feedbackMsg', opacity=1.0, ori=0, pos=array([0., 0.]), rgb=UNKNOWN, text='', units='norm', win=Window(...), wrapWidth=1)
13.5622 	EXP 	Created image_rubies = ImageStim(__class__=<class 'psychopy.visual.image.ImageStim'>, anchor=('center', 'center'), autoLog=True, color=array([1., 1., 1.]), colorSpace='rgb', contrast=1.0, depth=-2.0, flipHoriz=False, flipVert=False, image='default.png', interpolate=True, mask=None, maskParams=None, name='image_rubies', opacity=1.0, ori=0.0, pos=array([ 0. , -0.4]), size=array([0.3, 0.3]), texRes=128.0, units='norm', win=Window(...))
13.6186 	EXP 	Created image_shipCrash = ImageStim(__class__=<class 'psychopy.visual.image.ImageStim'>, anchor=('center', 'center'), autoLog=True, color=array([1., 1., 1.]), colorSpace='rgb', contrast=1.0, depth=-3.0, flipHoriz=False, flipVert=False, image='crashedShip.png', interpolate=True, mask=None, maskParams=None, name='image_shipCrash', opacity=1.0, ori=0.0, pos=array([ 0.7, -0.5]), size=array([0.6, 0.7]), texRes=128.0, units='norm', win=Window(...))
13.6597 	EXP 	Created image_shipFull = ImageStim(__class__=<class 'psychopy.visual.image.ImageStim'>, anchor=('center', 'center'), autoLog=True, color=array([1., 1., 1.]), colorSpace='rgb', contrast=1.0, depth=-4.0, flipHoriz=False, flipVert=False, image='fullShip.png', interpolate=True, mask=None, maskParams=None, name='image_shipFull', opacity=1.0, ori=0.0, pos=array([0.7, 0.5]), size=array([0.6, 0.7]), texRes=128.0, units='norm', win=Window(...))
13.6800 	DATA 	Mouse: Left button down, pos=(648,597)
13.6804 	DATA 	Mouse:  Left button up, pos=(648,597)
13.6996 	WARNING 	t of last frame was 3552.69ms (=1/0)
13.6996 	EXP 	reward: autoLog = True
13.6996 	EXP 	reward: markerPos = None
13.6996 	EXP 	reward: styleTweaks = []
13.6996 	EXP 	reward: styleTweaks = []
13.6996 	EXP 	reward: styleTweaks = []
13.6996 	EXP 	reward: styleTweaks = []
13.6996 	EXP 	reward: contrast = 1.0
13.6996 	EXP 	reward: autoLog = True
13.6996 	EXP 	effort: autoLog = True
13.6996 	EXP 	effort: markerPos = None
13.6996 	EXP 	effort: styleTweaks = []
13.6996 	EXP 	effort: styleTweaks = []
13.6996 	EXP 	effort: styleTweaks = []
13.6996 	EXP 	effort: styleTweaks = []
13.6996 	EXP 	effort: contrast = 1.0
13.6996 	EXP 	effort: autoLog = True
13.6996 	EXP 	instrText: autoDraw = True
13.7262 	WARNING 	t of last frame was 26.60ms (=1/37)
13.7524 	WARNING 	t of last frame was 26.12ms (=1/38)
13.7728 	WARNING 	t of last frame was 20.44ms (=1/48)
13.7972 	WARNING 	Multiple dropped frames have occurred - I'll stop bothering you about them!
14.6564 	EXP 	Imported trialTypes.xlsx as conditions, 60 conditions, 5 params
14.6576 	EXP 	Created sequence: sequential, trialTypes=60, nReps=1, seed=None
14.6579 	EXP 	New trial (rep=0, index=0): {'Points': 3, 'FeedbackText1': 'You reached the planet, you get 3 rubies!', 'FeedbackText2': 'You did not have enough battery to reach the planet and missed 3 rubies!', 'stimFile': 'image3.png', 'effLevel': 50}
14.6824 	DATA 	Keypress: return
14.6954 	EXP 	instrText: autoDraw = False
14.6954 	EXP 	reward: markerPos = None
14.6954 	EXP 	reward: markerPos = None
14.6954 	EXP 	text_rewardRating: autoDraw = True
14.6954 	EXP 	text_rewardRating_2: autoDraw = True
14.6954 	EXP 	coins_little_2: autoDraw = True
14.6954 	EXP 	coins_many_2: autoDraw = True
14.7253 	EXP 	reward: autoDraw = True
15.8066 	DATA 	Mouse: Left button down, pos=(596,256)
15.8259 	EXP 	reward: markerPos = 2.966666666666667
15.8483 	EXP 	reward: markerPos = 2.966666666666667
15.8699 	EXP 	reward: markerPos = 2.966666666666667
15.8887 	EXP 	reward: markerPos = 2.966666666666667
15.9072 	EXP 	reward: markerPos = 2.966666666666667
15.9088 	DATA 	Mouse:  Left button up, pos=(596,256)
15.9261 	EXP 	reward: markerPos = 3.0
16.4336 	DATA 	Keypress: return
16.4758 	EXP 	reward: autoDraw = False
16.4758 	EXP 	text_rewardRating: autoDraw = False
16.4758 	EXP 	text_rewardRating_2: autoDraw = False
16.4758 	EXP 	coins_little_2: autoDraw = False
16.4758 	EXP 	coins_many_2: autoDraw = False
16.4758 	EXP 	effort: markerPos = None
16.4758 	EXP 	effort: markerPos = None
16.4758 	EXP 	text_effortRating_3: autoDraw = True
16.4758 	EXP 	text_effortRating_4: autoDraw = True
16.4758 	EXP 	battery_empty: autoDraw = True
16.4758 	EXP 	battery_full: autoDraw = True
16.4942 	EXP 	effort: autoDraw = True
17.0302 	DATA 	Mouse: Left button down, pos=(596,257)
17.0496 	EXP 	effort: markerPos = 2.311111111111111
17.0730 	EXP 	effort: markerPos = 2.311111111111111
17.0899 	EXP 	effort: markerPos = 2.311111111111111
17.1080 	EXP 	effort: markerPos = 2.311111111111111
17.1285 	EXP 	effort: markerPos = 2.311111111111111
17.1299 	DATA 	Mouse:  Left button up, pos=(596,257)
17.1474 	EXP 	effort: markerPos = 2.0
17.5282 	DATA 	Keypress: return
17.5556 	EXP 	effort: autoDraw = False
17.5556 	EXP 	text_effortRating_3: autoDraw = False
17.5556 	EXP 	text_effortRating_4: autoDraw = False
17.5556 	EXP 	battery_empty: autoDraw = False
17.5556 	EXP 	battery_full: autoDraw = False
17.5556 	EXP 	text2_2: autoDraw = True
18.5635 	EXP 	text2_2: autoDraw = False
18.5635 	EXP 	text2_2: autoDraw = False
18.5635 	EXP 	text_6: height = 0.1
18.5635 	EXP 	text_6: height = 0.1
18.5635 	EXP 	text_6: height = 0.1
18.5635 	EXP 	text_6: text = 'Power up!\n'
18.5635 	EXP 	text_6: autoDraw = True
18.5635 	EXP 	background: autoDraw = True
18.5635 	EXP 	barBody: autoDraw = True
18.5635 	EXP 	barTop: autoDraw = True
19.0187 	DATA 	Keypress: space
19.2242 	DATA 	Keypress: space
19.3786 	DATA 	Keypress: space
19.5533 	DATA 	Keypress: space
19.7148 	DATA 	Keypress: space
19.8534 	DATA 	Keypress: space
20.0007 	DATA 	Keypress: space
20.1302 	DATA 	Keypress: space
20.2738 	DATA 	Keypress: space
20.4065 	DATA 	Keypress: space
20.5383 	DATA 	Keypress: space
20.8129 	DATA 	Keypress: space
21.1126 	DATA 	Keypress: space
21.2910 	DATA 	Keypress: space
21.4693 	DATA 	Keypress: space
21.6459 	DATA 	Keypress: space
21.8300 	DATA 	Keypress: space
21.9841 	DATA 	Keypress: space
22.1498 	DATA 	Keypress: space
22.3404 	DATA 	Keypress: space
22.5116 	DATA 	Keypress: space
22.6838 	DATA 	Keypress: space
22.8574 	DATA 	Keypress: space
23.0262 	DATA 	Keypress: space
23.1973 	DATA 	Keypress: space
23.3967 	DATA 	Keypress: space
23.5513 	DATA 	Keypress: space
23.7128 	DATA 	Keypress: space
23.8852 	DATA 	Keypress: space
24.0302 	DATA 	Keypress: space
24.1858 	DATA 	Keypress: space
24.3695 	DATA 	Keypress: space
24.5736 	DATA 	Keypress: space
24.7539 	DATA 	Keypress: space
24.9379 	DATA 	Keypress: space
25.1352 	DATA 	Keypress: space
25.3135 	DATA 	Keypress: space
25.4804 	DATA 	Keypress: space
25.6521 	DATA 	Keypress: space
25.8307 	DATA 	Keypress: space
25.9847 	DATA 	Keypress: space
26.1564 	DATA 	Keypress: space
26.3228 	DATA 	Keypress: space
26.4749 	DATA 	Keypress: space
26.6328 	DATA 	Keypress: space
26.7750 	DATA 	Keypress: space
26.9457 	DATA 	Keypress: space
27.2245 	DATA 	Keypress: space
27.4155 	DATA 	Keypress: space
27.5744 	DATA 	Keypress: space
27.7409 	DATA 	Keypress: space
27.8962 	DATA 	Keypress: space
28.0297 	DATA 	Keypress: space
28.1968 	DATA 	Keypress: space
28.3480 	DATA 	Keypress: space
28.5140 	DATA 	Keypress: space
28.6059 	EXP 	text_6: autoDraw = False
28.6059 	EXP 	background: autoDraw = False
28.6059 	EXP 	barBody: autoDraw = False
28.6059 	EXP 	barTop: autoDraw = False
28.6059 	EXP 	feedbackMsg: height = 0.1
28.6059 	EXP 	feedbackMsg: height = 0.1
28.6059 	EXP 	feedbackMsg: height = 0.1
28.6059 	EXP 	feedbackMsg: text = 'You reached the planet, you get 3 rubies!'
28.6059 	EXP 	image_rubies: image = 'image3.png'
28.6059 	EXP 	feedbackMsg: autoDraw = True
28.6059 	EXP 	image_rubies: autoDraw = True
28.6726 	DATA 	Keypress: space
28.8480 	DATA 	Keypress: space
31.6046 	EXP 	feedbackMsg: autoDraw = False
31.6046 	EXP 	image_rubies: autoDraw = False
36.0590 	DATA 	Mouse: Left button down, pos=(566,790)
36.1669 	DATA 	Mouse:  Left button up, pos=(566,790)
36.7053 	DATA 	Keypress: escape
37.1401 	EXP 	window1: mouseVisible = True
