7.7004 	DATA 	Mouse: Left button down, pos=(456,566)
7.7845 	DATA 	Mouse:  Left button up, pos=(456,566)
8.1034 	WARNING 	Couldn't measure a consistent frame rate!
  - Is your graphics card set to sync to vertical blank?
  - Are you running other processes on your computer?

8.1041 	EXP 	Created window1 = Window(allowGUI=True, allowStencil=False, autoLog=True, backendConf=UNKNOWN, backgroundFit=<method-wrapper '__getattribute__' of attributeSetter object at 0x7f987da6e9d0>, backgroundImage=<method-wrapper '__getattribute__' of attributeSetter object at 0x7f987da6e970>, bitsMode=UNKNOWN, blendMode='avg', bpc=(8, 8, 8), color=array([-1.    , -1.    , -0.2471]), colorSpace='rgb', depthBits=8, fullscr=<method-wrapper '__getattribute__' of attributeSetter object at 0x7f987da6e7f0>, gamma=None, gammaErrorPolicy='raise', lms=UNKNOWN, monitor=<psychopy.monitors.calibTools.Monitor object at 0x7f988342f880>, multiSample=False, name='window1', numSamples=2, pos=[240.0, 150.0], screen=0, size=array([1440,  900]), stencilBits=0, stereo=False, units='norm', useFBO=True, useRetina=False, viewOri=0.0, viewPos=None, viewScale=None, waitBlanking=True, winType='pyglet')
8.1043 	EXP 	window1: mouseVisible = True
8.1043 	EXP 	window1: backgroundImage = ''
8.1043 	EXP 	window1: backgroundFit = 'cover'
8.1044 	EXP 	window1: mouseVisible = True
8.1045 	EXP 	window1: Attempting to measure frame rate of screen (0) ...
8.1045 	EXP 	window1: recordFrameIntervals = False
8.2290 	EXP 	window1: recordFrameIntervals = True
9.3370 	WARNING 	Couldn't measure a consistent frame rate!
  - Is your graphics card set to sync to vertical blank?
  - Are you running other processes on your computer?

9.3818 	WARNING 	launchHubServer: If using the iohub mouse or eyetracker devices, fullScr should be True.
11.6868 	EXP 	Created instrText = TextStim(__class__=<class 'psychopy.visual.text.TextStim'>, alignHoriz=method-wrapper(...), alignText='center', alignVert=method-wrapper(...), anchorHoriz='center', anchorVert='center', antialias=True, autoDraw=False, autoLog=True, bold=False, color=array([1., 1., 1.]), colorSpace='rgb', contrast=1.0, depth=-1.0, flipHoriz=False, flipVert=False, font='Arial', fontFiles=[], height=0.1, italic=False, languageStyle='LTR', name='instrText', opacity=1.0, ori=0, pos=array([0. , 0.3]), rgb=UNKNOWN, text=str(...), units='norm', win=Window(...), wrapWidth=1)
11.7055 	EXP 	window1: mouseVisible = True
11.7341 	EXP 	Created reward = Slider(__class__=<class 'psychopy.visual.slider.Slider'>, autoDraw=False, autoLog=True, borderColor=None, color=None, colorSpace='rgb', depth=0, fillColor=None, flip=False, font='Arial', granularity=1.0, labelColor=None, labelHeight=0.1, labelWrapWidth=None, labels=None, lineColor=None, markerColor=None, name='reward', opacity=None, ori=0.0, pos=array([ 0. , -0.4]), readOnly=False, self=UNKNOWN, size=array([1. , 0.1]), startValue=None, style='rating', styleTweaks=[], ticks=array([1, 2, 3, 4, 5, 6, 7]), units='norm', win=Window(...))
11.7524 	EXP 	Created text_rewardRating = TextStim(__class__=<class 'psychopy.visual.text.TextStim'>, alignHoriz=method-wrapper(...), alignText='center', alignVert=method-wrapper(...), anchorHoriz='center', anchorVert='center', antialias=True, autoDraw=False, autoLog=True, bold=False, color=array([1., 1., 1.]), colorSpace='rgb', contrast=1.0, depth=-1.0, flipHoriz=False, flipVert=False, font='Arial', fontFiles=[], height=0.15, italic=False, languageStyle='LTR', name='text_rewardRating', opacity=1.0, ori=0.0, pos=array([0. , 0.5]), rgb=UNKNOWN, text=str(...), units='norm', win=Window(...), wrapWidth=1)
11.7623 	EXP 	Created text_rewardRating_2 = TextStim(__class__=<class 'psychopy.visual.text.TextStim'>, alignHoriz=method-wrapper(...), alignText='center', alignVert=method-wrapper(...), anchorHoriz='center', anchorVert='center', antialias=True, autoDraw=False, autoLog=True, bold=False, color=array([1., 1., 1.]), colorSpace='rgb', contrast=1.0, depth=-2.0, flipHoriz=False, flipVert=False, font='Arial', fontFiles=[], height=0.1, italic=False, languageStyle='LTR', name='text_rewardRating_2', opacity=1.0, ori=0.0, pos=array([0., 0.]), rgb=UNKNOWN, text=str(...), units='norm', win=Window(...), wrapWidth=1)
11.7851 	EXP 	Created coins_little_2 = ImageStim(__class__=<class 'psychopy.visual.image.ImageStim'>, anchor=('center', 'center'), autoLog=True, color=array([1., 1., 1.]), colorSpace='rgb', contrast=1.0, depth=-4.0, flipHoriz=False, flipVert=False, image='image1.png', interpolate=True, mask=None, maskParams=None, name='coins_little_2', opacity=1.0, ori=0.0, pos=array([-0.6, -0.4]), size=array([0.1, 0.1]), texRes=128.0, units='norm', win=Window(...))
11.9085 	EXP 	Created coins_many_2 = ImageStim(__class__=<class 'psychopy.visual.image.ImageStim'>, anchor=('center', 'center'), autoLog=True, color=array([1., 1., 1.]), colorSpace='rgb', contrast=1.0, depth=-5.0, flipHoriz=False, flipVert=False, image='image7.png', interpolate=True, mask=None, maskParams=None, name='coins_many_2', opacity=1.0, ori=0.0, pos=array([ 0.7 , -0.35]), size=array([0.3, 0.3]), texRes=128.0, units='norm', win=Window(...))
11.9156 	EXP 	window1: mouseVisible = True
11.9443 	EXP 	Created effort = Slider(__class__=<class 'psychopy.visual.slider.Slider'>, autoDraw=False, autoLog=True, borderColor=None, color=None, colorSpace='rgb', depth=0, fillColor=None, flip=False, font='Arial', granularity=1.0, labelColor=None, labelHeight=0.1, labelWrapWidth=None, labels=None, lineColor=None, markerColor=None, name='effort', opacity=None, ori=0.0, pos=array([ 0. , -0.4]), readOnly=False, self=UNKNOWN, size=array([1. , 0.1]), startValue=None, style='rating', styleTweaks=[], ticks=array([1, 2, 3, 4, 5]), units='norm', win=Window(...))
11.9539 	EXP 	Created text_effortRating_3 = TextStim(__class__=<class 'psychopy.visual.text.TextStim'>, alignHoriz=method-wrapper(...), alignText='center', alignVert=method-wrapper(...), anchorHoriz='center', anchorVert='center', antialias=True, autoDraw=False, autoLog=True, bold=False, color=array([1., 1., 1.]), colorSpace='rgb', contrast=1.0, depth=-1.0, flipHoriz=False, flipVert=False, font='Arial', fontFiles=[], height=0.15, italic=False, languageStyle='LTR', name='text_effortRating_3', opacity=1.0, ori=0.0, pos=array([0. , 0.5]), rgb=UNKNOWN, text=str(...), units='norm', win=Window(...), wrapWidth=1)
11.9590 	EXP 	Created text_effortRating_4 = TextStim(__class__=<class 'psychopy.visual.text.TextStim'>, alignHoriz=method-wrapper(...), alignText='center', alignVert=method-wrapper(...), anchorHoriz='center', anchorVert='center', antialias=True, autoDraw=False, autoLog=True, bold=False, color=array([1., 1., 1.]), colorSpace='rgb', contrast=1.0, depth=-2.0, flipHoriz=False, flipVert=False, font='Arial', fontFiles=[], height=0.1, italic=False, languageStyle='LTR', name='text_effortRating_4', opacity=1.0, ori=0.0, pos=array([0., 0.]), rgb=UNKNOWN, text=str(...), units='norm', win=Window(...), wrapWidth=1)
11.9747 	EXP 	Created fuel_empty = ImageStim(__class__=<class 'psychopy.visual.image.ImageStim'>, anchor=('center', 'center'), autoLog=True, color=array([1., 1., 1.]), colorSpace='rgb', contrast=1.0, depth=-4.0, flipHoriz=False, flipVert=False, image='default.png', interpolate=True, mask=None, maskParams=None, name='fuel_empty', opacity=1.0, ori=0.0, pos=array([-0.7, -0.3]), size=array([0.3, 0.5]), texRes=128.0, units='norm', win=Window(...))
13.4550 	EXP 	Created fuel_full = ImageStim(__class__=<class 'psychopy.visual.image.ImageStim'>, anchor=('center', 'center'), autoLog=True, color=array([1., 1., 1.]), colorSpace='rgb', contrast=1.0, depth=-5.0, flipHoriz=False, flipVert=False, image='fuelShipFull-01.png', interpolate=True, mask=None, maskParams=None, name='fuel_full', opacity=1.0, ori=0.0, pos=array([ 0.7, -0.3]), size=array([0.34, 0.5 ]), texRes=128.0, units='norm', win=Window(...))
13.4637 	EXP 	Created text2_2 = TextStim(__class__=<class 'psychopy.visual.text.TextStim'>, alignHoriz=method-wrapper(...), alignText='center', alignVert=method-wrapper(...), anchorHoriz='center', anchorVert='center', antialias=True, autoDraw=False, autoLog=True, bold=False, color=array([1., 1., 1.]), colorSpace='rgb', contrast=1.0, depth=0.0, flipHoriz=False, flipVert=False, font='Arial', fontFiles=[], height=0.5, italic=False, languageStyle='LTR', name='text2_2', opacity=1.0, ori=0, pos=array([0., 0.]), rgb=UNKNOWN, text='+', units='norm', win=Window(...), wrapWidth=1)
13.4655 	EXP 	Created text_6 = TextStim(__class__=<class 'psychopy.visual.text.TextStim'>, alignHoriz=method-wrapper(...), alignText='center', alignVert=method-wrapper(...), anchorHoriz='center', anchorVert='center', antialias=True, autoDraw=False, autoLog=True, bold=False, color=array([1., 1., 1.]), colorSpace='rgb', contrast=1.0, depth=0.0, flipHoriz=False, flipVert=False, font='Arial', fontFiles=[], height=0.1, italic=False, languageStyle='LTR', name='text_6', opacity=1.0, ori=0, pos=array([0. , 0.5]), rgb=UNKNOWN, text='', units='norm', win=Window(...), wrapWidth=1)
14.7088 	EXP 	Created tank = ImageStim(__class__=<class 'psychopy.visual.image.ImageStim'>, anchor=('center', 'center'), autoLog=True, color=array([1., 1., 1.]), colorSpace='rgb', contrast=1.0, depth=-4.0, flipHoriz=False, flipVert=False, image='TankOnlyEmpt-01.png', interpolate=True, mask=None, maskParams=None, name='tank', opacity=1.0, ori=0.0, pos=array([0., 0.]), size=array([1.5, 2. ]), texRes=128.0, units='norm', win=Window(...))
14.7107 	EXP 	Created background = Rect(__class__=<class 'psychopy.visual.rect.Rect'>, anchor=('center', 'bottom'), autoDraw=False, autoLog=True, closeShape=True, color=method-wrapper(...), colorSpace='rgb', contrast=None, depth=-5.0, fillColor=array([1, 1, 1]), fillColorSpace='rgb', fillRGB=array([1, 1, 1]), interpolate=True, lineColor=array([-1., -1., -1.]), lineColorSpace='rgb', lineRGB=array([-1, -1, -1]), lineWidth=2, name='background', opacity=1.0, ori=0.0, pos=array([ 0. , -0.5]), size=array([0.15, 0.55]), units='norm', vertices=ndarray(...), win=Window(...))
14.7135 	EXP 	Created barBody = Rect(__class__=<class 'psychopy.visual.rect.Rect'>, anchor=('center', 'bottom'), autoDraw=False, autoLog=True, closeShape=True, color=method-wrapper(...), colorSpace='rgb', contrast=None, depth=-6.0, fillColor=array([-0.6627451 , -0.06666667, -0.51372549]), fillColorSpace='rgb', fillRGB=array([-0.6627451 , -0.06666667, -0.51372549]), interpolate=True, lineColor=array([-0.6627451 , -0.06666667, -0.51372549]), lineColorSpace='rgb', lineRGB=array([-0.6627451 , -0.06666667, -0.51372549]), lineWidth=1, name='barBody', opacity=1.0, ori=0.0, pos=array([0., 0.]), size=array([1., 1.]), units='norm', vertices=ndarray(...), win=Window(...))
14.7152 	EXP 	Created feedbackMsg = TextStim(__class__=<class 'psychopy.visual.text.TextStim'>, alignHoriz=method-wrapper(...), alignText='center', alignVert=method-wrapper(...), anchorHoriz='center', anchorVert='center', antialias=True, autoDraw=False, autoLog=True, bold=False, color=array([1., 1., 1.]), colorSpace='rgb', contrast=1.0, depth=-1.0, flipHoriz=False, flipVert=False, font='Arial', fontFiles=[], height=0.1, italic=False, languageStyle='LTR', name='feedbackMsg', opacity=1.0, ori=0, pos=array([0., 0.]), rgb=UNKNOWN, text='', units='norm', win=Window(...), wrapWidth=1)
14.7371 	EXP 	Created image_rubies = ImageStim(__class__=<class 'psychopy.visual.image.ImageStim'>, anchor=('center', 'center'), autoLog=True, color=array([1., 1., 1.]), colorSpace='rgb', contrast=1.0, depth=-2.0, flipHoriz=False, flipVert=False, image='default.png', interpolate=True, mask=None, maskParams=None, name='image_rubies', opacity=1.0, ori=0.0, pos=array([ 0. , -0.4]), size=array([0.3, 0.3]), texRes=128.0, units='norm', win=Window(...))
14.7991 	EXP 	Created image_shipCrash = ImageStim(__class__=<class 'psychopy.visual.image.ImageStim'>, anchor=('center', 'center'), autoLog=True, color=array([1., 1., 1.]), colorSpace='rgb', contrast=1.0, depth=-3.0, flipHoriz=False, flipVert=False, image='crashedShip.png', interpolate=True, mask=None, maskParams=None, name='image_shipCrash', opacity=1.0, ori=0.0, pos=array([ 0.7, -0.5]), size=array([0.6, 0.7]), texRes=128.0, units='norm', win=Window(...))
14.8396 	EXP 	Created image_shipFull = ImageStim(__class__=<class 'psychopy.visual.image.ImageStim'>, anchor=('center', 'center'), autoLog=True, color=array([1., 1., 1.]), colorSpace='rgb', contrast=1.0, depth=-4.0, flipHoriz=False, flipVert=False, image='fullShip.png', interpolate=True, mask=None, maskParams=None, name='image_shipFull', opacity=1.0, ori=0.0, pos=array([0.7, 0.5]), size=array([0.6, 0.7]), texRes=128.0, units='norm', win=Window(...))
14.8459 	DATA 	Mouse: Left button down, pos=(456,565)
14.8468 	DATA 	Mouse:  Left button up, pos=(456,565)
14.8524 	WARNING 	t of last frame was 5515.61ms (=1/0)
14.8524 	EXP 	reward: autoLog = True
14.8524 	EXP 	reward: markerPos = None
14.8524 	EXP 	reward: styleTweaks = []
14.8524 	EXP 	reward: styleTweaks = []
14.8524 	EXP 	reward: styleTweaks = []
14.8524 	EXP 	reward: styleTweaks = []
14.8524 	EXP 	reward: contrast = 1.0
14.8524 	EXP 	reward: autoLog = True
14.8524 	EXP 	effort: autoLog = True
14.8524 	EXP 	effort: markerPos = None
14.8524 	EXP 	effort: styleTweaks = []
14.8524 	EXP 	effort: styleTweaks = []
14.8524 	EXP 	effort: styleTweaks = []
14.8524 	EXP 	effort: styleTweaks = []
14.8524 	EXP 	effort: contrast = 1.0
14.8524 	EXP 	effort: autoLog = True
14.8524 	EXP 	instrText: autoDraw = True
15.8900 	EXP 	Imported trialTypes.xlsx as conditions, 60 conditions, 5 params
15.8911 	EXP 	Created sequence: sequential, trialTypes=60, nReps=1, seed=None
15.8916 	EXP 	New trial (rep=0, index=0): {'Points': 3, 'FeedbackText1': 'You reached the planet, you get 3 rubies!', 'FeedbackText2': 'You did not have enough battery to reach the planet and missed 3 rubies!', 'stimFile': 'image3.png', 'effLevel': 50}
15.9164 	DATA 	Keypress: return
15.9268 	WARNING 	t of last frame was 73.67ms (=1/13)
15.9268 	EXP 	instrText: autoDraw = False
15.9268 	EXP 	reward: markerPos = None
15.9268 	EXP 	reward: markerPos = None
15.9268 	EXP 	text_rewardRating: autoDraw = True
15.9268 	EXP 	text_rewardRating_2: autoDraw = True
15.9268 	EXP 	coins_little_2: autoDraw = True
15.9268 	EXP 	coins_many_2: autoDraw = True
15.9534 	WARNING 	t of last frame was 26.61ms (=1/37)
15.9534 	EXP 	reward: autoDraw = True
16.5420 	DATA 	Mouse: Left button down, pos=(626,267)
16.5594 	EXP 	reward: markerPos = 3.216666666666667
16.5711 	EXP 	reward: markerPos = 3.216666666666667
16.5990 	WARNING 	t of last frame was 27.96ms (=1/35)
16.5990 	EXP 	reward: markerPos = 3.216666666666667
16.6126 	EXP 	reward: markerPos = 3.225
16.6248 	EXP 	reward: markerPos = 3.225
16.6358 	EXP 	reward: markerPos = 3.225
16.6643 	WARNING 	Multiple dropped frames have occurred - I'll stop bothering you about them!
16.6643 	EXP 	reward: markerPos = 3.225
16.6654 	DATA 	Mouse:  Left button up, pos=(627,267)
16.6789 	EXP 	reward: markerPos = 3.0
17.2339 	DATA 	Keypress: return
17.2711 	EXP 	reward: autoDraw = False
17.2711 	EXP 	text_rewardRating: autoDraw = False
17.2711 	EXP 	text_rewardRating_2: autoDraw = False
17.2711 	EXP 	coins_little_2: autoDraw = False
17.2711 	EXP 	coins_many_2: autoDraw = False
17.2711 	EXP 	effort: markerPos = None
17.2711 	EXP 	effort: markerPos = None
17.2711 	EXP 	fuel_empty: image = 'fuelShipEmpty-01.png'
17.2711 	EXP 	text_effortRating_3: autoDraw = True
17.2711 	EXP 	text_effortRating_4: autoDraw = True
17.2711 	EXP 	fuel_empty: autoDraw = True
17.2711 	EXP 	fuel_full: autoDraw = True
17.2876 	EXP 	effort: autoDraw = True
17.9354 	DATA 	Mouse: Left button down, pos=(895,274)
17.9514 	EXP 	effort: markerPos = 3.9722222222222223
17.9646 	EXP 	effort: markerPos = 3.9722222222222223
17.9789 	EXP 	effort: markerPos = 3.9722222222222223
17.9944 	EXP 	effort: markerPos = 3.9722222222222223
18.0069 	EXP 	effort: markerPos = 3.9722222222222223
18.0196 	EXP 	effort: markerPos = 3.9722222222222223
18.0335 	EXP 	effort: markerPos = 3.9722222222222223
18.0361 	DATA 	Mouse:  Left button up, pos=(895,273)
18.0459 	EXP 	effort: markerPos = 4.0
18.1872 	DATA 	Keypress: return
18.1902 	EXP 	effort: autoDraw = False
18.1902 	EXP 	text_effortRating_3: autoDraw = False
18.1902 	EXP 	text_effortRating_4: autoDraw = False
18.1902 	EXP 	fuel_empty: autoDraw = False
18.1902 	EXP 	fuel_full: autoDraw = False
18.1902 	EXP 	text2_2: autoDraw = True
19.0495 	DATA 	Mouse: Left button down, pos=(887,294)
19.1321 	DATA 	Mouse:  Left button up, pos=(887,294)
19.2023 	EXP 	text2_2: autoDraw = False
19.2023 	EXP 	text2_2: autoDraw = False
19.2023 	EXP 	text_6: height = 0.1
19.2023 	EXP 	text_6: height = 0.1
19.2023 	EXP 	text_6: height = 0.1
19.2023 	EXP 	text_6: text = 'Power up!\n'
19.2023 	EXP 	text_6: autoDraw = True
19.2023 	EXP 	tank: autoDraw = True
19.2023 	EXP 	background: autoDraw = True
19.2023 	EXP 	barBody: autoDraw = True
20.5669 	DATA 	Keypress: z
20.5756 	EXP 	window1: mouseVisible = True
