8.6833 	WARNING 	Couldn't measure a consistent frame rate!
  - Is your graphics card set to sync to vertical blank?
  - Are you running other processes on your computer?

8.6841 	EXP 	Created window1 = Window(allowGUI=True, allowStencil=False, autoLog=True, backendConf=UNKNOWN, backgroundFit=<method-wrapper '__getattribute__' of attributeSetter object at 0x7ff3bdda19d0>, backgroundImage=<method-wrapper '__getattribute__' of attributeSetter object at 0x7ff3bdda1970>, bitsMode=UNKNOWN, blendMode='avg', bpc=(8, 8, 8), color=array([-1.    , -1.    , -0.2471]), colorSpace='rgb', depthBits=8, fullscr=<method-wrapper '__getattribute__' of attributeSetter object at 0x7ff3bdda17f0>, gamma=None, gammaErrorPolicy='raise', lms=UNKNOWN, monitor=<psychopy.monitors.calibTools.Monitor object at 0x7ff3c332e7f0>, multiSample=False, name='window1', numSamples=2, pos=[240.0, 150.0], screen=0, size=array([1440,  900]), stencilBits=0, stereo=False, units='norm', useFBO=True, useRetina=False, viewOri=0.0, viewPos=None, viewScale=None, waitBlanking=True, winType='pyglet')
8.6842 	EXP 	window1: mouseVisible = True
8.6843 	EXP 	window1: backgroundImage = ''
8.6843 	EXP 	window1: backgroundFit = 'cover'
8.6844 	EXP 	window1: mouseVisible = True
8.6844 	EXP 	window1: Attempting to measure frame rate of screen (0) ...
8.6844 	EXP 	window1: recordFrameIntervals = False
8.7998 	EXP 	window1: recordFrameIntervals = True
9.3300 	WARNING 	t of last frame was 21.32ms (=1/46)
9.9461 	WARNING 	Couldn't measure a consistent frame rate!
  - Is your graphics card set to sync to vertical blank?
  - Are you running other processes on your computer?

9.9869 	WARNING 	launchHubServer: If using the iohub mouse or eyetracker devices, fullScr should be True.
12.5332 	EXP 	Created instrText = TextStim(__class__=<class 'psychopy.visual.text.TextStim'>, alignHoriz=method-wrapper(...), alignText='center', alignVert=method-wrapper(...), anchorHoriz='center', anchorVert='center', antialias=True, autoDraw=False, autoLog=True, bold=False, color=array([1., 1., 1.]), colorSpace='rgb', contrast=1.0, depth=-1.0, flipHoriz=False, flipVert=False, font='Arial', fontFiles=[], height=0.1, italic=False, languageStyle='LTR', name='instrText', opacity=1.0, ori=0, pos=array([0. , 0.3]), rgb=UNKNOWN, text=str(...), units='norm', win=Window(...), wrapWidth=1)
12.5540 	EXP 	window1: mouseVisible = True
12.5950 	EXP 	Created reward = Slider(__class__=<class 'psychopy.visual.slider.Slider'>, autoDraw=False, autoLog=True, borderColor=None, color=None, colorSpace='rgb', depth=0, fillColor=None, flip=False, font='Arial', granularity=1.0, labelColor=None, labelHeight=0.1, labelWrapWidth=None, labels=None, lineColor=None, markerColor=None, name='reward', opacity=None, ori=0.0, pos=array([ 0. , -0.4]), readOnly=False, self=UNKNOWN, size=array([1. , 0.1]), startValue=None, style='rating', styleTweaks=[], ticks=array([1, 2, 3, 4, 5, 6, 7]), units='norm', win=Window(...))
12.6160 	EXP 	Created text_rewardRating = TextStim(__class__=<class 'psychopy.visual.text.TextStim'>, alignHoriz=method-wrapper(...), alignText='center', alignVert=method-wrapper(...), anchorHoriz='center', anchorVert='center', antialias=True, autoDraw=False, autoLog=True, bold=False, color=array([1., 1., 1.]), colorSpace='rgb', contrast=1.0, depth=-1.0, flipHoriz=False, flipVert=False, font='Arial', fontFiles=[], height=0.15, italic=False, languageStyle='LTR', name='text_rewardRating', opacity=1.0, ori=0.0, pos=array([0. , 0.5]), rgb=UNKNOWN, text=str(...), units='norm', win=Window(...), wrapWidth=1)
12.6268 	EXP 	Created text_rewardRating_2 = TextStim(__class__=<class 'psychopy.visual.text.TextStim'>, alignHoriz=method-wrapper(...), alignText='center', alignVert=method-wrapper(...), anchorHoriz='center', anchorVert='center', antialias=True, autoDraw=False, autoLog=True, bold=False, color=array([1., 1., 1.]), colorSpace='rgb', contrast=1.0, depth=-2.0, flipHoriz=False, flipVert=False, font='Arial', fontFiles=[], height=0.1, italic=False, languageStyle='LTR', name='text_rewardRating_2', opacity=1.0, ori=0.0, pos=array([0., 0.]), rgb=UNKNOWN, text=str(...), units='norm', win=Window(...), wrapWidth=1)
12.6526 	EXP 	Created coins_little_2 = ImageStim(__class__=<class 'psychopy.visual.image.ImageStim'>, anchor=('center', 'center'), autoLog=True, color=array([1., 1., 1.]), colorSpace='rgb', contrast=1.0, depth=-4.0, flipHoriz=False, flipVert=False, image='image1.png', interpolate=True, mask=None, maskParams=None, name='coins_little_2', opacity=1.0, ori=0.0, pos=array([-0.6, -0.4]), size=array([0.1, 0.1]), texRes=128.0, units='norm', win=Window(...))
12.8645 	EXP 	Created coins_many_2 = ImageStim(__class__=<class 'psychopy.visual.image.ImageStim'>, anchor=('center', 'center'), autoLog=True, color=array([1., 1., 1.]), colorSpace='rgb', contrast=1.0, depth=-5.0, flipHoriz=False, flipVert=False, image='image7.png', interpolate=True, mask=None, maskParams=None, name='coins_many_2', opacity=1.0, ori=0.0, pos=array([ 0.7 , -0.35]), size=array([0.3, 0.3]), texRes=128.0, units='norm', win=Window(...))
12.8781 	EXP 	window1: mouseVisible = True
12.9326 	EXP 	Created effort = Slider(__class__=<class 'psychopy.visual.slider.Slider'>, autoDraw=False, autoLog=True, borderColor=None, color=None, colorSpace='rgb', depth=0, fillColor=None, flip=False, font='Arial', granularity=1.0, labelColor=None, labelHeight=0.1, labelWrapWidth=None, labels=None, lineColor=None, markerColor=None, name='effort', opacity=None, ori=0.0, pos=array([ 0. , -0.4]), readOnly=False, self=UNKNOWN, size=array([1. , 0.1]), startValue=None, style='rating', styleTweaks=[], ticks=array([1, 2, 3, 4, 5]), units='norm', win=Window(...))
12.9520 	EXP 	Created text_effortRating_3 = TextStim(__class__=<class 'psychopy.visual.text.TextStim'>, alignHoriz=method-wrapper(...), alignText='center', alignVert=method-wrapper(...), anchorHoriz='center', anchorVert='center', antialias=True, autoDraw=False, autoLog=True, bold=False, color=array([1., 1., 1.]), colorSpace='rgb', contrast=1.0, depth=-1.0, flipHoriz=False, flipVert=False, font='Arial', fontFiles=[], height=0.15, italic=False, languageStyle='LTR', name='text_effortRating_3', opacity=1.0, ori=0.0, pos=array([0. , 0.5]), rgb=UNKNOWN, text=str(...), units='norm', win=Window(...), wrapWidth=1)
12.9646 	EXP 	Created text_effortRating_4 = TextStim(__class__=<class 'psychopy.visual.text.TextStim'>, alignHoriz=method-wrapper(...), alignText='center', alignVert=method-wrapper(...), anchorHoriz='center', anchorVert='center', antialias=True, autoDraw=False, autoLog=True, bold=False, color=array([1., 1., 1.]), colorSpace='rgb', contrast=1.0, depth=-2.0, flipHoriz=False, flipVert=False, font='Arial', fontFiles=[], height=0.1, italic=False, languageStyle='LTR', name='text_effortRating_4', opacity=1.0, ori=0.0, pos=array([0., 0.]), rgb=UNKNOWN, text=str(...), units='norm', win=Window(...), wrapWidth=1)
12.9971 	EXP 	Created fuel_empty = ImageStim(__class__=<class 'psychopy.visual.image.ImageStim'>, anchor=('center', 'center'), autoLog=True, color=array([1., 1., 1.]), colorSpace='rgb', contrast=1.0, depth=-4.0, flipHoriz=False, flipVert=False, image='default.png', interpolate=True, mask=None, maskParams=None, name='fuel_empty', opacity=1.0, ori=0.0, pos=array([-0.7, -0.3]), size=array([0.3, 0.5]), texRes=128.0, units='norm', win=Window(...))
14.7789 	EXP 	Created fuel_full = ImageStim(__class__=<class 'psychopy.visual.image.ImageStim'>, anchor=('center', 'center'), autoLog=True, color=array([1., 1., 1.]), colorSpace='rgb', contrast=1.0, depth=-5.0, flipHoriz=False, flipVert=False, image='fuelShipFull-01.png', interpolate=True, mask=None, maskParams=None, name='fuel_full', opacity=1.0, ori=0.0, pos=array([ 0.7, -0.3]), size=array([0.34, 0.5 ]), texRes=128.0, units='norm', win=Window(...))
14.7861 	EXP 	Created text2_2 = TextStim(__class__=<class 'psychopy.visual.text.TextStim'>, alignHoriz=method-wrapper(...), alignText='center', alignVert=method-wrapper(...), anchorHoriz='center', anchorVert='center', antialias=True, autoDraw=False, autoLog=True, bold=False, color=array([1., 1., 1.]), colorSpace='rgb', contrast=1.0, depth=0.0, flipHoriz=False, flipVert=False, font='Arial', fontFiles=[], height=0.5, italic=False, languageStyle='LTR', name='text2_2', opacity=1.0, ori=0, pos=array([0., 0.]), rgb=UNKNOWN, text='+', units='norm', win=Window(...), wrapWidth=1)
14.7877 	EXP 	Created text_6 = TextStim(__class__=<class 'psychopy.visual.text.TextStim'>, alignHoriz=method-wrapper(...), alignText='center', alignVert=method-wrapper(...), anchorHoriz='center', anchorVert='center', antialias=True, autoDraw=False, autoLog=True, bold=False, color=array([1., 1., 1.]), colorSpace='rgb', contrast=1.0, depth=0.0, flipHoriz=False, flipVert=False, font='Arial', fontFiles=[], height=0.1, italic=False, languageStyle='LTR', name='text_6', opacity=1.0, ori=0, pos=array([0. , 0.5]), rgb=UNKNOWN, text='', units='norm', win=Window(...), wrapWidth=1)
16.0280 	EXP 	Created tank = ImageStim(__class__=<class 'psychopy.visual.image.ImageStim'>, anchor=('center', 'center'), autoLog=True, color=array([1., 1., 1.]), colorSpace='rgb', contrast=1.0, depth=-4.0, flipHoriz=False, flipVert=False, image='TankOnlyEmpt-01.png', interpolate=True, mask=None, maskParams=None, name='tank', opacity=1.0, ori=0.0, pos=array([0., 0.]), size=array([1.5, 2. ]), texRes=128.0, units='norm', win=Window(...))
16.0299 	EXP 	Created background = Rect(__class__=<class 'psychopy.visual.rect.Rect'>, anchor=('center', 'bottom'), autoDraw=False, autoLog=True, closeShape=True, color=method-wrapper(...), colorSpace='rgb', contrast=None, depth=-5.0, fillColor=array([1, 1, 1]), fillColorSpace='rgb', fillRGB=array([1, 1, 1]), interpolate=True, lineColor=array([-1., -1., -1.]), lineColorSpace='rgb', lineRGB=array([-1, -1, -1]), lineWidth=2, name='background', opacity=1.0, ori=0.0, pos=array([ 0. , -0.5]), size=array([0.15, 0.55]), units='norm', vertices=ndarray(...), win=Window(...))
16.0327 	EXP 	Created barBody = Rect(__class__=<class 'psychopy.visual.rect.Rect'>, anchor=('center', 'bottom'), autoDraw=False, autoLog=True, closeShape=True, color=method-wrapper(...), colorSpace='rgb', contrast=None, depth=-6.0, fillColor=array([-0.6627451 , -0.06666667, -0.51372549]), fillColorSpace='rgb', fillRGB=array([-0.6627451 , -0.06666667, -0.51372549]), interpolate=True, lineColor=array([-0.6627451 , -0.06666667, -0.51372549]), lineColorSpace='rgb', lineRGB=array([-0.6627451 , -0.06666667, -0.51372549]), lineWidth=1, name='barBody', opacity=1.0, ori=0.0, pos=array([0., 0.]), size=array([1., 1.]), units='norm', vertices=ndarray(...), win=Window(...))
16.0344 	EXP 	Created feedbackMsg = TextStim(__class__=<class 'psychopy.visual.text.TextStim'>, alignHoriz=method-wrapper(...), alignText='center', alignVert=method-wrapper(...), anchorHoriz='center', anchorVert='center', antialias=True, autoDraw=False, autoLog=True, bold=False, color=array([1., 1., 1.]), colorSpace='rgb', contrast=1.0, depth=-1.0, flipHoriz=False, flipVert=False, font='Arial', fontFiles=[], height=0.1, italic=False, languageStyle='LTR', name='feedbackMsg', opacity=1.0, ori=0, pos=array([0., 0.]), rgb=UNKNOWN, text='', units='norm', win=Window(...), wrapWidth=1)
16.0563 	EXP 	Created image_rubies = ImageStim(__class__=<class 'psychopy.visual.image.ImageStim'>, anchor=('center', 'center'), autoLog=True, color=array([1., 1., 1.]), colorSpace='rgb', contrast=1.0, depth=-2.0, flipHoriz=False, flipVert=False, image='default.png', interpolate=True, mask=None, maskParams=None, name='image_rubies', opacity=1.0, ori=0.0, pos=array([ 0. , -0.4]), size=array([0.3, 0.3]), texRes=128.0, units='norm', win=Window(...))
16.1176 	EXP 	Created image_shipCrash = ImageStim(__class__=<class 'psychopy.visual.image.ImageStim'>, anchor=('center', 'center'), autoLog=True, color=array([1., 1., 1.]), colorSpace='rgb', contrast=1.0, depth=-3.0, flipHoriz=False, flipVert=False, image='crashedShip.png', interpolate=True, mask=None, maskParams=None, name='image_shipCrash', opacity=1.0, ori=0.0, pos=array([ 0.7, -0.5]), size=array([0.6, 0.7]), texRes=128.0, units='norm', win=Window(...))
16.1566 	EXP 	Created image_shipFull = ImageStim(__class__=<class 'psychopy.visual.image.ImageStim'>, anchor=('center', 'center'), autoLog=True, color=array([1., 1., 1.]), colorSpace='rgb', contrast=1.0, depth=-4.0, flipHoriz=False, flipVert=False, image='fullShip.png', interpolate=True, mask=None, maskParams=None, name='image_shipFull', opacity=1.0, ori=0.0, pos=array([0.7, 0.5]), size=array([0.6, 0.7]), texRes=128.0, units='norm', win=Window(...))
16.2125 	WARNING 	t of last frame was 6266.57ms (=1/0)
16.2125 	EXP 	reward: autoLog = True
16.2125 	EXP 	reward: markerPos = None
16.2125 	EXP 	reward: styleTweaks = []
16.2125 	EXP 	reward: styleTweaks = []
16.2125 	EXP 	reward: styleTweaks = []
16.2125 	EXP 	reward: styleTweaks = []
16.2125 	EXP 	reward: contrast = 1.0
16.2125 	EXP 	reward: autoLog = True
16.2125 	EXP 	effort: autoLog = True
16.2125 	EXP 	effort: markerPos = None
16.2125 	EXP 	effort: styleTweaks = []
16.2125 	EXP 	effort: styleTweaks = []
16.2125 	EXP 	effort: styleTweaks = []
16.2125 	EXP 	effort: styleTweaks = []
16.2125 	EXP 	effort: contrast = 1.0
16.2125 	EXP 	effort: autoLog = True
16.2125 	EXP 	instrText: autoDraw = True
17.3862 	WARNING 	t of last frame was 73.55ms (=1/13)
17.4115 	WARNING 	t of last frame was 25.26ms (=1/39)
17.4465 	WARNING 	Multiple dropped frames have occurred - I'll stop bothering you about them!
17.6130 	EXP 	Imported trialTypes.xlsx as conditions, 60 conditions, 5 params
17.6144 	EXP 	Created sequence: sequential, trialTypes=60, nReps=1, seed=None
17.6147 	EXP 	New trial (rep=0, index=0): {'Points': 3, 'FeedbackText1': 'You reached the planet, you get 3 rubies!', 'FeedbackText2': 'You did not have enough battery to reach the planet and missed 3 rubies!', 'stimFile': 'image3.png', 'effLevel': 50}
17.6387 	DATA 	Keypress: return
17.6468 	EXP 	instrText: autoDraw = False
17.6468 	EXP 	reward: markerPos = None
17.6468 	EXP 	reward: markerPos = None
17.6468 	EXP 	text_rewardRating: autoDraw = True
17.6468 	EXP 	text_rewardRating_2: autoDraw = True
17.6468 	EXP 	coins_little_2: autoDraw = True
17.6468 	EXP 	coins_many_2: autoDraw = True
17.6713 	EXP 	reward: autoDraw = True
18.2029 	DATA 	Mouse: Left button down, pos=(827,244)
18.3056 	DATA 	Mouse:  Left button up, pos=(827,244)
18.7781 	DATA 	Mouse: Left button down, pos=(845,276)
18.7890 	EXP 	reward: markerPos = 5.041666666666667
18.7988 	EXP 	reward: markerPos = 5.041666666666667
18.8101 	EXP 	reward: markerPos = 5.041666666666667
18.8212 	EXP 	reward: markerPos = 5.041666666666667
18.8321 	EXP 	reward: markerPos = 5.041666666666667
18.8439 	EXP 	reward: markerPos = 5.041666666666667
18.8551 	EXP 	reward: markerPos = 5.041666666666667
18.8669 	EXP 	reward: markerPos = 5.041666666666667
18.8753 	DATA 	Mouse:  Left button up, pos=(845,276)
18.8780 	EXP 	reward: markerPos = 5.041666666666667
18.8889 	EXP 	reward: markerPos = 5.0
19.4431 	DATA 	Keypress: return
19.5207 	EXP 	reward: autoDraw = False
19.5207 	EXP 	text_rewardRating: autoDraw = False
19.5207 	EXP 	text_rewardRating_2: autoDraw = False
19.5207 	EXP 	coins_little_2: autoDraw = False
19.5207 	EXP 	coins_many_2: autoDraw = False
19.5207 	EXP 	effort: markerPos = None
19.5207 	EXP 	effort: markerPos = None
19.5207 	EXP 	fuel_empty: image = 'fuelShipEmpty-01.png'
19.5207 	EXP 	text_effortRating_3: autoDraw = True
19.5207 	EXP 	text_effortRating_4: autoDraw = True
19.5207 	EXP 	fuel_empty: autoDraw = True
19.5207 	EXP 	fuel_full: autoDraw = True
19.5381 	EXP 	effort: autoDraw = True
20.1535 	DATA 	Mouse: Left button down, pos=(963,261)
20.1649 	EXP 	effort: markerPos = 4.35
20.1779 	EXP 	effort: markerPos = 4.35
20.1899 	EXP 	effort: markerPos = 4.35
20.2028 	EXP 	effort: markerPos = 4.35
20.2160 	EXP 	effort: markerPos = 4.35
20.2277 	EXP 	effort: markerPos = 4.35
20.2399 	EXP 	effort: markerPos = 4.35
20.2413 	DATA 	Mouse:  Left button up, pos=(963,261)
20.2519 	EXP 	effort: markerPos = 4.0
20.5258 	DATA 	Keypress: return
20.5424 	EXP 	effort: autoDraw = False
20.5424 	EXP 	text_effortRating_3: autoDraw = False
20.5424 	EXP 	text_effortRating_4: autoDraw = False
20.5424 	EXP 	fuel_empty: autoDraw = False
20.5424 	EXP 	fuel_full: autoDraw = False
20.5424 	EXP 	text2_2: autoDraw = True
21.5556 	EXP 	text2_2: autoDraw = False
21.5556 	EXP 	text2_2: autoDraw = False
21.5556 	EXP 	text_6: height = 0.1
21.5556 	EXP 	text_6: height = 0.1
21.5556 	EXP 	text_6: height = 0.1
21.5556 	EXP 	text_6: text = 'Power up!\n'
21.5556 	EXP 	text_6: autoDraw = True
21.5556 	EXP 	tank: autoDraw = True
21.5556 	EXP 	background: autoDraw = True
21.5556 	EXP 	barBody: autoDraw = True
23.1986 	DATA 	Keypress: z
23.3075 	DATA 	Keypress: p
23.4323 	DATA 	Keypress: z
23.5420 	DATA 	Keypress: p
23.6606 	DATA 	Keypress: z
23.7827 	DATA 	Keypress: p
23.9019 	DATA 	Keypress: z
24.0216 	DATA 	Keypress: p
24.1513 	DATA 	Keypress: z
24.2616 	DATA 	Keypress: p
24.3790 	DATA 	Keypress: z
24.4778 	DATA 	Keypress: p
24.6345 	DATA 	Keypress: z
24.7826 	DATA 	Keypress: p
25.0919 	DATA 	Keypress: p
25.1418 	DATA 	Keypress: z
25.5176 	DATA 	Keypress: p
25.8146 	DATA 	Keypress: z
26.1429 	DATA 	Keypress: p
26.5980 	EXP 	text_6: autoDraw = False
26.5980 	EXP 	tank: autoDraw = False
26.5980 	EXP 	background: autoDraw = False
26.5980 	EXP 	barBody: autoDraw = False
26.5980 	EXP 	feedbackMsg: height = 0.1
26.5980 	EXP 	feedbackMsg: height = 0.1
26.5980 	EXP 	feedbackMsg: height = 0.1
26.5980 	EXP 	feedbackMsg: text = 'You did not have enough battery to reach the planet and missed 3 rubies!'
26.5980 	EXP 	image_rubies: image = 'image3.png'
26.5980 	EXP 	feedbackMsg: autoDraw = True
26.5980 	EXP 	image_rubies: autoDraw = True
28.4475 	DATA 	Keypress: escape
29.0871 	EXP 	window1: mouseVisible = True
