9.7617 	WARNING 	Couldn't measure a consistent frame rate!
  - Is your graphics card set to sync to vertical blank?
  - Are you running other processes on your computer?

9.7623 	EXP 	Created window1 = Window(allowGUI=True, allowStencil=False, autoLog=True, backendConf=UNKNOWN, backgroundFit=<method-wrapper '__getattribute__' of attributeSetter object at 0x7fc63b08aa00>, backgroundImage=<method-wrapper '__getattribute__' of attributeSetter object at 0x7fc63b08a9a0>, bitsMode=UNKNOWN, blendMode='avg', bpc=(8, 8, 8), color=array([0, 0, 0]), colorSpace='rgb', depthBits=8, fullscr=<method-wrapper '__getattribute__' of attributeSetter object at 0x7fc63b08a820>, gamma=None, gammaErrorPolicy='raise', lms=UNKNOWN, monitor=<psychopy.monitors.calibTools.Monitor object at 0x7fc63cd64850>, multiSample=False, name='window1', numSamples=2, pos=(360, 225), screen=0, size=array([2880, 1800]), stencilBits=0, stereo=False, units='norm', useFBO=True, useRetina=True, viewOri=0.0, viewPos=None, viewScale=None, waitBlanking=True, winType='pyglet')
9.7626 	EXP 	window1: mouseVisible = True
9.7626 	EXP 	window1: backgroundImage = ''
9.7626 	EXP 	window1: backgroundFit = 'cover'
9.7628 	EXP 	window1: mouseVisible = True
9.7628 	EXP 	window1: Attempting to measure frame rate of screen (0) ...
9.7628 	EXP 	window1: recordFrameIntervals = False
9.8506 	EXP 	window1: recordFrameIntervals = True
10.7182 	WARNING 	Couldn't measure a consistent frame rate!
  - Is your graphics card set to sync to vertical blank?
  - Are you running other processes on your computer?

10.7585 	WARNING 	launchHubServer: If using the iohub mouse or eyetracker devices, fullScr should be True.
13.0812 	EXP 	Created instrText = TextStim(__class__=<class 'psychopy.visual.text.TextStim'>, alignHoriz=method-wrapper(...), alignText='center', alignVert=method-wrapper(...), anchorHoriz='center', anchorVert='center', antialias=True, autoDraw=False, autoLog=True, bold=False, color=array([1., 1., 1.]), colorSpace='rgb', contrast=1.0, depth=-1.0, flipHoriz=False, flipVert=False, font='Arial', fontFiles=[], height=0.1, italic=False, languageStyle='LTR', name='instrText', opacity=1.0, ori=0, pos=array([0. , 0.3]), rgb=UNKNOWN, text=str(...), units='norm', win=Window(...), wrapWidth=1)
13.1008 	EXP 	window1: mouseVisible = True
13.1309 	EXP 	Created reward = Slider(__class__=<class 'psychopy.visual.slider.Slider'>, autoDraw=False, autoLog=True, borderColor=None, color=None, colorSpace='rgb', depth=0, fillColor=None, flip=False, font='Arial', granularity=1.0, labelColor=None, labelHeight=0.1, labelWrapWidth=None, labels=None, lineColor=None, markerColor=None, name='reward', opacity=None, ori=0.0, pos=array([ 0. , -0.4]), readOnly=False, self=UNKNOWN, size=array([1. , 0.1]), startValue=None, style='rating', styleTweaks=[], ticks=array([1, 2, 3, 4, 5, 6, 7]), units='norm', win=Window(...))
13.1501 	EXP 	Created text_rewardRating = TextStim(__class__=<class 'psychopy.visual.text.TextStim'>, alignHoriz=method-wrapper(...), alignText='center', alignVert=method-wrapper(...), anchorHoriz='center', anchorVert='center', antialias=True, autoDraw=False, autoLog=True, bold=False, color=array([1., 1., 1.]), colorSpace='rgb', contrast=1.0, depth=-1.0, flipHoriz=False, flipVert=False, font='Arial', fontFiles=[], height=0.15, italic=False, languageStyle='LTR', name='text_rewardRating', opacity=1.0, ori=0.0, pos=array([0. , 0.5]), rgb=UNKNOWN, text=str(...), units='norm', win=Window(...), wrapWidth=1)
13.1606 	EXP 	Created text_rewardRating_2 = TextStim(__class__=<class 'psychopy.visual.text.TextStim'>, alignHoriz=method-wrapper(...), alignText='center', alignVert=method-wrapper(...), anchorHoriz='center', anchorVert='center', antialias=True, autoDraw=False, autoLog=True, bold=False, color=array([1., 1., 1.]), colorSpace='rgb', contrast=1.0, depth=-2.0, flipHoriz=False, flipVert=False, font='Arial', fontFiles=[], height=0.1, italic=False, languageStyle='LTR', name='text_rewardRating_2', opacity=1.0, ori=0.0, pos=array([0., 0.]), rgb=UNKNOWN, text=str(...), units='norm', win=Window(...), wrapWidth=1)
13.1837 	EXP 	Created coins_little_2 = ImageStim(__class__=<class 'psychopy.visual.image.ImageStim'>, anchor=('center', 'center'), autoLog=True, color=array([1., 1., 1.]), colorSpace='rgb', contrast=1.0, depth=-4.0, flipHoriz=False, flipVert=False, image='image1.png', interpolate=True, mask=None, maskParams=None, name='coins_little_2', opacity=1.0, ori=0.0, pos=array([-0.6, -0.4]), size=array([0.1, 0.1]), texRes=128.0, units='norm', win=Window(...))
13.3152 	EXP 	Created coins_many_2 = ImageStim(__class__=<class 'psychopy.visual.image.ImageStim'>, anchor=('center', 'center'), autoLog=True, color=array([1., 1., 1.]), colorSpace='rgb', contrast=1.0, depth=-5.0, flipHoriz=False, flipVert=False, image='image7.png', interpolate=True, mask=None, maskParams=None, name='coins_many_2', opacity=1.0, ori=0.0, pos=array([ 0.7 , -0.35]), size=array([0.3, 0.3]), texRes=128.0, units='norm', win=Window(...))
13.3227 	EXP 	window1: mouseVisible = True
13.3501 	EXP 	Created effort = Slider(__class__=<class 'psychopy.visual.slider.Slider'>, autoDraw=False, autoLog=True, borderColor=None, color=None, colorSpace='rgb', depth=0, fillColor=None, flip=False, font='Arial', granularity=1.0, labelColor=None, labelHeight=0.1, labelWrapWidth=None, labels=None, lineColor=None, markerColor=None, name='effort', opacity=None, ori=0.0, pos=array([ 0. , -0.4]), readOnly=False, self=UNKNOWN, size=array([1. , 0.1]), startValue=None, style='rating', styleTweaks=[], ticks=array([1, 2, 3, 4, 5]), units='norm', win=Window(...))
13.3562 	EXP 	Created text_effortRating_3 = TextStim(__class__=<class 'psychopy.visual.text.TextStim'>, alignHoriz=method-wrapper(...), alignText='center', alignVert=method-wrapper(...), anchorHoriz='center', anchorVert='center', antialias=True, autoDraw=False, autoLog=True, bold=False, color=array([1., 1., 1.]), colorSpace='rgb', contrast=1.0, depth=-1.0, flipHoriz=False, flipVert=False, font='Arial', fontFiles=[], height=0.15, italic=False, languageStyle='LTR', name='text_effortRating_3', opacity=1.0, ori=0.0, pos=array([0. , 0.5]), rgb=UNKNOWN, text=str(...), units='norm', win=Window(...), wrapWidth=1)
13.3617 	EXP 	Created text_effortRating_4 = TextStim(__class__=<class 'psychopy.visual.text.TextStim'>, alignHoriz=method-wrapper(...), alignText='center', alignVert=method-wrapper(...), anchorHoriz='center', anchorVert='center', antialias=True, autoDraw=False, autoLog=True, bold=False, color=array([1., 1., 1.]), colorSpace='rgb', contrast=1.0, depth=-2.0, flipHoriz=False, flipVert=False, font='Arial', fontFiles=[], height=0.1, italic=False, languageStyle='LTR', name='text_effortRating_4', opacity=1.0, ori=0.0, pos=array([0., 0.]), rgb=UNKNOWN, text=str(...), units='norm', win=Window(...), wrapWidth=1)
13.3913 	EXP 	Created battery_empty = ImageStim(__class__=<class 'psychopy.visual.image.ImageStim'>, anchor=('center', 'center'), autoLog=True, color=array([1., 1., 1.]), colorSpace='rgb', contrast=1.0, depth=-4.0, flipHoriz=False, flipVert=False, image='./stim/BattEmpty_black-01.png', interpolate=True, mask=None, maskParams=None, name='battery_empty', opacity=1.0, ori=0.0, pos=array([-0.6 , -0.45]), size=array([0.15, 0.3 ]), texRes=128.0, units='norm', win=Window(...))
13.4177 	EXP 	Created battery_full = ImageStim(__class__=<class 'psychopy.visual.image.ImageStim'>, anchor=('center', 'center'), autoLog=True, color=array([1., 1., 1.]), colorSpace='rgb', contrast=1.0, depth=-5.0, flipHoriz=False, flipVert=False, image='./stim/BattFull_black-01.png', interpolate=True, mask=None, maskParams=None, name='battery_full', opacity=1.0, ori=0.0, pos=array([ 0.6 , -0.45]), size=array([0.15, 0.3 ]), texRes=128.0, units='norm', win=Window(...))
13.4241 	EXP 	Created text2_2 = TextStim(__class__=<class 'psychopy.visual.text.TextStim'>, alignHoriz=method-wrapper(...), alignText='center', alignVert=method-wrapper(...), anchorHoriz='center', anchorVert='center', antialias=True, autoDraw=False, autoLog=True, bold=False, color=array([1., 1., 1.]), colorSpace='rgb', contrast=1.0, depth=0.0, flipHoriz=False, flipVert=False, font='Arial', fontFiles=[], height=0.5, italic=False, languageStyle='LTR', name='text2_2', opacity=1.0, ori=0, pos=array([0., 0.]), rgb=UNKNOWN, text='+', units='norm', win=Window(...), wrapWidth=1)
13.4255 	EXP 	Created text_6 = TextStim(__class__=<class 'psychopy.visual.text.TextStim'>, alignHoriz=method-wrapper(...), alignText='center', alignVert=method-wrapper(...), anchorHoriz='center', anchorVert='center', antialias=True, autoDraw=False, autoLog=True, bold=False, color=array([1., 1., 1.]), colorSpace='rgb', contrast=1.0, depth=0.0, flipHoriz=False, flipVert=False, font='Arial', fontFiles=[], height=0.1, italic=False, languageStyle='LTR', name='text_6', opacity=1.0, ori=0, pos=array([0. , 0.5]), rgb=UNKNOWN, text='', units='norm', win=Window(...), wrapWidth=1)
13.4269 	EXP 	Created background = Rect(__class__=<class 'psychopy.visual.rect.Rect'>, anchor=('center', 'bottom'), autoDraw=False, autoLog=True, closeShape=True, color=method-wrapper(...), colorSpace='rgb', contrast=None, depth=-4.0, fillColor=array([1, 1, 1]), fillColorSpace='rgb', fillRGB=array([1, 1, 1]), interpolate=True, lineColor=array([-1., -1., -1.]), lineColorSpace='rgb', lineRGB=array([-1, -1, -1]), lineWidth=2, name='background', opacity=1.0, ori=0.0, pos=array([ 0.  , -0.55]), size=array([0.2 , 0.55]), units='norm', vertices=ndarray(...), win=Window(...))
13.4286 	EXP 	Created barBody = Rect(__class__=<class 'psychopy.visual.rect.Rect'>, anchor=('center', 'bottom'), autoDraw=False, autoLog=True, closeShape=True, color=method-wrapper(...), colorSpace='rgb', contrast=None, depth=-5.0, fillColor=array([ 0.0902, -1.    , -1.    ]), fillColorSpace='rgb', fillRGB=array([ 0.0902, -1.    , -1.    ]), interpolate=True, lineColor=array([ 0.0902, -1.    , -1.    ]), lineColorSpace='rgb', lineRGB=array([ 0.0902, -1.    , -1.    ]), lineWidth=1, name='barBody', opacity=1.0, ori=0.0, pos=array([0., 0.]), size=array([1., 1.]), units='norm', vertices=ndarray(...), win=Window(...))
13.4301 	EXP 	Created barTop = Rect(__class__=<class 'psychopy.visual.rect.Rect'>, anchor=('center', 'bottom'), autoDraw=False, autoLog=True, closeShape=True, color=method-wrapper(...), colorSpace='rgb', contrast=None, depth=-6.0, fillColor=array([-1, -1, -1]), fillColorSpace='rgb', fillRGB=array([-1, -1, -1]), interpolate=True, lineColor=array([-1., -1., -1.]), lineColorSpace='rgb', lineRGB=array([-1, -1, -1]), lineWidth=2, name='barTop', opacity=1.0, ori=0.0, pos=array([0., 0.]), size=array([1., 1.]), units='norm', vertices=ndarray(...), win=Window(...))
13.4314 	EXP 	Created feedbackMsg = TextStim(__class__=<class 'psychopy.visual.text.TextStim'>, alignHoriz=method-wrapper(...), alignText='center', alignVert=method-wrapper(...), anchorHoriz='center', anchorVert='center', antialias=True, autoDraw=False, autoLog=True, bold=False, color=array([1., 1., 1.]), colorSpace='rgb', contrast=1.0, depth=-1.0, flipHoriz=False, flipVert=False, font='Arial', fontFiles=[], height=0.1, italic=False, languageStyle='LTR', name='feedbackMsg', opacity=1.0, ori=0, pos=array([0., 0.]), rgb=UNKNOWN, text='', units='norm', win=Window(...), wrapWidth=1)
13.4489 	EXP 	Created image_rubies = ImageStim(__class__=<class 'psychopy.visual.image.ImageStim'>, anchor=('center', 'center'), autoLog=True, color=array([1., 1., 1.]), colorSpace='rgb', contrast=1.0, depth=-2.0, flipHoriz=False, flipVert=False, image='default.png', interpolate=True, mask=None, maskParams=None, name='image_rubies', opacity=1.0, ori=0.0, pos=array([ 0. , -0.4]), size=array([0.3, 0.3]), texRes=128.0, units='norm', win=Window(...))
13.5026 	EXP 	Created image_shipCrash = ImageStim(__class__=<class 'psychopy.visual.image.ImageStim'>, anchor=('center', 'center'), autoLog=True, color=array([1., 1., 1.]), colorSpace='rgb', contrast=1.0, depth=-3.0, flipHoriz=False, flipVert=False, image='crashedShip.png', interpolate=True, mask=None, maskParams=None, name='image_shipCrash', opacity=1.0, ori=0.0, pos=array([-0.7,  0.7]), size=array([0.6, 0.7]), texRes=128.0, units='norm', win=Window(...))
13.5153 	DATA 	Mouse: Left button down, pos=(438,566)
13.5157 	DATA 	Mouse:  Left button up, pos=(438,566)
13.5338 	WARNING 	t of last frame was 2815.91ms (=1/0)
13.5338 	EXP 	reward: autoLog = True
13.5338 	EXP 	reward: markerPos = None
13.5338 	EXP 	reward: styleTweaks = []
13.5338 	EXP 	reward: styleTweaks = []
13.5338 	EXP 	reward: styleTweaks = []
13.5338 	EXP 	reward: styleTweaks = []
13.5338 	EXP 	reward: contrast = 1.0
13.5338 	EXP 	reward: autoLog = True
13.5338 	EXP 	effort: autoLog = True
13.5338 	EXP 	effort: markerPos = None
13.5338 	EXP 	effort: styleTweaks = []
13.5338 	EXP 	effort: styleTweaks = []
13.5338 	EXP 	effort: styleTweaks = []
13.5338 	EXP 	effort: styleTweaks = []
13.5338 	EXP 	effort: contrast = 1.0
13.5338 	EXP 	effort: autoLog = True
13.5338 	EXP 	instrText: autoDraw = True
13.5648 	WARNING 	t of last frame was 31.03ms (=1/32)
13.5849 	WARNING 	t of last frame was 20.02ms (=1/49)
13.6077 	WARNING 	t of last frame was 22.82ms (=1/43)
13.6340 	WARNING 	Multiple dropped frames have occurred - I'll stop bothering you about them!
14.4316 	DATA 	Keypress: space
15.2854 	EXP 	Imported trialTypes.xlsx as conditions, 60 conditions, 5 params
15.2866 	EXP 	Created sequence: sequential, trialTypes=60, nReps=1, seed=None
15.2869 	EXP 	New trial (rep=0, index=0): {'Points': 3, 'FeedbackText1': 'You reached the planet, you get 3 rubies!', 'FeedbackText2': 'You did not have enough battery to reach the planet and missed 3 rubies!', 'stimFile': 'image3.png', 'effLevel': 50}
15.3025 	DATA 	Keypress: return
15.3149 	EXP 	instrText: autoDraw = False
15.3149 	EXP 	reward: markerPos = None
15.3149 	EXP 	reward: markerPos = None
15.3149 	EXP 	text_rewardRating: autoDraw = True
15.3149 	EXP 	text_rewardRating_2: autoDraw = True
15.3149 	EXP 	coins_little_2: autoDraw = True
15.3149 	EXP 	coins_many_2: autoDraw = True
15.3473 	EXP 	reward: autoDraw = True
16.4038 	DATA 	Mouse: Left button down, pos=(405,251)
16.4263 	EXP 	reward: markerPos = 1.375
16.4468 	EXP 	reward: markerPos = 1.375
16.4662 	EXP 	reward: markerPos = 1.375
16.4877 	EXP 	reward: markerPos = 1.375
16.4991 	DATA 	Mouse:  Left button up, pos=(405,251)
16.5083 	EXP 	reward: markerPos = 1.375
16.5304 	EXP 	reward: markerPos = 1.0
16.9575 	DATA 	Keypress: return
16.9680 	EXP 	reward: autoDraw = False
16.9680 	EXP 	text_rewardRating: autoDraw = False
16.9680 	EXP 	text_rewardRating_2: autoDraw = False
16.9680 	EXP 	coins_little_2: autoDraw = False
16.9680 	EXP 	coins_many_2: autoDraw = False
16.9680 	EXP 	effort: markerPos = None
16.9680 	EXP 	effort: markerPos = None
16.9680 	EXP 	text_effortRating_3: autoDraw = True
16.9680 	EXP 	text_effortRating_4: autoDraw = True
16.9680 	EXP 	battery_empty: autoDraw = True
16.9680 	EXP 	battery_full: autoDraw = True
16.9874 	EXP 	effort: autoDraw = True
17.6138 	DATA 	Mouse: Left button down, pos=(405,255)
17.6350 	EXP 	effort: markerPos = 1.25
17.6564 	EXP 	effort: markerPos = 1.25
17.6793 	EXP 	effort: markerPos = 1.25
17.7004 	EXP 	effort: markerPos = 1.25
17.7124 	DATA 	Mouse:  Left button up, pos=(405,255)
17.7224 	EXP 	effort: markerPos = 1.25
17.7427 	EXP 	effort: markerPos = 1.0
18.1311 	DATA 	Keypress: return
18.1403 	EXP 	effort: autoDraw = False
18.1403 	EXP 	text_effortRating_3: autoDraw = False
18.1403 	EXP 	text_effortRating_4: autoDraw = False
18.1403 	EXP 	battery_empty: autoDraw = False
18.1403 	EXP 	battery_full: autoDraw = False
18.1403 	EXP 	text2_2: autoDraw = True
19.1529 	EXP 	text2_2: autoDraw = False
19.1529 	EXP 	text2_2: autoDraw = False
19.1529 	EXP 	text_6: height = 0.1
19.1529 	EXP 	text_6: height = 0.1
19.1529 	EXP 	text_6: height = 0.1
19.1529 	EXP 	text_6: text = 'Power up!\n'
19.1529 	EXP 	text_6: autoDraw = True
19.1529 	EXP 	background: autoDraw = True
19.1529 	EXP 	barBody: autoDraw = True
19.1529 	EXP 	barTop: autoDraw = True
19.7148 	DATA 	Keypress: space
19.8856 	DATA 	Keypress: space
20.0699 	DATA 	Keypress: space
20.2050 	EXP 	text_6: autoDraw = False
20.2050 	EXP 	background: autoDraw = False
20.2050 	EXP 	barBody: autoDraw = False
20.2050 	EXP 	barTop: autoDraw = False
20.2050 	EXP 	feedbackMsg: height = 0.1
20.2050 	EXP 	feedbackMsg: height = 0.1
20.2050 	EXP 	feedbackMsg: height = 0.1
20.2050 	EXP 	feedbackMsg: text = 'You did not have enough battery to reach the planet and missed 3 rubies!'
20.2050 	EXP 	image_rubies: image = 'image3.png'
20.2050 	EXP 	feedbackMsg: autoDraw = True
20.2050 	EXP 	image_rubies: autoDraw = True
20.2050 	EXP 	image_shipCrash: autoDraw = True
20.2653 	DATA 	Keypress: space
23.5938 	DATA 	Keypress: escape
24.1460 	EXP 	window1: mouseVisible = True
