11.0536 	WARNING 	Couldn't measure a consistent frame rate!
  - Is your graphics card set to sync to vertical blank?
  - Are you running other processes on your computer?

11.0542 	EXP 	Created window1 = Window(allowGUI=True, allowStencil=False, autoLog=True, backendConf=UNKNOWN, backgroundFit=<method-wrapper '__getattribute__' of attributeSetter object at 0x7faf5fd149d0>, backgroundImage=<method-wrapper '__getattribute__' of attributeSetter object at 0x7faf5fd14970>, bitsMode=UNKNOWN, blendMode='avg', bpc=(8, 8, 8), color=array([0, 0, 0]), colorSpace='rgb', depthBits=8, fullscr=<method-wrapper '__getattribute__' of attributeSetter object at 0x7faf5fd147f0>, gamma=None, gammaErrorPolicy='raise', lms=UNKNOWN, monitor=<psychopy.monitors.calibTools.Monitor object at 0x7faf652ef7c0>, multiSample=False, name='window1', numSamples=2, pos=(360, 225), screen=0, size=array([2880, 1800]), stencilBits=0, stereo=False, units='norm', useFBO=True, useRetina=True, viewOri=0.0, viewPos=None, viewScale=None, waitBlanking=True, winType='pyglet')
11.0544 	EXP 	window1: mouseVisible = True
11.0544 	EXP 	window1: backgroundImage = ''
11.0544 	EXP 	window1: backgroundFit = 'cover'
11.0545 	EXP 	window1: mouseVisible = True
11.0546 	EXP 	window1: Attempting to measure frame rate of screen (0) ...
11.0546 	EXP 	window1: recordFrameIntervals = False
11.1411 	EXP 	window1: recordFrameIntervals = True
11.9820 	WARNING 	Couldn't measure a consistent frame rate!
  - Is your graphics card set to sync to vertical blank?
  - Are you running other processes on your computer?

12.0342 	WARNING 	launchHubServer: If using the iohub mouse or eyetracker devices, fullScr should be True.
14.6100 	EXP 	Created instrText = TextStim(__class__=<class 'psychopy.visual.text.TextStim'>, alignHoriz=method-wrapper(...), alignText='center', alignVert=method-wrapper(...), anchorHoriz='center', anchorVert='center', antialias=True, autoDraw=False, autoLog=True, bold=False, color=array([1., 1., 1.]), colorSpace='rgb', contrast=1.0, depth=-1.0, flipHoriz=False, flipVert=False, font='Arial', fontFiles=[], height=0.1, italic=False, languageStyle='LTR', name='instrText', opacity=1.0, ori=0, pos=array([0. , 0.3]), rgb=UNKNOWN, text=str(...), units='norm', win=Window(...), wrapWidth=1)
14.6326 	EXP 	window1: mouseVisible = True
14.6632 	EXP 	Created reward = Slider(__class__=<class 'psychopy.visual.slider.Slider'>, autoDraw=False, autoLog=True, borderColor=None, color=None, colorSpace='rgb', depth=0, fillColor=None, flip=False, font='Arial', granularity=1.0, labelColor=None, labelHeight=0.1, labelWrapWidth=None, labels=None, lineColor=None, markerColor=None, name='reward', opacity=None, ori=0.0, pos=array([ 0. , -0.4]), readOnly=False, self=UNKNOWN, size=array([1. , 0.1]), startValue=None, style='rating', styleTweaks=[], ticks=array([1, 2, 3, 4, 5, 6, 7]), units='norm', win=Window(...))
14.6809 	EXP 	Created text_rewardRating = TextStim(__class__=<class 'psychopy.visual.text.TextStim'>, alignHoriz=method-wrapper(...), alignText='center', alignVert=method-wrapper(...), anchorHoriz='center', anchorVert='center', antialias=True, autoDraw=False, autoLog=True, bold=False, color=array([1., 1., 1.]), colorSpace='rgb', contrast=1.0, depth=-1.0, flipHoriz=False, flipVert=False, font='Arial', fontFiles=[], height=0.15, italic=False, languageStyle='LTR', name='text_rewardRating', opacity=1.0, ori=0.0, pos=array([0. , 0.5]), rgb=UNKNOWN, text=str(...), units='norm', win=Window(...), wrapWidth=1)
14.6910 	EXP 	Created text_rewardRating_2 = TextStim(__class__=<class 'psychopy.visual.text.TextStim'>, alignHoriz=method-wrapper(...), alignText='center', alignVert=method-wrapper(...), anchorHoriz='center', anchorVert='center', antialias=True, autoDraw=False, autoLog=True, bold=False, color=array([1., 1., 1.]), colorSpace='rgb', contrast=1.0, depth=-2.0, flipHoriz=False, flipVert=False, font='Arial', fontFiles=[], height=0.1, italic=False, languageStyle='LTR', name='text_rewardRating_2', opacity=1.0, ori=0.0, pos=array([0., 0.]), rgb=UNKNOWN, text=str(...), units='norm', win=Window(...), wrapWidth=1)
14.7220 	EXP 	Created coins_little_2 = ImageStim(__class__=<class 'psychopy.visual.image.ImageStim'>, anchor=('center', 'center'), autoLog=True, color=array([1., 1., 1.]), colorSpace='rgb', contrast=1.0, depth=-4.0, flipHoriz=False, flipVert=False, image='image1.png', interpolate=True, mask=None, maskParams=None, name='coins_little_2', opacity=1.0, ori=0.0, pos=array([-0.6, -0.4]), size=array([0.1, 0.1]), texRes=128.0, units='norm', win=Window(...))
14.8490 	EXP 	Created coins_many_2 = ImageStim(__class__=<class 'psychopy.visual.image.ImageStim'>, anchor=('center', 'center'), autoLog=True, color=array([1., 1., 1.]), colorSpace='rgb', contrast=1.0, depth=-5.0, flipHoriz=False, flipVert=False, image='image7.png', interpolate=True, mask=None, maskParams=None, name='coins_many_2', opacity=1.0, ori=0.0, pos=array([ 0.7 , -0.35]), size=array([0.3, 0.3]), texRes=128.0, units='norm', win=Window(...))
14.8566 	EXP 	window1: mouseVisible = True
14.8839 	EXP 	Created effort = Slider(__class__=<class 'psychopy.visual.slider.Slider'>, autoDraw=False, autoLog=True, borderColor=None, color=None, colorSpace='rgb', depth=0, fillColor=None, flip=False, font='Arial', granularity=1.0, labelColor=None, labelHeight=0.1, labelWrapWidth=None, labels=None, lineColor=None, markerColor=None, name='effort', opacity=None, ori=0.0, pos=array([ 0. , -0.4]), readOnly=False, self=UNKNOWN, size=array([1. , 0.1]), startValue=None, style='rating', styleTweaks=[], ticks=array([1, 2, 3, 4, 5]), units='norm', win=Window(...))
14.8895 	EXP 	Created text_effortRating_3 = TextStim(__class__=<class 'psychopy.visual.text.TextStim'>, alignHoriz=method-wrapper(...), alignText='center', alignVert=method-wrapper(...), anchorHoriz='center', anchorVert='center', antialias=True, autoDraw=False, autoLog=True, bold=False, color=array([1., 1., 1.]), colorSpace='rgb', contrast=1.0, depth=-1.0, flipHoriz=False, flipVert=False, font='Arial', fontFiles=[], height=0.15, italic=False, languageStyle='LTR', name='text_effortRating_3', opacity=1.0, ori=0.0, pos=array([0. , 0.5]), rgb=UNKNOWN, text=str(...), units='norm', win=Window(...), wrapWidth=1)
14.8943 	EXP 	Created text_effortRating_4 = TextStim(__class__=<class 'psychopy.visual.text.TextStim'>, alignHoriz=method-wrapper(...), alignText='center', alignVert=method-wrapper(...), anchorHoriz='center', anchorVert='center', antialias=True, autoDraw=False, autoLog=True, bold=False, color=array([1., 1., 1.]), colorSpace='rgb', contrast=1.0, depth=-2.0, flipHoriz=False, flipVert=False, font='Arial', fontFiles=[], height=0.1, italic=False, languageStyle='LTR', name='text_effortRating_4', opacity=1.0, ori=0.0, pos=array([0., 0.]), rgb=UNKNOWN, text=str(...), units='norm', win=Window(...), wrapWidth=1)
14.9241 	EXP 	Created battery_empty = ImageStim(__class__=<class 'psychopy.visual.image.ImageStim'>, anchor=('center', 'center'), autoLog=True, color=array([1., 1., 1.]), colorSpace='rgb', contrast=1.0, depth=-4.0, flipHoriz=False, flipVert=False, image='./stim/BattEmpty_black-01.png', interpolate=True, mask=None, maskParams=None, name='battery_empty', opacity=1.0, ori=0.0, pos=array([-0.6 , -0.45]), size=array([0.15, 0.3 ]), texRes=128.0, units='norm', win=Window(...))
14.9495 	EXP 	Created battery_full = ImageStim(__class__=<class 'psychopy.visual.image.ImageStim'>, anchor=('center', 'center'), autoLog=True, color=array([1., 1., 1.]), colorSpace='rgb', contrast=1.0, depth=-5.0, flipHoriz=False, flipVert=False, image='./stim/BattFull_black-01.png', interpolate=True, mask=None, maskParams=None, name='battery_full', opacity=1.0, ori=0.0, pos=array([ 0.6 , -0.45]), size=array([0.15, 0.3 ]), texRes=128.0, units='norm', win=Window(...))
14.9563 	EXP 	Created text2_2 = TextStim(__class__=<class 'psychopy.visual.text.TextStim'>, alignHoriz=method-wrapper(...), alignText='center', alignVert=method-wrapper(...), anchorHoriz='center', anchorVert='center', antialias=True, autoDraw=False, autoLog=True, bold=False, color=array([1., 1., 1.]), colorSpace='rgb', contrast=1.0, depth=0.0, flipHoriz=False, flipVert=False, font='Arial', fontFiles=[], height=0.5, italic=False, languageStyle='LTR', name='text2_2', opacity=1.0, ori=0, pos=array([0., 0.]), rgb=UNKNOWN, text='+', units='norm', win=Window(...), wrapWidth=1)
14.9582 	EXP 	Created text_6 = TextStim(__class__=<class 'psychopy.visual.text.TextStim'>, alignHoriz=method-wrapper(...), alignText='center', alignVert=method-wrapper(...), anchorHoriz='center', anchorVert='center', antialias=True, autoDraw=False, autoLog=True, bold=False, color=array([1., 1., 1.]), colorSpace='rgb', contrast=1.0, depth=0.0, flipHoriz=False, flipVert=False, font='Arial', fontFiles=[], height=0.1, italic=False, languageStyle='LTR', name='text_6', opacity=1.0, ori=0, pos=array([0. , 0.5]), rgb=UNKNOWN, text='', units='norm', win=Window(...), wrapWidth=1)
14.9600 	EXP 	Created background = Rect(__class__=<class 'psychopy.visual.rect.Rect'>, anchor=('center', 'bottom'), autoDraw=False, autoLog=True, closeShape=True, color=method-wrapper(...), colorSpace='rgb', contrast=None, depth=-4.0, fillColor=array([1, 1, 1]), fillColorSpace='rgb', fillRGB=array([1, 1, 1]), interpolate=True, lineColor=array([-1., -1., -1.]), lineColorSpace='rgb', lineRGB=array([-1, -1, -1]), lineWidth=2, name='background', opacity=1.0, ori=0.0, pos=array([ 0.  , -0.55]), size=array([0.2 , 0.55]), units='norm', vertices=ndarray(...), win=Window(...))
14.9617 	EXP 	Created barBody = Rect(__class__=<class 'psychopy.visual.rect.Rect'>, anchor=('center', 'bottom'), autoDraw=False, autoLog=True, closeShape=True, color=method-wrapper(...), colorSpace='rgb', contrast=None, depth=-5.0, fillColor=array([ 0.0902, -1.    , -1.    ]), fillColorSpace='rgb', fillRGB=array([ 0.0902, -1.    , -1.    ]), interpolate=True, lineColor=array([ 0.0902, -1.    , -1.    ]), lineColorSpace='rgb', lineRGB=array([ 0.0902, -1.    , -1.    ]), lineWidth=1, name='barBody', opacity=1.0, ori=0.0, pos=array([0., 0.]), size=array([1., 1.]), units='norm', vertices=ndarray(...), win=Window(...))
14.9632 	EXP 	Created barTop = Rect(__class__=<class 'psychopy.visual.rect.Rect'>, anchor=('center', 'bottom'), autoDraw=False, autoLog=True, closeShape=True, color=method-wrapper(...), colorSpace='rgb', contrast=None, depth=-6.0, fillColor=array([-1, -1, -1]), fillColorSpace='rgb', fillRGB=array([-1, -1, -1]), interpolate=True, lineColor=array([-1., -1., -1.]), lineColorSpace='rgb', lineRGB=array([-1, -1, -1]), lineWidth=2, name='barTop', opacity=1.0, ori=0.0, pos=array([0., 0.]), size=array([1., 1.]), units='norm', vertices=ndarray(...), win=Window(...))
14.9647 	EXP 	Created feedbackMsg = TextStim(__class__=<class 'psychopy.visual.text.TextStim'>, alignHoriz=method-wrapper(...), alignText='center', alignVert=method-wrapper(...), anchorHoriz='center', anchorVert='center', antialias=True, autoDraw=False, autoLog=True, bold=False, color=array([1., 1., 1.]), colorSpace='rgb', contrast=1.0, depth=-1.0, flipHoriz=False, flipVert=False, font='Arial', fontFiles=[], height=0.1, italic=False, languageStyle='LTR', name='feedbackMsg', opacity=1.0, ori=0, pos=array([0., 0.]), rgb=UNKNOWN, text='', units='norm', win=Window(...), wrapWidth=1)
14.9827 	EXP 	Created image_rubies = ImageStim(__class__=<class 'psychopy.visual.image.ImageStim'>, anchor=('center', 'center'), autoLog=True, color=array([1., 1., 1.]), colorSpace='rgb', contrast=1.0, depth=-2.0, flipHoriz=False, flipVert=False, image='default.png', interpolate=True, mask=None, maskParams=None, name='image_rubies', opacity=1.0, ori=0.0, pos=array([ 0. , -0.4]), size=array([0.3, 0.3]), texRes=128.0, units='norm', win=Window(...))
15.0379 	EXP 	Created image_shipCrash = ImageStim(__class__=<class 'psychopy.visual.image.ImageStim'>, anchor=('center', 'center'), autoLog=True, color=array([1., 1., 1.]), colorSpace='rgb', contrast=1.0, depth=-3.0, flipHoriz=False, flipVert=False, image='crashedShip.png', interpolate=True, mask=None, maskParams=None, name='image_shipCrash', opacity=1.0, ori=0.0, pos=array([ 0.7, -0.5]), size=array([0.6, 0.7]), texRes=128.0, units='norm', win=Window(...))
15.0802 	EXP 	Created image_shipFull = ImageStim(__class__=<class 'psychopy.visual.image.ImageStim'>, anchor=('center', 'center'), autoLog=True, color=array([1., 1., 1.]), colorSpace='rgb', contrast=1.0, depth=-4.0, flipHoriz=False, flipVert=False, image='fullShip.png', interpolate=True, mask=None, maskParams=None, name='image_shipFull', opacity=1.0, ori=0.0, pos=array([0.7, 0.5]), size=array([0.6, 0.7]), texRes=128.0, units='norm', win=Window(...))
15.1154 	WARNING 	t of last frame was 3133.79ms (=1/0)
15.1154 	EXP 	reward: autoLog = True
15.1154 	EXP 	reward: markerPos = None
15.1154 	EXP 	reward: styleTweaks = []
15.1154 	EXP 	reward: styleTweaks = []
15.1154 	EXP 	reward: styleTweaks = []
15.1154 	EXP 	reward: styleTweaks = []
15.1154 	EXP 	reward: contrast = 1.0
15.1154 	EXP 	reward: autoLog = True
15.1154 	EXP 	effort: autoLog = True
15.1154 	EXP 	effort: markerPos = None
15.1154 	EXP 	effort: styleTweaks = []
15.1154 	EXP 	effort: styleTweaks = []
15.1154 	EXP 	effort: styleTweaks = []
15.1154 	EXP 	effort: styleTweaks = []
15.1154 	EXP 	effort: contrast = 1.0
15.1154 	EXP 	effort: autoLog = True
15.1154 	EXP 	instrText: autoDraw = True
15.1433 	WARNING 	t of last frame was 27.90ms (=1/35)
15.1735 	WARNING 	t of last frame was 30.16ms (=1/33)
15.2139 	WARNING 	t of last frame was 22.31ms (=1/44)
15.2371 	WARNING 	Multiple dropped frames have occurred - I'll stop bothering you about them!
18.6329 	EXP 	Imported trialTypes.xlsx as conditions, 60 conditions, 5 params
18.6340 	EXP 	Created sequence: sequential, trialTypes=60, nReps=1, seed=None
18.6343 	EXP 	New trial (rep=0, index=0): {'Points': 3, 'FeedbackText1': 'You reached the planet, you get 3 rubies!', 'FeedbackText2': 'You did not have enough battery to reach the planet and missed 3 rubies!', 'stimFile': 'image3.png', 'effLevel': 50}
18.6561 	DATA 	Keypress: return
18.6685 	EXP 	instrText: autoDraw = False
18.6685 	EXP 	reward: markerPos = None
18.6685 	EXP 	reward: markerPos = None
18.6685 	EXP 	text_rewardRating: autoDraw = True
18.6685 	EXP 	text_rewardRating_2: autoDraw = True
18.6685 	EXP 	coins_little_2: autoDraw = True
18.6685 	EXP 	coins_many_2: autoDraw = True
18.6975 	EXP 	reward: autoDraw = True
20.1096 	DATA 	Mouse: Left button down, pos=(468,260)
20.1403 	EXP 	reward: markerPos = 1.9000000000000001
20.1594 	EXP 	reward: markerPos = 1.9000000000000001
20.1809 	EXP 	reward: markerPos = 1.9000000000000001
20.1933 	DATA 	Mouse:  Left button up, pos=(468,260)
20.2029 	EXP 	reward: markerPos = 1.9000000000000001
20.2251 	EXP 	reward: markerPos = 2.0
20.5251 	DATA 	Keypress: return
20.5658 	EXP 	reward: autoDraw = False
20.5658 	EXP 	text_rewardRating: autoDraw = False
20.5658 	EXP 	text_rewardRating_2: autoDraw = False
20.5658 	EXP 	coins_little_2: autoDraw = False
20.5658 	EXP 	coins_many_2: autoDraw = False
20.5658 	EXP 	effort: markerPos = None
20.5658 	EXP 	effort: markerPos = None
20.5658 	EXP 	text_effortRating_3: autoDraw = True
20.5658 	EXP 	text_effortRating_4: autoDraw = True
20.5658 	EXP 	battery_empty: autoDraw = True
20.5658 	EXP 	battery_full: autoDraw = True
20.5863 	EXP 	effort: autoDraw = True
21.1312 	DATA 	Mouse: Left button down, pos=(469,265)
21.1490 	EXP 	effort: markerPos = 1.6055555555555556
21.1690 	EXP 	effort: markerPos = 1.6055555555555556
21.1920 	EXP 	effort: markerPos = 1.6055555555555556
21.2136 	EXP 	effort: markerPos = 1.6055555555555556
21.2272 	DATA 	Mouse:  Left button up, pos=(469,265)
21.2385 	EXP 	effort: markerPos = 1.6055555555555556
21.2604 	EXP 	effort: markerPos = 2.0
21.5889 	DATA 	Keypress: return
21.6185 	EXP 	effort: autoDraw = False
21.6185 	EXP 	text_effortRating_3: autoDraw = False
21.6185 	EXP 	text_effortRating_4: autoDraw = False
21.6185 	EXP 	battery_empty: autoDraw = False
21.6185 	EXP 	battery_full: autoDraw = False
21.6185 	EXP 	text2_2: autoDraw = True
22.6378 	EXP 	text2_2: autoDraw = False
22.6378 	EXP 	text_6: height = 0.1
22.6378 	EXP 	text_6: height = 0.1
22.6378 	EXP 	text_6: height = 0.1
22.6378 	EXP 	text_6: text = 'Power up!\n'
22.6378 	EXP 	text_6: autoDraw = True
22.6378 	EXP 	background: autoDraw = True
22.6378 	EXP 	barBody: autoDraw = True
22.6378 	EXP 	barTop: autoDraw = True
23.6395 	DATA 	Keypress: space
23.8036 	DATA 	Keypress: space
23.9526 	DATA 	Keypress: space
24.0884 	DATA 	Keypress: space
24.2372 	DATA 	Keypress: space
24.3815 	DATA 	Keypress: space
24.5130 	DATA 	Keypress: space
24.6563 	DATA 	Keypress: space
24.8032 	DATA 	Keypress: space
24.9482 	DATA 	Keypress: space
25.0898 	DATA 	Keypress: space
25.2342 	DATA 	Keypress: space
25.3772 	DATA 	Keypress: space
25.5275 	DATA 	Keypress: space
25.6707 	DATA 	Keypress: space
25.8234 	DATA 	Keypress: space
25.9705 	DATA 	Keypress: space
26.1322 	DATA 	Keypress: space
26.2812 	DATA 	Keypress: space
26.4366 	DATA 	Keypress: space
26.6145 	DATA 	Keypress: space
26.7597 	DATA 	Keypress: space
26.9047 	DATA 	Keypress: space
27.0675 	DATA 	Keypress: space
27.2183 	DATA 	Keypress: space
27.3721 	DATA 	Keypress: space
27.5251 	DATA 	Keypress: space
27.6857 	DATA 	Keypress: space
27.8485 	DATA 	Keypress: space
27.9984 	DATA 	Keypress: space
28.1656 	DATA 	Keypress: space
28.3249 	DATA 	Keypress: space
28.4930 	DATA 	Keypress: space
28.6188 	DATA 	Keypress: space
28.7928 	DATA 	Keypress: space
28.9533 	DATA 	Keypress: space
29.1204 	DATA 	Keypress: space
29.2707 	DATA 	Keypress: space
29.4321 	DATA 	Keypress: space
29.5814 	DATA 	Keypress: space
29.7379 	DATA 	Keypress: space
29.8833 	DATA 	Keypress: space
30.0388 	DATA 	Keypress: space
30.1982 	DATA 	Keypress: space
30.3581 	DATA 	Keypress: space
30.5035 	DATA 	Keypress: space
30.6638 	DATA 	Keypress: space
30.8153 	DATA 	Keypress: space
30.9817 	DATA 	Keypress: space
31.1336 	DATA 	Keypress: space
31.1833 	EXP 	text_6: autoDraw = False
31.1833 	EXP 	background: autoDraw = False
31.1833 	EXP 	barBody: autoDraw = False
31.1833 	EXP 	barTop: autoDraw = False
31.1833 	EXP 	feedbackMsg: height = 0.1
31.1833 	EXP 	feedbackMsg: height = 0.1
31.1833 	EXP 	feedbackMsg: height = 0.1
31.1833 	EXP 	feedbackMsg: text = 'You reached the planet, you get 3 rubies!'
31.1833 	EXP 	image_rubies: image = 'image3.png'
31.1833 	EXP 	feedbackMsg: autoDraw = True
31.1833 	EXP 	image_rubies: autoDraw = True
31.1833 	EXP 	image_shipFull: autoDraw = True
31.2749 	DATA 	Keypress: space
31.4425 	DATA 	Keypress: space
38.6163 	DATA 	Keypress: escape
39.0587 	EXP 	window1: mouseVisible = True
