8.6834 	WARNING 	Couldn't measure a consistent frame rate!
  - Is your graphics card set to sync to vertical blank?
  - Are you running other processes on your computer?

8.6842 	EXP 	Created window1 = Window(allowGUI=True, allowStencil=False, autoLog=True, backendConf=UNKNOWN, backgroundFit=<method-wrapper '__getattribute__' of attributeSetter object at 0x7fcac018e9d0>, backgroundImage=<method-wrapper '__getattribute__' of attributeSetter object at 0x7fcac018e970>, bitsMode=UNKNOWN, blendMode='avg', bpc=(8, 8, 8), color=array([-1.    , -1.    , -0.2471]), colorSpace='rgb', depthBits=8, fullscr=<method-wrapper '__getattribute__' of attributeSetter object at 0x7fcac018e7f0>, gamma=None, gammaErrorPolicy='raise', lms=UNKNOWN, monitor=<psychopy.monitors.calibTools.Monitor object at 0x7fcac5b2f700>, multiSample=False, name='window1', numSamples=2, pos=[240.0, 150.0], screen=0, size=array([1440,  900]), stencilBits=0, stereo=False, units='norm', useFBO=True, useRetina=False, viewOri=0.0, viewPos=None, viewScale=None, waitBlanking=True, winType='pyglet')
8.6848 	EXP 	window1: mouseVisible = True
8.6849 	EXP 	window1: backgroundImage = ''
8.6850 	EXP 	window1: backgroundFit = 'cover'
8.6854 	EXP 	window1: mouseVisible = True
8.6854 	EXP 	window1: Attempting to measure frame rate of screen (0) ...
8.6854 	EXP 	window1: recordFrameIntervals = False
8.7677 	EXP 	window1: recordFrameIntervals = True
9.0533 	DATA 	Mouse: Left button down, pos=(470,570)
9.1192 	DATA 	Mouse:  Left button up, pos=(470,570)
9.8368 	WARNING 	Couldn't measure a consistent frame rate!
  - Is your graphics card set to sync to vertical blank?
  - Are you running other processes on your computer?

9.8924 	WARNING 	launchHubServer: If using the iohub mouse or eyetracker devices, fullScr should be True.
13.1236 	EXP 	Created instrText = TextStim(__class__=<class 'psychopy.visual.text.TextStim'>, alignHoriz=method-wrapper(...), alignText='center', alignVert=method-wrapper(...), anchorHoriz='center', anchorVert='center', antialias=True, autoDraw=False, autoLog=True, bold=False, color=array([1., 1., 1.]), colorSpace='rgb', contrast=1.0, depth=-1.0, flipHoriz=False, flipVert=False, font='Arial', fontFiles=[], height=0.1, italic=False, languageStyle='LTR', name='instrText', opacity=1.0, ori=0, pos=array([0. , 0.3]), rgb=UNKNOWN, text=str(...), units='norm', win=Window(...), wrapWidth=1)
13.1470 	EXP 	window1: mouseVisible = True
13.1766 	EXP 	Created reward = Slider(__class__=<class 'psychopy.visual.slider.Slider'>, autoDraw=False, autoLog=True, borderColor=None, color=None, colorSpace='rgb', depth=0, fillColor=None, flip=False, font='Arial', granularity=1.0, labelColor=None, labelHeight=0.1, labelWrapWidth=None, labels=None, lineColor=None, markerColor=None, name='reward', opacity=None, ori=0.0, pos=array([ 0. , -0.4]), readOnly=False, self=UNKNOWN, size=array([1. , 0.1]), startValue=None, style='rating', styleTweaks=[], ticks=array([1, 2, 3, 4, 5, 6, 7]), units='norm', win=Window(...))
13.2006 	EXP 	Created text_rewardRating = TextStim(__class__=<class 'psychopy.visual.text.TextStim'>, alignHoriz=method-wrapper(...), alignText='center', alignVert=method-wrapper(...), anchorHoriz='center', anchorVert='center', antialias=True, autoDraw=False, autoLog=True, bold=False, color=array([1., 1., 1.]), colorSpace='rgb', contrast=1.0, depth=-1.0, flipHoriz=False, flipVert=False, font='Arial', fontFiles=[], height=0.15, italic=False, languageStyle='LTR', name='text_rewardRating', opacity=1.0, ori=0.0, pos=array([0. , 0.5]), rgb=UNKNOWN, text=str(...), units='norm', win=Window(...), wrapWidth=1)
13.2110 	EXP 	Created text_rewardRating_2 = TextStim(__class__=<class 'psychopy.visual.text.TextStim'>, alignHoriz=method-wrapper(...), alignText='center', alignVert=method-wrapper(...), anchorHoriz='center', anchorVert='center', antialias=True, autoDraw=False, autoLog=True, bold=False, color=array([1., 1., 1.]), colorSpace='rgb', contrast=1.0, depth=-2.0, flipHoriz=False, flipVert=False, font='Arial', fontFiles=[], height=0.1, italic=False, languageStyle='LTR', name='text_rewardRating_2', opacity=1.0, ori=0.0, pos=array([0., 0.]), rgb=UNKNOWN, text=str(...), units='norm', win=Window(...), wrapWidth=1)
13.2426 	EXP 	Created coins_little_2 = ImageStim(__class__=<class 'psychopy.visual.image.ImageStim'>, anchor=('center', 'center'), autoLog=True, color=array([1., 1., 1.]), colorSpace='rgb', contrast=1.0, depth=-4.0, flipHoriz=False, flipVert=False, image='image1.png', interpolate=True, mask=None, maskParams=None, name='coins_little_2', opacity=1.0, ori=0.0, pos=array([-0.6, -0.4]), size=array([0.1, 0.1]), texRes=128.0, units='norm', win=Window(...))
13.3668 	EXP 	Created coins_many_2 = ImageStim(__class__=<class 'psychopy.visual.image.ImageStim'>, anchor=('center', 'center'), autoLog=True, color=array([1., 1., 1.]), colorSpace='rgb', contrast=1.0, depth=-5.0, flipHoriz=False, flipVert=False, image='image7.png', interpolate=True, mask=None, maskParams=None, name='coins_many_2', opacity=1.0, ori=0.0, pos=array([ 0.7 , -0.35]), size=array([0.3, 0.3]), texRes=128.0, units='norm', win=Window(...))
13.3736 	EXP 	window1: mouseVisible = True
13.4004 	EXP 	Created effort = Slider(__class__=<class 'psychopy.visual.slider.Slider'>, autoDraw=False, autoLog=True, borderColor=None, color=None, colorSpace='rgb', depth=0, fillColor=None, flip=False, font='Arial', granularity=1.0, labelColor=None, labelHeight=0.1, labelWrapWidth=None, labels=None, lineColor=None, markerColor=None, name='effort', opacity=None, ori=0.0, pos=array([ 0. , -0.4]), readOnly=False, self=UNKNOWN, size=array([1. , 0.1]), startValue=None, style='rating', styleTweaks=[], ticks=array([1, 2, 3, 4, 5]), units='norm', win=Window(...))
13.4100 	EXP 	Created text_effortRating_3 = TextStim(__class__=<class 'psychopy.visual.text.TextStim'>, alignHoriz=method-wrapper(...), alignText='center', alignVert=method-wrapper(...), anchorHoriz='center', anchorVert='center', antialias=True, autoDraw=False, autoLog=True, bold=False, color=array([1., 1., 1.]), colorSpace='rgb', contrast=1.0, depth=-1.0, flipHoriz=False, flipVert=False, font='Arial', fontFiles=[], height=0.15, italic=False, languageStyle='LTR', name='text_effortRating_3', opacity=1.0, ori=0.0, pos=array([0. , 0.5]), rgb=UNKNOWN, text=str(...), units='norm', win=Window(...), wrapWidth=1)
13.4151 	EXP 	Created text_effortRating_4 = TextStim(__class__=<class 'psychopy.visual.text.TextStim'>, alignHoriz=method-wrapper(...), alignText='center', alignVert=method-wrapper(...), anchorHoriz='center', anchorVert='center', antialias=True, autoDraw=False, autoLog=True, bold=False, color=array([1., 1., 1.]), colorSpace='rgb', contrast=1.0, depth=-2.0, flipHoriz=False, flipVert=False, font='Arial', fontFiles=[], height=0.1, italic=False, languageStyle='LTR', name='text_effortRating_4', opacity=1.0, ori=0.0, pos=array([0., 0.]), rgb=UNKNOWN, text=str(...), units='norm', win=Window(...), wrapWidth=1)
13.4331 	EXP 	Created fuel_empty = ImageStim(__class__=<class 'psychopy.visual.image.ImageStim'>, anchor=('center', 'center'), autoLog=True, color=array([1., 1., 1.]), colorSpace='rgb', contrast=1.0, depth=-4.0, flipHoriz=False, flipVert=False, image='default.png', interpolate=True, mask=None, maskParams=None, name='fuel_empty', opacity=1.0, ori=0.0, pos=array([-0.7, -0.3]), size=array([0.3, 0.5]), texRes=128.0, units='norm', win=Window(...))
14.9402 	EXP 	Created fuel_full = ImageStim(__class__=<class 'psychopy.visual.image.ImageStim'>, anchor=('center', 'center'), autoLog=True, color=array([1., 1., 1.]), colorSpace='rgb', contrast=1.0, depth=-5.0, flipHoriz=False, flipVert=False, image='fuelShipFull-01.png', interpolate=True, mask=None, maskParams=None, name='fuel_full', opacity=1.0, ori=0.0, pos=array([ 0.7, -0.3]), size=array([0.34, 0.5 ]), texRes=128.0, units='norm', win=Window(...))
14.9489 	EXP 	Created text2_2 = TextStim(__class__=<class 'psychopy.visual.text.TextStim'>, alignHoriz=method-wrapper(...), alignText='center', alignVert=method-wrapper(...), anchorHoriz='center', anchorVert='center', antialias=True, autoDraw=False, autoLog=True, bold=False, color=array([1., 1., 1.]), colorSpace='rgb', contrast=1.0, depth=0.0, flipHoriz=False, flipVert=False, font='Arial', fontFiles=[], height=0.5, italic=False, languageStyle='LTR', name='text2_2', opacity=1.0, ori=0, pos=array([0., 0.]), rgb=UNKNOWN, text='+', units='norm', win=Window(...), wrapWidth=1)
14.9507 	EXP 	Created text_6 = TextStim(__class__=<class 'psychopy.visual.text.TextStim'>, alignHoriz=method-wrapper(...), alignText='center', alignVert=method-wrapper(...), anchorHoriz='center', anchorVert='center', antialias=True, autoDraw=False, autoLog=True, bold=False, color=array([1., 1., 1.]), colorSpace='rgb', contrast=1.0, depth=0.0, flipHoriz=False, flipVert=False, font='Arial', fontFiles=[], height=0.1, italic=False, languageStyle='LTR', name='text_6', opacity=1.0, ori=0, pos=array([0. , 0.5]), rgb=UNKNOWN, text='', units='norm', win=Window(...), wrapWidth=1)
16.1854 	EXP 	Created spaceShip = ImageStim(__class__=<class 'psychopy.visual.image.ImageStim'>, anchor=('center', 'center'), autoLog=True, color=array([1., 1., 1.]), colorSpace='rgb', contrast=1.0, depth=-4.0, flipHoriz=False, flipVert=False, image='TankOnlyEmpt-01.png', interpolate=True, mask=None, maskParams=None, name='spaceShip', opacity=1.0, ori=0.0, pos=array([0., 0.]), size=array([0.8, 2. ]), texRes=128.0, units='norm', win=Window(...))
16.1885 	EXP 	Created barBody = Rect(__class__=<class 'psychopy.visual.rect.Rect'>, anchor=('center', 'bottom'), autoDraw=False, autoLog=True, closeShape=True, color=method-wrapper(...), colorSpace='rgb', contrast=None, depth=-5.0, fillColor=array([-0.6627451 , -0.06666667, -0.51372549]), fillColorSpace='rgb', fillRGB=array([-0.6627451 , -0.06666667, -0.51372549]), interpolate=True, lineColor=array([-0.6627451 , -0.06666667, -0.51372549]), lineColorSpace='rgb', lineRGB=array([-0.6627451 , -0.06666667, -0.51372549]), lineWidth=1, name='barBody', opacity=1.0, ori=0.0, pos=array([0., 0.]), size=array([1., 1.]), units='norm', vertices=ndarray(...), win=Window(...))
16.1903 	EXP 	Created feedbackMsg = TextStim(__class__=<class 'psychopy.visual.text.TextStim'>, alignHoriz=method-wrapper(...), alignText='center', alignVert=method-wrapper(...), anchorHoriz='center', anchorVert='center', antialias=True, autoDraw=False, autoLog=True, bold=False, color=array([1., 1., 1.]), colorSpace='rgb', contrast=1.0, depth=-1.0, flipHoriz=False, flipVert=False, font='Arial', fontFiles=[], height=0.1, italic=False, languageStyle='LTR', name='feedbackMsg', opacity=1.0, ori=0, pos=array([0., 0.]), rgb=UNKNOWN, text='', units='norm', win=Window(...), wrapWidth=1)
16.2130 	EXP 	Created image_rubies = ImageStim(__class__=<class 'psychopy.visual.image.ImageStim'>, anchor=('center', 'center'), autoLog=True, color=array([1., 1., 1.]), colorSpace='rgb', contrast=1.0, depth=-2.0, flipHoriz=False, flipVert=False, image='default.png', interpolate=True, mask=None, maskParams=None, name='image_rubies', opacity=1.0, ori=0.0, pos=array([ 0. , -0.4]), size=array([0.3, 0.3]), texRes=128.0, units='norm', win=Window(...))
16.2792 	EXP 	Created image_shipCrash = ImageStim(__class__=<class 'psychopy.visual.image.ImageStim'>, anchor=('center', 'center'), autoLog=True, color=array([1., 1., 1.]), colorSpace='rgb', contrast=1.0, depth=-3.0, flipHoriz=False, flipVert=False, image='crashedShip.png', interpolate=True, mask=None, maskParams=None, name='image_shipCrash', opacity=1.0, ori=0.0, pos=array([ 0.7, -0.5]), size=array([0.6, 0.7]), texRes=128.0, units='norm', win=Window(...))
16.3196 	EXP 	Created image_shipFull = ImageStim(__class__=<class 'psychopy.visual.image.ImageStim'>, anchor=('center', 'center'), autoLog=True, color=array([1., 1., 1.]), colorSpace='rgb', contrast=1.0, depth=-4.0, flipHoriz=False, flipVert=False, image='fullShip.png', interpolate=True, mask=None, maskParams=None, name='image_shipFull', opacity=1.0, ori=0.0, pos=array([0.7, 0.5]), size=array([0.6, 0.7]), texRes=128.0, units='norm', win=Window(...))
16.3326 	WARNING 	t of last frame was 6496.13ms (=1/0)
16.3326 	EXP 	reward: autoLog = True
16.3326 	EXP 	reward: markerPos = None
16.3326 	EXP 	reward: styleTweaks = []
16.3326 	EXP 	reward: styleTweaks = []
16.3326 	EXP 	reward: styleTweaks = []
16.3326 	EXP 	reward: styleTweaks = []
16.3326 	EXP 	reward: contrast = 1.0
16.3326 	EXP 	reward: autoLog = True
16.3326 	EXP 	effort: autoLog = True
16.3326 	EXP 	effort: markerPos = None
16.3326 	EXP 	effort: styleTweaks = []
16.3326 	EXP 	effort: styleTweaks = []
16.3326 	EXP 	effort: styleTweaks = []
16.3326 	EXP 	effort: styleTweaks = []
16.3326 	EXP 	effort: contrast = 1.0
16.3326 	EXP 	effort: autoLog = True
16.3326 	EXP 	instrText: autoDraw = True
16.9888 	EXP 	Imported trialTypes.xlsx as conditions, 60 conditions, 5 params
16.9900 	EXP 	Created sequence: sequential, trialTypes=60, nReps=1, seed=None
16.9904 	EXP 	New trial (rep=0, index=0): {'Points': 3, 'FeedbackText1': 'You reached the planet, you get 3 rubies!', 'FeedbackText2': 'You did not have enough battery to reach the planet and missed 3 rubies!', 'stimFile': 'image3.png', 'effLevel': 50}
17.0223 	DATA 	Keypress: return
17.0285 	WARNING 	t of last frame was 74.85ms (=1/13)
17.0285 	EXP 	instrText: autoDraw = False
17.0285 	EXP 	reward: markerPos = None
17.0285 	EXP 	reward: markerPos = None
17.0285 	EXP 	text_rewardRating: autoDraw = True
17.0285 	EXP 	text_rewardRating_2: autoDraw = True
17.0285 	EXP 	coins_little_2: autoDraw = True
17.0285 	EXP 	coins_many_2: autoDraw = True
17.0530 	WARNING 	t of last frame was 24.51ms (=1/40)
17.0530 	EXP 	reward: autoDraw = True
17.5004 	WARNING 	t of last frame was 25.61ms (=1/39)
17.7567 	DATA 	Mouse: Left button down, pos=(472,238)
17.8903 	DATA 	Mouse:  Left button up, pos=(472,238)
18.3024 	DATA 	Mouse: Left button down, pos=(482,283)
18.3154 	EXP 	reward: markerPos = 2.0166666666666666
18.3275 	EXP 	reward: markerPos = 2.0166666666666666
18.3388 	EXP 	reward: markerPos = 2.0166666666666666
18.3513 	EXP 	reward: markerPos = 2.0166666666666666
18.3620 	EXP 	reward: markerPos = 2.0166666666666666
18.3735 	EXP 	reward: markerPos = 2.0166666666666666
18.3814 	DATA 	Mouse:  Left button up, pos=(482,283)
18.3868 	EXP 	reward: markerPos = 2.0166666666666666
18.4029 	EXP 	reward: markerPos = 2.0
18.7522 	WARNING 	Multiple dropped frames have occurred - I'll stop bothering you about them!
19.0878 	DATA 	Keypress: return
19.1374 	EXP 	reward: autoDraw = False
19.1374 	EXP 	text_rewardRating: autoDraw = False
19.1374 	EXP 	text_rewardRating_2: autoDraw = False
19.1374 	EXP 	coins_little_2: autoDraw = False
19.1374 	EXP 	coins_many_2: autoDraw = False
19.1374 	EXP 	effort: markerPos = None
19.1374 	EXP 	effort: markerPos = None
19.1374 	EXP 	fuel_empty: image = 'fuelShipEmpty-01.png'
19.1374 	EXP 	text_effortRating_3: autoDraw = True
19.1374 	EXP 	text_effortRating_4: autoDraw = True
19.1374 	EXP 	fuel_empty: autoDraw = True
19.1374 	EXP 	fuel_full: autoDraw = True
19.1587 	EXP 	effort: autoDraw = True
19.6888 	DATA 	Mouse: Left button down, pos=(820,260)
19.7063 	EXP 	effort: markerPos = 3.5555555555555554
19.7176 	EXP 	effort: markerPos = 3.5555555555555554
19.7292 	EXP 	effort: markerPos = 3.5555555555555554
19.7414 	EXP 	effort: markerPos = 3.5555555555555554
19.7544 	EXP 	effort: markerPos = 3.5555555555555554
19.7669 	EXP 	effort: markerPos = 3.5555555555555554
19.7760 	DATA 	Mouse:  Left button up, pos=(820,260)
19.7798 	EXP 	effort: markerPos = 3.5555555555555554
19.7934 	EXP 	effort: markerPos = 4.0
20.0961 	DATA 	Keypress: return
20.0991 	EXP 	effort: autoDraw = False
20.0991 	EXP 	text_effortRating_3: autoDraw = False
20.0991 	EXP 	text_effortRating_4: autoDraw = False
20.0991 	EXP 	fuel_empty: autoDraw = False
20.0991 	EXP 	fuel_full: autoDraw = False
20.0991 	EXP 	text2_2: autoDraw = True
21.1068 	EXP 	text2_2: autoDraw = False
21.1068 	EXP 	text2_2: autoDraw = False
21.1068 	EXP 	text_6: height = 0.1
21.1068 	EXP 	text_6: height = 0.1
21.1068 	EXP 	text_6: height = 0.1
21.1068 	EXP 	text_6: text = 'Power up!\n'
21.1068 	EXP 	text_6: autoDraw = True
21.1068 	EXP 	spaceShip: autoDraw = True
21.1068 	EXP 	barBody: autoDraw = True
21.8926 	DATA 	Keypress: space
22.0793 	DATA 	Keypress: space
22.2459 	DATA 	Keypress: space
22.4247 	DATA 	Keypress: space
23.2239 	DATA 	Keypress: space
23.4140 	DATA 	Keypress: space
23.6094 	DATA 	Keypress: space
23.8076 	DATA 	Keypress: space
23.9849 	DATA 	Keypress: space
24.1582 	DATA 	Keypress: space
24.3334 	DATA 	Keypress: space
24.4964 	DATA 	Keypress: space
24.6627 	DATA 	Keypress: space
24.8371 	DATA 	Keypress: space
24.9980 	DATA 	Keypress: space
25.1694 	DATA 	Keypress: space
25.3279 	DATA 	Keypress: space
25.4894 	DATA 	Keypress: space
25.6580 	DATA 	Keypress: space
25.8257 	DATA 	Keypress: space
25.9897 	DATA 	Keypress: space
26.1750 	DATA 	Keypress: space
26.3520 	DATA 	Keypress: space
26.5213 	DATA 	Keypress: space
26.6851 	DATA 	Keypress: space
26.8803 	DATA 	Keypress: space
27.0768 	DATA 	Keypress: space
27.2702 	DATA 	Keypress: space
27.4437 	DATA 	Keypress: space
27.6398 	DATA 	Keypress: space
27.8103 	DATA 	Keypress: space
27.9861 	DATA 	Keypress: space
28.1613 	DATA 	Keypress: space
28.3293 	DATA 	Keypress: space
28.4950 	DATA 	Keypress: space
28.6541 	DATA 	Keypress: space
28.8239 	DATA 	Keypress: space
28.9774 	DATA 	Keypress: space
29.1507 	DATA 	Keypress: space
29.3055 	DATA 	Keypress: space
29.4827 	DATA 	Keypress: space
29.6181 	DATA 	Keypress: space
29.7931 	DATA 	Keypress: space
29.9528 	DATA 	Keypress: space
30.1195 	DATA 	Keypress: space
30.2963 	DATA 	Keypress: space
30.4737 	DATA 	Keypress: space
30.6562 	DATA 	Keypress: space
30.8317 	DATA 	Keypress: space
31.0178 	DATA 	Keypress: space
31.1516 	EXP 	text_6: autoDraw = False
31.1516 	EXP 	spaceShip: autoDraw = False
31.1516 	EXP 	barBody: autoDraw = False
31.1516 	EXP 	feedbackMsg: height = 0.1
31.1516 	EXP 	feedbackMsg: height = 0.1
31.1516 	EXP 	feedbackMsg: height = 0.1
31.1516 	EXP 	feedbackMsg: text = 'You reached the planet, you get 3 rubies!'
31.1516 	EXP 	image_rubies: image = 'image3.png'
31.1516 	EXP 	feedbackMsg: autoDraw = True
31.1516 	EXP 	image_rubies: autoDraw = True
31.2227 	DATA 	Keypress: space
31.4034 	DATA 	Keypress: space
34.0030 	DATA 	Keypress: escape
34.4998 	EXP 	window1: mouseVisible = True
