8.3670 	WARNING 	Couldn't measure a consistent frame rate!
  - Is your graphics card set to sync to vertical blank?
  - Are you running other processes on your computer?

8.3678 	EXP 	Created window1 = Window(allowGUI=True, allowStencil=False, autoLog=True, backendConf=UNKNOWN, backgroundFit=<method-wrapper '__getattribute__' of attributeSetter object at 0x7fdd28c049d0>, backgroundImage=<method-wrapper '__getattribute__' of attributeSetter object at 0x7fdd28c04970>, bitsMode=UNKNOWN, blendMode='avg', bpc=(8, 8, 8), color=array([-1.    , -1.    , -0.2471]), colorSpace='rgb', depthBits=8, fullscr=<method-wrapper '__getattribute__' of attributeSetter object at 0x7fdd28c047f0>, gamma=None, gammaErrorPolicy='raise', lms=UNKNOWN, monitor=<psychopy.monitors.calibTools.Monitor object at 0x7fdd2d9af670>, multiSample=False, name='window1', numSamples=2, pos=[240.0, 150.0], screen=0, size=array([1440,  900]), stencilBits=0, stereo=False, units='norm', useFBO=True, useRetina=False, viewOri=0.0, viewPos=None, viewScale=None, waitBlanking=True, winType='pyglet')
8.3680 	EXP 	window1: mouseVisible = True
8.3680 	EXP 	window1: backgroundImage = ''
8.3680 	EXP 	window1: backgroundFit = 'cover'
8.3681 	EXP 	window1: mouseVisible = True
8.3682 	EXP 	window1: Attempting to measure frame rate of screen (0) ...
8.3682 	EXP 	window1: recordFrameIntervals = False
8.4673 	EXP 	window1: recordFrameIntervals = True
8.9282 	WARNING 	t of last frame was 28.32ms (=1/35)
9.6443 	WARNING 	Couldn't measure a consistent frame rate!
  - Is your graphics card set to sync to vertical blank?
  - Are you running other processes on your computer?

9.6919 	WARNING 	launchHubServer: If using the iohub mouse or eyetracker devices, fullScr should be True.
12.2394 	EXP 	Created instrText = TextStim(__class__=<class 'psychopy.visual.text.TextStim'>, alignHoriz=method-wrapper(...), alignText='center', alignVert=method-wrapper(...), anchorHoriz='center', anchorVert='center', antialias=True, autoDraw=False, autoLog=True, bold=False, color=array([1., 1., 1.]), colorSpace='rgb', contrast=1.0, depth=-1.0, flipHoriz=False, flipVert=False, font='Arial', fontFiles=[], height=0.1, italic=False, languageStyle='LTR', name='instrText', opacity=1.0, ori=0, pos=array([0. , 0.3]), rgb=UNKNOWN, text=str(...), units='norm', win=Window(...), wrapWidth=1)
12.2611 	EXP 	window1: mouseVisible = True
12.2921 	EXP 	Created reward = Slider(__class__=<class 'psychopy.visual.slider.Slider'>, autoDraw=False, autoLog=True, borderColor=None, color=None, colorSpace='rgb', depth=0, fillColor=None, flip=False, font='Arial', granularity=1.0, labelColor=None, labelHeight=0.1, labelWrapWidth=None, labels=None, lineColor=None, markerColor=None, name='reward', opacity=None, ori=0.0, pos=array([ 0. , -0.4]), readOnly=False, self=UNKNOWN, size=array([1. , 0.1]), startValue=None, style='rating', styleTweaks=[], ticks=array([1, 2, 3, 4, 5, 6, 7]), units='norm', win=Window(...))
12.3105 	EXP 	Created text_rewardRating = TextStim(__class__=<class 'psychopy.visual.text.TextStim'>, alignHoriz=method-wrapper(...), alignText='center', alignVert=method-wrapper(...), anchorHoriz='center', anchorVert='center', antialias=True, autoDraw=False, autoLog=True, bold=False, color=array([1., 1., 1.]), colorSpace='rgb', contrast=1.0, depth=-1.0, flipHoriz=False, flipVert=False, font='Arial', fontFiles=[], height=0.15, italic=False, languageStyle='LTR', name='text_rewardRating', opacity=1.0, ori=0.0, pos=array([0. , 0.5]), rgb=UNKNOWN, text=str(...), units='norm', win=Window(...), wrapWidth=1)
12.3203 	EXP 	Created text_rewardRating_2 = TextStim(__class__=<class 'psychopy.visual.text.TextStim'>, alignHoriz=method-wrapper(...), alignText='center', alignVert=method-wrapper(...), anchorHoriz='center', anchorVert='center', antialias=True, autoDraw=False, autoLog=True, bold=False, color=array([1., 1., 1.]), colorSpace='rgb', contrast=1.0, depth=-2.0, flipHoriz=False, flipVert=False, font='Arial', fontFiles=[], height=0.1, italic=False, languageStyle='LTR', name='text_rewardRating_2', opacity=1.0, ori=0.0, pos=array([0., 0.]), rgb=UNKNOWN, text=str(...), units='norm', win=Window(...), wrapWidth=1)
12.3533 	EXP 	Created coins_little_2 = ImageStim(__class__=<class 'psychopy.visual.image.ImageStim'>, anchor=('center', 'center'), autoLog=True, color=array([1., 1., 1.]), colorSpace='rgb', contrast=1.0, depth=-4.0, flipHoriz=False, flipVert=False, image='image1.png', interpolate=True, mask=None, maskParams=None, name='coins_little_2', opacity=1.0, ori=0.0, pos=array([-0.6, -0.4]), size=array([0.1, 0.1]), texRes=128.0, units='norm', win=Window(...))
12.4780 	EXP 	Created coins_many_2 = ImageStim(__class__=<class 'psychopy.visual.image.ImageStim'>, anchor=('center', 'center'), autoLog=True, color=array([1., 1., 1.]), colorSpace='rgb', contrast=1.0, depth=-5.0, flipHoriz=False, flipVert=False, image='image7.png', interpolate=True, mask=None, maskParams=None, name='coins_many_2', opacity=1.0, ori=0.0, pos=array([ 0.7 , -0.35]), size=array([0.3, 0.3]), texRes=128.0, units='norm', win=Window(...))
12.4847 	EXP 	window1: mouseVisible = True
12.5123 	EXP 	Created effort = Slider(__class__=<class 'psychopy.visual.slider.Slider'>, autoDraw=False, autoLog=True, borderColor=None, color=None, colorSpace='rgb', depth=0, fillColor=None, flip=False, font='Arial', granularity=1.0, labelColor=None, labelHeight=0.1, labelWrapWidth=None, labels=None, lineColor=None, markerColor=None, name='effort', opacity=None, ori=0.0, pos=array([ 0. , -0.4]), readOnly=False, self=UNKNOWN, size=array([1. , 0.1]), startValue=None, style='rating', styleTweaks=[], ticks=array([1, 2, 3, 4, 5]), units='norm', win=Window(...))
12.5217 	EXP 	Created text_effortRating_3 = TextStim(__class__=<class 'psychopy.visual.text.TextStim'>, alignHoriz=method-wrapper(...), alignText='center', alignVert=method-wrapper(...), anchorHoriz='center', anchorVert='center', antialias=True, autoDraw=False, autoLog=True, bold=False, color=array([1., 1., 1.]), colorSpace='rgb', contrast=1.0, depth=-1.0, flipHoriz=False, flipVert=False, font='Arial', fontFiles=[], height=0.15, italic=False, languageStyle='LTR', name='text_effortRating_3', opacity=1.0, ori=0.0, pos=array([0. , 0.5]), rgb=UNKNOWN, text=str(...), units='norm', win=Window(...), wrapWidth=1)
12.5264 	EXP 	Created text_effortRating_4 = TextStim(__class__=<class 'psychopy.visual.text.TextStim'>, alignHoriz=method-wrapper(...), alignText='center', alignVert=method-wrapper(...), anchorHoriz='center', anchorVert='center', antialias=True, autoDraw=False, autoLog=True, bold=False, color=array([1., 1., 1.]), colorSpace='rgb', contrast=1.0, depth=-2.0, flipHoriz=False, flipVert=False, font='Arial', fontFiles=[], height=0.1, italic=False, languageStyle='LTR', name='text_effortRating_4', opacity=1.0, ori=0.0, pos=array([0., 0.]), rgb=UNKNOWN, text=str(...), units='norm', win=Window(...), wrapWidth=1)
12.5434 	EXP 	Created fuel_empty = ImageStim(__class__=<class 'psychopy.visual.image.ImageStim'>, anchor=('center', 'center'), autoLog=True, color=array([1., 1., 1.]), colorSpace='rgb', contrast=1.0, depth=-4.0, flipHoriz=False, flipVert=False, image='default.png', interpolate=True, mask=None, maskParams=None, name='fuel_empty', opacity=1.0, ori=0.0, pos=array([-0.7, -0.3]), size=array([0.3, 0.5]), texRes=128.0, units='norm', win=Window(...))
14.0687 	EXP 	Created fuel_full = ImageStim(__class__=<class 'psychopy.visual.image.ImageStim'>, anchor=('center', 'center'), autoLog=True, color=array([1., 1., 1.]), colorSpace='rgb', contrast=1.0, depth=-5.0, flipHoriz=False, flipVert=False, image='fuelShipFull-01.png', interpolate=True, mask=None, maskParams=None, name='fuel_full', opacity=1.0, ori=0.0, pos=array([ 0.7, -0.3]), size=array([0.34, 0.5 ]), texRes=128.0, units='norm', win=Window(...))
14.0773 	EXP 	Created text2_2 = TextStim(__class__=<class 'psychopy.visual.text.TextStim'>, alignHoriz=method-wrapper(...), alignText='center', alignVert=method-wrapper(...), anchorHoriz='center', anchorVert='center', antialias=True, autoDraw=False, autoLog=True, bold=False, color=array([1., 1., 1.]), colorSpace='rgb', contrast=1.0, depth=0.0, flipHoriz=False, flipVert=False, font='Arial', fontFiles=[], height=0.5, italic=False, languageStyle='LTR', name='text2_2', opacity=1.0, ori=0, pos=array([0., 0.]), rgb=UNKNOWN, text='+', units='norm', win=Window(...), wrapWidth=1)
14.0790 	EXP 	Created text_6 = TextStim(__class__=<class 'psychopy.visual.text.TextStim'>, alignHoriz=method-wrapper(...), alignText='center', alignVert=method-wrapper(...), anchorHoriz='center', anchorVert='center', antialias=True, autoDraw=False, autoLog=True, bold=False, color=array([1., 1., 1.]), colorSpace='rgb', contrast=1.0, depth=0.0, flipHoriz=False, flipVert=False, font='Arial', fontFiles=[], height=0.1, italic=False, languageStyle='LTR', name='text_6', opacity=1.0, ori=0, pos=array([0. , 0.5]), rgb=UNKNOWN, text='', units='norm', win=Window(...), wrapWidth=1)
15.3388 	EXP 	Created tank = ImageStim(__class__=<class 'psychopy.visual.image.ImageStim'>, anchor=('center', 'center'), autoLog=True, color=array([1., 1., 1.]), colorSpace='rgb', contrast=1.0, depth=-4.0, flipHoriz=False, flipVert=False, image='TankOnlyEmpt-01.png', interpolate=True, mask=None, maskParams=None, name='tank', opacity=1.0, ori=0.0, pos=array([0., 0.]), size=array([1.5, 2. ]), texRes=128.0, units='norm', win=Window(...))
15.3407 	EXP 	Created background = Rect(__class__=<class 'psychopy.visual.rect.Rect'>, anchor=('center', 'bottom'), autoDraw=False, autoLog=True, closeShape=True, color=method-wrapper(...), colorSpace='rgb', contrast=None, depth=-5.0, fillColor=array([1, 1, 1]), fillColorSpace='rgb', fillRGB=array([1, 1, 1]), interpolate=True, lineColor=array([-1., -1., -1.]), lineColorSpace='rgb', lineRGB=array([-1, -1, -1]), lineWidth=2, name='background', opacity=1.0, ori=0.0, pos=array([ 0. , -0.5]), size=array([0.15, 0.55]), units='norm', vertices=ndarray(...), win=Window(...))
15.3436 	EXP 	Created barBody = Rect(__class__=<class 'psychopy.visual.rect.Rect'>, anchor=('center', 'bottom'), autoDraw=False, autoLog=True, closeShape=True, color=method-wrapper(...), colorSpace='rgb', contrast=None, depth=-6.0, fillColor=array([-0.6627451 , -0.06666667, -0.51372549]), fillColorSpace='rgb', fillRGB=array([-0.6627451 , -0.06666667, -0.51372549]), interpolate=True, lineColor=array([-0.6627451 , -0.06666667, -0.51372549]), lineColorSpace='rgb', lineRGB=array([-0.6627451 , -0.06666667, -0.51372549]), lineWidth=1, name='barBody', opacity=1.0, ori=0.0, pos=array([0., 0.]), size=array([1., 1.]), units='norm', vertices=ndarray(...), win=Window(...))
15.3454 	EXP 	Created feedbackMsg = TextStim(__class__=<class 'psychopy.visual.text.TextStim'>, alignHoriz=method-wrapper(...), alignText='center', alignVert=method-wrapper(...), anchorHoriz='center', anchorVert='center', antialias=True, autoDraw=False, autoLog=True, bold=False, color=array([1., 1., 1.]), colorSpace='rgb', contrast=1.0, depth=-1.0, flipHoriz=False, flipVert=False, font='Arial', fontFiles=[], height=0.1, italic=False, languageStyle='LTR', name='feedbackMsg', opacity=1.0, ori=0, pos=array([0., 0.]), rgb=UNKNOWN, text='', units='norm', win=Window(...), wrapWidth=1)
15.3675 	EXP 	Created image_rubies = ImageStim(__class__=<class 'psychopy.visual.image.ImageStim'>, anchor=('center', 'center'), autoLog=True, color=array([1., 1., 1.]), colorSpace='rgb', contrast=1.0, depth=-2.0, flipHoriz=False, flipVert=False, image='default.png', interpolate=True, mask=None, maskParams=None, name='image_rubies', opacity=1.0, ori=0.0, pos=array([ 0. , -0.4]), size=array([0.3, 0.3]), texRes=128.0, units='norm', win=Window(...))
15.4319 	EXP 	Created image_shipCrash = ImageStim(__class__=<class 'psychopy.visual.image.ImageStim'>, anchor=('center', 'center'), autoLog=True, color=array([1., 1., 1.]), colorSpace='rgb', contrast=1.0, depth=-3.0, flipHoriz=False, flipVert=False, image='crashedShip.png', interpolate=True, mask=None, maskParams=None, name='image_shipCrash', opacity=1.0, ori=0.0, pos=array([ 0.7, -0.5]), size=array([0.6, 0.7]), texRes=128.0, units='norm', win=Window(...))
15.4724 	EXP 	Created image_shipFull = ImageStim(__class__=<class 'psychopy.visual.image.ImageStim'>, anchor=('center', 'center'), autoLog=True, color=array([1., 1., 1.]), colorSpace='rgb', contrast=1.0, depth=-4.0, flipHoriz=False, flipVert=False, image='fullShip.png', interpolate=True, mask=None, maskParams=None, name='image_shipFull', opacity=1.0, ori=0.0, pos=array([0.7, 0.5]), size=array([0.6, 0.7]), texRes=128.0, units='norm', win=Window(...))
15.4848 	WARNING 	t of last frame was 5840.68ms (=1/0)
15.4848 	EXP 	reward: autoLog = True
15.4848 	EXP 	reward: markerPos = None
15.4848 	EXP 	reward: styleTweaks = []
15.4848 	EXP 	reward: styleTweaks = []
15.4848 	EXP 	reward: styleTweaks = []
15.4848 	EXP 	reward: styleTweaks = []
15.4848 	EXP 	reward: contrast = 1.0
15.4848 	EXP 	reward: autoLog = True
15.4848 	EXP 	effort: autoLog = True
15.4848 	EXP 	effort: markerPos = None
15.4848 	EXP 	effort: styleTweaks = []
15.4848 	EXP 	effort: styleTweaks = []
15.4848 	EXP 	effort: styleTweaks = []
15.4848 	EXP 	effort: styleTweaks = []
15.4848 	EXP 	effort: contrast = 1.0
15.4848 	EXP 	effort: autoLog = True
15.4848 	EXP 	instrText: autoDraw = True
15.6101 	WARNING 	t of last frame was 25.95ms (=1/38)
16.1138 	DATA 	Mouse: Left button down, pos=(476,572)
16.2328 	DATA 	Mouse:  Left button up, pos=(476,572)
17.3336 	EXP 	Imported trialTypes.xlsx as conditions, 60 conditions, 5 params
17.3347 	EXP 	Created sequence: sequential, trialTypes=60, nReps=1, seed=None
17.3351 	EXP 	New trial (rep=0, index=0): {'Points': 3, 'FeedbackText1': 'You reached the planet, you get 3 rubies!', 'FeedbackText2': 'You did not have enough battery to reach the planet and missed 3 rubies!', 'stimFile': 'image3.png', 'effLevel': 50}
17.3605 	DATA 	Keypress: return
17.3684 	WARNING 	t of last frame was 68.36ms (=1/14)
17.3684 	EXP 	instrText: autoDraw = False
17.3684 	EXP 	reward: markerPos = None
17.3684 	EXP 	reward: markerPos = None
17.3684 	EXP 	text_rewardRating: autoDraw = True
17.3684 	EXP 	text_rewardRating_2: autoDraw = True
17.3684 	EXP 	coins_little_2: autoDraw = True
17.3684 	EXP 	coins_many_2: autoDraw = True
17.3927 	WARNING 	Multiple dropped frames have occurred - I'll stop bothering you about them!
17.3927 	EXP 	reward: autoDraw = True
18.5338 	DATA 	Mouse: Left button down, pos=(513,262)
18.5602 	EXP 	reward: markerPos = 2.2750000000000004
18.5725 	EXP 	reward: markerPos = 2.2750000000000004
18.5844 	EXP 	reward: markerPos = 2.2750000000000004
18.5944 	EXP 	reward: markerPos = 2.2750000000000004
18.6056 	EXP 	reward: markerPos = 2.2750000000000004
18.6163 	EXP 	reward: markerPos = 2.2750000000000004
18.6303 	EXP 	reward: markerPos = 2.2750000000000004
18.6314 	DATA 	Mouse:  Left button up, pos=(513,262)
18.6438 	EXP 	reward: markerPos = 2.0
19.2543 	DATA 	Keypress: return
19.3193 	EXP 	reward: autoDraw = False
19.3193 	EXP 	text_rewardRating: autoDraw = False
19.3193 	EXP 	text_rewardRating_2: autoDraw = False
19.3193 	EXP 	coins_little_2: autoDraw = False
19.3193 	EXP 	coins_many_2: autoDraw = False
19.3193 	EXP 	effort: markerPos = None
19.3193 	EXP 	effort: markerPos = None
19.3193 	EXP 	fuel_empty: image = 'fuelShipEmpty-01.png'
19.3193 	EXP 	text_effortRating_3: autoDraw = True
19.3193 	EXP 	text_effortRating_4: autoDraw = True
19.3193 	EXP 	fuel_empty: autoDraw = True
19.3193 	EXP 	fuel_full: autoDraw = True
19.3340 	EXP 	effort: autoDraw = True
19.7034 	DATA 	Mouse: Left button down, pos=(842,249)
19.7195 	EXP 	effort: markerPos = 3.677777777777778
19.7349 	EXP 	effort: markerPos = 3.677777777777778
19.7527 	EXP 	effort: markerPos = 3.677777777777778
19.7682 	EXP 	effort: markerPos = 3.677777777777778
19.7822 	EXP 	effort: markerPos = 3.677777777777778
19.8109 	EXP 	effort: markerPos = 3.677777777777778
19.8119 	DATA 	Mouse:  Left button up, pos=(842,249)
19.8280 	EXP 	effort: markerPos = 4.0
20.0545 	DATA 	Keypress: return
20.0580 	EXP 	effort: autoDraw = False
20.0580 	EXP 	text_effortRating_3: autoDraw = False
20.0580 	EXP 	text_effortRating_4: autoDraw = False
20.0580 	EXP 	fuel_empty: autoDraw = False
20.0580 	EXP 	fuel_full: autoDraw = False
20.0580 	EXP 	text2_2: autoDraw = True
21.0726 	EXP 	text2_2: autoDraw = False
21.0726 	EXP 	text2_2: autoDraw = False
21.0726 	EXP 	text_6: height = 0.1
21.0726 	EXP 	text_6: height = 0.1
21.0726 	EXP 	text_6: height = 0.1
21.0726 	EXP 	text_6: text = 'Power up!\n'
21.0726 	EXP 	text_6: autoDraw = True
21.0726 	EXP 	tank: autoDraw = True
21.0726 	EXP 	background: autoDraw = True
21.0726 	EXP 	barBody: autoDraw = True
21.9332 	DATA 	Keypress: z
22.0806 	DATA 	Keypress: p
22.1723 	DATA 	Keypress: z
22.2717 	DATA 	Keypress: p
22.3672 	DATA 	Keypress: z
22.4896 	DATA 	Keypress: p
22.5959 	DATA 	Keypress: z
22.7029 	DATA 	Keypress: p
22.8244 	DATA 	Keypress: z
22.9391 	DATA 	Keypress: p
23.0806 	DATA 	Keypress: z
23.2003 	DATA 	Keypress: p
23.3302 	DATA 	Keypress: z
23.4710 	DATA 	Keypress: p
23.6323 	DATA 	Keypress: z
23.7970 	DATA 	Keypress: p
23.9583 	DATA 	Keypress: z
24.1295 	DATA 	Keypress: p
24.3126 	DATA 	Keypress: z
24.5168 	DATA 	Keypress: p
24.8244 	DATA 	Keypress: z
25.1606 	DATA 	Keypress: p
25.4172 	DATA 	Keypress: z
25.6478 	DATA 	Keypress: p
25.8004 	DATA 	Keypress: z
25.9631 	DATA 	Keypress: p
26.1045 	DATA 	Keypress: z
26.1105 	EXP 	text_6: autoDraw = False
26.1105 	EXP 	tank: autoDraw = False
26.1105 	EXP 	background: autoDraw = False
26.1105 	EXP 	barBody: autoDraw = False
26.1105 	EXP 	feedbackMsg: height = 0.1
26.1105 	EXP 	feedbackMsg: height = 0.1
26.1105 	EXP 	feedbackMsg: height = 0.1
26.1105 	EXP 	feedbackMsg: text = 'You did not have enough battery to reach the planet and missed 3 rubies!'
26.1105 	EXP 	image_rubies: image = 'image3.png'
26.1105 	EXP 	feedbackMsg: autoDraw = True
26.1105 	EXP 	image_rubies: autoDraw = True
26.2309 	DATA 	Keypress: p
26.3639 	DATA 	Keypress: z
27.1807 	DATA 	Keypress: p
29.0970 	EXP 	feedbackMsg: autoDraw = False
29.0970 	EXP 	image_rubies: autoDraw = False
33.4283 	DATA 	Keypress: escape
34.1267 	EXP 	window1: mouseVisible = True
