14.4341 	WARNING 	Couldn't measure a consistent frame rate!
  - Is your graphics card set to sync to vertical blank?
  - Are you running other processes on your computer?

14.4349 	EXP 	Created window1 = Window(allowGUI=True, allowStencil=False, autoLog=True, backendConf=UNKNOWN, backgroundFit=<method-wrapper '__getattribute__' of attributeSetter object at 0x7fef6c4f09a0>, backgroundImage=<method-wrapper '__getattribute__' of attributeSetter object at 0x7fef6c4f0940>, bitsMode=UNKNOWN, blendMode='avg', bpc=(8, 8, 8), color=array([-1.    , -1.    , -0.2471]), colorSpace='rgb', depthBits=8, fullscr=<method-wrapper '__getattribute__' of attributeSetter object at 0x7fef6c4f07c0>, gamma=None, gammaErrorPolicy='raise', lms=UNKNOWN, monitor=<psychopy.monitors.calibTools.Monitor object at 0x7fef71c2b850>, multiSample=False, name='window1', numSamples=2, pos=[240.0, 150.0], screen=0, size=array([1440,  900]), stencilBits=0, stereo=False, units='norm', useFBO=True, useRetina=False, viewOri=0.0, viewPos=None, viewScale=None, waitBlanking=True, winType='pyglet')
14.4352 	EXP 	window1: mouseVisible = True
14.4352 	EXP 	window1: backgroundImage = ''
14.4353 	EXP 	window1: backgroundFit = 'cover'
14.4353 	EXP 	window1: mouseVisible = True
14.4354 	EXP 	window1: Attempting to measure frame rate of screen (0) ...
14.4354 	EXP 	window1: recordFrameIntervals = False
14.5471 	EXP 	window1: recordFrameIntervals = True
15.2647 	WARNING 	t of last frame was 20.47ms (=1/48)
15.6825 	WARNING 	Couldn't measure a consistent frame rate!
  - Is your graphics card set to sync to vertical blank?
  - Are you running other processes on your computer?

15.7330 	WARNING 	launchHubServer: If using the iohub mouse or eyetracker devices, fullScr should be True.
19.1593 	EXP 	Created instrText = TextStim(__class__=<class 'psychopy.visual.text.TextStim'>, alignHoriz=method-wrapper(...), alignText='center', alignVert=method-wrapper(...), anchorHoriz='center', anchorVert='center', antialias=True, autoDraw=False, autoLog=True, bold=False, color=array([1., 1., 1.]), colorSpace='rgb', contrast=1.0, depth=-1.0, flipHoriz=False, flipVert=False, font='Arial', fontFiles=[], height=0.1, italic=False, languageStyle='LTR', name='instrText', opacity=1.0, ori=0, pos=array([0. , 0.3]), rgb=UNKNOWN, text=str(...), units='norm', win=Window(...), wrapWidth=1)
19.1805 	EXP 	window1: mouseVisible = True
19.2168 	EXP 	Created reward = Slider(__class__=<class 'psychopy.visual.slider.Slider'>, autoDraw=False, autoLog=True, borderColor=None, color=None, colorSpace='rgb', depth=0, fillColor=None, flip=False, font='Arial', granularity=1.0, labelColor=None, labelHeight=0.1, labelWrapWidth=None, labels=None, lineColor=None, markerColor=None, name='reward', opacity=None, ori=0.0, pos=array([ 0. , -0.4]), readOnly=False, self=UNKNOWN, size=array([1. , 0.1]), startValue=None, style='rating', styleTweaks=[], ticks=array([1, 2, 3, 4, 5, 6, 7]), units='norm', win=Window(...))
19.2341 	EXP 	Created text_rewardRating = TextStim(__class__=<class 'psychopy.visual.text.TextStim'>, alignHoriz=method-wrapper(...), alignText='center', alignVert=method-wrapper(...), anchorHoriz='center', anchorVert='center', antialias=True, autoDraw=False, autoLog=True, bold=False, color=array([1., 1., 1.]), colorSpace='rgb', contrast=1.0, depth=-1.0, flipHoriz=False, flipVert=False, font='Arial', fontFiles=[], height=0.15, italic=False, languageStyle='LTR', name='text_rewardRating', opacity=1.0, ori=0.0, pos=array([0. , 0.5]), rgb=UNKNOWN, text=str(...), units='norm', win=Window(...), wrapWidth=1)
19.2435 	EXP 	Created text_rewardRating_2 = TextStim(__class__=<class 'psychopy.visual.text.TextStim'>, alignHoriz=method-wrapper(...), alignText='center', alignVert=method-wrapper(...), anchorHoriz='center', anchorVert='center', antialias=True, autoDraw=False, autoLog=True, bold=False, color=array([1., 1., 1.]), colorSpace='rgb', contrast=1.0, depth=-2.0, flipHoriz=False, flipVert=False, font='Arial', fontFiles=[], height=0.1, italic=False, languageStyle='LTR', name='text_rewardRating_2', opacity=1.0, ori=0.0, pos=array([0., 0.]), rgb=UNKNOWN, text=str(...), units='norm', win=Window(...), wrapWidth=1)
19.2911 	EXP 	Created coins_little_2 = ImageStim(__class__=<class 'psychopy.visual.image.ImageStim'>, anchor=('center', 'center'), autoLog=True, color=array([1., 1., 1.]), colorSpace='rgb', contrast=1.0, depth=-4.0, flipHoriz=False, flipVert=False, image='image1.png', interpolate=True, mask=None, maskParams=None, name='coins_little_2', opacity=1.0, ori=0.0, pos=array([-0.6, -0.4]), size=array([0.1, 0.1]), texRes=128.0, units='norm', win=Window(...))
19.4117 	EXP 	Created coins_many_2 = ImageStim(__class__=<class 'psychopy.visual.image.ImageStim'>, anchor=('center', 'center'), autoLog=True, color=array([1., 1., 1.]), colorSpace='rgb', contrast=1.0, depth=-5.0, flipHoriz=False, flipVert=False, image='image7.png', interpolate=True, mask=None, maskParams=None, name='coins_many_2', opacity=1.0, ori=0.0, pos=array([ 0.7 , -0.35]), size=array([0.3, 0.3]), texRes=128.0, units='norm', win=Window(...))
19.4184 	EXP 	window1: mouseVisible = True
19.4450 	EXP 	Created effort = Slider(__class__=<class 'psychopy.visual.slider.Slider'>, autoDraw=False, autoLog=True, borderColor=None, color=None, colorSpace='rgb', depth=0, fillColor=None, flip=False, font='Arial', granularity=1.0, labelColor=None, labelHeight=0.1, labelWrapWidth=None, labels=None, lineColor=None, markerColor=None, name='effort', opacity=None, ori=0.0, pos=array([ 0. , -0.4]), readOnly=False, self=UNKNOWN, size=array([1. , 0.1]), startValue=None, style='rating', styleTweaks=[], ticks=array([1, 2, 3, 4, 5]), units='norm', win=Window(...))
19.4538 	EXP 	Created text_effortRating_3 = TextStim(__class__=<class 'psychopy.visual.text.TextStim'>, alignHoriz=method-wrapper(...), alignText='center', alignVert=method-wrapper(...), anchorHoriz='center', anchorVert='center', antialias=True, autoDraw=False, autoLog=True, bold=False, color=array([1., 1., 1.]), colorSpace='rgb', contrast=1.0, depth=-1.0, flipHoriz=False, flipVert=False, font='Arial', fontFiles=[], height=0.15, italic=False, languageStyle='LTR', name='text_effortRating_3', opacity=1.0, ori=0.0, pos=array([0. , 0.5]), rgb=UNKNOWN, text=str(...), units='norm', win=Window(...), wrapWidth=1)
19.4586 	EXP 	Created text_effortRating_4 = TextStim(__class__=<class 'psychopy.visual.text.TextStim'>, alignHoriz=method-wrapper(...), alignText='center', alignVert=method-wrapper(...), anchorHoriz='center', anchorVert='center', antialias=True, autoDraw=False, autoLog=True, bold=False, color=array([1., 1., 1.]), colorSpace='rgb', contrast=1.0, depth=-2.0, flipHoriz=False, flipVert=False, font='Arial', fontFiles=[], height=0.1, italic=False, languageStyle='LTR', name='text_effortRating_4', opacity=1.0, ori=0.0, pos=array([0., 0.]), rgb=UNKNOWN, text=str(...), units='norm', win=Window(...), wrapWidth=1)
19.4765 	EXP 	Created fuel_empty = ImageStim(__class__=<class 'psychopy.visual.image.ImageStim'>, anchor=('center', 'center'), autoLog=True, color=array([1., 1., 1.]), colorSpace='rgb', contrast=1.0, depth=-4.0, flipHoriz=False, flipVert=False, image='default.png', interpolate=True, mask=None, maskParams=None, name='fuel_empty', opacity=1.0, ori=0.0, pos=array([-0.7, -0.3]), size=array([0.3, 0.5]), texRes=128.0, units='norm', win=Window(...))
21.0929 	EXP 	Created fuel_full = ImageStim(__class__=<class 'psychopy.visual.image.ImageStim'>, anchor=('center', 'center'), autoLog=True, color=array([1., 1., 1.]), colorSpace='rgb', contrast=1.0, depth=-5.0, flipHoriz=False, flipVert=False, image='fuelShipFull-01.png', interpolate=True, mask=None, maskParams=None, name='fuel_full', opacity=1.0, ori=0.0, pos=array([ 0.7, -0.3]), size=array([0.34, 0.5 ]), texRes=128.0, units='norm', win=Window(...))
21.1006 	EXP 	Created text2_2 = TextStim(__class__=<class 'psychopy.visual.text.TextStim'>, alignHoriz=method-wrapper(...), alignText='center', alignVert=method-wrapper(...), anchorHoriz='center', anchorVert='center', antialias=True, autoDraw=False, autoLog=True, bold=False, color=array([1., 1., 1.]), colorSpace='rgb', contrast=1.0, depth=0.0, flipHoriz=False, flipVert=False, font='Arial', fontFiles=[], height=0.5, italic=False, languageStyle='LTR', name='text2_2', opacity=1.0, ori=0, pos=array([0., 0.]), rgb=UNKNOWN, text='+', units='norm', win=Window(...), wrapWidth=1)
21.1023 	EXP 	Created text_6 = TextStim(__class__=<class 'psychopy.visual.text.TextStim'>, alignHoriz=method-wrapper(...), alignText='center', alignVert=method-wrapper(...), anchorHoriz='center', anchorVert='center', antialias=True, autoDraw=False, autoLog=True, bold=False, color=array([1., 1., 1.]), colorSpace='rgb', contrast=1.0, depth=0.0, flipHoriz=False, flipVert=False, font='Arial', fontFiles=[], height=0.1, italic=False, languageStyle='LTR', name='text_6', opacity=1.0, ori=0, pos=array([0. , 0.5]), rgb=UNKNOWN, text='', units='norm', win=Window(...), wrapWidth=1)
22.3617 	EXP 	Created tank = ImageStim(__class__=<class 'psychopy.visual.image.ImageStim'>, anchor=('center', 'center'), autoLog=True, color=array([1., 1., 1.]), colorSpace='rgb', contrast=1.0, depth=-4.0, flipHoriz=False, flipVert=False, image='TankOnlyEmpt-01.png', interpolate=True, mask=None, maskParams=None, name='tank', opacity=1.0, ori=0.0, pos=array([0., 0.]), size=array([1.5, 2. ]), texRes=128.0, units='norm', win=Window(...))
22.3638 	EXP 	Created background = Rect(__class__=<class 'psychopy.visual.rect.Rect'>, anchor=('center', 'bottom'), autoDraw=False, autoLog=True, closeShape=True, color=method-wrapper(...), colorSpace='rgb', contrast=None, depth=-5.0, fillColor=array([1, 1, 1]), fillColorSpace='rgb', fillRGB=array([1, 1, 1]), interpolate=True, lineColor=array([-1., -1., -1.]), lineColorSpace='rgb', lineRGB=array([-1, -1, -1]), lineWidth=2, name='background', opacity=1.0, ori=0.0, pos=array([ 0. , -0.5]), size=array([0.15, 0.55]), units='norm', vertices=ndarray(...), win=Window(...))
22.3669 	EXP 	Created barBody = Rect(__class__=<class 'psychopy.visual.rect.Rect'>, anchor=('center', 'bottom'), autoDraw=False, autoLog=True, closeShape=True, color=method-wrapper(...), colorSpace='rgb', contrast=None, depth=-6.0, fillColor=array([-0.6627451 , -0.06666667, -0.51372549]), fillColorSpace='rgb', fillRGB=array([-0.6627451 , -0.06666667, -0.51372549]), interpolate=True, lineColor=array([-0.6627451 , -0.06666667, -0.51372549]), lineColorSpace='rgb', lineRGB=array([-0.6627451 , -0.06666667, -0.51372549]), lineWidth=1, name='barBody', opacity=1.0, ori=0.0, pos=array([0., 0.]), size=array([1., 1.]), units='norm', vertices=ndarray(...), win=Window(...))
22.3687 	EXP 	Created feedbackMsg = TextStim(__class__=<class 'psychopy.visual.text.TextStim'>, alignHoriz=method-wrapper(...), alignText='center', alignVert=method-wrapper(...), anchorHoriz='center', anchorVert='center', antialias=True, autoDraw=False, autoLog=True, bold=False, color=array([1., 1., 1.]), colorSpace='rgb', contrast=1.0, depth=-1.0, flipHoriz=False, flipVert=False, font='Arial', fontFiles=[], height=0.1, italic=False, languageStyle='LTR', name='feedbackMsg', opacity=1.0, ori=0, pos=array([0., 0.]), rgb=UNKNOWN, text='', units='norm', win=Window(...), wrapWidth=1)
22.3910 	EXP 	Created image_rubies = ImageStim(__class__=<class 'psychopy.visual.image.ImageStim'>, anchor=('center', 'center'), autoLog=True, color=array([1., 1., 1.]), colorSpace='rgb', contrast=1.0, depth=-2.0, flipHoriz=False, flipVert=False, image='default.png', interpolate=True, mask=None, maskParams=None, name='image_rubies', opacity=1.0, ori=0.0, pos=array([ 0. , -0.4]), size=array([0.3, 0.3]), texRes=128.0, units='norm', win=Window(...))
22.4536 	EXP 	Created image_shipCrash = ImageStim(__class__=<class 'psychopy.visual.image.ImageStim'>, anchor=('center', 'center'), autoLog=True, color=array([1., 1., 1.]), colorSpace='rgb', contrast=1.0, depth=-3.0, flipHoriz=False, flipVert=False, image='crashedShip.png', interpolate=True, mask=None, maskParams=None, name='image_shipCrash', opacity=1.0, ori=0.0, pos=array([ 0.7, -0.5]), size=array([0.6, 0.7]), texRes=128.0, units='norm', win=Window(...))
22.4949 	EXP 	Created image_shipFull = ImageStim(__class__=<class 'psychopy.visual.image.ImageStim'>, anchor=('center', 'center'), autoLog=True, color=array([1., 1., 1.]), colorSpace='rgb', contrast=1.0, depth=-4.0, flipHoriz=False, flipVert=False, image='fullShip.png', interpolate=True, mask=None, maskParams=None, name='image_shipFull', opacity=1.0, ori=0.0, pos=array([0.7, 0.5]), size=array([0.6, 0.7]), texRes=128.0, units='norm', win=Window(...))
22.5091 	WARNING 	t of last frame was 6826.74ms (=1/0)
22.5091 	EXP 	reward: autoLog = True
22.5091 	EXP 	reward: markerPos = None
22.5091 	EXP 	reward: styleTweaks = []
22.5091 	EXP 	reward: styleTweaks = []
22.5091 	EXP 	reward: styleTweaks = []
22.5091 	EXP 	reward: styleTweaks = []
22.5091 	EXP 	reward: contrast = 1.0
22.5091 	EXP 	reward: autoLog = True
22.5091 	EXP 	effort: autoLog = True
22.5091 	EXP 	effort: markerPos = None
22.5091 	EXP 	effort: styleTweaks = []
22.5091 	EXP 	effort: styleTweaks = []
22.5091 	EXP 	effort: styleTweaks = []
22.5091 	EXP 	effort: styleTweaks = []
22.5091 	EXP 	effort: contrast = 1.0
22.5091 	EXP 	effort: autoLog = True
22.5091 	EXP 	instrText: autoDraw = True
22.5449 	WARNING 	t of last frame was 20.95ms (=1/47)
23.1704 	WARNING 	t of last frame was 119.62ms (=1/8)
23.3371 	WARNING 	Multiple dropped frames have occurred - I'll stop bothering you about them!
25.8270 	EXP 	Imported trialTypes.xlsx as conditions, 60 conditions, 5 params
25.8295 	EXP 	Created sequence: sequential, trialTypes=60, nReps=1, seed=None
25.8300 	EXP 	New trial (rep=0, index=0): {'Points': 3, 'FeedbackText1': 'You reached the planet, you get 3 rubies!', 'FeedbackText2': 'You did not have enough battery to reach the planet and missed 3 rubies!', 'stimFile': 'image3.png', 'effLevel': 50}
25.8612 	DATA 	Keypress: return
25.8656 	EXP 	instrText: autoDraw = False
25.8656 	EXP 	reward: markerPos = None
25.8656 	EXP 	reward: markerPos = None
25.8656 	EXP 	text_rewardRating: autoDraw = True
25.8656 	EXP 	text_rewardRating_2: autoDraw = True
25.8656 	EXP 	coins_little_2: autoDraw = True
25.8656 	EXP 	coins_many_2: autoDraw = True
25.8888 	EXP 	reward: autoDraw = True
28.7178 	DATA 	Mouse: Left button down, pos=(501,269)
28.7328 	EXP 	reward: markerPos = 2.1750000000000003
28.7459 	EXP 	reward: markerPos = 2.1750000000000003
28.7580 	EXP 	reward: markerPos = 2.1750000000000003
28.7704 	EXP 	reward: markerPos = 2.1750000000000003
28.7837 	EXP 	reward: markerPos = 2.1750000000000003
28.7971 	EXP 	reward: markerPos = 2.1750000000000003
28.7988 	DATA 	Mouse:  Left button up, pos=(501,269)
28.8110 	EXP 	reward: markerPos = 2.0
30.0376 	DATA 	Keypress: return
30.0596 	EXP 	reward: autoDraw = False
30.0596 	EXP 	text_rewardRating: autoDraw = False
30.0596 	EXP 	text_rewardRating_2: autoDraw = False
30.0596 	EXP 	coins_little_2: autoDraw = False
30.0596 	EXP 	coins_many_2: autoDraw = False
30.0596 	EXP 	effort: markerPos = None
30.0596 	EXP 	effort: markerPos = None
30.0596 	EXP 	fuel_empty: image = 'fuelShipEmpty-01.png'
30.0596 	EXP 	text_effortRating_3: autoDraw = True
30.0596 	EXP 	text_effortRating_4: autoDraw = True
30.0596 	EXP 	fuel_empty: autoDraw = True
30.0596 	EXP 	fuel_full: autoDraw = True
30.0764 	EXP 	effort: autoDraw = True
30.4878 	DATA 	Mouse: Left button down, pos=(716,279)
30.5015 	EXP 	effort: markerPos = 2.977777777777778
30.5130 	EXP 	effort: markerPos = 2.977777777777778
30.5252 	EXP 	effort: markerPos = 2.977777777777778
30.5369 	EXP 	effort: markerPos = 2.977777777777778
30.5645 	EXP 	effort: markerPos = 2.977777777777778
30.5784 	EXP 	effort: markerPos = 2.977777777777778
30.5876 	DATA 	Mouse:  Left button up, pos=(716,279)
30.5918 	EXP 	effort: markerPos = 2.977777777777778
30.6032 	EXP 	effort: markerPos = 3.0
30.7036 	DATA 	Keypress: return
30.7062 	EXP 	effort: autoDraw = False
30.7062 	EXP 	text_effortRating_3: autoDraw = False
30.7062 	EXP 	text_effortRating_4: autoDraw = False
30.7062 	EXP 	fuel_empty: autoDraw = False
30.7062 	EXP 	fuel_full: autoDraw = False
30.7062 	EXP 	text2_2: autoDraw = True
31.7193 	EXP 	text2_2: autoDraw = False
31.7193 	EXP 	text2_2: autoDraw = False
31.7193 	EXP 	text_6: height = 0.1
31.7193 	EXP 	text_6: height = 0.1
31.7193 	EXP 	text_6: height = 0.1
31.7193 	EXP 	text_6: text = 'Power up!\n'
31.7193 	EXP 	text_6: autoDraw = True
31.7193 	EXP 	tank: autoDraw = True
31.7193 	EXP 	background: autoDraw = True
31.7193 	EXP 	barBody: autoDraw = True
32.9823 	DATA 	Keypress: z
33.2762 	DATA 	Keypress: p
33.6344 	DATA 	Keypress: z
33.7748 	DATA 	Keypress: p
33.9077 	DATA 	Keypress: z
34.0223 	DATA 	Keypress: p
34.1174 	DATA 	Keypress: z
34.2553 	DATA 	Keypress: p
34.3053 	DATA 	Keypress: z
34.4594 	DATA 	Keypress: p
34.5218 	DATA 	Keypress: z
34.6836 	DATA 	Keypress: p
34.7216 	DATA 	Keypress: z
34.9014 	DATA 	Keypress: p
34.9334 	DATA 	Keypress: z
35.1232 	DATA 	Keypress: p
35.1319 	DATA 	Keypress: z
35.3502 	DATA 	Keypress: p
35.3555 	DATA 	Keypress: z
35.5566 	DATA 	Keypress: p
35.6516 	DATA 	Keypress: z
35.8119 	DATA 	Keypress: p
35.8805 	DATA 	Keypress: z
36.0429 	DATA 	Keypress: p
36.1239 	DATA 	Keypress: z
36.2742 	DATA 	Keypress: p
36.3690 	DATA 	Keypress: z
36.4983 	DATA 	Keypress: p
36.6172 	DATA 	Keypress: z
36.7635 	DATA 	Keypress: p
36.7668 	EXP 	text_6: autoDraw = False
36.7668 	EXP 	tank: autoDraw = False
36.7668 	EXP 	background: autoDraw = False
36.7668 	EXP 	barBody: autoDraw = False
36.7668 	EXP 	feedbackMsg: height = 0.1
36.7668 	EXP 	feedbackMsg: height = 0.1
36.7668 	EXP 	feedbackMsg: height = 0.1
36.7668 	EXP 	feedbackMsg: text = 'You did not have enough battery to reach the planet and missed 3 rubies!'
36.7668 	EXP 	image_rubies: image = 'image3.png'
36.7668 	EXP 	feedbackMsg: autoDraw = True
36.7668 	EXP 	image_rubies: autoDraw = True
36.8396 	DATA 	Keypress: z
36.9883 	DATA 	Keypress: p
37.0737 	DATA 	Keypress: z
39.7820 	EXP 	feedbackMsg: autoDraw = False
39.7820 	EXP 	image_rubies: autoDraw = False
47.4311 	DATA 	Keypress: escape
48.1524 	EXP 	window1: mouseVisible = True
