8.7601 	WARNING 	Couldn't measure a consistent frame rate!
  - Is your graphics card set to sync to vertical blank?
  - Are you running other processes on your computer?

8.7608 	EXP 	Created window1 = Window(allowGUI=True, allowStencil=False, autoLog=True, backendConf=UNKNOWN, backgroundFit=<method-wrapper '__getattribute__' of attributeSetter object at 0x7fba673559a0>, backgroundImage=<method-wrapper '__getattribute__' of attributeSetter object at 0x7fba67355940>, bitsMode=UNKNOWN, blendMode='avg', bpc=(8, 8, 8), color=array([-1.    , -1.    , -0.2471]), colorSpace='rgb', depthBits=8, fullscr=<method-wrapper '__getattribute__' of attributeSetter object at 0x7fba673557c0>, gamma=None, gammaErrorPolicy='raise', lms=UNKNOWN, monitor=<psychopy.monitors.calibTools.Monitor object at 0x7fba6cbee700>, multiSample=False, name='window1', numSamples=2, pos=[240.0, 150.0], screen=0, size=array([1440,  900]), stencilBits=0, stereo=False, units='norm', useFBO=True, useRetina=False, viewOri=0.0, viewPos=None, viewScale=None, waitBlanking=True, winType='pyglet')
8.7610 	EXP 	window1: mouseVisible = True
8.7610 	EXP 	window1: backgroundImage = ''
8.7610 	EXP 	window1: backgroundFit = 'cover'
8.7611 	EXP 	window1: mouseVisible = True
8.7612 	EXP 	window1: Attempting to measure frame rate of screen (0) ...
8.7612 	EXP 	window1: recordFrameIntervals = False
8.8672 	EXP 	window1: recordFrameIntervals = True
9.3932 	WARNING 	t of last frame was 27.65ms (=1/36)
9.9334 	WARNING 	Couldn't measure a consistent frame rate!
  - Is your graphics card set to sync to vertical blank?
  - Are you running other processes on your computer?

9.9830 	WARNING 	launchHubServer: If using the iohub mouse or eyetracker devices, fullScr should be True.
12.9950 	EXP 	Created instrText = TextStim(__class__=<class 'psychopy.visual.text.TextStim'>, alignHoriz=method-wrapper(...), alignText='center', alignVert=method-wrapper(...), anchorHoriz='center', anchorVert='center', antialias=True, autoDraw=False, autoLog=True, bold=False, color=array([1., 1., 1.]), colorSpace='rgb', contrast=1.0, depth=-1.0, flipHoriz=False, flipVert=False, font='Arial', fontFiles=[], height=0.1, italic=False, languageStyle='LTR', name='instrText', opacity=1.0, ori=0, pos=array([0. , 0.3]), rgb=UNKNOWN, text=str(...), units='norm', win=Window(...), wrapWidth=1)
13.0163 	EXP 	window1: mouseVisible = True
13.0471 	EXP 	Created reward = Slider(__class__=<class 'psychopy.visual.slider.Slider'>, autoDraw=False, autoLog=True, borderColor=None, color=None, colorSpace='rgb', depth=0, fillColor=None, flip=False, font='Arial', granularity=1.0, labelColor=None, labelHeight=0.1, labelWrapWidth=None, labels=None, lineColor=None, markerColor=None, name='reward', opacity=None, ori=0.0, pos=array([ 0. , -0.4]), readOnly=False, self=UNKNOWN, size=array([1. , 0.1]), startValue=None, style='rating', styleTweaks=[], ticks=array([1, 2, 3, 4, 5, 6, 7]), units='norm', win=Window(...))
13.0655 	EXP 	Created text_rewardRating = TextStim(__class__=<class 'psychopy.visual.text.TextStim'>, alignHoriz=method-wrapper(...), alignText='center', alignVert=method-wrapper(...), anchorHoriz='center', anchorVert='center', antialias=True, autoDraw=False, autoLog=True, bold=False, color=array([1., 1., 1.]), colorSpace='rgb', contrast=1.0, depth=-1.0, flipHoriz=False, flipVert=False, font='Arial', fontFiles=[], height=0.15, italic=False, languageStyle='LTR', name='text_rewardRating', opacity=1.0, ori=0.0, pos=array([0. , 0.5]), rgb=UNKNOWN, text=str(...), units='norm', win=Window(...), wrapWidth=1)
13.0756 	EXP 	Created text_rewardRating_2 = TextStim(__class__=<class 'psychopy.visual.text.TextStim'>, alignHoriz=method-wrapper(...), alignText='center', alignVert=method-wrapper(...), anchorHoriz='center', anchorVert='center', antialias=True, autoDraw=False, autoLog=True, bold=False, color=array([1., 1., 1.]), colorSpace='rgb', contrast=1.0, depth=-2.0, flipHoriz=False, flipVert=False, font='Arial', fontFiles=[], height=0.1, italic=False, languageStyle='LTR', name='text_rewardRating_2', opacity=1.0, ori=0.0, pos=array([0., 0.]), rgb=UNKNOWN, text=str(...), units='norm', win=Window(...), wrapWidth=1)
13.1078 	EXP 	Created coins_little_2 = ImageStim(__class__=<class 'psychopy.visual.image.ImageStim'>, anchor=('center', 'center'), autoLog=True, color=array([1., 1., 1.]), colorSpace='rgb', contrast=1.0, depth=-4.0, flipHoriz=False, flipVert=False, image='image1.png', interpolate=True, mask=None, maskParams=None, name='coins_little_2', opacity=1.0, ori=0.0, pos=array([-0.6, -0.4]), size=array([0.1, 0.1]), texRes=128.0, units='norm', win=Window(...))
13.2335 	EXP 	Created coins_many_2 = ImageStim(__class__=<class 'psychopy.visual.image.ImageStim'>, anchor=('center', 'center'), autoLog=True, color=array([1., 1., 1.]), colorSpace='rgb', contrast=1.0, depth=-5.0, flipHoriz=False, flipVert=False, image='image7.png', interpolate=True, mask=None, maskParams=None, name='coins_many_2', opacity=1.0, ori=0.0, pos=array([ 0.7 , -0.35]), size=array([0.3, 0.3]), texRes=128.0, units='norm', win=Window(...))
13.2419 	EXP 	window1: mouseVisible = True
13.2702 	EXP 	Created effort = Slider(__class__=<class 'psychopy.visual.slider.Slider'>, autoDraw=False, autoLog=True, borderColor=None, color=None, colorSpace='rgb', depth=0, fillColor=None, flip=False, font='Arial', granularity=1.0, labelColor=None, labelHeight=0.1, labelWrapWidth=None, labels=None, lineColor=None, markerColor=None, name='effort', opacity=None, ori=0.0, pos=array([ 0. , -0.4]), readOnly=False, self=UNKNOWN, size=array([1. , 0.1]), startValue=None, style='rating', styleTweaks=[], ticks=array([1, 2, 3, 4, 5]), units='norm', win=Window(...))
13.2800 	EXP 	Created text_effortRating_3 = TextStim(__class__=<class 'psychopy.visual.text.TextStim'>, alignHoriz=method-wrapper(...), alignText='center', alignVert=method-wrapper(...), anchorHoriz='center', anchorVert='center', antialias=True, autoDraw=False, autoLog=True, bold=False, color=array([1., 1., 1.]), colorSpace='rgb', contrast=1.0, depth=-1.0, flipHoriz=False, flipVert=False, font='Arial', fontFiles=[], height=0.15, italic=False, languageStyle='LTR', name='text_effortRating_3', opacity=1.0, ori=0.0, pos=array([0. , 0.5]), rgb=UNKNOWN, text=str(...), units='norm', win=Window(...), wrapWidth=1)
13.2858 	EXP 	Created text_effortRating_4 = TextStim(__class__=<class 'psychopy.visual.text.TextStim'>, alignHoriz=method-wrapper(...), alignText='center', alignVert=method-wrapper(...), anchorHoriz='center', anchorVert='center', antialias=True, autoDraw=False, autoLog=True, bold=False, color=array([1., 1., 1.]), colorSpace='rgb', contrast=1.0, depth=-2.0, flipHoriz=False, flipVert=False, font='Arial', fontFiles=[], height=0.1, italic=False, languageStyle='LTR', name='text_effortRating_4', opacity=1.0, ori=0.0, pos=array([0., 0.]), rgb=UNKNOWN, text=str(...), units='norm', win=Window(...), wrapWidth=1)
13.3046 	EXP 	Created fuel_empty = ImageStim(__class__=<class 'psychopy.visual.image.ImageStim'>, anchor=('center', 'center'), autoLog=True, color=array([1., 1., 1.]), colorSpace='rgb', contrast=1.0, depth=-4.0, flipHoriz=False, flipVert=False, image='default.png', interpolate=True, mask=None, maskParams=None, name='fuel_empty', opacity=1.0, ori=0.0, pos=array([-0.7, -0.3]), size=array([0.3, 0.5]), texRes=128.0, units='norm', win=Window(...))
14.8772 	EXP 	Created fuel_full = ImageStim(__class__=<class 'psychopy.visual.image.ImageStim'>, anchor=('center', 'center'), autoLog=True, color=array([1., 1., 1.]), colorSpace='rgb', contrast=1.0, depth=-5.0, flipHoriz=False, flipVert=False, image='fuelShipFull-01.png', interpolate=True, mask=None, maskParams=None, name='fuel_full', opacity=1.0, ori=0.0, pos=array([ 0.7, -0.3]), size=array([0.34, 0.5 ]), texRes=128.0, units='norm', win=Window(...))
14.8859 	EXP 	Created text2_2 = TextStim(__class__=<class 'psychopy.visual.text.TextStim'>, alignHoriz=method-wrapper(...), alignText='center', alignVert=method-wrapper(...), anchorHoriz='center', anchorVert='center', antialias=True, autoDraw=False, autoLog=True, bold=False, color=array([1., 1., 1.]), colorSpace='rgb', contrast=1.0, depth=0.0, flipHoriz=False, flipVert=False, font='Arial', fontFiles=[], height=0.5, italic=False, languageStyle='LTR', name='text2_2', opacity=1.0, ori=0, pos=array([0., 0.]), rgb=UNKNOWN, text='+', units='norm', win=Window(...), wrapWidth=1)
14.8876 	EXP 	Created text_6 = TextStim(__class__=<class 'psychopy.visual.text.TextStim'>, alignHoriz=method-wrapper(...), alignText='center', alignVert=method-wrapper(...), anchorHoriz='center', anchorVert='center', antialias=True, autoDraw=False, autoLog=True, bold=False, color=array([1., 1., 1.]), colorSpace='rgb', contrast=1.0, depth=0.0, flipHoriz=False, flipVert=False, font='Arial', fontFiles=[], height=0.1, italic=False, languageStyle='LTR', name='text_6', opacity=1.0, ori=0, pos=array([0. , 0.5]), rgb=UNKNOWN, text='', units='norm', win=Window(...), wrapWidth=1)
16.1655 	EXP 	Created spaceShip = ImageStim(__class__=<class 'psychopy.visual.image.ImageStim'>, anchor=('center', 'center'), autoLog=True, color=array([1., 1., 1.]), colorSpace='rgb', contrast=1.0, depth=-4.0, flipHoriz=False, flipVert=False, image='TankOnlySqu-01-01.png', interpolate=True, mask=None, maskParams=None, name='spaceShip', opacity=1.0, ori=0.0, pos=array([0., 0.]), size=array([0.8, 1.2]), texRes=128.0, units='norm', win=Window(...))
16.1684 	EXP 	Created barBody = Rect(__class__=<class 'psychopy.visual.rect.Rect'>, anchor=('center', 'bottom'), autoDraw=False, autoLog=True, closeShape=True, color=method-wrapper(...), colorSpace='rgb', contrast=None, depth=-5.0, fillColor=array([-0.6627451 , -0.06666667, -0.51372549]), fillColorSpace='rgb', fillRGB=array([-0.6627451 , -0.06666667, -0.51372549]), interpolate=True, lineColor=array([-0.6627451 , -0.06666667, -0.51372549]), lineColorSpace='rgb', lineRGB=array([-0.6627451 , -0.06666667, -0.51372549]), lineWidth=1, name='barBody', opacity=1.0, ori=0.0, pos=array([0., 0.]), size=array([1., 1.]), units='norm', vertices=ndarray(...), win=Window(...))
16.1704 	EXP 	Created feedbackMsg = TextStim(__class__=<class 'psychopy.visual.text.TextStim'>, alignHoriz=method-wrapper(...), alignText='center', alignVert=method-wrapper(...), anchorHoriz='center', anchorVert='center', antialias=True, autoDraw=False, autoLog=True, bold=False, color=array([1., 1., 1.]), colorSpace='rgb', contrast=1.0, depth=-1.0, flipHoriz=False, flipVert=False, font='Arial', fontFiles=[], height=0.1, italic=False, languageStyle='LTR', name='feedbackMsg', opacity=1.0, ori=0, pos=array([0., 0.]), rgb=UNKNOWN, text='', units='norm', win=Window(...), wrapWidth=1)
16.1927 	EXP 	Created image_rubies = ImageStim(__class__=<class 'psychopy.visual.image.ImageStim'>, anchor=('center', 'center'), autoLog=True, color=array([1., 1., 1.]), colorSpace='rgb', contrast=1.0, depth=-2.0, flipHoriz=False, flipVert=False, image='default.png', interpolate=True, mask=None, maskParams=None, name='image_rubies', opacity=1.0, ori=0.0, pos=array([ 0. , -0.4]), size=array([0.3, 0.3]), texRes=128.0, units='norm', win=Window(...))
16.2604 	EXP 	Created image_shipCrash = ImageStim(__class__=<class 'psychopy.visual.image.ImageStim'>, anchor=('center', 'center'), autoLog=True, color=array([1., 1., 1.]), colorSpace='rgb', contrast=1.0, depth=-3.0, flipHoriz=False, flipVert=False, image='crashedShip.png', interpolate=True, mask=None, maskParams=None, name='image_shipCrash', opacity=1.0, ori=0.0, pos=array([ 0.7, -0.5]), size=array([0.6, 0.7]), texRes=128.0, units='norm', win=Window(...))
16.3029 	EXP 	Created image_shipFull = ImageStim(__class__=<class 'psychopy.visual.image.ImageStim'>, anchor=('center', 'center'), autoLog=True, color=array([1., 1., 1.]), colorSpace='rgb', contrast=1.0, depth=-4.0, flipHoriz=False, flipVert=False, image='fullShip.png', interpolate=True, mask=None, maskParams=None, name='image_shipFull', opacity=1.0, ori=0.0, pos=array([0.7, 0.5]), size=array([0.6, 0.7]), texRes=128.0, units='norm', win=Window(...))
16.3165 	WARNING 	t of last frame was 6383.44ms (=1/0)
16.3165 	EXP 	reward: autoLog = True
16.3165 	EXP 	reward: markerPos = None
16.3165 	EXP 	reward: styleTweaks = []
16.3165 	EXP 	reward: styleTweaks = []
16.3165 	EXP 	reward: styleTweaks = []
16.3165 	EXP 	reward: styleTweaks = []
16.3165 	EXP 	reward: contrast = 1.0
16.3165 	EXP 	reward: autoLog = True
16.3165 	EXP 	effort: autoLog = True
16.3165 	EXP 	effort: markerPos = None
16.3165 	EXP 	effort: styleTweaks = []
16.3165 	EXP 	effort: styleTweaks = []
16.3165 	EXP 	effort: styleTweaks = []
16.3165 	EXP 	effort: styleTweaks = []
16.3165 	EXP 	effort: contrast = 1.0
16.3165 	EXP 	effort: autoLog = True
16.3165 	EXP 	instrText: autoDraw = True
16.8106 	WARNING 	t of last frame was 23.32ms (=1/42)
17.4150 	DATA 	Mouse: wheel shift=(0,0), pos=(443,590)
17.7655 	WARNING 	t of last frame was 20.07ms (=1/49)
18.1749 	EXP 	Imported trialTypes.xlsx as conditions, 60 conditions, 5 params
18.1761 	EXP 	Created sequence: sequential, trialTypes=60, nReps=1, seed=None
18.1765 	EXP 	New trial (rep=0, index=0): {'Points': 3, 'FeedbackText1': 'You reached the planet, you get 3 rubies!', 'FeedbackText2': 'You did not have enough battery to reach the planet and missed 3 rubies!', 'stimFile': 'image3.png', 'effLevel': 50}
18.2046 	DATA 	Keypress: return
18.2129 	WARNING 	Multiple dropped frames have occurred - I'll stop bothering you about them!
18.2129 	EXP 	instrText: autoDraw = False
18.2129 	EXP 	reward: markerPos = None
18.2129 	EXP 	reward: markerPos = None
18.2129 	EXP 	text_rewardRating: autoDraw = True
18.2129 	EXP 	text_rewardRating_2: autoDraw = True
18.2129 	EXP 	coins_little_2: autoDraw = True
18.2129 	EXP 	coins_many_2: autoDraw = True
18.2370 	EXP 	reward: autoDraw = True
18.6286 	DATA 	Mouse: Left button down, pos=(574,372)
18.7144 	DATA 	Mouse:  Left button up, pos=(574,372)
19.1153 	DATA 	Mouse: Left button down, pos=(624,286)
19.1299 	EXP 	reward: markerPos = 3.2
19.1432 	EXP 	reward: markerPos = 3.2
19.1570 	EXP 	reward: markerPos = 3.2
19.1686 	EXP 	reward: markerPos = 3.2
19.1792 	EXP 	reward: markerPos = 3.2
19.1924 	EXP 	reward: markerPos = 3.2
19.2035 	EXP 	reward: markerPos = 3.2
19.2136 	EXP 	reward: markerPos = 3.2
19.2261 	EXP 	reward: markerPos = 3.2
19.2346 	DATA 	Mouse:  Left button up, pos=(624,286)
19.2380 	EXP 	reward: markerPos = 3.2
19.2497 	EXP 	reward: markerPos = 3.0
19.8078 	DATA 	Keypress: return
19.8454 	EXP 	reward: autoDraw = False
19.8454 	EXP 	text_rewardRating: autoDraw = False
19.8454 	EXP 	text_rewardRating_2: autoDraw = False
19.8454 	EXP 	coins_little_2: autoDraw = False
19.8454 	EXP 	coins_many_2: autoDraw = False
19.8454 	EXP 	effort: markerPos = None
19.8454 	EXP 	effort: markerPos = None
19.8454 	EXP 	fuel_empty: image = 'fuelShipEmpty-01.png'
19.8454 	EXP 	text_effortRating_3: autoDraw = True
19.8454 	EXP 	text_effortRating_4: autoDraw = True
19.8454 	EXP 	fuel_empty: autoDraw = True
19.8454 	EXP 	fuel_full: autoDraw = True
19.8618 	EXP 	effort: autoDraw = True
20.3491 	DATA 	Mouse: Left button down, pos=(849,281)
20.3654 	EXP 	effort: markerPos = 3.716666666666667
20.3779 	EXP 	effort: markerPos = 3.716666666666667
20.3933 	EXP 	effort: markerPos = 3.716666666666667
20.4079 	EXP 	effort: markerPos = 3.716666666666667
20.4211 	EXP 	effort: markerPos = 3.716666666666667
20.4332 	EXP 	effort: markerPos = 3.716666666666667
20.4469 	EXP 	effort: markerPos = 3.716666666666667
20.4598 	EXP 	effort: markerPos = 3.716666666666667
20.4610 	DATA 	Mouse:  Left button up, pos=(849,281)
20.4718 	EXP 	effort: markerPos = 4.0
20.8253 	DATA 	Keypress: return
20.8311 	EXP 	effort: autoDraw = False
20.8311 	EXP 	text_effortRating_3: autoDraw = False
20.8311 	EXP 	text_effortRating_4: autoDraw = False
20.8311 	EXP 	fuel_empty: autoDraw = False
20.8311 	EXP 	fuel_full: autoDraw = False
20.8311 	EXP 	text2_2: autoDraw = True
21.8378 	EXP 	text2_2: autoDraw = False
21.8378 	EXP 	text2_2: autoDraw = False
21.8378 	EXP 	text_6: height = 0.1
21.8378 	EXP 	text_6: height = 0.1
21.8378 	EXP 	text_6: height = 0.1
21.8378 	EXP 	text_6: text = 'Power up!\n'
21.8378 	EXP 	text_6: autoDraw = True
21.8378 	EXP 	spaceShip: autoDraw = True
21.8378 	EXP 	barBody: autoDraw = True
22.9902 	DATA 	Keypress: space
23.2528 	DATA 	Keypress: space
23.4825 	DATA 	Keypress: space
23.6932 	DATA 	Keypress: space
23.8951 	DATA 	Keypress: space
24.0876 	DATA 	Keypress: space
24.3373 	DATA 	Keypress: space
24.5295 	DATA 	Keypress: space
24.7275 	DATA 	Keypress: space
24.9264 	DATA 	Keypress: space
25.0943 	DATA 	Keypress: space
25.2818 	DATA 	Keypress: space
25.4792 	DATA 	Keypress: space
25.6940 	DATA 	Keypress: space
25.9314 	DATA 	Keypress: space
26.1100 	DATA 	Keypress: space
26.3185 	DATA 	Keypress: space
26.5409 	DATA 	Keypress: space
26.7272 	DATA 	Keypress: space
26.8936 	DATA 	Keypress: space
27.0798 	DATA 	Keypress: space
27.2184 	DATA 	Keypress: space
27.3947 	DATA 	Keypress: space
27.5999 	DATA 	Keypress: space
27.8226 	DATA 	Keypress: space
28.0295 	DATA 	Keypress: space
28.2326 	DATA 	Keypress: space
28.4449 	DATA 	Keypress: space
28.6539 	DATA 	Keypress: space
28.8855 	DATA 	Keypress: space
29.1449 	DATA 	Keypress: space
29.3744 	DATA 	Keypress: space
29.6104 	DATA 	Keypress: space
29.8500 	DATA 	Keypress: space
31.8819 	EXP 	text_6: autoDraw = False
31.8819 	EXP 	spaceShip: autoDraw = False
31.8819 	EXP 	barBody: autoDraw = False
31.8819 	EXP 	feedbackMsg: height = 0.1
31.8819 	EXP 	feedbackMsg: height = 0.1
31.8819 	EXP 	feedbackMsg: height = 0.1
31.8819 	EXP 	feedbackMsg: text = 'You did not have enough battery to reach the planet and missed 3 rubies!'
31.8819 	EXP 	image_rubies: image = 'image3.png'
31.8819 	EXP 	feedbackMsg: autoDraw = True
31.8819 	EXP 	image_rubies: autoDraw = True
34.8943 	EXP 	feedbackMsg: autoDraw = False
34.8943 	EXP 	image_rubies: autoDraw = False
260.3899 	DATA 	Keypress: space
262.9209 	DATA 	Keypress: escape
263.2315 	EXP 	window1: mouseVisible = True
