7.9523 	WARNING 	Couldn't measure a consistent frame rate!
  - Is your graphics card set to sync to vertical blank?
  - Are you running other processes on your computer?

7.9532 	EXP 	Created window1 = Window(allowGUI=True, allowStencil=False, autoLog=True, backendConf=UNKNOWN, backgroundFit=<method-wrapper '__getattribute__' of attributeSetter object at 0x7fa74aec6a00>, backgroundImage=<method-wrapper '__getattribute__' of attributeSetter object at 0x7fa74aec69a0>, bitsMode=UNKNOWN, blendMode='avg', bpc=(8, 8, 8), color=array([0, 0, 0]), colorSpace='rgb', depthBits=8, fullscr=<method-wrapper '__getattribute__' of attributeSetter object at 0x7fa74aec6820>, gamma=None, gammaErrorPolicy='raise', lms=UNKNOWN, monitor=<psychopy.monitors.calibTools.Monitor object at 0x7fa74c217670>, multiSample=False, name='window1', numSamples=2, pos=(360, 225), screen=0, size=array([2880, 1800]), stencilBits=0, stereo=False, units='norm', useFBO=True, useRetina=True, viewOri=0.0, viewPos=None, viewScale=None, waitBlanking=True, winType='pyglet')
7.9535 	EXP 	window1: mouseVisible = True
7.9536 	EXP 	window1: backgroundImage = ''
7.9536 	EXP 	window1: backgroundFit = 'cover'
7.9538 	EXP 	window1: mouseVisible = True
7.9538 	EXP 	window1: Attempting to measure frame rate of screen (0) ...
7.9538 	EXP 	window1: recordFrameIntervals = False
8.0352 	EXP 	window1: recordFrameIntervals = True
8.8688 	WARNING 	Couldn't measure a consistent frame rate!
  - Is your graphics card set to sync to vertical blank?
  - Are you running other processes on your computer?

8.9113 	WARNING 	launchHubServer: If using the iohub mouse or eyetracker devices, fullScr should be True.
11.4382 	EXP 	Created instrText = TextStim(__class__=<class 'psychopy.visual.text.TextStim'>, alignHoriz=method-wrapper(...), alignText='center', alignVert=method-wrapper(...), anchorHoriz='center', anchorVert='center', antialias=True, autoDraw=False, autoLog=True, bold=False, color=array([1., 1., 1.]), colorSpace='rgb', contrast=1.0, depth=-1.0, flipHoriz=False, flipVert=False, font='Arial', fontFiles=[], height=0.1, italic=False, languageStyle='LTR', name='instrText', opacity=1.0, ori=0, pos=array([0. , 0.3]), rgb=UNKNOWN, text=str(...), units='norm', win=Window(...), wrapWidth=1)
11.4572 	EXP 	window1: mouseVisible = True
11.4860 	EXP 	Created reward = Slider(__class__=<class 'psychopy.visual.slider.Slider'>, autoDraw=False, autoLog=True, borderColor=None, color=None, colorSpace='rgb', depth=0, fillColor=None, flip=False, font='Arial', granularity=1.0, labelColor=None, labelHeight=0.1, labelWrapWidth=None, labels=None, lineColor=None, markerColor=None, name='reward', opacity=None, ori=0.0, pos=array([ 0. , -0.4]), readOnly=False, self=UNKNOWN, size=array([1. , 0.1]), startValue=None, style='rating', styleTweaks=[], ticks=array([1, 2, 3, 4, 5, 6, 7]), units='norm', win=Window(...))
11.5068 	EXP 	Created text_rewardRating = TextStim(__class__=<class 'psychopy.visual.text.TextStim'>, alignHoriz=method-wrapper(...), alignText='center', alignVert=method-wrapper(...), anchorHoriz='center', anchorVert='center', antialias=True, autoDraw=False, autoLog=True, bold=False, color=array([1., 1., 1.]), colorSpace='rgb', contrast=1.0, depth=-1.0, flipHoriz=False, flipVert=False, font='Arial', fontFiles=[], height=0.15, italic=False, languageStyle='LTR', name='text_rewardRating', opacity=1.0, ori=0.0, pos=array([0. , 0.5]), rgb=UNKNOWN, text=str(...), units='norm', win=Window(...), wrapWidth=1)
11.5170 	EXP 	Created text_rewardRating_2 = TextStim(__class__=<class 'psychopy.visual.text.TextStim'>, alignHoriz=method-wrapper(...), alignText='center', alignVert=method-wrapper(...), anchorHoriz='center', anchorVert='center', antialias=True, autoDraw=False, autoLog=True, bold=False, color=array([1., 1., 1.]), colorSpace='rgb', contrast=1.0, depth=-2.0, flipHoriz=False, flipVert=False, font='Arial', fontFiles=[], height=0.1, italic=False, languageStyle='LTR', name='text_rewardRating_2', opacity=1.0, ori=0.0, pos=array([0., 0.]), rgb=UNKNOWN, text=str(...), units='norm', win=Window(...), wrapWidth=1)
11.5441 	EXP 	Created coins_little_2 = ImageStim(__class__=<class 'psychopy.visual.image.ImageStim'>, anchor=('center', 'center'), autoLog=True, color=array([1., 1., 1.]), colorSpace='rgb', contrast=1.0, depth=-4.0, flipHoriz=False, flipVert=False, image='image1.png', interpolate=True, mask=None, maskParams=None, name='coins_little_2', opacity=1.0, ori=0.0, pos=array([-0.6, -0.4]), size=array([0.1, 0.1]), texRes=128.0, units='norm', win=Window(...))
11.6653 	EXP 	Created coins_many_2 = ImageStim(__class__=<class 'psychopy.visual.image.ImageStim'>, anchor=('center', 'center'), autoLog=True, color=array([1., 1., 1.]), colorSpace='rgb', contrast=1.0, depth=-5.0, flipHoriz=False, flipVert=False, image='image7.png', interpolate=True, mask=None, maskParams=None, name='coins_many_2', opacity=1.0, ori=0.0, pos=array([ 0.7 , -0.35]), size=array([0.3, 0.3]), texRes=128.0, units='norm', win=Window(...))
11.6723 	EXP 	window1: mouseVisible = True
11.7014 	EXP 	Created effort = Slider(__class__=<class 'psychopy.visual.slider.Slider'>, autoDraw=False, autoLog=True, borderColor=None, color=None, colorSpace='rgb', depth=0, fillColor=None, flip=False, font='Arial', granularity=1.0, labelColor=None, labelHeight=0.1, labelWrapWidth=None, labels=None, lineColor=None, markerColor=None, name='effort', opacity=None, ori=0.0, pos=array([ 0. , -0.4]), readOnly=False, self=UNKNOWN, size=array([1. , 0.1]), startValue=None, style='rating', styleTweaks=[], ticks=array([1, 2, 3, 4, 5]), units='norm', win=Window(...))
11.7066 	EXP 	Created text_effortRating_3 = TextStim(__class__=<class 'psychopy.visual.text.TextStim'>, alignHoriz=method-wrapper(...), alignText='center', alignVert=method-wrapper(...), anchorHoriz='center', anchorVert='center', antialias=True, autoDraw=False, autoLog=True, bold=False, color=array([1., 1., 1.]), colorSpace='rgb', contrast=1.0, depth=-1.0, flipHoriz=False, flipVert=False, font='Arial', fontFiles=[], height=0.15, italic=False, languageStyle='LTR', name='text_effortRating_3', opacity=1.0, ori=0.0, pos=array([0. , 0.5]), rgb=UNKNOWN, text=str(...), units='norm', win=Window(...), wrapWidth=1)
11.7120 	EXP 	Created text_effortRating_4 = TextStim(__class__=<class 'psychopy.visual.text.TextStim'>, alignHoriz=method-wrapper(...), alignText='center', alignVert=method-wrapper(...), anchorHoriz='center', anchorVert='center', antialias=True, autoDraw=False, autoLog=True, bold=False, color=array([1., 1., 1.]), colorSpace='rgb', contrast=1.0, depth=-2.0, flipHoriz=False, flipVert=False, font='Arial', fontFiles=[], height=0.1, italic=False, languageStyle='LTR', name='text_effortRating_4', opacity=1.0, ori=0.0, pos=array([0., 0.]), rgb=UNKNOWN, text=str(...), units='norm', win=Window(...), wrapWidth=1)
11.7403 	EXP 	Created battery_empty = ImageStim(__class__=<class 'psychopy.visual.image.ImageStim'>, anchor=('center', 'center'), autoLog=True, color=array([1., 1., 1.]), colorSpace='rgb', contrast=1.0, depth=-4.0, flipHoriz=False, flipVert=False, image='./stim/BattEmpty_black-01.png', interpolate=True, mask=None, maskParams=None, name='battery_empty', opacity=1.0, ori=0.0, pos=array([-0.6 , -0.45]), size=array([0.15, 0.3 ]), texRes=128.0, units='norm', win=Window(...))
11.7642 	EXP 	Created battery_full = ImageStim(__class__=<class 'psychopy.visual.image.ImageStim'>, anchor=('center', 'center'), autoLog=True, color=array([1., 1., 1.]), colorSpace='rgb', contrast=1.0, depth=-5.0, flipHoriz=False, flipVert=False, image='./stim/BattFull_black-01.png', interpolate=True, mask=None, maskParams=None, name='battery_full', opacity=1.0, ori=0.0, pos=array([ 0.6 , -0.45]), size=array([0.15, 0.3 ]), texRes=128.0, units='norm', win=Window(...))
11.7697 	EXP 	Created text2_2 = TextStim(__class__=<class 'psychopy.visual.text.TextStim'>, alignHoriz=method-wrapper(...), alignText='center', alignVert=method-wrapper(...), anchorHoriz='center', anchorVert='center', antialias=True, autoDraw=False, autoLog=True, bold=False, color=array([1., 1., 1.]), colorSpace='rgb', contrast=1.0, depth=0.0, flipHoriz=False, flipVert=False, font='Arial', fontFiles=[], height=0.5, italic=False, languageStyle='LTR', name='text2_2', opacity=1.0, ori=0, pos=array([0., 0.]), rgb=UNKNOWN, text='+', units='norm', win=Window(...), wrapWidth=1)
11.7710 	EXP 	Created text_6 = TextStim(__class__=<class 'psychopy.visual.text.TextStim'>, alignHoriz=method-wrapper(...), alignText='center', alignVert=method-wrapper(...), anchorHoriz='center', anchorVert='center', antialias=True, autoDraw=False, autoLog=True, bold=False, color=array([1., 1., 1.]), colorSpace='rgb', contrast=1.0, depth=0.0, flipHoriz=False, flipVert=False, font='Arial', fontFiles=[], height=0.1, italic=False, languageStyle='LTR', name='text_6', opacity=1.0, ori=0, pos=array([0. , 0.5]), rgb=UNKNOWN, text='', units='norm', win=Window(...), wrapWidth=1)
11.7725 	EXP 	Created background = Rect(__class__=<class 'psychopy.visual.rect.Rect'>, anchor=('center', 'bottom'), autoDraw=False, autoLog=True, closeShape=True, color=method-wrapper(...), colorSpace='rgb', contrast=None, depth=-4.0, fillColor=array([1, 1, 1]), fillColorSpace='rgb', fillRGB=array([1, 1, 1]), interpolate=True, lineColor=array([-1., -1., -1.]), lineColorSpace='rgb', lineRGB=array([-1, -1, -1]), lineWidth=2, name='background', opacity=1.0, ori=0.0, pos=array([ 0.  , -0.55]), size=array([0.2 , 0.55]), units='norm', vertices=ndarray(...), win=Window(...))
11.7740 	EXP 	Created barBody = Rect(__class__=<class 'psychopy.visual.rect.Rect'>, anchor=('center', 'bottom'), autoDraw=False, autoLog=True, closeShape=True, color=method-wrapper(...), colorSpace='rgb', contrast=None, depth=-5.0, fillColor=array([ 0.0902, -1.    , -1.    ]), fillColorSpace='rgb', fillRGB=array([ 0.0902, -1.    , -1.    ]), interpolate=True, lineColor=array([ 0.0902, -1.    , -1.    ]), lineColorSpace='rgb', lineRGB=array([ 0.0902, -1.    , -1.    ]), lineWidth=1, name='barBody', opacity=1.0, ori=0.0, pos=array([0., 0.]), size=array([1., 1.]), units='norm', vertices=ndarray(...), win=Window(...))
11.7753 	EXP 	Created barTop = Rect(__class__=<class 'psychopy.visual.rect.Rect'>, anchor=('center', 'bottom'), autoDraw=False, autoLog=True, closeShape=True, color=method-wrapper(...), colorSpace='rgb', contrast=None, depth=-6.0, fillColor=array([-1, -1, -1]), fillColorSpace='rgb', fillRGB=array([-1, -1, -1]), interpolate=True, lineColor=array([-1., -1., -1.]), lineColorSpace='rgb', lineRGB=array([-1, -1, -1]), lineWidth=2, name='barTop', opacity=1.0, ori=0.0, pos=array([0., 0.]), size=array([1., 1.]), units='norm', vertices=ndarray(...), win=Window(...))
11.7766 	EXP 	Created feedbackMsg = TextStim(__class__=<class 'psychopy.visual.text.TextStim'>, alignHoriz=method-wrapper(...), alignText='center', alignVert=method-wrapper(...), anchorHoriz='center', anchorVert='center', antialias=True, autoDraw=False, autoLog=True, bold=False, color=array([1., 1., 1.]), colorSpace='rgb', contrast=1.0, depth=-1.0, flipHoriz=False, flipVert=False, font='Arial', fontFiles=[], height=0.1, italic=False, languageStyle='LTR', name='feedbackMsg', opacity=1.0, ori=0, pos=array([0., 0.]), rgb=UNKNOWN, text='', units='norm', win=Window(...), wrapWidth=1)
11.7972 	EXP 	Created image_rubies = ImageStim(__class__=<class 'psychopy.visual.image.ImageStim'>, anchor=('center', 'center'), autoLog=True, color=array([1., 1., 1.]), colorSpace='rgb', contrast=1.0, depth=-2.0, flipHoriz=False, flipVert=False, image='default.png', interpolate=True, mask=None, maskParams=None, name='image_rubies', opacity=1.0, ori=0.0, pos=array([ 0. , -0.4]), size=array([0.3, 0.3]), texRes=128.0, units='norm', win=Window(...))
11.8526 	EXP 	Created image_shipCrash = ImageStim(__class__=<class 'psychopy.visual.image.ImageStim'>, anchor=('center', 'center'), autoLog=True, color=array([1., 1., 1.]), colorSpace='rgb', contrast=1.0, depth=-3.0, flipHoriz=False, flipVert=False, image='crashedShip.png', interpolate=True, mask=None, maskParams=None, name='image_shipCrash', opacity=1.0, ori=0.0, pos=array([0.7, 0. ]), size=array([0.4, 0.4]), texRes=128.0, units='norm', win=Window(...))
11.8700 	WARNING 	t of last frame was 3001.56ms (=1/0)
11.8700 	EXP 	reward: autoLog = True
11.8700 	EXP 	reward: markerPos = None
11.8700 	EXP 	reward: styleTweaks = []
11.8700 	EXP 	reward: styleTweaks = []
11.8700 	EXP 	reward: styleTweaks = []
11.8700 	EXP 	reward: styleTweaks = []
11.8700 	EXP 	reward: contrast = 1.0
11.8700 	EXP 	reward: autoLog = True
11.8700 	EXP 	effort: autoLog = True
11.8700 	EXP 	effort: markerPos = None
11.8700 	EXP 	effort: styleTweaks = []
11.8700 	EXP 	effort: styleTweaks = []
11.8700 	EXP 	effort: styleTweaks = []
11.8700 	EXP 	effort: styleTweaks = []
11.8700 	EXP 	effort: contrast = 1.0
11.8700 	EXP 	effort: autoLog = True
11.8700 	EXP 	instrText: autoDraw = True
12.3675 	WARNING 	t of last frame was 23.82ms (=1/41)
12.6012 	WARNING 	t of last frame was 23.64ms (=1/42)
12.6678 	WARNING 	t of last frame was 24.05ms (=1/41)
12.7181 	WARNING 	Multiple dropped frames have occurred - I'll stop bothering you about them!
15.0785 	DATA 	Mouse: Left button down, pos=(435,590)
15.1792 	DATA 	Mouse:  Left button up, pos=(435,590)
15.8274 	EXP 	Imported trialTypes.xlsx as conditions, 60 conditions, 5 params
15.8284 	EXP 	Created sequence: sequential, trialTypes=60, nReps=1, seed=None
15.8287 	EXP 	New trial (rep=0, index=0): {'Points': 3, 'FeedbackText1': 'You reached the planet, you get 3 rubies!', 'FeedbackText2': 'You did not have enough battery to reach the planet and missed 3 rubies!', 'stimFile': 'image3.png', 'effLevel': 50}
15.8516 	DATA 	Keypress: return
15.8643 	EXP 	instrText: autoDraw = False
15.8643 	EXP 	reward: markerPos = None
15.8643 	EXP 	reward: markerPos = None
15.8643 	EXP 	text_rewardRating: autoDraw = True
15.8643 	EXP 	text_rewardRating_2: autoDraw = True
15.8643 	EXP 	coins_little_2: autoDraw = True
15.8643 	EXP 	coins_many_2: autoDraw = True
15.8972 	EXP 	reward: autoDraw = True
17.1941 	DATA 	Mouse: Left button down, pos=(488,219)
17.3349 	DATA 	Mouse:  Left button up, pos=(488,219)
17.7489 	DATA 	Mouse: Left button down, pos=(483,266)
17.7677 	EXP 	reward: markerPos = 2.025
17.7868 	EXP 	reward: markerPos = 2.025
17.8072 	EXP 	reward: markerPos = 2.025
17.8286 	EXP 	reward: markerPos = 2.025
17.8482 	EXP 	reward: markerPos = 2.025
17.8495 	DATA 	Mouse:  Left button up, pos=(483,266)
17.8673 	EXP 	reward: markerPos = 2.0
18.4445 	DATA 	Keypress: return
18.4805 	EXP 	reward: autoDraw = False
18.4805 	EXP 	text_rewardRating: autoDraw = False
18.4805 	EXP 	text_rewardRating_2: autoDraw = False
18.4805 	EXP 	coins_little_2: autoDraw = False
18.4805 	EXP 	coins_many_2: autoDraw = False
18.4805 	EXP 	effort: markerPos = None
18.4805 	EXP 	effort: markerPos = None
18.4805 	EXP 	text_effortRating_3: autoDraw = True
18.4805 	EXP 	text_effortRating_4: autoDraw = True
18.4805 	EXP 	battery_empty: autoDraw = True
18.4805 	EXP 	battery_full: autoDraw = True
18.5027 	EXP 	effort: autoDraw = True
19.0003 	DATA 	Mouse: Left button down, pos=(483,267)
19.0189 	EXP 	effort: markerPos = 1.6833333333333333
19.0401 	EXP 	effort: markerPos = 1.6833333333333333
19.0622 	EXP 	effort: markerPos = 1.6833333333333333
19.0811 	EXP 	effort: markerPos = 1.6833333333333333
19.0829 	DATA 	Mouse:  Left button up, pos=(483,267)
19.1007 	EXP 	effort: markerPos = 2.0
19.4900 	DATA 	Keypress: return
19.4991 	EXP 	effort: autoDraw = False
19.4991 	EXP 	text_effortRating_3: autoDraw = False
19.4991 	EXP 	text_effortRating_4: autoDraw = False
19.4991 	EXP 	battery_empty: autoDraw = False
19.4991 	EXP 	battery_full: autoDraw = False
19.4991 	EXP 	text2_2: autoDraw = True
20.5114 	EXP 	text2_2: autoDraw = False
20.5114 	EXP 	text2_2: autoDraw = False
20.5114 	EXP 	text_6: height = 0.1
20.5114 	EXP 	text_6: height = 0.1
20.5114 	EXP 	text_6: height = 0.1
20.5114 	EXP 	text_6: text = 'Power up!\n'
20.5114 	EXP 	text_6: autoDraw = True
20.5114 	EXP 	background: autoDraw = True
20.5114 	EXP 	barBody: autoDraw = True
20.5114 	EXP 	barTop: autoDraw = True
21.2700 	DATA 	Keypress: space
21.4548 	DATA 	Keypress: space
21.5529 	EXP 	text_6: autoDraw = False
21.5529 	EXP 	background: autoDraw = False
21.5529 	EXP 	barBody: autoDraw = False
21.5529 	EXP 	barTop: autoDraw = False
21.5529 	EXP 	feedbackMsg: height = 0.1
21.5529 	EXP 	feedbackMsg: height = 0.1
21.5529 	EXP 	feedbackMsg: height = 0.1
21.5529 	EXP 	feedbackMsg: text = 'You did not have enough battery to reach the planet and missed 3 rubies!'
21.5529 	EXP 	image_rubies: image = 'image3.png'
21.5529 	EXP 	feedbackMsg: autoDraw = True
21.5529 	EXP 	image_rubies: autoDraw = True
21.5529 	EXP 	image_shipCrash: autoDraw = True
21.6492 	DATA 	Keypress: space
21.7942 	DATA 	Keypress: space
24.5434 	EXP 	New trial (rep=0, index=1): {'Points': 4, 'FeedbackText1': 'You reached the planet, you get 4 rubies!', 'FeedbackText2': 'You did not have enough battery to reach the planet and missed 4 rubies!', 'stimFile': 'image4.png', 'effLevel': 77}
24.5645 	EXP 	feedbackMsg: autoDraw = False
24.5645 	EXP 	image_rubies: autoDraw = False
24.5645 	EXP 	image_shipCrash: autoDraw = False
24.5645 	EXP 	feedbackMsg: autoDraw = False
24.5645 	EXP 	image_rubies: autoDraw = False
24.5645 	EXP 	image_shipCrash: autoDraw = False
24.5645 	EXP 	reward: markerPos = None
24.5645 	EXP 	reward: markerPos = None
24.5645 	EXP 	text_rewardRating: autoDraw = True
24.5645 	EXP 	text_rewardRating_2: autoDraw = True
24.5645 	EXP 	coins_little_2: autoDraw = True
24.5645 	EXP 	coins_many_2: autoDraw = True
24.5831 	EXP 	reward: autoDraw = True
54.3167 	EXP 	window1: mouseVisible = True
