9.4053 	WARNING 	Couldn't measure a consistent frame rate!
  - Is your graphics card set to sync to vertical blank?
  - Are you running other processes on your computer?

9.4060 	EXP 	Created window1 = Window(allowGUI=True, allowStencil=False, autoLog=True, backendConf=UNKNOWN, backgroundFit=<method-wrapper '__getattribute__' of attributeSetter object at 0x7fdaea7b69d0>, backgroundImage=<method-wrapper '__getattribute__' of attributeSetter object at 0x7fdaea7b6970>, bitsMode=UNKNOWN, blendMode='avg', bpc=(8, 8, 8), color=array([-1.    , -1.    , -0.2471]), colorSpace='rgb', depthBits=8, fullscr=<method-wrapper '__getattribute__' of attributeSetter object at 0x7fdaea7b67f0>, gamma=None, gammaErrorPolicy='raise', lms=UNKNOWN, monitor=<psychopy.monitors.calibTools.Monitor object at 0x7fdaef9ee790>, multiSample=False, name='window1', numSamples=2, pos=[240.0, 150.0], screen=0, size=array([1440,  900]), stencilBits=0, stereo=False, units='norm', useFBO=True, useRetina=False, viewOri=0.0, viewPos=None, viewScale=None, waitBlanking=True, winType='pyglet')
9.4062 	EXP 	window1: mouseVisible = True
9.4063 	EXP 	window1: backgroundImage = ''
9.4063 	EXP 	window1: backgroundFit = 'cover'
9.4064 	EXP 	window1: mouseVisible = True
9.4064 	EXP 	window1: Attempting to measure frame rate of screen (0) ...
9.4064 	EXP 	window1: recordFrameIntervals = False
9.5091 	DATA 	Mouse: Left button down, pos=(649,467)
9.5555 	EXP 	window1: recordFrameIntervals = True
9.6574 	DATA 	Mouse:  Left button up, pos=(649,467)
9.6925 	WARNING 	t of last frame was 21.13ms (=1/47)
10.3584 	WARNING 	t of last frame was 20.10ms (=1/49)
10.8912 	WARNING 	Couldn't measure a consistent frame rate!
  - Is your graphics card set to sync to vertical blank?
  - Are you running other processes on your computer?

10.9385 	WARNING 	launchHubServer: If using the iohub mouse or eyetracker devices, fullScr should be True.
13.9123 	EXP 	Created instrText = TextStim(__class__=<class 'psychopy.visual.text.TextStim'>, alignHoriz=method-wrapper(...), alignText='center', alignVert=method-wrapper(...), anchorHoriz='center', anchorVert='center', antialias=True, autoDraw=False, autoLog=True, bold=False, color=array([1., 1., 1.]), colorSpace='rgb', contrast=1.0, depth=-1.0, flipHoriz=False, flipVert=False, font='Arial', fontFiles=[], height=0.1, italic=False, languageStyle='LTR', name='instrText', opacity=1.0, ori=0, pos=array([0. , 0.3]), rgb=UNKNOWN, text=str(...), units='norm', win=Window(...), wrapWidth=1)
13.9335 	EXP 	window1: mouseVisible = True
13.9635 	EXP 	Created reward = Slider(__class__=<class 'psychopy.visual.slider.Slider'>, autoDraw=False, autoLog=True, borderColor=None, color=None, colorSpace='rgb', depth=0, fillColor=None, flip=False, font='Arial', granularity=1.0, labelColor=None, labelHeight=0.1, labelWrapWidth=None, labels=None, lineColor=None, markerColor=None, name='reward', opacity=None, ori=0.0, pos=array([ 0. , -0.4]), readOnly=False, self=UNKNOWN, size=array([1. , 0.1]), startValue=None, style='rating', styleTweaks=[], ticks=array([1, 2, 3, 4, 5, 6, 7]), units='norm', win=Window(...))
13.9815 	EXP 	Created text_rewardRating = TextStim(__class__=<class 'psychopy.visual.text.TextStim'>, alignHoriz=method-wrapper(...), alignText='center', alignVert=method-wrapper(...), anchorHoriz='center', anchorVert='center', antialias=True, autoDraw=False, autoLog=True, bold=False, color=array([1., 1., 1.]), colorSpace='rgb', contrast=1.0, depth=-1.0, flipHoriz=False, flipVert=False, font='Arial', fontFiles=[], height=0.15, italic=False, languageStyle='LTR', name='text_rewardRating', opacity=1.0, ori=0.0, pos=array([0. , 0.5]), rgb=UNKNOWN, text=str(...), units='norm', win=Window(...), wrapWidth=1)
13.9917 	EXP 	Created text_rewardRating_2 = TextStim(__class__=<class 'psychopy.visual.text.TextStim'>, alignHoriz=method-wrapper(...), alignText='center', alignVert=method-wrapper(...), anchorHoriz='center', anchorVert='center', antialias=True, autoDraw=False, autoLog=True, bold=False, color=array([1., 1., 1.]), colorSpace='rgb', contrast=1.0, depth=-2.0, flipHoriz=False, flipVert=False, font='Arial', fontFiles=[], height=0.1, italic=False, languageStyle='LTR', name='text_rewardRating_2', opacity=1.0, ori=0.0, pos=array([0., 0.]), rgb=UNKNOWN, text=str(...), units='norm', win=Window(...), wrapWidth=1)
14.0196 	EXP 	Created coins_little_2 = ImageStim(__class__=<class 'psychopy.visual.image.ImageStim'>, anchor=('center', 'center'), autoLog=True, color=array([1., 1., 1.]), colorSpace='rgb', contrast=1.0, depth=-4.0, flipHoriz=False, flipVert=False, image='image1.png', interpolate=True, mask=None, maskParams=None, name='coins_little_2', opacity=1.0, ori=0.0, pos=array([-0.6, -0.4]), size=array([0.1, 0.1]), texRes=128.0, units='norm', win=Window(...))
14.1433 	EXP 	Created coins_many_2 = ImageStim(__class__=<class 'psychopy.visual.image.ImageStim'>, anchor=('center', 'center'), autoLog=True, color=array([1., 1., 1.]), colorSpace='rgb', contrast=1.0, depth=-5.0, flipHoriz=False, flipVert=False, image='image7.png', interpolate=True, mask=None, maskParams=None, name='coins_many_2', opacity=1.0, ori=0.0, pos=array([ 0.7 , -0.35]), size=array([0.3, 0.3]), texRes=128.0, units='norm', win=Window(...))
14.1501 	EXP 	window1: mouseVisible = True
14.1795 	EXP 	Created effort = Slider(__class__=<class 'psychopy.visual.slider.Slider'>, autoDraw=False, autoLog=True, borderColor=None, color=None, colorSpace='rgb', depth=0, fillColor=None, flip=False, font='Arial', granularity=1.0, labelColor=None, labelHeight=0.1, labelWrapWidth=None, labels=None, lineColor=None, markerColor=None, name='effort', opacity=None, ori=0.0, pos=array([ 0. , -0.4]), readOnly=False, self=UNKNOWN, size=array([1. , 0.1]), startValue=None, style='rating', styleTweaks=[], ticks=array([1, 2, 3, 4, 5]), units='norm', win=Window(...))
14.1891 	EXP 	Created text_effortRating_3 = TextStim(__class__=<class 'psychopy.visual.text.TextStim'>, alignHoriz=method-wrapper(...), alignText='center', alignVert=method-wrapper(...), anchorHoriz='center', anchorVert='center', antialias=True, autoDraw=False, autoLog=True, bold=False, color=array([1., 1., 1.]), colorSpace='rgb', contrast=1.0, depth=-1.0, flipHoriz=False, flipVert=False, font='Arial', fontFiles=[], height=0.15, italic=False, languageStyle='LTR', name='text_effortRating_3', opacity=1.0, ori=0.0, pos=array([0. , 0.5]), rgb=UNKNOWN, text=str(...), units='norm', win=Window(...), wrapWidth=1)
14.1942 	EXP 	Created text_effortRating_4 = TextStim(__class__=<class 'psychopy.visual.text.TextStim'>, alignHoriz=method-wrapper(...), alignText='center', alignVert=method-wrapper(...), anchorHoriz='center', anchorVert='center', antialias=True, autoDraw=False, autoLog=True, bold=False, color=array([1., 1., 1.]), colorSpace='rgb', contrast=1.0, depth=-2.0, flipHoriz=False, flipVert=False, font='Arial', fontFiles=[], height=0.1, italic=False, languageStyle='LTR', name='text_effortRating_4', opacity=1.0, ori=0.0, pos=array([0., 0.]), rgb=UNKNOWN, text=str(...), units='norm', win=Window(...), wrapWidth=1)
14.2118 	EXP 	Created fuel_empty = ImageStim(__class__=<class 'psychopy.visual.image.ImageStim'>, anchor=('center', 'center'), autoLog=True, color=array([1., 1., 1.]), colorSpace='rgb', contrast=1.0, depth=-4.0, flipHoriz=False, flipVert=False, image='default.png', interpolate=True, mask=None, maskParams=None, name='fuel_empty', opacity=1.0, ori=0.0, pos=array([-0.7, -0.3]), size=array([0.3, 0.5]), texRes=128.0, units='norm', win=Window(...))
15.7751 	EXP 	Created fuel_full = ImageStim(__class__=<class 'psychopy.visual.image.ImageStim'>, anchor=('center', 'center'), autoLog=True, color=array([1., 1., 1.]), colorSpace='rgb', contrast=1.0, depth=-5.0, flipHoriz=False, flipVert=False, image='fuelShipFull-01.png', interpolate=True, mask=None, maskParams=None, name='fuel_full', opacity=1.0, ori=0.0, pos=array([ 0.7, -0.3]), size=array([0.34, 0.5 ]), texRes=128.0, units='norm', win=Window(...))
15.7840 	EXP 	Created text2_2 = TextStim(__class__=<class 'psychopy.visual.text.TextStim'>, alignHoriz=method-wrapper(...), alignText='center', alignVert=method-wrapper(...), anchorHoriz='center', anchorVert='center', antialias=True, autoDraw=False, autoLog=True, bold=False, color=array([1., 1., 1.]), colorSpace='rgb', contrast=1.0, depth=0.0, flipHoriz=False, flipVert=False, font='Arial', fontFiles=[], height=0.5, italic=False, languageStyle='LTR', name='text2_2', opacity=1.0, ori=0, pos=array([0., 0.]), rgb=UNKNOWN, text='+', units='norm', win=Window(...), wrapWidth=1)
15.7857 	EXP 	Created text_6 = TextStim(__class__=<class 'psychopy.visual.text.TextStim'>, alignHoriz=method-wrapper(...), alignText='center', alignVert=method-wrapper(...), anchorHoriz='center', anchorVert='center', antialias=True, autoDraw=False, autoLog=True, bold=False, color=array([1., 1., 1.]), colorSpace='rgb', contrast=1.0, depth=0.0, flipHoriz=False, flipVert=False, font='Arial', fontFiles=[], height=0.1, italic=False, languageStyle='LTR', name='text_6', opacity=1.0, ori=0, pos=array([0. , 0.5]), rgb=UNKNOWN, text='', units='norm', win=Window(...), wrapWidth=1)
17.0395 	EXP 	Created tank = ImageStim(__class__=<class 'psychopy.visual.image.ImageStim'>, anchor=('center', 'center'), autoLog=True, color=array([1., 1., 1.]), colorSpace='rgb', contrast=1.0, depth=-4.0, flipHoriz=False, flipVert=False, image='TankOnlyEmpt-01.png', interpolate=True, mask=None, maskParams=None, name='tank', opacity=1.0, ori=0.0, pos=array([0., 0.]), size=array([1.5, 2. ]), texRes=128.0, units='norm', win=Window(...))
17.0414 	EXP 	Created background = Rect(__class__=<class 'psychopy.visual.rect.Rect'>, anchor=('center', 'bottom'), autoDraw=False, autoLog=True, closeShape=True, color=method-wrapper(...), colorSpace='rgb', contrast=None, depth=-5.0, fillColor=array([1, 1, 1]), fillColorSpace='rgb', fillRGB=array([1, 1, 1]), interpolate=True, lineColor=array([-1., -1., -1.]), lineColorSpace='rgb', lineRGB=array([-1, -1, -1]), lineWidth=2, name='background', opacity=1.0, ori=0.0, pos=array([ 0. , -0.5]), size=array([0.15, 0.55]), units='norm', vertices=ndarray(...), win=Window(...))
17.0443 	EXP 	Created barBody = Rect(__class__=<class 'psychopy.visual.rect.Rect'>, anchor=('center', 'bottom'), autoDraw=False, autoLog=True, closeShape=True, color=method-wrapper(...), colorSpace='rgb', contrast=None, depth=-6.0, fillColor=array([-0.6627451 , -0.06666667, -0.51372549]), fillColorSpace='rgb', fillRGB=array([-0.6627451 , -0.06666667, -0.51372549]), interpolate=True, lineColor=array([-0.6627451 , -0.06666667, -0.51372549]), lineColorSpace='rgb', lineRGB=array([-0.6627451 , -0.06666667, -0.51372549]), lineWidth=1, name='barBody', opacity=1.0, ori=0.0, pos=array([0., 0.]), size=array([1., 1.]), units='norm', vertices=ndarray(...), win=Window(...))
17.0460 	EXP 	Created feedbackMsg = TextStim(__class__=<class 'psychopy.visual.text.TextStim'>, alignHoriz=method-wrapper(...), alignText='center', alignVert=method-wrapper(...), anchorHoriz='center', anchorVert='center', antialias=True, autoDraw=False, autoLog=True, bold=False, color=array([1., 1., 1.]), colorSpace='rgb', contrast=1.0, depth=-1.0, flipHoriz=False, flipVert=False, font='Arial', fontFiles=[], height=0.1, italic=False, languageStyle='LTR', name='feedbackMsg', opacity=1.0, ori=0, pos=array([0., 0.]), rgb=UNKNOWN, text='', units='norm', win=Window(...), wrapWidth=1)
17.0682 	EXP 	Created image_rubies = ImageStim(__class__=<class 'psychopy.visual.image.ImageStim'>, anchor=('center', 'center'), autoLog=True, color=array([1., 1., 1.]), colorSpace='rgb', contrast=1.0, depth=-2.0, flipHoriz=False, flipVert=False, image='default.png', interpolate=True, mask=None, maskParams=None, name='image_rubies', opacity=1.0, ori=0.0, pos=array([ 0. , -0.4]), size=array([0.3, 0.3]), texRes=128.0, units='norm', win=Window(...))
17.1335 	EXP 	Created image_shipCrash = ImageStim(__class__=<class 'psychopy.visual.image.ImageStim'>, anchor=('center', 'center'), autoLog=True, color=array([1., 1., 1.]), colorSpace='rgb', contrast=1.0, depth=-3.0, flipHoriz=False, flipVert=False, image='crashedShip.png', interpolate=True, mask=None, maskParams=None, name='image_shipCrash', opacity=1.0, ori=0.0, pos=array([ 0.7, -0.5]), size=array([0.6, 0.7]), texRes=128.0, units='norm', win=Window(...))
17.1742 	EXP 	Created image_shipFull = ImageStim(__class__=<class 'psychopy.visual.image.ImageStim'>, anchor=('center', 'center'), autoLog=True, color=array([1., 1., 1.]), colorSpace='rgb', contrast=1.0, depth=-4.0, flipHoriz=False, flipVert=False, image='fullShip.png', interpolate=True, mask=None, maskParams=None, name='image_shipFull', opacity=1.0, ori=0.0, pos=array([0.7, 0.5]), size=array([0.6, 0.7]), texRes=128.0, units='norm', win=Window(...))
17.1884 	WARNING 	t of last frame was 6297.40ms (=1/0)
17.1884 	EXP 	reward: autoLog = True
17.1884 	EXP 	reward: markerPos = None
17.1884 	EXP 	reward: styleTweaks = []
17.1884 	EXP 	reward: styleTweaks = []
17.1884 	EXP 	reward: styleTweaks = []
17.1884 	EXP 	reward: styleTweaks = []
17.1884 	EXP 	reward: contrast = 1.0
17.1884 	EXP 	reward: autoLog = True
17.1884 	EXP 	effort: autoLog = True
17.1884 	EXP 	effort: markerPos = None
17.1884 	EXP 	effort: styleTweaks = []
17.1884 	EXP 	effort: styleTweaks = []
17.1884 	EXP 	effort: styleTweaks = []
17.1884 	EXP 	effort: styleTweaks = []
17.1884 	EXP 	effort: contrast = 1.0
17.1884 	EXP 	effort: autoLog = True
17.1884 	EXP 	instrText: autoDraw = True
18.2878 	EXP 	Imported trialTypes.xlsx as conditions, 60 conditions, 5 params
18.2892 	EXP 	Created sequence: sequential, trialTypes=60, nReps=1, seed=None
18.2895 	EXP 	New trial (rep=0, index=0): {'Points': 3, 'FeedbackText1': 'You reached the planet, you get 3 rubies!', 'FeedbackText2': 'You did not have enough battery to reach the planet and missed 3 rubies!', 'stimFile': 'image3.png', 'effLevel': 50}
18.3155 	DATA 	Keypress: return
18.3243 	WARNING 	t of last frame was 70.61ms (=1/14)
18.3243 	EXP 	instrText: autoDraw = False
18.3243 	EXP 	reward: markerPos = None
18.3243 	EXP 	reward: markerPos = None
18.3243 	EXP 	text_rewardRating: autoDraw = True
18.3243 	EXP 	text_rewardRating_2: autoDraw = True
18.3243 	EXP 	coins_little_2: autoDraw = True
18.3243 	EXP 	coins_many_2: autoDraw = True
18.3497 	WARNING 	Multiple dropped frames have occurred - I'll stop bothering you about them!
18.3497 	EXP 	reward: autoDraw = True
18.9775 	DATA 	Mouse: Left button down, pos=(718,256)
18.9890 	EXP 	reward: markerPos = 3.9833333333333334
19.0027 	EXP 	reward: markerPos = 3.9833333333333334
19.0167 	EXP 	reward: markerPos = 3.9833333333333334
19.0312 	EXP 	reward: markerPos = 3.9833333333333334
19.0429 	EXP 	reward: markerPos = 3.9833333333333334
19.0550 	EXP 	reward: markerPos = 3.9833333333333334
19.0671 	EXP 	reward: markerPos = 3.9833333333333334
19.0788 	EXP 	reward: markerPos = 3.9833333333333334
19.0899 	EXP 	reward: markerPos = 3.9833333333333334
19.1175 	EXP 	reward: markerPos = 3.9833333333333334
19.1187 	DATA 	Mouse:  Left button up, pos=(718,256)
19.1304 	EXP 	reward: markerPos = 4.0
19.6810 	DATA 	Keypress: return
19.7027 	EXP 	reward: autoDraw = False
19.7027 	EXP 	text_rewardRating: autoDraw = False
19.7027 	EXP 	text_rewardRating_2: autoDraw = False
19.7027 	EXP 	coins_little_2: autoDraw = False
19.7027 	EXP 	coins_many_2: autoDraw = False
19.7027 	EXP 	effort: markerPos = None
19.7027 	EXP 	effort: markerPos = None
19.7027 	EXP 	fuel_empty: image = 'fuelShipEmpty-01.png'
19.7027 	EXP 	text_effortRating_3: autoDraw = True
19.7027 	EXP 	text_effortRating_4: autoDraw = True
19.7027 	EXP 	fuel_empty: autoDraw = True
19.7027 	EXP 	fuel_full: autoDraw = True
19.7218 	EXP 	effort: autoDraw = True
20.1860 	DATA 	Mouse: Left button down, pos=(898,259)
20.1998 	EXP 	effort: markerPos = 3.988888888888889
20.2126 	EXP 	effort: markerPos = 3.988888888888889
20.2247 	EXP 	effort: markerPos = 3.988888888888889
20.2386 	EXP 	effort: markerPos = 3.988888888888889
20.2525 	EXP 	effort: markerPos = 3.988888888888889
20.2546 	DATA 	Mouse:  Left button up, pos=(898,259)
20.2692 	EXP 	effort: markerPos = 4.0
20.4931 	DATA 	Keypress: return
20.4966 	EXP 	effort: autoDraw = False
20.4966 	EXP 	text_effortRating_3: autoDraw = False
20.4966 	EXP 	text_effortRating_4: autoDraw = False
20.4966 	EXP 	fuel_empty: autoDraw = False
20.4966 	EXP 	fuel_full: autoDraw = False
20.4966 	EXP 	text2_2: autoDraw = True
21.5107 	EXP 	text2_2: autoDraw = False
21.5107 	EXP 	text2_2: autoDraw = False
21.5107 	EXP 	text_6: height = 0.1
21.5107 	EXP 	text_6: height = 0.1
21.5107 	EXP 	text_6: height = 0.1
21.5107 	EXP 	text_6: text = 'Power up!\n'
21.5107 	EXP 	text_6: autoDraw = True
21.5107 	EXP 	tank: autoDraw = True
21.5107 	EXP 	background: autoDraw = True
21.5107 	EXP 	barBody: autoDraw = True
22.3609 	DATA 	Keypress: z
22.3705 	EXP 	window1: mouseVisible = True
