16.7805 	WARNING 	Couldn't measure a consistent frame rate!
  - Is your graphics card set to sync to vertical blank?
  - Are you running other processes on your computer?

16.7814 	EXP 	Created window1 = Window(allowGUI=True, allowStencil=False, autoLog=True, backendConf=UNKNOWN, backgroundFit=<method-wrapper '__getattribute__' of attributeSetter object at 0x7f799890ca00>, backgroundImage=<method-wrapper '__getattribute__' of attributeSetter object at 0x7f799890c9a0>, bitsMode=UNKNOWN, blendMode='avg', bpc=(8, 8, 8), color=array([-1.    , -1.    , -0.2471]), colorSpace='rgb', depthBits=8, fullscr=<method-wrapper '__getattribute__' of attributeSetter object at 0x7f799890c820>, gamma=None, gammaErrorPolicy='raise', lms=UNKNOWN, monitor=<psychopy.monitors.calibTools.Monitor object at 0x7f799d26e6a0>, multiSample=False, name='window1', numSamples=2, pos=[240.0, 150.0], screen=0, size=array([1440,  900]), stencilBits=0, stereo=False, units='norm', useFBO=True, useRetina=False, viewOri=0.0, viewPos=None, viewScale=None, waitBlanking=True, winType='pyglet')
16.7816 	EXP 	window1: mouseVisible = True
16.7816 	EXP 	window1: backgroundImage = ''
16.7817 	EXP 	window1: backgroundFit = 'cover'
16.7818 	EXP 	window1: mouseVisible = True
16.7818 	EXP 	window1: Attempting to measure frame rate of screen (0) ...
16.7819 	EXP 	window1: recordFrameIntervals = False
16.8790 	EXP 	window1: recordFrameIntervals = True
18.0307 	WARNING 	Couldn't measure a consistent frame rate!
  - Is your graphics card set to sync to vertical blank?
  - Are you running other processes on your computer?

18.0799 	WARNING 	launchHubServer: If using the iohub mouse or eyetracker devices, fullScr should be True.
21.3168 	EXP 	Created instrText = TextStim(__class__=<class 'psychopy.visual.text.TextStim'>, alignHoriz=method-wrapper(...), alignText='center', alignVert=method-wrapper(...), anchorHoriz='center', anchorVert='center', antialias=True, autoDraw=False, autoLog=True, bold=False, color=array([1., 1., 1.]), colorSpace='rgb', contrast=1.0, depth=-1.0, flipHoriz=False, flipVert=False, font='Arial', fontFiles=[], height=0.1, italic=False, languageStyle='LTR', name='instrText', opacity=1.0, ori=0, pos=array([0. , 0.3]), rgb=UNKNOWN, text=str(...), units='norm', win=Window(...), wrapWidth=1)
21.3411 	EXP 	window1: mouseVisible = True
21.3705 	EXP 	Created reward = Slider(__class__=<class 'psychopy.visual.slider.Slider'>, autoDraw=False, autoLog=True, borderColor=None, color=None, colorSpace='rgb', depth=0, fillColor=None, flip=False, font='Arial', granularity=1.0, labelColor=None, labelHeight=0.1, labelWrapWidth=None, labels=None, lineColor=None, markerColor=None, name='reward', opacity=None, ori=0.0, pos=array([ 0. , -0.4]), readOnly=False, self=UNKNOWN, size=array([1. , 0.1]), startValue=None, style='rating', styleTweaks=[], ticks=array([1, 2, 3, 4, 5, 6, 7]), units='norm', win=Window(...))
21.3903 	EXP 	Created text_rewardRating = TextStim(__class__=<class 'psychopy.visual.text.TextStim'>, alignHoriz=method-wrapper(...), alignText='center', alignVert=method-wrapper(...), anchorHoriz='center', anchorVert='center', antialias=True, autoDraw=False, autoLog=True, bold=False, color=array([1., 1., 1.]), colorSpace='rgb', contrast=1.0, depth=-1.0, flipHoriz=False, flipVert=False, font='Arial', fontFiles=[], height=0.15, italic=False, languageStyle='LTR', name='text_rewardRating', opacity=1.0, ori=0.0, pos=array([0. , 0.5]), rgb=UNKNOWN, text=str(...), units='norm', win=Window(...), wrapWidth=1)
21.4003 	EXP 	Created text_rewardRating_2 = TextStim(__class__=<class 'psychopy.visual.text.TextStim'>, alignHoriz=method-wrapper(...), alignText='center', alignVert=method-wrapper(...), anchorHoriz='center', anchorVert='center', antialias=True, autoDraw=False, autoLog=True, bold=False, color=array([1., 1., 1.]), colorSpace='rgb', contrast=1.0, depth=-2.0, flipHoriz=False, flipVert=False, font='Arial', fontFiles=[], height=0.1, italic=False, languageStyle='LTR', name='text_rewardRating_2', opacity=1.0, ori=0.0, pos=array([0., 0.]), rgb=UNKNOWN, text=str(...), units='norm', win=Window(...), wrapWidth=1)
21.4315 	EXP 	Created coins_little_2 = ImageStim(__class__=<class 'psychopy.visual.image.ImageStim'>, anchor=('center', 'center'), autoLog=True, color=array([1., 1., 1.]), colorSpace='rgb', contrast=1.0, depth=-4.0, flipHoriz=False, flipVert=False, image='image1.png', interpolate=True, mask=None, maskParams=None, name='coins_little_2', opacity=1.0, ori=0.0, pos=array([-0.6, -0.4]), size=array([0.1, 0.1]), texRes=128.0, units='norm', win=Window(...))
21.5628 	EXP 	Created coins_many_2 = ImageStim(__class__=<class 'psychopy.visual.image.ImageStim'>, anchor=('center', 'center'), autoLog=True, color=array([1., 1., 1.]), colorSpace='rgb', contrast=1.0, depth=-5.0, flipHoriz=False, flipVert=False, image='image7.png', interpolate=True, mask=None, maskParams=None, name='coins_many_2', opacity=1.0, ori=0.0, pos=array([ 0.7 , -0.35]), size=array([0.3, 0.3]), texRes=128.0, units='norm', win=Window(...))
21.5698 	EXP 	window1: mouseVisible = True
21.5970 	EXP 	Created effort = Slider(__class__=<class 'psychopy.visual.slider.Slider'>, autoDraw=False, autoLog=True, borderColor=None, color=None, colorSpace='rgb', depth=0, fillColor=None, flip=False, font='Arial', granularity=1.0, labelColor=None, labelHeight=0.1, labelWrapWidth=None, labels=None, lineColor=None, markerColor=None, name='effort', opacity=None, ori=0.0, pos=array([ 0. , -0.4]), readOnly=False, self=UNKNOWN, size=array([1. , 0.1]), startValue=None, style='rating', styleTweaks=[], ticks=array([1, 2, 3, 4, 5]), units='norm', win=Window(...))
21.6071 	EXP 	Created text_effortRating_3 = TextStim(__class__=<class 'psychopy.visual.text.TextStim'>, alignHoriz=method-wrapper(...), alignText='center', alignVert=method-wrapper(...), anchorHoriz='center', anchorVert='center', antialias=True, autoDraw=False, autoLog=True, bold=False, color=array([1., 1., 1.]), colorSpace='rgb', contrast=1.0, depth=-1.0, flipHoriz=False, flipVert=False, font='Arial', fontFiles=[], height=0.15, italic=False, languageStyle='LTR', name='text_effortRating_3', opacity=1.0, ori=0.0, pos=array([0. , 0.5]), rgb=UNKNOWN, text=str(...), units='norm', win=Window(...), wrapWidth=1)
21.6123 	EXP 	Created text_effortRating_4 = TextStim(__class__=<class 'psychopy.visual.text.TextStim'>, alignHoriz=method-wrapper(...), alignText='center', alignVert=method-wrapper(...), anchorHoriz='center', anchorVert='center', antialias=True, autoDraw=False, autoLog=True, bold=False, color=array([1., 1., 1.]), colorSpace='rgb', contrast=1.0, depth=-2.0, flipHoriz=False, flipVert=False, font='Arial', fontFiles=[], height=0.1, italic=False, languageStyle='LTR', name='text_effortRating_4', opacity=1.0, ori=0.0, pos=array([0., 0.]), rgb=UNKNOWN, text=str(...), units='norm', win=Window(...), wrapWidth=1)
22.8235 	EXP 	Created fuel_empty = ImageStim(__class__=<class 'psychopy.visual.image.ImageStim'>, anchor=('center', 'center'), autoLog=True, color=array([1., 1., 1.]), colorSpace='rgb', contrast=1.0, depth=-4.0, flipHoriz=False, flipVert=False, image=str(...), interpolate=True, mask=None, maskParams=None, name='fuel_empty', opacity=1.0, ori=0.0, pos=array([-0.7 , -0.45]), size=array([0.3, 0.4]), texRes=128.0, units='norm', win=Window(...))
22.8896 	EXP 	Created fuel_full = ImageStim(__class__=<class 'psychopy.visual.image.ImageStim'>, anchor=('center', 'center'), autoLog=True, color=array([1., 1., 1.]), colorSpace='rgb', contrast=1.0, depth=-5.0, flipHoriz=False, flipVert=False, image=str(...), interpolate=True, mask=None, maskParams=None, name='fuel_full', opacity=1.0, ori=0.0, pos=array([ 0.6 , -0.45]), size=array([0.4, 0.5]), texRes=128.0, units='norm', win=Window(...))
22.8959 	EXP 	Created text2_2 = TextStim(__class__=<class 'psychopy.visual.text.TextStim'>, alignHoriz=method-wrapper(...), alignText='center', alignVert=method-wrapper(...), anchorHoriz='center', anchorVert='center', antialias=True, autoDraw=False, autoLog=True, bold=False, color=array([1., 1., 1.]), colorSpace='rgb', contrast=1.0, depth=0.0, flipHoriz=False, flipVert=False, font='Arial', fontFiles=[], height=0.5, italic=False, languageStyle='LTR', name='text2_2', opacity=1.0, ori=0, pos=array([0., 0.]), rgb=UNKNOWN, text='+', units='norm', win=Window(...), wrapWidth=1)
22.8974 	EXP 	Created text_6 = TextStim(__class__=<class 'psychopy.visual.text.TextStim'>, alignHoriz=method-wrapper(...), alignText='center', alignVert=method-wrapper(...), anchorHoriz='center', anchorVert='center', antialias=True, autoDraw=False, autoLog=True, bold=False, color=array([1., 1., 1.]), colorSpace='rgb', contrast=1.0, depth=0.0, flipHoriz=False, flipVert=False, font='Arial', fontFiles=[], height=0.1, italic=False, languageStyle='LTR', name='text_6', opacity=1.0, ori=0, pos=array([0. , 0.5]), rgb=UNKNOWN, text='', units='norm', win=Window(...), wrapWidth=1)
22.8989 	EXP 	Created background = Rect(__class__=<class 'psychopy.visual.rect.Rect'>, anchor=('center', 'bottom'), autoDraw=False, autoLog=True, closeShape=True, color=method-wrapper(...), colorSpace='rgb', contrast=None, depth=-4.0, fillColor=array([1, 1, 1]), fillColorSpace='rgb', fillRGB=array([1, 1, 1]), interpolate=True, lineColor=array([-1., -1., -1.]), lineColorSpace='rgb', lineRGB=array([-1, -1, -1]), lineWidth=2, name='background', opacity=1.0, ori=0.0, pos=array([ 0.  , -0.55]), size=array([0.2 , 0.55]), units='norm', vertices=ndarray(...), win=Window(...))
22.9005 	EXP 	Created barBody = Rect(__class__=<class 'psychopy.visual.rect.Rect'>, anchor=('center', 'bottom'), autoDraw=False, autoLog=True, closeShape=True, color=method-wrapper(...), colorSpace='rgb', contrast=None, depth=-5.0, fillColor=array([ 0.0902, -1.    , -1.    ]), fillColorSpace='rgb', fillRGB=array([ 0.0902, -1.    , -1.    ]), interpolate=True, lineColor=array([ 0.0902, -1.    , -1.    ]), lineColorSpace='rgb', lineRGB=array([ 0.0902, -1.    , -1.    ]), lineWidth=1, name='barBody', opacity=1.0, ori=0.0, pos=array([0., 0.]), size=array([1., 1.]), units='norm', vertices=ndarray(...), win=Window(...))
22.9018 	EXP 	Created barTop = Rect(__class__=<class 'psychopy.visual.rect.Rect'>, anchor=('center', 'bottom'), autoDraw=False, autoLog=True, closeShape=True, color=method-wrapper(...), colorSpace='rgb', contrast=None, depth=-6.0, fillColor=array([-1, -1, -1]), fillColorSpace='rgb', fillRGB=array([-1, -1, -1]), interpolate=True, lineColor=array([-1., -1., -1.]), lineColorSpace='rgb', lineRGB=array([-1, -1, -1]), lineWidth=2, name='barTop', opacity=1.0, ori=0.0, pos=array([0., 0.]), size=array([1., 1.]), units='norm', vertices=ndarray(...), win=Window(...))
22.9031 	EXP 	Created feedbackMsg = TextStim(__class__=<class 'psychopy.visual.text.TextStim'>, alignHoriz=method-wrapper(...), alignText='center', alignVert=method-wrapper(...), anchorHoriz='center', anchorVert='center', antialias=True, autoDraw=False, autoLog=True, bold=False, color=array([1., 1., 1.]), colorSpace='rgb', contrast=1.0, depth=-1.0, flipHoriz=False, flipVert=False, font='Arial', fontFiles=[], height=0.1, italic=False, languageStyle='LTR', name='feedbackMsg', opacity=1.0, ori=0, pos=array([0., 0.]), rgb=UNKNOWN, text='', units='norm', win=Window(...), wrapWidth=1)
22.9215 	EXP 	Created image_rubies = ImageStim(__class__=<class 'psychopy.visual.image.ImageStim'>, anchor=('center', 'center'), autoLog=True, color=array([1., 1., 1.]), colorSpace='rgb', contrast=1.0, depth=-2.0, flipHoriz=False, flipVert=False, image='default.png', interpolate=True, mask=None, maskParams=None, name='image_rubies', opacity=1.0, ori=0.0, pos=array([ 0. , -0.4]), size=array([0.3, 0.3]), texRes=128.0, units='norm', win=Window(...))
22.9769 	EXP 	Created image_shipCrash = ImageStim(__class__=<class 'psychopy.visual.image.ImageStim'>, anchor=('center', 'center'), autoLog=True, color=array([1., 1., 1.]), colorSpace='rgb', contrast=1.0, depth=-3.0, flipHoriz=False, flipVert=False, image='crashedShip.png', interpolate=True, mask=None, maskParams=None, name='image_shipCrash', opacity=1.0, ori=0.0, pos=array([ 0.7, -0.5]), size=array([0.6, 0.7]), texRes=128.0, units='norm', win=Window(...))
23.0171 	EXP 	Created image_shipFull = ImageStim(__class__=<class 'psychopy.visual.image.ImageStim'>, anchor=('center', 'center'), autoLog=True, color=array([1., 1., 1.]), colorSpace='rgb', contrast=1.0, depth=-4.0, flipHoriz=False, flipVert=False, image='fullShip.png', interpolate=True, mask=None, maskParams=None, name='image_shipFull', opacity=1.0, ori=0.0, pos=array([0.7, 0.5]), size=array([0.6, 0.7]), texRes=128.0, units='norm', win=Window(...))
23.0284 	WARNING 	t of last frame was 4997.95ms (=1/0)
23.0284 	EXP 	reward: autoLog = True
23.0284 	EXP 	reward: markerPos = None
23.0284 	EXP 	reward: styleTweaks = []
23.0284 	EXP 	reward: styleTweaks = []
23.0284 	EXP 	reward: styleTweaks = []
23.0284 	EXP 	reward: styleTweaks = []
23.0284 	EXP 	reward: contrast = 1.0
23.0284 	EXP 	reward: autoLog = True
23.0284 	EXP 	effort: autoLog = True
23.0284 	EXP 	effort: markerPos = None
23.0284 	EXP 	effort: styleTweaks = []
23.0284 	EXP 	effort: styleTweaks = []
23.0284 	EXP 	effort: styleTweaks = []
23.0284 	EXP 	effort: styleTweaks = []
23.0284 	EXP 	effort: contrast = 1.0
23.0284 	EXP 	effort: autoLog = True
23.0284 	EXP 	instrText: autoDraw = True
24.3678 	EXP 	Imported trialTypes.xlsx as conditions, 60 conditions, 5 params
24.3690 	EXP 	Created sequence: sequential, trialTypes=60, nReps=1, seed=None
24.3693 	EXP 	New trial (rep=0, index=0): {'Points': 3, 'FeedbackText1': 'You reached the planet, you get 3 rubies!', 'FeedbackText2': 'You did not have enough battery to reach the planet and missed 3 rubies!', 'stimFile': 'image3.png', 'effLevel': 50}
24.3951 	DATA 	Keypress: return
24.4034 	WARNING 	t of last frame was 72.66ms (=1/13)
24.4034 	EXP 	instrText: autoDraw = False
24.4034 	EXP 	reward: markerPos = None
24.4034 	EXP 	reward: markerPos = None
24.4034 	EXP 	text_rewardRating: autoDraw = True
24.4034 	EXP 	text_rewardRating_2: autoDraw = True
24.4034 	EXP 	coins_little_2: autoDraw = True
24.4034 	EXP 	coins_many_2: autoDraw = True
24.4286 	WARNING 	t of last frame was 25.26ms (=1/39)
24.4286 	EXP 	reward: autoDraw = True
25.6496 	DATA 	Mouse: Left button down, pos=(487,312)
25.7653 	DATA 	Mouse:  Left button up, pos=(487,312)
26.2579 	DATA 	Mouse: Left button down, pos=(496,256)
26.2728 	EXP 	reward: markerPos = 2.1333333333333333
26.2855 	EXP 	reward: markerPos = 2.1416666666666666
26.2968 	EXP 	reward: markerPos = 2.1416666666666666
26.3232 	WARNING 	t of last frame was 26.35ms (=1/37)
26.3232 	EXP 	reward: markerPos = 2.1416666666666666
26.3383 	EXP 	reward: markerPos = 2.1416666666666666
26.3521 	EXP 	reward: markerPos = 2.1416666666666666
26.3616 	DATA 	Mouse:  Left button up, pos=(497,256)
26.3644 	EXP 	reward: markerPos = 2.1416666666666666
26.3760 	EXP 	reward: markerPos = 2.0
27.1792 	DATA 	Keypress: return
27.1843 	WARNING 	Multiple dropped frames have occurred - I'll stop bothering you about them!
27.1843 	EXP 	reward: autoDraw = False
27.1843 	EXP 	text_rewardRating: autoDraw = False
27.1843 	EXP 	text_rewardRating_2: autoDraw = False
27.1843 	EXP 	coins_little_2: autoDraw = False
27.1843 	EXP 	coins_many_2: autoDraw = False
27.1843 	EXP 	effort: markerPos = None
27.1843 	EXP 	effort: markerPos = None
27.1843 	EXP 	text_effortRating_3: autoDraw = True
27.1843 	EXP 	text_effortRating_4: autoDraw = True
27.1843 	EXP 	fuel_empty: autoDraw = True
27.1843 	EXP 	fuel_full: autoDraw = True
27.1972 	EXP 	effort: autoDraw = True
51.2433 	DATA 	Keypress: escape
51.8879 	EXP 	window1: mouseVisible = True
