8.7058 	WARNING 	Couldn't measure a consistent frame rate!
  - Is your graphics card set to sync to vertical blank?
  - Are you running other processes on your computer?

8.7066 	EXP 	Created window1 = Window(allowGUI=True, allowStencil=False, autoLog=True, backendConf=UNKNOWN, backgroundFit=<method-wrapper '__getattribute__' of attributeSetter object at 0x7fb6ff47f9a0>, backgroundImage=<method-wrapper '__getattribute__' of attributeSetter object at 0x7fb6ff47f940>, bitsMode=UNKNOWN, blendMode='avg', bpc=(8, 8, 8), color=array([-1.    , -1.    , -0.2471]), colorSpace='rgb', depthBits=8, fullscr=<method-wrapper '__getattribute__' of attributeSetter object at 0x7fb6ff47f7c0>, gamma=None, gammaErrorPolicy='raise', lms=UNKNOWN, monitor=<psychopy.monitors.calibTools.Monitor object at 0x7fb6e716b790>, multiSample=False, name='window1', numSamples=2, pos=[240.0, 150.0], screen=0, size=array([1440,  900]), stencilBits=0, stereo=False, units='norm', useFBO=True, useRetina=False, viewOri=0.0, viewPos=None, viewScale=None, waitBlanking=True, winType='pyglet')
8.7069 	EXP 	window1: mouseVisible = True
8.7069 	EXP 	window1: backgroundImage = ''
8.7069 	EXP 	window1: backgroundFit = 'cover'
8.7071 	EXP 	window1: mouseVisible = True
8.7071 	EXP 	window1: Attempting to measure frame rate of screen (0) ...
8.7071 	EXP 	window1: recordFrameIntervals = False
8.8159 	EXP 	window1: recordFrameIntervals = True
9.9331 	WARNING 	Couldn't measure a consistent frame rate!
  - Is your graphics card set to sync to vertical blank?
  - Are you running other processes on your computer?

9.9803 	WARNING 	launchHubServer: If using the iohub mouse or eyetracker devices, fullScr should be True.
12.5240 	EXP 	Created instrText = TextStim(__class__=<class 'psychopy.visual.text.TextStim'>, alignHoriz=method-wrapper(...), alignText='center', alignVert=method-wrapper(...), anchorHoriz='center', anchorVert='center', antialias=True, autoDraw=False, autoLog=True, bold=False, color=array([1., 1., 1.]), colorSpace='rgb', contrast=1.0, depth=-1.0, flipHoriz=False, flipVert=False, font='Arial', fontFiles=[], height=0.1, italic=False, languageStyle='LTR', name='instrText', opacity=1.0, ori=0, pos=array([0. , 0.3]), rgb=UNKNOWN, text=str(...), units='norm', win=Window(...), wrapWidth=1)
12.5449 	EXP 	window1: mouseVisible = True
12.5748 	EXP 	Created reward = Slider(__class__=<class 'psychopy.visual.slider.Slider'>, autoDraw=False, autoLog=True, borderColor=None, color=None, colorSpace='rgb', depth=0, fillColor=None, flip=False, font='Arial', granularity=1.0, labelColor=None, labelHeight=0.1, labelWrapWidth=None, labels=None, lineColor=None, markerColor=None, name='reward', opacity=None, ori=0.0, pos=array([ 0. , -0.4]), readOnly=False, self=UNKNOWN, size=array([1. , 0.1]), startValue=None, style='rating', styleTweaks=[], ticks=array([1, 2, 3, 4, 5, 6, 7]), units='norm', win=Window(...))
12.5941 	EXP 	Created text_rewardRating = TextStim(__class__=<class 'psychopy.visual.text.TextStim'>, alignHoriz=method-wrapper(...), alignText='center', alignVert=method-wrapper(...), anchorHoriz='center', anchorVert='center', antialias=True, autoDraw=False, autoLog=True, bold=False, color=array([1., 1., 1.]), colorSpace='rgb', contrast=1.0, depth=-1.0, flipHoriz=False, flipVert=False, font='Arial', fontFiles=[], height=0.15, italic=False, languageStyle='LTR', name='text_rewardRating', opacity=1.0, ori=0.0, pos=array([0. , 0.5]), rgb=UNKNOWN, text=str(...), units='norm', win=Window(...), wrapWidth=1)
12.6036 	EXP 	Created text_rewardRating_2 = TextStim(__class__=<class 'psychopy.visual.text.TextStim'>, alignHoriz=method-wrapper(...), alignText='center', alignVert=method-wrapper(...), anchorHoriz='center', anchorVert='center', antialias=True, autoDraw=False, autoLog=True, bold=False, color=array([1., 1., 1.]), colorSpace='rgb', contrast=1.0, depth=-2.0, flipHoriz=False, flipVert=False, font='Arial', fontFiles=[], height=0.1, italic=False, languageStyle='LTR', name='text_rewardRating_2', opacity=1.0, ori=0.0, pos=array([0., 0.]), rgb=UNKNOWN, text=str(...), units='norm', win=Window(...), wrapWidth=1)
12.6327 	EXP 	Created coins_little_2 = ImageStim(__class__=<class 'psychopy.visual.image.ImageStim'>, anchor=('center', 'center'), autoLog=True, color=array([1., 1., 1.]), colorSpace='rgb', contrast=1.0, depth=-4.0, flipHoriz=False, flipVert=False, image='image1.png', interpolate=True, mask=None, maskParams=None, name='coins_little_2', opacity=1.0, ori=0.0, pos=array([-0.6, -0.4]), size=array([0.1, 0.1]), texRes=128.0, units='norm', win=Window(...))
12.7572 	EXP 	Created coins_many_2 = ImageStim(__class__=<class 'psychopy.visual.image.ImageStim'>, anchor=('center', 'center'), autoLog=True, color=array([1., 1., 1.]), colorSpace='rgb', contrast=1.0, depth=-5.0, flipHoriz=False, flipVert=False, image='image7.png', interpolate=True, mask=None, maskParams=None, name='coins_many_2', opacity=1.0, ori=0.0, pos=array([ 0.7 , -0.35]), size=array([0.3, 0.3]), texRes=128.0, units='norm', win=Window(...))
12.7642 	EXP 	window1: mouseVisible = True
12.7912 	EXP 	Created effort = Slider(__class__=<class 'psychopy.visual.slider.Slider'>, autoDraw=False, autoLog=True, borderColor=None, color=None, colorSpace='rgb', depth=0, fillColor=None, flip=False, font='Arial', granularity=1.0, labelColor=None, labelHeight=0.1, labelWrapWidth=None, labels=None, lineColor=None, markerColor=None, name='effort', opacity=None, ori=0.0, pos=array([ 0. , -0.4]), readOnly=False, self=UNKNOWN, size=array([1. , 0.1]), startValue=None, style='rating', styleTweaks=[], ticks=array([1, 2, 3, 4, 5]), units='norm', win=Window(...))
12.8010 	EXP 	Created text_effortRating_3 = TextStim(__class__=<class 'psychopy.visual.text.TextStim'>, alignHoriz=method-wrapper(...), alignText='center', alignVert=method-wrapper(...), anchorHoriz='center', anchorVert='center', antialias=True, autoDraw=False, autoLog=True, bold=False, color=array([1., 1., 1.]), colorSpace='rgb', contrast=1.0, depth=-1.0, flipHoriz=False, flipVert=False, font='Arial', fontFiles=[], height=0.15, italic=False, languageStyle='LTR', name='text_effortRating_3', opacity=1.0, ori=0.0, pos=array([0. , 0.5]), rgb=UNKNOWN, text=str(...), units='norm', win=Window(...), wrapWidth=1)
12.8062 	EXP 	Created text_effortRating_4 = TextStim(__class__=<class 'psychopy.visual.text.TextStim'>, alignHoriz=method-wrapper(...), alignText='center', alignVert=method-wrapper(...), anchorHoriz='center', anchorVert='center', antialias=True, autoDraw=False, autoLog=True, bold=False, color=array([1., 1., 1.]), colorSpace='rgb', contrast=1.0, depth=-2.0, flipHoriz=False, flipVert=False, font='Arial', fontFiles=[], height=0.1, italic=False, languageStyle='LTR', name='text_effortRating_4', opacity=1.0, ori=0.0, pos=array([0., 0.]), rgb=UNKNOWN, text=str(...), units='norm', win=Window(...), wrapWidth=1)
12.8238 	EXP 	Created fuel_empty = ImageStim(__class__=<class 'psychopy.visual.image.ImageStim'>, anchor=('center', 'center'), autoLog=True, color=array([1., 1., 1.]), colorSpace='rgb', contrast=1.0, depth=-4.0, flipHoriz=False, flipVert=False, image='default.png', interpolate=True, mask=None, maskParams=None, name='fuel_empty', opacity=1.0, ori=0.0, pos=array([-0.7, -0.3]), size=array([0.3, 0.5]), texRes=128.0, units='norm', win=Window(...))
14.3607 	EXP 	Created fuel_full = ImageStim(__class__=<class 'psychopy.visual.image.ImageStim'>, anchor=('center', 'center'), autoLog=True, color=array([1., 1., 1.]), colorSpace='rgb', contrast=1.0, depth=-5.0, flipHoriz=False, flipVert=False, image='fuelShipFull-01.png', interpolate=True, mask=None, maskParams=None, name='fuel_full', opacity=1.0, ori=0.0, pos=array([ 0.7, -0.3]), size=array([0.34, 0.5 ]), texRes=128.0, units='norm', win=Window(...))
14.3697 	EXP 	Created text2_2 = TextStim(__class__=<class 'psychopy.visual.text.TextStim'>, alignHoriz=method-wrapper(...), alignText='center', alignVert=method-wrapper(...), anchorHoriz='center', anchorVert='center', antialias=True, autoDraw=False, autoLog=True, bold=False, color=array([1., 1., 1.]), colorSpace='rgb', contrast=1.0, depth=0.0, flipHoriz=False, flipVert=False, font='Arial', fontFiles=[], height=0.5, italic=False, languageStyle='LTR', name='text2_2', opacity=1.0, ori=0, pos=array([0., 0.]), rgb=UNKNOWN, text='+', units='norm', win=Window(...), wrapWidth=1)
14.3715 	EXP 	Created text_6 = TextStim(__class__=<class 'psychopy.visual.text.TextStim'>, alignHoriz=method-wrapper(...), alignText='center', alignVert=method-wrapper(...), anchorHoriz='center', anchorVert='center', antialias=True, autoDraw=False, autoLog=True, bold=False, color=array([1., 1., 1.]), colorSpace='rgb', contrast=1.0, depth=0.0, flipHoriz=False, flipVert=False, font='Arial', fontFiles=[], height=0.1, italic=False, languageStyle='LTR', name='text_6', opacity=1.0, ori=0, pos=array([0. , 0.5]), rgb=UNKNOWN, text='', units='norm', win=Window(...), wrapWidth=1)
15.6407 	EXP 	Created tank = ImageStim(__class__=<class 'psychopy.visual.image.ImageStim'>, anchor=('center', 'center'), autoLog=True, color=array([1., 1., 1.]), colorSpace='rgb', contrast=1.0, depth=-4.0, flipHoriz=False, flipVert=False, image='TankOnlyEmpt-01.png', interpolate=True, mask=None, maskParams=None, name='tank', opacity=1.0, ori=0.0, pos=array([0., 0.]), size=array([1.5, 2. ]), texRes=128.0, units='norm', win=Window(...))
15.6427 	EXP 	Created background = Rect(__class__=<class 'psychopy.visual.rect.Rect'>, anchor=('center', 'bottom'), autoDraw=False, autoLog=True, closeShape=True, color=method-wrapper(...), colorSpace='rgb', contrast=None, depth=-5.0, fillColor=array([1, 1, 1]), fillColorSpace='rgb', fillRGB=array([1, 1, 1]), interpolate=True, lineColor=array([-1., -1., -1.]), lineColorSpace='rgb', lineRGB=array([-1, -1, -1]), lineWidth=2, name='background', opacity=1.0, ori=0.0, pos=array([ 0. , -0.4]), size=array([0.15, 0.55]), units='norm', vertices=ndarray(...), win=Window(...))
15.6457 	EXP 	Created barBody = Rect(__class__=<class 'psychopy.visual.rect.Rect'>, anchor=('center', 'bottom'), autoDraw=False, autoLog=True, closeShape=True, color=method-wrapper(...), colorSpace='rgb', contrast=None, depth=-6.0, fillColor=array([-0.6627451 , -0.06666667, -0.51372549]), fillColorSpace='rgb', fillRGB=array([-0.6627451 , -0.06666667, -0.51372549]), interpolate=True, lineColor=array([-0.6627451 , -0.06666667, -0.51372549]), lineColorSpace='rgb', lineRGB=array([-0.6627451 , -0.06666667, -0.51372549]), lineWidth=1, name='barBody', opacity=1.0, ori=0.0, pos=array([0., 0.]), size=array([1., 1.]), units='norm', vertices=ndarray(...), win=Window(...))
15.6474 	EXP 	Created feedbackMsg = TextStim(__class__=<class 'psychopy.visual.text.TextStim'>, alignHoriz=method-wrapper(...), alignText='center', alignVert=method-wrapper(...), anchorHoriz='center', anchorVert='center', antialias=True, autoDraw=False, autoLog=True, bold=False, color=array([1., 1., 1.]), colorSpace='rgb', contrast=1.0, depth=-1.0, flipHoriz=False, flipVert=False, font='Arial', fontFiles=[], height=0.1, italic=False, languageStyle='LTR', name='feedbackMsg', opacity=1.0, ori=0, pos=array([0., 0.]), rgb=UNKNOWN, text='', units='norm', win=Window(...), wrapWidth=1)
15.6701 	EXP 	Created image_rubies = ImageStim(__class__=<class 'psychopy.visual.image.ImageStim'>, anchor=('center', 'center'), autoLog=True, color=array([1., 1., 1.]), colorSpace='rgb', contrast=1.0, depth=-2.0, flipHoriz=False, flipVert=False, image='default.png', interpolate=True, mask=None, maskParams=None, name='image_rubies', opacity=1.0, ori=0.0, pos=array([ 0. , -0.4]), size=array([0.3, 0.3]), texRes=128.0, units='norm', win=Window(...))
15.7399 	EXP 	Created image_shipCrash = ImageStim(__class__=<class 'psychopy.visual.image.ImageStim'>, anchor=('center', 'center'), autoLog=True, color=array([1., 1., 1.]), colorSpace='rgb', contrast=1.0, depth=-3.0, flipHoriz=False, flipVert=False, image='crashedShip.png', interpolate=True, mask=None, maskParams=None, name='image_shipCrash', opacity=1.0, ori=0.0, pos=array([ 0.7, -0.5]), size=array([0.6, 0.7]), texRes=128.0, units='norm', win=Window(...))
15.7822 	EXP 	Created image_shipFull = ImageStim(__class__=<class 'psychopy.visual.image.ImageStim'>, anchor=('center', 'center'), autoLog=True, color=array([1., 1., 1.]), colorSpace='rgb', contrast=1.0, depth=-4.0, flipHoriz=False, flipVert=False, image='fullShip.png', interpolate=True, mask=None, maskParams=None, name='image_shipFull', opacity=1.0, ori=0.0, pos=array([0.7, 0.5]), size=array([0.6, 0.7]), texRes=128.0, units='norm', win=Window(...))
15.7954 	WARNING 	t of last frame was 5862.52ms (=1/0)
15.7954 	EXP 	reward: autoLog = True
15.7954 	EXP 	reward: markerPos = None
15.7954 	EXP 	reward: styleTweaks = []
15.7954 	EXP 	reward: styleTweaks = []
15.7954 	EXP 	reward: styleTweaks = []
15.7954 	EXP 	reward: styleTweaks = []
15.7954 	EXP 	reward: contrast = 1.0
15.7954 	EXP 	reward: autoLog = True
15.7954 	EXP 	effort: autoLog = True
15.7954 	EXP 	effort: markerPos = None
15.7954 	EXP 	effort: styleTweaks = []
15.7954 	EXP 	effort: styleTweaks = []
15.7954 	EXP 	effort: styleTweaks = []
15.7954 	EXP 	effort: styleTweaks = []
15.7954 	EXP 	effort: contrast = 1.0
15.7954 	EXP 	effort: autoLog = True
15.7954 	EXP 	instrText: autoDraw = True
16.6603 	DATA 	Keypress: space
16.6641 	WARNING 	t of last frame was 29.58ms (=1/33)
17.4394 	DATA 	Mouse: Left button down, pos=(443,582)
17.5376 	DATA 	Mouse:  Left button up, pos=(443,582)
18.2874 	EXP 	Imported trialTypes.xlsx as conditions, 60 conditions, 5 params
18.2887 	EXP 	Created sequence: sequential, trialTypes=60, nReps=1, seed=None
18.2890 	EXP 	New trial (rep=0, index=0): {'Points': 3, 'FeedbackText1': 'You reached the planet, you get 3 rubies!', 'FeedbackText2': 'You did not have enough battery to reach the planet and missed 3 rubies!', 'stimFile': 'image3.png', 'effLevel': 50}
18.3051 	DATA 	Keypress: return
18.3134 	WARNING 	t of last frame was 46.16ms (=1/21)
18.3134 	EXP 	instrText: autoDraw = False
18.3134 	EXP 	reward: markerPos = None
18.3134 	EXP 	reward: markerPos = None
18.3134 	EXP 	text_rewardRating: autoDraw = True
18.3134 	EXP 	text_rewardRating_2: autoDraw = True
18.3134 	EXP 	coins_little_2: autoDraw = True
18.3134 	EXP 	coins_many_2: autoDraw = True
18.3396 	WARNING 	t of last frame was 26.17ms (=1/38)
18.3396 	EXP 	reward: autoDraw = True
18.5012 	WARNING 	Multiple dropped frames have occurred - I'll stop bothering you about them!
18.9175 	DATA 	Mouse: Left button down, pos=(440,344)
19.0046 	DATA 	Mouse:  Left button up, pos=(440,344)
19.5519 	DATA 	Mouse: Left button down, pos=(479,289)
19.5652 	EXP 	reward: markerPos = 1.9916666666666667
19.5767 	EXP 	reward: markerPos = 1.9916666666666667
19.5878 	EXP 	reward: markerPos = 1.9916666666666667
19.6167 	EXP 	reward: markerPos = 1.9916666666666667
19.6257 	DATA 	Mouse:  Left button up, pos=(479,288)
19.6338 	EXP 	reward: markerPos = 1.9916666666666667
19.6506 	EXP 	reward: markerPos = 2.0
20.2413 	DATA 	Keypress: return
20.2826 	EXP 	reward: autoDraw = False
20.2826 	EXP 	text_rewardRating: autoDraw = False
20.2826 	EXP 	text_rewardRating_2: autoDraw = False
20.2826 	EXP 	coins_little_2: autoDraw = False
20.2826 	EXP 	coins_many_2: autoDraw = False
20.2826 	EXP 	effort: markerPos = None
20.2826 	EXP 	effort: markerPos = None
20.2826 	EXP 	fuel_empty: image = 'fuelShipEmpty-01.png'
20.2826 	EXP 	text_effortRating_3: autoDraw = True
20.2826 	EXP 	text_effortRating_4: autoDraw = True
20.2826 	EXP 	fuel_empty: autoDraw = True
20.2826 	EXP 	fuel_full: autoDraw = True
20.3041 	EXP 	effort: autoDraw = True
20.7703 	DATA 	Mouse: Left button down, pos=(834,283)
20.7867 	EXP 	effort: markerPos = 3.6333333333333333
20.8005 	EXP 	effort: markerPos = 3.6333333333333333
20.8148 	EXP 	effort: markerPos = 3.6333333333333333
20.8265 	EXP 	effort: markerPos = 3.6333333333333333
20.8386 	EXP 	effort: markerPos = 3.6333333333333333
20.8519 	EXP 	effort: markerPos = 3.6333333333333333
20.8531 	DATA 	Mouse:  Left button up, pos=(834,283)
20.8650 	EXP 	effort: markerPos = 4.0
21.1581 	DATA 	Keypress: return
21.1623 	EXP 	effort: autoDraw = False
21.1623 	EXP 	text_effortRating_3: autoDraw = False
21.1623 	EXP 	text_effortRating_4: autoDraw = False
21.1623 	EXP 	fuel_empty: autoDraw = False
21.1623 	EXP 	fuel_full: autoDraw = False
21.1623 	EXP 	text2_2: autoDraw = True
22.1847 	EXP 	text2_2: autoDraw = False
22.1847 	EXP 	text2_2: autoDraw = False
22.1847 	EXP 	text_6: height = 0.1
22.1847 	EXP 	text_6: height = 0.1
22.1847 	EXP 	text_6: height = 0.1
22.1847 	EXP 	text_6: text = 'Power up!\n'
22.1847 	EXP 	text_6: autoDraw = True
22.1847 	EXP 	tank: autoDraw = True
22.1847 	EXP 	background: autoDraw = True
22.1847 	EXP 	barBody: autoDraw = True
23.0106 	DATA 	Keypress: space
23.2197 	DATA 	Keypress: space
23.4385 	DATA 	Keypress: space
23.6196 	DATA 	Keypress: space
23.7648 	DATA 	Keypress: space
23.9144 	DATA 	Keypress: space
24.0572 	DATA 	Keypress: space
24.1872 	DATA 	Keypress: space
24.3427 	DATA 	Keypress: space
24.5167 	DATA 	Keypress: space
24.6927 	DATA 	Keypress: space
24.8602 	DATA 	Keypress: space
25.0381 	DATA 	Keypress: space
25.2169 	DATA 	Keypress: space
25.3889 	DATA 	Keypress: space
25.5963 	DATA 	Keypress: space
25.7771 	DATA 	Keypress: space
25.9558 	DATA 	Keypress: space
26.1409 	DATA 	Keypress: space
26.3170 	DATA 	Keypress: space
26.4948 	DATA 	Keypress: space
26.6756 	DATA 	Keypress: space
26.8396 	DATA 	Keypress: space
27.0054 	DATA 	Keypress: space
27.1626 	DATA 	Keypress: space
27.3329 	DATA 	Keypress: space
27.5162 	DATA 	Keypress: space
27.7090 	DATA 	Keypress: space
27.8839 	DATA 	Keypress: space
28.0715 	DATA 	Keypress: space
28.2509 	DATA 	Keypress: space
28.4374 	DATA 	Keypress: space
28.6121 	DATA 	Keypress: space
28.7912 	DATA 	Keypress: space
28.9742 	DATA 	Keypress: space
29.1475 	DATA 	Keypress: space
29.3303 	DATA 	Keypress: space
29.5190 	DATA 	Keypress: space
29.7021 	DATA 	Keypress: space
29.8993 	DATA 	Keypress: space
30.0519 	DATA 	Keypress: space
30.2054 	DATA 	Keypress: space
30.3826 	DATA 	Keypress: space
30.5516 	DATA 	Keypress: space
30.7160 	DATA 	Keypress: space
30.9018 	DATA 	Keypress: space
31.0702 	DATA 	Keypress: space
31.2225 	DATA 	Keypress: space
31.3734 	DATA 	Keypress: space
31.5358 	DATA 	Keypress: space
31.7155 	DATA 	Keypress: space
31.8954 	DATA 	Keypress: space
32.0552 	DATA 	Keypress: space
32.2196 	EXP 	text_6: autoDraw = False
32.2196 	EXP 	tank: autoDraw = False
32.2196 	EXP 	background: autoDraw = False
32.2196 	EXP 	barBody: autoDraw = False
32.2196 	EXP 	feedbackMsg: height = 0.1
32.2196 	EXP 	feedbackMsg: height = 0.1
32.2196 	EXP 	feedbackMsg: height = 0.1
32.2196 	EXP 	feedbackMsg: text = 'You reached the planet, you get 3 rubies!'
32.2196 	EXP 	image_rubies: image = 'image3.png'
32.2196 	EXP 	feedbackMsg: autoDraw = True
32.2196 	EXP 	image_rubies: autoDraw = True
32.2351 	DATA 	Keypress: space
32.4199 	DATA 	Keypress: space
35.2182 	EXP 	feedbackMsg: autoDraw = False
35.2182 	EXP 	image_rubies: autoDraw = False
39.0390 	DATA 	Keypress: escape
39.5774 	EXP 	window1: mouseVisible = True
