7.2076 	WARNING 	Couldn't measure a consistent frame rate!
  - Is your graphics card set to sync to vertical blank?
  - Are you running other processes on your computer?

7.2086 	EXP 	Created window1 = Window(allowGUI=True, allowStencil=False, autoLog=True, backendConf=UNKNOWN, backgroundFit=<method-wrapper '__getattribute__' of attributeSetter object at 0x7fba1873ca00>, backgroundImage=<method-wrapper '__getattribute__' of attributeSetter object at 0x7fba1873c9a0>, bitsMode=UNKNOWN, blendMode='avg', bpc=(8, 8, 8), color=array([0, 0, 0]), colorSpace='rgb', depthBits=8, fullscr=<method-wrapper '__getattribute__' of attributeSetter object at 0x7fba1873c820>, gamma=None, gammaErrorPolicy='raise', lms=UNKNOWN, monitor=<psychopy.monitors.calibTools.Monitor object at 0x7fba1a4eb5e0>, multiSample=False, name='window1', numSamples=2, pos=(360, 225), screen=0, size=array([2880, 1800]), stencilBits=0, stereo=False, units='norm', useFBO=True, useRetina=True, viewOri=0.0, viewPos=None, viewScale=None, waitBlanking=True, winType='pyglet')
7.2090 	EXP 	window1: mouseVisible = True
7.2090 	EXP 	window1: backgroundImage = ''
7.2090 	EXP 	window1: backgroundFit = 'cover'
7.2092 	EXP 	window1: mouseVisible = True
7.2092 	EXP 	window1: Attempting to measure frame rate of screen (0) ...
7.2093 	EXP 	window1: recordFrameIntervals = False
7.3010 	EXP 	window1: recordFrameIntervals = True
7.6769 	WARNING 	t of last frame was 20.31ms (=1/49)
8.1405 	WARNING 	Couldn't measure a consistent frame rate!
  - Is your graphics card set to sync to vertical blank?
  - Are you running other processes on your computer?

8.1837 	WARNING 	launchHubServer: If using the iohub mouse or eyetracker devices, fullScr should be True.
10.5060 	EXP 	Created instrText = TextStim(__class__=<class 'psychopy.visual.text.TextStim'>, alignHoriz=method-wrapper(...), alignText='center', alignVert=method-wrapper(...), anchorHoriz='center', anchorVert='center', antialias=True, autoDraw=False, autoLog=True, bold=False, color=array([1., 1., 1.]), colorSpace='rgb', contrast=1.0, depth=-1.0, flipHoriz=False, flipVert=False, font='Arial', fontFiles=[], height=0.1, italic=False, languageStyle='LTR', name='instrText', opacity=1.0, ori=0, pos=array([0. , 0.3]), rgb=UNKNOWN, text=str(...), units='norm', win=Window(...), wrapWidth=1)
10.5259 	EXP 	window1: mouseVisible = True
10.5552 	EXP 	Created reward = Slider(__class__=<class 'psychopy.visual.slider.Slider'>, autoDraw=False, autoLog=True, borderColor=None, color=None, colorSpace='rgb', depth=0, fillColor=None, flip=False, font='Arial', granularity=1.0, labelColor=None, labelHeight=0.1, labelWrapWidth=None, labels=None, lineColor=None, markerColor=None, name='reward', opacity=None, ori=0.0, pos=array([ 0. , -0.4]), readOnly=False, self=UNKNOWN, size=array([1. , 0.1]), startValue=None, style='rating', styleTweaks=[], ticks=array([1, 2, 3, 4, 5, 6, 7]), units='norm', win=Window(...))
10.5735 	EXP 	Created text_rewardRating = TextStim(__class__=<class 'psychopy.visual.text.TextStim'>, alignHoriz=method-wrapper(...), alignText='center', alignVert=method-wrapper(...), anchorHoriz='center', anchorVert='center', antialias=True, autoDraw=False, autoLog=True, bold=False, color=array([1., 1., 1.]), colorSpace='rgb', contrast=1.0, depth=-1.0, flipHoriz=False, flipVert=False, font='Arial', fontFiles=[], height=0.15, italic=False, languageStyle='LTR', name='text_rewardRating', opacity=1.0, ori=0.0, pos=array([0. , 0.5]), rgb=UNKNOWN, text=str(...), units='norm', win=Window(...), wrapWidth=1)
10.5841 	EXP 	Created text_rewardRating_2 = TextStim(__class__=<class 'psychopy.visual.text.TextStim'>, alignHoriz=method-wrapper(...), alignText='center', alignVert=method-wrapper(...), anchorHoriz='center', anchorVert='center', antialias=True, autoDraw=False, autoLog=True, bold=False, color=array([1., 1., 1.]), colorSpace='rgb', contrast=1.0, depth=-2.0, flipHoriz=False, flipVert=False, font='Arial', fontFiles=[], height=0.1, italic=False, languageStyle='LTR', name='text_rewardRating_2', opacity=1.0, ori=0.0, pos=array([0., 0.]), rgb=UNKNOWN, text=str(...), units='norm', win=Window(...), wrapWidth=1)
10.6074 	EXP 	Created coins_little_2 = ImageStim(__class__=<class 'psychopy.visual.image.ImageStim'>, anchor=('center', 'center'), autoLog=True, color=array([1., 1., 1.]), colorSpace='rgb', contrast=1.0, depth=-4.0, flipHoriz=False, flipVert=False, image='image1.png', interpolate=True, mask=None, maskParams=None, name='coins_little_2', opacity=1.0, ori=0.0, pos=array([-0.6, -0.4]), size=array([0.1, 0.1]), texRes=128.0, units='norm', win=Window(...))
10.7369 	EXP 	Created coins_many_2 = ImageStim(__class__=<class 'psychopy.visual.image.ImageStim'>, anchor=('center', 'center'), autoLog=True, color=array([1., 1., 1.]), colorSpace='rgb', contrast=1.0, depth=-5.0, flipHoriz=False, flipVert=False, image='image7.png', interpolate=True, mask=None, maskParams=None, name='coins_many_2', opacity=1.0, ori=0.0, pos=array([ 0.7 , -0.35]), size=array([0.3, 0.3]), texRes=128.0, units='norm', win=Window(...))
10.7446 	EXP 	window1: mouseVisible = True
10.7735 	EXP 	Created effort = Slider(__class__=<class 'psychopy.visual.slider.Slider'>, autoDraw=False, autoLog=True, borderColor=None, color=None, colorSpace='rgb', depth=0, fillColor=None, flip=False, font='Arial', granularity=1.0, labelColor=None, labelHeight=0.1, labelWrapWidth=None, labels=None, lineColor=None, markerColor=None, name='effort', opacity=None, ori=0.0, pos=array([ 0. , -0.4]), readOnly=False, self=UNKNOWN, size=array([1. , 0.1]), startValue=None, style='rating', styleTweaks=[], ticks=array([1, 2, 3, 4, 5]), units='norm', win=Window(...))
10.7794 	EXP 	Created text_effortRating_3 = TextStim(__class__=<class 'psychopy.visual.text.TextStim'>, alignHoriz=method-wrapper(...), alignText='center', alignVert=method-wrapper(...), anchorHoriz='center', anchorVert='center', antialias=True, autoDraw=False, autoLog=True, bold=False, color=array([1., 1., 1.]), colorSpace='rgb', contrast=1.0, depth=-1.0, flipHoriz=False, flipVert=False, font='Arial', fontFiles=[], height=0.15, italic=False, languageStyle='LTR', name='text_effortRating_3', opacity=1.0, ori=0.0, pos=array([0. , 0.5]), rgb=UNKNOWN, text=str(...), units='norm', win=Window(...), wrapWidth=1)
10.7848 	EXP 	Created text_effortRating_4 = TextStim(__class__=<class 'psychopy.visual.text.TextStim'>, alignHoriz=method-wrapper(...), alignText='center', alignVert=method-wrapper(...), anchorHoriz='center', anchorVert='center', antialias=True, autoDraw=False, autoLog=True, bold=False, color=array([1., 1., 1.]), colorSpace='rgb', contrast=1.0, depth=-2.0, flipHoriz=False, flipVert=False, font='Arial', fontFiles=[], height=0.1, italic=False, languageStyle='LTR', name='text_effortRating_4', opacity=1.0, ori=0.0, pos=array([0., 0.]), rgb=UNKNOWN, text=str(...), units='norm', win=Window(...), wrapWidth=1)
10.8136 	EXP 	Created battery_empty = ImageStim(__class__=<class 'psychopy.visual.image.ImageStim'>, anchor=('center', 'center'), autoLog=True, color=array([1., 1., 1.]), colorSpace='rgb', contrast=1.0, depth=-4.0, flipHoriz=False, flipVert=False, image='./stim/BattEmpty_black-01.png', interpolate=True, mask=None, maskParams=None, name='battery_empty', opacity=1.0, ori=0.0, pos=array([-0.6 , -0.45]), size=array([0.15, 0.3 ]), texRes=128.0, units='norm', win=Window(...))
10.8397 	EXP 	Created battery_full = ImageStim(__class__=<class 'psychopy.visual.image.ImageStim'>, anchor=('center', 'center'), autoLog=True, color=array([1., 1., 1.]), colorSpace='rgb', contrast=1.0, depth=-5.0, flipHoriz=False, flipVert=False, image='./stim/BattFull_black-01.png', interpolate=True, mask=None, maskParams=None, name='battery_full', opacity=1.0, ori=0.0, pos=array([ 0.6 , -0.45]), size=array([0.15, 0.3 ]), texRes=128.0, units='norm', win=Window(...))
10.8460 	EXP 	Created text2_2 = TextStim(__class__=<class 'psychopy.visual.text.TextStim'>, alignHoriz=method-wrapper(...), alignText='center', alignVert=method-wrapper(...), anchorHoriz='center', anchorVert='center', antialias=True, autoDraw=False, autoLog=True, bold=False, color=array([1., 1., 1.]), colorSpace='rgb', contrast=1.0, depth=0.0, flipHoriz=False, flipVert=False, font='Arial', fontFiles=[], height=0.5, italic=False, languageStyle='LTR', name='text2_2', opacity=1.0, ori=0, pos=array([0., 0.]), rgb=UNKNOWN, text='+', units='norm', win=Window(...), wrapWidth=1)
10.8475 	EXP 	Created text_6 = TextStim(__class__=<class 'psychopy.visual.text.TextStim'>, alignHoriz=method-wrapper(...), alignText='center', alignVert=method-wrapper(...), anchorHoriz='center', anchorVert='center', antialias=True, autoDraw=False, autoLog=True, bold=False, color=array([1., 1., 1.]), colorSpace='rgb', contrast=1.0, depth=0.0, flipHoriz=False, flipVert=False, font='Arial', fontFiles=[], height=0.1, italic=False, languageStyle='LTR', name='text_6', opacity=1.0, ori=0, pos=array([0. , 0.5]), rgb=UNKNOWN, text='', units='norm', win=Window(...), wrapWidth=1)
10.8489 	EXP 	Created background = Rect(__class__=<class 'psychopy.visual.rect.Rect'>, anchor=('center', 'bottom'), autoDraw=False, autoLog=True, closeShape=True, color=method-wrapper(...), colorSpace='rgb', contrast=None, depth=-4.0, fillColor=array([1, 1, 1]), fillColorSpace='rgb', fillRGB=array([1, 1, 1]), interpolate=True, lineColor=array([-1., -1., -1.]), lineColorSpace='rgb', lineRGB=array([-1, -1, -1]), lineWidth=2, name='background', opacity=1.0, ori=0.0, pos=array([ 0.  , -0.55]), size=array([0.2 , 0.55]), units='norm', vertices=ndarray(...), win=Window(...))
10.8504 	EXP 	Created barBody = Rect(__class__=<class 'psychopy.visual.rect.Rect'>, anchor=('center', 'bottom'), autoDraw=False, autoLog=True, closeShape=True, color=method-wrapper(...), colorSpace='rgb', contrast=None, depth=-5.0, fillColor=array([ 0.0902, -1.    , -1.    ]), fillColorSpace='rgb', fillRGB=array([ 0.0902, -1.    , -1.    ]), interpolate=True, lineColor=array([ 0.0902, -1.    , -1.    ]), lineColorSpace='rgb', lineRGB=array([ 0.0902, -1.    , -1.    ]), lineWidth=1, name='barBody', opacity=1.0, ori=0.0, pos=array([0., 0.]), size=array([1., 1.]), units='norm', vertices=ndarray(...), win=Window(...))
10.8517 	EXP 	Created barTop = Rect(__class__=<class 'psychopy.visual.rect.Rect'>, anchor=('center', 'bottom'), autoDraw=False, autoLog=True, closeShape=True, color=method-wrapper(...), colorSpace='rgb', contrast=None, depth=-6.0, fillColor=array([-1, -1, -1]), fillColorSpace='rgb', fillRGB=array([-1, -1, -1]), interpolate=True, lineColor=array([-1., -1., -1.]), lineColorSpace='rgb', lineRGB=array([-1, -1, -1]), lineWidth=2, name='barTop', opacity=1.0, ori=0.0, pos=array([0., 0.]), size=array([1., 1.]), units='norm', vertices=ndarray(...), win=Window(...))
10.8533 	EXP 	Created feedbackMsg = TextStim(__class__=<class 'psychopy.visual.text.TextStim'>, alignHoriz=method-wrapper(...), alignText='center', alignVert=method-wrapper(...), anchorHoriz='center', anchorVert='center', antialias=True, autoDraw=False, autoLog=True, bold=False, color=array([1., 1., 1.]), colorSpace='rgb', contrast=1.0, depth=-1.0, flipHoriz=False, flipVert=False, font='Arial', fontFiles=[], height=0.1, italic=False, languageStyle='LTR', name='feedbackMsg', opacity=1.0, ori=0, pos=array([0., 0.]), rgb=UNKNOWN, text='', units='norm', win=Window(...), wrapWidth=1)
10.8713 	EXP 	Created image_rubies = ImageStim(__class__=<class 'psychopy.visual.image.ImageStim'>, anchor=('center', 'center'), autoLog=True, color=array([1., 1., 1.]), colorSpace='rgb', contrast=1.0, depth=-2.0, flipHoriz=False, flipVert=False, image='default.png', interpolate=True, mask=None, maskParams=None, name='image_rubies', opacity=1.0, ori=0.0, pos=array([ 0. , -0.4]), size=array([0.3, 0.3]), texRes=128.0, units='norm', win=Window(...))
10.9313 	EXP 	Created image_shipCrash = ImageStim(__class__=<class 'psychopy.visual.image.ImageStim'>, anchor=('center', 'center'), autoLog=True, color=array([1., 1., 1.]), colorSpace='rgb', contrast=1.0, depth=-3.0, flipHoriz=False, flipVert=False, image='crashedShip.png', interpolate=True, mask=None, maskParams=None, name='image_shipCrash', opacity=1.0, ori=0.0, pos=array([ 0.7, -0.5]), size=array([0.6, 0.7]), texRes=128.0, units='norm', win=Window(...))
10.9720 	EXP 	Created image_shipFull = ImageStim(__class__=<class 'psychopy.visual.image.ImageStim'>, anchor=('center', 'center'), autoLog=True, color=array([1., 1., 1.]), colorSpace='rgb', contrast=1.0, depth=-4.0, flipHoriz=False, flipVert=False, image='fullShip.png', interpolate=True, mask=None, maskParams=None, name='image_shipFull', opacity=1.0, ori=0.0, pos=array([0.7, 0.5]), size=array([0.6, 0.7]), texRes=128.0, units='norm', win=Window(...))
11.0135 	WARNING 	t of last frame was 2873.38ms (=1/0)
11.0135 	EXP 	reward: autoLog = True
11.0135 	EXP 	reward: markerPos = None
11.0135 	EXP 	reward: styleTweaks = []
11.0135 	EXP 	reward: styleTweaks = []
11.0135 	EXP 	reward: styleTweaks = []
11.0135 	EXP 	reward: styleTweaks = []
11.0135 	EXP 	reward: contrast = 1.0
11.0135 	EXP 	reward: autoLog = True
11.0135 	EXP 	effort: autoLog = True
11.0135 	EXP 	effort: markerPos = None
11.0135 	EXP 	effort: styleTweaks = []
11.0135 	EXP 	effort: styleTweaks = []
11.0135 	EXP 	effort: styleTweaks = []
11.0135 	EXP 	effort: styleTweaks = []
11.0135 	EXP 	effort: contrast = 1.0
11.0135 	EXP 	effort: autoLog = True
11.0135 	EXP 	instrText: autoDraw = True
11.0421 	WARNING 	t of last frame was 28.65ms (=1/34)
11.0755 	WARNING 	t of last frame was 33.36ms (=1/29)
11.0964 	WARNING 	Multiple dropped frames have occurred - I'll stop bothering you about them!
15.9941 	EXP 	Imported trialTypes.xlsx as conditions, 60 conditions, 5 params
15.9953 	EXP 	Created sequence: sequential, trialTypes=60, nReps=1, seed=None
15.9956 	EXP 	New trial (rep=0, index=0): {'Points': 3, 'FeedbackText1': 'You reached the planet, you get 3 rubies!', 'FeedbackText2': 'You did not have enough battery to reach the planet and missed 3 rubies!', 'stimFile': 'image3.png', 'effLevel': 50}
16.0233 	EXP 	instrText: autoDraw = False
16.0233 	EXP 	reward: markerPos = None
16.0233 	EXP 	reward: markerPos = None
16.0233 	EXP 	text_rewardRating: autoDraw = True
16.0233 	EXP 	text_rewardRating_2: autoDraw = True
16.0233 	EXP 	coins_little_2: autoDraw = True
16.0233 	EXP 	coins_many_2: autoDraw = True
16.0557 	EXP 	reward: autoDraw = True
16.9661 	DATA 	Mouse: Left button down, pos=(463,245)
17.0902 	DATA 	Mouse:  Left button up, pos=(463,245)
17.6381 	DATA 	Mouse: Left button down, pos=(492,272)
17.6583 	EXP 	reward: markerPos = 2.1
17.6769 	EXP 	reward: markerPos = 2.1
17.6961 	EXP 	reward: markerPos = 2.1
17.7169 	EXP 	reward: markerPos = 2.1
17.7377 	EXP 	reward: markerPos = 2.1
17.7389 	DATA 	Mouse:  Left button up, pos=(492,272)
17.7553 	EXP 	reward: markerPos = 2.0
18.2480 	DATA 	Keypress: return
18.2619 	EXP 	reward: autoDraw = False
18.2619 	EXP 	text_rewardRating: autoDraw = False
18.2619 	EXP 	text_rewardRating_2: autoDraw = False
18.2619 	EXP 	coins_little_2: autoDraw = False
18.2619 	EXP 	coins_many_2: autoDraw = False
18.2619 	EXP 	effort: markerPos = None
18.2619 	EXP 	effort: markerPos = None
18.2619 	EXP 	text_effortRating_3: autoDraw = True
18.2619 	EXP 	text_effortRating_4: autoDraw = True
18.2619 	EXP 	battery_empty: autoDraw = True
18.2619 	EXP 	battery_full: autoDraw = True
18.2801 	EXP 	effort: autoDraw = True
19.5847 	DATA 	Mouse: Left button down, pos=(492,274)
19.6162 	EXP 	effort: markerPos = 1.7333333333333334
19.6365 	EXP 	effort: markerPos = 1.7333333333333334
19.6595 	EXP 	effort: markerPos = 1.7333333333333334
19.6800 	EXP 	effort: markerPos = 1.7333333333333334
19.7017 	EXP 	effort: markerPos = 1.7333333333333334
19.7207 	EXP 	effort: markerPos = 1.7333333333333334
19.7224 	DATA 	Mouse:  Left button up, pos=(492,274)
19.7419 	EXP 	effort: markerPos = 2.0
19.9955 	DATA 	Keypress: return
20.0041 	EXP 	effort: autoDraw = False
20.0041 	EXP 	text_effortRating_3: autoDraw = False
20.0041 	EXP 	text_effortRating_4: autoDraw = False
20.0041 	EXP 	battery_empty: autoDraw = False
20.0041 	EXP 	battery_full: autoDraw = False
20.0041 	EXP 	text2_2: autoDraw = True
21.0231 	EXP 	text2_2: autoDraw = False
21.0231 	EXP 	text_6: height = 0.1
21.0231 	EXP 	text_6: height = 0.1
21.0231 	EXP 	text_6: height = 0.1
21.0231 	EXP 	text_6: text = 'Power up!\n'
21.0231 	EXP 	text_6: autoDraw = True
21.0231 	EXP 	background: autoDraw = True
21.0231 	EXP 	barBody: autoDraw = True
21.0231 	EXP 	barTop: autoDraw = True
21.4204 	DATA 	Keypress: space
21.9267 	DATA 	Keypress: space
22.0729 	DATA 	Keypress: space
22.2063 	DATA 	Keypress: space
22.3393 	DATA 	Keypress: space
22.4730 	DATA 	Keypress: space
22.6066 	DATA 	Keypress: space
22.7507 	DATA 	Keypress: space
22.8731 	DATA 	Keypress: space
22.9937 	DATA 	Keypress: space
23.1351 	DATA 	Keypress: space
23.2769 	DATA 	Keypress: space
23.4258 	DATA 	Keypress: space
23.5396 	DATA 	Keypress: space
23.6726 	DATA 	Keypress: space
23.8049 	DATA 	Keypress: space
23.9393 	DATA 	Keypress: space
24.0895 	DATA 	Keypress: space
24.2058 	DATA 	Keypress: space
24.3396 	DATA 	Keypress: space
24.4717 	DATA 	Keypress: space
24.6060 	DATA 	Keypress: space
24.7449 	DATA 	Keypress: space
24.8779 	DATA 	Keypress: space
25.0176 	DATA 	Keypress: space
25.1486 	DATA 	Keypress: space
25.2867 	DATA 	Keypress: space
25.4499 	DATA 	Keypress: space
25.5728 	DATA 	Keypress: space
25.7109 	DATA 	Keypress: space
25.8454 	DATA 	Keypress: space
25.9805 	DATA 	Keypress: space
26.1191 	DATA 	Keypress: space
26.2710 	DATA 	Keypress: space
26.4081 	DATA 	Keypress: space
26.5467 	DATA 	Keypress: space
26.6935 	DATA 	Keypress: space
26.8391 	DATA 	Keypress: space
26.9958 	DATA 	Keypress: space
27.1294 	DATA 	Keypress: space
27.2658 	DATA 	Keypress: space
27.5409 	DATA 	Keypress: space
27.7059 	DATA 	Keypress: space
27.8458 	DATA 	Keypress: space
27.9720 	DATA 	Keypress: space
28.1384 	DATA 	Keypress: space
28.2951 	DATA 	Keypress: space
28.4521 	DATA 	Keypress: space
28.6331 	DATA 	Keypress: space
28.7617 	DATA 	Keypress: space
28.8146 	EXP 	text_6: autoDraw = False
28.8146 	EXP 	background: autoDraw = False
28.8146 	EXP 	barBody: autoDraw = False
28.8146 	EXP 	barTop: autoDraw = False
28.8146 	EXP 	feedbackMsg: height = 0.1
28.8146 	EXP 	feedbackMsg: height = 0.1
28.8146 	EXP 	feedbackMsg: height = 0.1
28.8146 	EXP 	feedbackMsg: text = 'You reached the planet, you get 3 rubies!'
28.8146 	EXP 	image_rubies: image = 'image3.png'
28.8146 	EXP 	feedbackMsg: autoDraw = True
28.8146 	EXP 	image_rubies: autoDraw = True
28.8146 	EXP 	image_shipFull: autoDraw = True
28.9090 	DATA 	Keypress: space
29.0652 	DATA 	Keypress: space
38.8138 	EXP 	feedbackMsg: autoDraw = False
38.8138 	EXP 	image_rubies: autoDraw = False
38.8138 	EXP 	image_shipFull: autoDraw = False
44.0517 	EXP 	window1: mouseVisible = True
